<?xml version="1.0" encoding="UTF-8" standalone="no"?><?xml-stylesheet type="text/xsl" href="../lib/xsl/imclin.xsl"?><imclin><datachunk init="" label="_x" size="8"/><codechunk bodylabel="L2" epiloguelabel="L3" prologuelabel="_fun"><frame FP="T0" RV="T1" argssize="0" depth="0" label="_fun" locssize="0" size="16"/><stmt><imc instruction="MOVE"><imc instruction="MEM"><imc instruction="NAME(_x)"/></imc><imc instruction="CONST(2)"/></imc></stmt></codechunk></imclin>