<?xml version="1.0" encoding="UTF-8" standalone="no"?><?xml-stylesheet type="text/xsl" href="../lib/xsl/memory.xsl"?><memory><node id="55" label="AstNodes&lt;AstDefn&gt;"><node id="1" label="AstTypDefn" name="tipOdZunaj"><location begcolumn="1" begline="1" endcolumn="22" endline="1" loc="1.1:1.22"/><node id="0" label="AstNameType" name="vmesniTip"><location begcolumn="14" begline="1" endcolumn="22" endline="1" loc="1.14:1.22"/><definedat id="6" location="2.1:2.30"/><istype><type id="1" label="SemNameType" name="vmesniTip"/></istype></node><istype><type id="0" label="SemNameType" name="tipOdZunaj"><type id="1" label="SemNameType" name="vmesniTip"/></type></istype></node><node id="6" label="AstTypDefn" name="vmesniTip"><location begcolumn="1" begline="2" endcolumn="30" endline="2" loc="2.1:2.30"/><node id="5" label="AstUniType"><location begcolumn="13" begline="2" endcolumn="30" endline="2" loc="2.13:2.30"/><node id="4" label="AstNodes&lt;AstCmpDefn&gt;"><node id="3" label="AstCmpDefn" name="id"><location begcolumn="14" begline="2" endcolumn="29" endline="2" loc="2.14:2.29"/><node id="2" label="AstNameType" name="tipOdZnotrej"><location begcolumn="18" begline="2" endcolumn="29" endline="2" loc="2.18:2.29"/><definedat id="24" location="3.1:3.63"/><istype><type id="2" label="SemNameType" name="tipOdZnotrej"/></istype></node><oftype><type id="2" label="SemNameType" name="tipOdZnotrej"/></oftype><access depth="0" offset="0" size="16"/></node></node><istype><type id="3" label="SemUnionType"><type id="2" label="SemNameType" name="tipOdZnotrej"/></type></istype></node><istype><type id="1" label="SemNameType" name="vmesniTip"><type id="3" label="SemUnionType"><type id="2" label="SemNameType" name="tipOdZnotrej"/></type></type></istype></node><node id="24" label="AstTypDefn" name="tipOdZnotrej"><location begcolumn="1" begline="3" endcolumn="63" endline="3" loc="3.1:3.63"/><node id="23" label="AstUniType"><location begcolumn="16" begline="3" endcolumn="63" endline="3" loc="3.16:3.63"/><node id="22" label="AstNodes&lt;AstCmpDefn&gt;"><node id="21" label="AstCmpDefn" name="id"><location begcolumn="17" begline="3" endcolumn="62" endline="3" loc="3.17:3.62"/><node id="20" label="AstStrType"><location begcolumn="21" begline="3" endcolumn="62" endline="3" loc="3.21:3.62"/><node id="19" label="AstNodes&lt;AstCmpDefn&gt;"><node id="11" label="AstCmpDefn" name="i"><location begcolumn="22" begline="3" endcolumn="38" endline="3" loc="3.22:3.38"/><node id="10" label="AstPtrType"><location begcolumn="25" begline="3" endcolumn="38" endline="3" loc="3.25:3.38"/><node id="9" label="AstArrType"><location begcolumn="26" begline="3" endcolumn="38" endline="3" loc="3.26:3.38"/><node id="7" label="AstNameType" name="tipOdZunaj"><location begcolumn="29" begline="3" endcolumn="38" endline="3" loc="3.29:3.38"/><definedat id="1" location="1.1:1.22"/><istype><type id="0" label="SemNameType" name="tipOdZunaj"/></istype></node><node id="8" label="AstAtomExpr" name="1"><location begcolumn="27" begline="3" endcolumn="27" endline="3" loc="3.27:3.27"/><oftype><type id="4" label="SemIntType"/></oftype></node><istype><type id="22" label="SemArrayType[1]"><type id="0" label="SemNameType" name="tipOdZunaj"/></type></istype></node><istype><type id="23" label="SemPointerType"><type id="22" label="SemArrayType[1]"><type id="0" label="SemNameType" name="tipOdZunaj"/></type></type></istype></node><oftype><type id="21" label="SemPointerType"><type id="20" label="SemArrayType[1]"><type id="0" label="SemNameType" name="tipOdZunaj"/></type></type></oftype></node><node id="18" label="AstCmpDefn" name="j"><location begcolumn="39" begline="3" endcolumn="61" endline="3" loc="3.39:3.61"/><node id="17" label="AstPtrType"><location begcolumn="44" begline="3" endcolumn="61" endline="3" loc="3.44:3.61"/><node id="16" label="AstArrType"><location begcolumn="45" begline="3" endcolumn="61" endline="3" loc="3.45:3.61"/><node id="14" label="AstPtrType"><location begcolumn="48" begline="3" endcolumn="61" endline="3" loc="3.48:3.61"/><node id="13" label="AstPtrType"><location begcolumn="49" begline="3" endcolumn="61" endline="3" loc="3.49:3.61"/><node id="12" label="AstNameType" name="tipOdZnotrej"><location begcolumn="50" begline="3" endcolumn="61" endline="3" loc="3.50:3.61"/><definedat id="24" location="3.1:3.63"/><istype><type id="2" label="SemNameType" name="tipOdZnotrej"/></istype></node><istype><type id="28" label="SemPointerType"><type id="2" label="SemNameType" name="tipOdZnotrej"/></type></istype></node><istype><type id="29" label="SemPointerType"><type id="28" label="SemPointerType"><type id="2" label="SemNameType" name="tipOdZnotrej"/></type></type></istype></node><node id="15" label="AstAtomExpr" name="1"><location begcolumn="46" begline="3" endcolumn="46" endline="3" loc="3.46:3.46"/><oftype><type id="4" label="SemIntType"/></oftype></node><istype><type id="30" label="SemArrayType[1]"><type id="29" label="SemPointerType"><type id="28" label="SemPointerType"><type id="2" label="SemNameType" name="tipOdZnotrej"/></type></type></type></istype></node><istype><type id="31" label="SemPointerType"><type id="30" label="SemArrayType[1]"><type id="29" label="SemPointerType"><type id="28" label="SemPointerType"><type id="2" label="SemNameType" name="tipOdZnotrej"/></type></type></type></type></istype></node><oftype><type id="27" label="SemPointerType"><type id="26" label="SemArrayType[1]"><type id="25" label="SemPointerType"><type id="24" label="SemPointerType"><type id="2" label="SemNameType" name="tipOdZnotrej"/></type></type></type></type></oftype></node></node><istype><type id="32" label="SemStructType"><type id="23" label="SemPointerType"><type id="22" label="SemArrayType[1]"><type id="0" label="SemNameType" name="tipOdZunaj"/></type></type><type id="31" label="SemPointerType"><type id="30" label="SemArrayType[1]"><type id="29" label="SemPointerType"><type id="28" label="SemPointerType"><type id="2" label="SemNameType" name="tipOdZnotrej"/></type></type></type></type></type></istype></node><oftype><type id="19" label="SemStructType"><type id="10" label="SemPointerType"><type id="9" label="SemArrayType[1]"><type id="0" label="SemNameType" name="tipOdZunaj"/></type></type><type id="18" label="SemPointerType"><type id="17" label="SemArrayType[1]"><type id="16" label="SemPointerType"><type id="15" label="SemPointerType"><type id="2" label="SemNameType" name="tipOdZnotrej"/></type></type></type></type></type></oftype><access depth="0" offset="0" size="16"/></node></node><istype><type id="33" label="SemUnionType"><type id="32" label="SemStructType"><type id="23" label="SemPointerType"><type id="22" label="SemArrayType[1]"><type id="0" label="SemNameType" name="tipOdZunaj"/></type></type><type id="31" label="SemPointerType"><type id="30" label="SemArrayType[1]"><type id="29" label="SemPointerType"><type id="28" label="SemPointerType"><type id="2" label="SemNameType" name="tipOdZnotrej"/></type></type></type></type></type></type></istype></node><istype><type id="2" label="SemNameType" name="tipOdZnotrej"><type id="33" label="SemUnionType"><type id="32" label="SemStructType"><type id="23" label="SemPointerType"><type id="22" label="SemArrayType[1]"><type id="0" label="SemNameType" name="tipOdZunaj"/></type></type><type id="31" label="SemPointerType"><type id="30" label="SemArrayType[1]"><type id="29" label="SemPointerType"><type id="28" label="SemPointerType"><type id="2" label="SemNameType" name="tipOdZnotrej"/></type></type></type></type></type></type></type></istype></node><node id="54" label="AstFunDefn" name="fun"><location begcolumn="1" begline="4" endcolumn="68" endline="6" loc="4.1:6.68"/><node id="30" label="AstBlockStmt"><location begcolumn="22" begline="4" endcolumn="1" endline="6" loc="4.22:6.1"/><node id="31" label="AstNodes&lt;AstStmt&gt;"><node id="29" label="AstReturnStmt"><location begcolumn="5" begline="5" endcolumn="17" endline="5" loc="5.5:5.17"/><node id="28" label="AstPfxExpr" name="PTR"><location begcolumn="12" begline="5" endcolumn="16" endline="5" loc="5.12:5.16"/><node id="27" label="AstNameExpr" name="lala"><location begcolumn="13" begline="5" endcolumn="16" endline="5" loc="5.13:5.16"/><definedat id="52" location="6.5:6.66"/><oftype><type id="89" label="SemUnionType"><type id="88" label="SemUnionType"><type id="87" label="SemStructType"><type id="78" label="SemPointerType"><type id="77" label="SemArrayType[1]"><type id="0" label="SemNameType" name="tipOdZunaj"/></type></type><type id="86" label="SemPointerType"><type id="85" label="SemArrayType[1]"><type id="84" label="SemPointerType"><type id="83" label="SemPointerType"><type id="2" label="SemNameType" name="tipOdZnotrej"/></type></type></type></type></type></type></type></oftype><lvalue/></node><oftype><type id="90" label="SemPointerType"><type id="89" label="SemUnionType"><type id="88" label="SemUnionType"><type id="87" label="SemStructType"><type id="78" label="SemPointerType"><type id="77" label="SemArrayType[1]"><type id="0" label="SemNameType" name="tipOdZunaj"/></type></type><type id="86" label="SemPointerType"><type id="85" label="SemArrayType[1]"><type id="84" label="SemPointerType"><type id="83" label="SemPointerType"><type id="2" label="SemNameType" name="tipOdZnotrej"/></type></type></type></type></type></type></type></type></oftype></node><oftype><type id="6" label="SemVoidType"/></oftype></node></node><oftype><type id="6" label="SemVoidType"/></oftype></node><node id="53" label="AstNodes&lt;AstDefn&gt;"><node id="52" label="AstVarDefn" name="lala"><location begcolumn="5" begline="6" endcolumn="66" endline="6" loc="6.5:6.66"/><node id="51" label="AstUniType"><location begcolumn="12" begline="6" endcolumn="66" endline="6" loc="6.12:6.66"/><node id="50" label="AstNodes&lt;AstCmpDefn&gt;"><node id="49" label="AstCmpDefn" name="id"><location begcolumn="13" begline="6" endcolumn="65" endline="6" loc="6.13:6.65"/><node id="48" label="AstUniType"><location begcolumn="18" begline="6" endcolumn="65" endline="6" loc="6.18:6.65"/><node id="47" label="AstNodes&lt;AstCmpDefn&gt;"><node id="46" label="AstCmpDefn" name="id"><location begcolumn="19" begline="6" endcolumn="64" endline="6" loc="6.19:6.64"/><node id="45" label="AstStrType"><location begcolumn="23" begline="6" endcolumn="64" endline="6" loc="6.23:6.64"/><node id="44" label="AstNodes&lt;AstCmpDefn&gt;"><node id="36" label="AstCmpDefn" name="i"><location begcolumn="24" begline="6" endcolumn="40" endline="6" loc="6.24:6.40"/><node id="35" label="AstPtrType"><location begcolumn="27" begline="6" endcolumn="40" endline="6" loc="6.27:6.40"/><node id="34" label="AstArrType"><location begcolumn="28" begline="6" endcolumn="40" endline="6" loc="6.28:6.40"/><node id="32" label="AstNameType" name="tipOdZunaj"><location begcolumn="31" begline="6" endcolumn="40" endline="6" loc="6.31:6.40"/><definedat id="1" location="1.1:1.22"/><istype><type id="0" label="SemNameType" name="tipOdZunaj"/></istype></node><node id="33" label="AstAtomExpr" name="1"><location begcolumn="29" begline="6" endcolumn="29" endline="6" loc="6.29:6.29"/><oftype><type id="4" label="SemIntType"/></oftype></node><istype><type id="77" label="SemArrayType[1]"><type id="0" label="SemNameType" name="tipOdZunaj"/></type></istype></node><istype><type id="78" label="SemPointerType"><type id="77" label="SemArrayType[1]"><type id="0" label="SemNameType" name="tipOdZunaj"/></type></type></istype></node><oftype><type id="76" label="SemPointerType"><type id="75" label="SemArrayType[1]"><type id="0" label="SemNameType" name="tipOdZunaj"/></type></type></oftype></node><node id="43" label="AstCmpDefn" name="j"><location begcolumn="41" begline="6" endcolumn="63" endline="6" loc="6.41:6.63"/><node id="42" label="AstPtrType"><location begcolumn="46" begline="6" endcolumn="63" endline="6" loc="6.46:6.63"/><node id="41" label="AstArrType"><location begcolumn="47" begline="6" endcolumn="63" endline="6" loc="6.47:6.63"/><node id="39" label="AstPtrType"><location begcolumn="50" begline="6" endcolumn="63" endline="6" loc="6.50:6.63"/><node id="38" label="AstPtrType"><location begcolumn="51" begline="6" endcolumn="63" endline="6" loc="6.51:6.63"/><node id="37" label="AstNameType" name="tipOdZnotrej"><location begcolumn="52" begline="6" endcolumn="63" endline="6" loc="6.52:6.63"/><definedat id="24" location="3.1:3.63"/><istype><type id="2" label="SemNameType" name="tipOdZnotrej"/></istype></node><istype><type id="83" label="SemPointerType"><type id="2" label="SemNameType" name="tipOdZnotrej"/></type></istype></node><istype><type id="84" label="SemPointerType"><type id="83" label="SemPointerType"><type id="2" label="SemNameType" name="tipOdZnotrej"/></type></type></istype></node><node id="40" label="AstAtomExpr" name="1"><location begcolumn="48" begline="6" endcolumn="48" endline="6" loc="6.48:6.48"/><oftype><type id="4" label="SemIntType"/></oftype></node><istype><type id="85" label="SemArrayType[1]"><type id="84" label="SemPointerType"><type id="83" label="SemPointerType"><type id="2" label="SemNameType" name="tipOdZnotrej"/></type></type></type></istype></node><istype><type id="86" label="SemPointerType"><type id="85" label="SemArrayType[1]"><type id="84" label="SemPointerType"><type id="83" label="SemPointerType"><type id="2" label="SemNameType" name="tipOdZnotrej"/></type></type></type></type></istype></node><oftype><type id="82" label="SemPointerType"><type id="81" label="SemArrayType[1]"><type id="80" label="SemPointerType"><type id="79" label="SemPointerType"><type id="2" label="SemNameType" name="tipOdZnotrej"/></type></type></type></type></oftype></node></node><istype><type id="87" label="SemStructType"><type id="78" label="SemPointerType"><type id="77" label="SemArrayType[1]"><type id="0" label="SemNameType" name="tipOdZunaj"/></type></type><type id="86" label="SemPointerType"><type id="85" label="SemArrayType[1]"><type id="84" label="SemPointerType"><type id="83" label="SemPointerType"><type id="2" label="SemNameType" name="tipOdZnotrej"/></type></type></type></type></type></istype></node><oftype><type id="74" label="SemStructType"><type id="65" label="SemPointerType"><type id="64" label="SemArrayType[1]"><type id="0" label="SemNameType" name="tipOdZunaj"/></type></type><type id="73" label="SemPointerType"><type id="72" label="SemArrayType[1]"><type id="71" label="SemPointerType"><type id="70" label="SemPointerType"><type id="2" label="SemNameType" name="tipOdZnotrej"/></type></type></type></type></type></oftype></node></node><istype><type id="88" label="SemUnionType"><type id="87" label="SemStructType"><type id="78" label="SemPointerType"><type id="77" label="SemArrayType[1]"><type id="0" label="SemNameType" name="tipOdZunaj"/></type></type><type id="86" label="SemPointerType"><type id="85" label="SemArrayType[1]"><type id="84" label="SemPointerType"><type id="83" label="SemPointerType"><type id="2" label="SemNameType" name="tipOdZnotrej"/></type></type></type></type></type></type></istype></node><oftype><type id="61" label="SemUnionType"><type id="60" label="SemStructType"><type id="51" label="SemPointerType"><type id="50" label="SemArrayType[1]"><type id="0" label="SemNameType" name="tipOdZunaj"/></type></type><type id="59" label="SemPointerType"><type id="58" label="SemArrayType[1]"><type id="57" label="SemPointerType"><type id="56" label="SemPointerType"><type id="2" label="SemNameType" name="tipOdZnotrej"/></type></type></type></type></type></type></oftype></node></node><istype><type id="89" label="SemUnionType"><type id="88" label="SemUnionType"><type id="87" label="SemStructType"><type id="78" label="SemPointerType"><type id="77" label="SemArrayType[1]"><type id="0" label="SemNameType" name="tipOdZunaj"/></type></type><type id="86" label="SemPointerType"><type id="85" label="SemArrayType[1]"><type id="84" label="SemPointerType"><type id="83" label="SemPointerType"><type id="2" label="SemNameType" name="tipOdZnotrej"/></type></type></type></type></type></type></type></istype></node><oftype><type id="89" label="SemUnionType"><type id="88" label="SemUnionType"><type id="87" label="SemStructType"><type id="78" label="SemPointerType"><type id="77" label="SemArrayType[1]"><type id="0" label="SemNameType" name="tipOdZunaj"/></type></type><type id="86" label="SemPointerType"><type id="85" label="SemArrayType[1]"><type id="84" label="SemPointerType"><type id="83" label="SemPointerType"><type id="2" label="SemNameType" name="tipOdZnotrej"/></type></type></type></type></type></type></type></oftype><access depth="1" offset="-8" size="16"/></node></node><node id="26" label="AstPtrType"><location begcolumn="9" begline="4" endcolumn="18" endline="4" loc="4.9:4.18"/><node id="25" label="AstNameType" name="vmesniTip"><location begcolumn="10" begline="4" endcolumn="18" endline="4" loc="4.10:4.18"/><definedat id="6" location="2.1:2.30"/><istype><type id="1" label="SemNameType" name="vmesniTip"/></istype></node><istype><type id="34" label="SemPointerType"><type id="1" label="SemNameType" name="vmesniTip"/></type></istype></node><oftype><type id="34" label="SemPointerType"><type id="1" label="SemNameType" name="vmesniTip"/></type></oftype><frame FP="T0" RV="T1" argssize="0" depth="1" label="_fun" locssize="16" size="32"/></node></node></memory>