<?xml version="1.0" encoding="UTF-8" standalone="no"?><?xml-stylesheet type="text/xsl" href="../lib/xsl/synan.xsl"?><synan><node label="source"><node label="definitions"><node label="type_definition"><token kind="IDENTIFIER" lexeme="tipOdZunaj"><location begcolumn="1" begline="1" endcolumn="10" endline="1" loc="1.1:1.10"/></token><token kind="ASSIGN" lexeme="="><location begcolumn="12" begline="1" endcolumn="12" endline="1" loc="1.12:1.12"/></token><node label="type"><token kind="IDENTIFIER" lexeme="vmesniTip"><location begcolumn="14" begline="1" endcolumn="22" endline="1" loc="1.14:1.22"/></token></node></node><node label="type_definition"><token kind="IDENTIFIER" lexeme="vmesniTip"><location begcolumn="1" begline="2" endcolumn="9" endline="2" loc="2.1:2.9"/></token><token kind="ASSIGN" lexeme="="><location begcolumn="11" begline="2" endcolumn="11" endline="2" loc="2.11:2.11"/></token><node label="type"><token kind="LCURLY" lexeme="{"><location begcolumn="13" begline="2" endcolumn="13" endline="2" loc="2.13:2.13"/></token><node label="components"><token kind="IDENTIFIER" lexeme="id"><location begcolumn="14" begline="2" endcolumn="15" endline="2" loc="2.14:2.15"/></token><token kind="COL" lexeme=":"><location begcolumn="16" begline="2" endcolumn="16" endline="2" loc="2.16:2.16"/></token><node label="type"><token kind="IDENTIFIER" lexeme="tipOdZnotrej"><location begcolumn="18" begline="2" endcolumn="29" endline="2" loc="2.18:2.29"/></token></node></node><token kind="RCURLY" lexeme="}"><location begcolumn="30" begline="2" endcolumn="30" endline="2" loc="2.30:2.30"/></token></node></node><node label="type_definition"><token kind="IDENTIFIER" lexeme="tipOdZnotrej"><location begcolumn="1" begline="3" endcolumn="12" endline="3" loc="3.1:3.12"/></token><token kind="ASSIGN" lexeme="="><location begcolumn="14" begline="3" endcolumn="14" endline="3" loc="3.14:3.14"/></token><node label="type"><token kind="LCURLY" lexeme="{"><location begcolumn="16" begline="3" endcolumn="16" endline="3" loc="3.16:3.16"/></token><node label="components"><token kind="IDENTIFIER" lexeme="id"><location begcolumn="17" begline="3" endcolumn="18" endline="3" loc="3.17:3.18"/></token><token kind="COL" lexeme=":"><location begcolumn="19" begline="3" endcolumn="19" endline="3" loc="3.19:3.19"/></token><node label="type"><token kind="LBRACKET" lexeme="("><location begcolumn="21" begline="3" endcolumn="21" endline="3" loc="3.21:3.21"/></token><node label="components"><token kind="IDENTIFIER" lexeme="i"><location begcolumn="22" begline="3" endcolumn="22" endline="3" loc="3.22:3.22"/></token><token kind="COL" lexeme=":"><location begcolumn="23" begline="3" endcolumn="23" endline="3" loc="3.23:3.23"/></token><node label="type"><token kind="POWER" lexeme="^"><location begcolumn="25" begline="3" endcolumn="25" endline="3" loc="3.25:3.25"/></token><node label="type"><token kind="LSQUARE" lexeme="["><location begcolumn="26" begline="3" endcolumn="26" endline="3" loc="3.26:3.26"/></token><token kind="INT_CONST" lexeme="1"><location begcolumn="27" begline="3" endcolumn="27" endline="3" loc="3.27:3.27"/></token><token kind="RSQUARE" lexeme="]"><location begcolumn="28" begline="3" endcolumn="28" endline="3" loc="3.28:3.28"/></token><node label="type"><token kind="IDENTIFIER" lexeme="tipOdZunaj"><location begcolumn="29" begline="3" endcolumn="38" endline="3" loc="3.29:3.38"/></token></node></node></node><node label="other_components"><token kind="COMMA" lexeme=","><location begcolumn="39" begline="3" endcolumn="39" endline="3" loc="3.39:3.39"/></token><token kind="IDENTIFIER" lexeme="j"><location begcolumn="41" begline="3" endcolumn="41" endline="3" loc="3.41:3.41"/></token><token kind="COL" lexeme=":"><location begcolumn="42" begline="3" endcolumn="42" endline="3" loc="3.42:3.42"/></token><node label="type"><token kind="POWER" lexeme="^"><location begcolumn="44" begline="3" endcolumn="44" endline="3" loc="3.44:3.44"/></token><node label="type"><token kind="LSQUARE" lexeme="["><location begcolumn="45" begline="3" endcolumn="45" endline="3" loc="3.45:3.45"/></token><token kind="INT_CONST" lexeme="1"><location begcolumn="46" begline="3" endcolumn="46" endline="3" loc="3.46:3.46"/></token><token kind="RSQUARE" lexeme="]"><location begcolumn="47" begline="3" endcolumn="47" endline="3" loc="3.47:3.47"/></token><node label="type"><token kind="POWER" lexeme="^"><location begcolumn="48" begline="3" endcolumn="48" endline="3" loc="3.48:3.48"/></token><node label="type"><token kind="POWER" lexeme="^"><location begcolumn="49" begline="3" endcolumn="49" endline="3" loc="3.49:3.49"/></token><node label="type"><token kind="IDENTIFIER" lexeme="tipOdZnotrej"><location begcolumn="50" begline="3" endcolumn="61" endline="3" loc="3.50:3.61"/></token></node></node></node></node></node></node></node><token kind="RBRACKET" lexeme=")"><location begcolumn="62" begline="3" endcolumn="62" endline="3" loc="3.62:3.62"/></token></node></node><token kind="RCURLY" lexeme="}"><location begcolumn="63" begline="3" endcolumn="63" endline="3" loc="3.63:3.63"/></token></node></node><node label="function_definition"><token kind="IDENTIFIER" lexeme="fun"><location begcolumn="1" begline="4" endcolumn="3" endline="4" loc="4.1:4.3"/></token><token kind="LBRACKET" lexeme="("><location begcolumn="4" begline="4" endcolumn="4" endline="4" loc="4.4:4.4"/></token><token kind="RBRACKET" lexeme=")"><location begcolumn="5" begline="4" endcolumn="5" endline="4" loc="4.5:4.5"/></token><token kind="COL" lexeme=":"><location begcolumn="7" begline="4" endcolumn="7" endline="4" loc="4.7:4.7"/></token><node label="type"><token kind="POWER" lexeme="^"><location begcolumn="9" begline="4" endcolumn="9" endline="4" loc="4.9:4.9"/></token><node label="type"><token kind="IDENTIFIER" lexeme="vmesniTip"><location begcolumn="10" begline="4" endcolumn="18" endline="4" loc="4.10:4.18"/></token></node></node><token kind="ASSIGN" lexeme="="><location begcolumn="20" begline="4" endcolumn="20" endline="4" loc="4.20:4.20"/></token><node label="statement"><token kind="LCURLY" lexeme="{"><location begcolumn="22" begline="4" endcolumn="22" endline="4" loc="4.22:4.22"/></token><node label="statement"><token kind="RETURN" lexeme="return"><location begcolumn="5" begline="5" endcolumn="10" endline="5" loc="5.5:5.10"/></token><node label="expression"><token kind="POWER" lexeme="^"><location begcolumn="12" begline="5" endcolumn="12" endline="5" loc="5.12:5.12"/></token><node label="expression"><token kind="IDENTIFIER" lexeme="lala"><location begcolumn="13" begline="5" endcolumn="16" endline="5" loc="5.13:5.16"/></token></node></node><token kind="SEMICOL" lexeme=";"><location begcolumn="17" begline="5" endcolumn="17" endline="5" loc="5.17:5.17"/></token></node><token kind="RCURLY" lexeme="}"><location begcolumn="1" begline="6" endcolumn="1" endline="6" loc="6.1:6.1"/></token></node><token kind="LCURLY" lexeme="{"><location begcolumn="3" begline="6" endcolumn="3" endline="6" loc="6.3:6.3"/></token><node label="definitions"><node label="variable_definition"><token kind="IDENTIFIER" lexeme="lala"><location begcolumn="5" begline="6" endcolumn="8" endline="6" loc="6.5:6.8"/></token><token kind="COL" lexeme=":"><location begcolumn="10" begline="6" endcolumn="10" endline="6" loc="6.10:6.10"/></token><node label="type"><token kind="LCURLY" lexeme="{"><location begcolumn="12" begline="6" endcolumn="12" endline="6" loc="6.12:6.12"/></token><node label="components"><token kind="IDENTIFIER" lexeme="id"><location begcolumn="13" begline="6" endcolumn="14" endline="6" loc="6.13:6.14"/></token><token kind="COL" lexeme=":"><location begcolumn="16" begline="6" endcolumn="16" endline="6" loc="6.16:6.16"/></token><node label="type"><token kind="LCURLY" lexeme="{"><location begcolumn="18" begline="6" endcolumn="18" endline="6" loc="6.18:6.18"/></token><node label="components"><token kind="IDENTIFIER" lexeme="id"><location begcolumn="19" begline="6" endcolumn="20" endline="6" loc="6.19:6.20"/></token><token kind="COL" lexeme=":"><location begcolumn="21" begline="6" endcolumn="21" endline="6" loc="6.21:6.21"/></token><node label="type"><token kind="LBRACKET" lexeme="("><location begcolumn="23" begline="6" endcolumn="23" endline="6" loc="6.23:6.23"/></token><node label="components"><token kind="IDENTIFIER" lexeme="i"><location begcolumn="24" begline="6" endcolumn="24" endline="6" loc="6.24:6.24"/></token><token kind="COL" lexeme=":"><location begcolumn="25" begline="6" endcolumn="25" endline="6" loc="6.25:6.25"/></token><node label="type"><token kind="POWER" lexeme="^"><location begcolumn="27" begline="6" endcolumn="27" endline="6" loc="6.27:6.27"/></token><node label="type"><token kind="LSQUARE" lexeme="["><location begcolumn="28" begline="6" endcolumn="28" endline="6" loc="6.28:6.28"/></token><token kind="INT_CONST" lexeme="1"><location begcolumn="29" begline="6" endcolumn="29" endline="6" loc="6.29:6.29"/></token><token kind="RSQUARE" lexeme="]"><location begcolumn="30" begline="6" endcolumn="30" endline="6" loc="6.30:6.30"/></token><node label="type"><token kind="IDENTIFIER" lexeme="tipOdZunaj"><location begcolumn="31" begline="6" endcolumn="40" endline="6" loc="6.31:6.40"/></token></node></node></node><node label="other_components"><token kind="COMMA" lexeme=","><location begcolumn="41" begline="6" endcolumn="41" endline="6" loc="6.41:6.41"/></token><token kind="IDENTIFIER" lexeme="j"><location begcolumn="43" begline="6" endcolumn="43" endline="6" loc="6.43:6.43"/></token><token kind="COL" lexeme=":"><location begcolumn="44" begline="6" endcolumn="44" endline="6" loc="6.44:6.44"/></token><node label="type"><token kind="POWER" lexeme="^"><location begcolumn="46" begline="6" endcolumn="46" endline="6" loc="6.46:6.46"/></token><node label="type"><token kind="LSQUARE" lexeme="["><location begcolumn="47" begline="6" endcolumn="47" endline="6" loc="6.47:6.47"/></token><token kind="INT_CONST" lexeme="1"><location begcolumn="48" begline="6" endcolumn="48" endline="6" loc="6.48:6.48"/></token><token kind="RSQUARE" lexeme="]"><location begcolumn="49" begline="6" endcolumn="49" endline="6" loc="6.49:6.49"/></token><node label="type"><token kind="POWER" lexeme="^"><location begcolumn="50" begline="6" endcolumn="50" endline="6" loc="6.50:6.50"/></token><node label="type"><token kind="POWER" lexeme="^"><location begcolumn="51" begline="6" endcolumn="51" endline="6" loc="6.51:6.51"/></token><node label="type"><token kind="IDENTIFIER" lexeme="tipOdZnotrej"><location begcolumn="52" begline="6" endcolumn="63" endline="6" loc="6.52:6.63"/></token></node></node></node></node></node></node></node><token kind="RBRACKET" lexeme=")"><location begcolumn="64" begline="6" endcolumn="64" endline="6" loc="6.64:6.64"/></token></node></node><token kind="RCURLY" lexeme="}"><location begcolumn="65" begline="6" endcolumn="65" endline="6" loc="6.65:6.65"/></token></node></node><token kind="RCURLY" lexeme="}"><location begcolumn="66" begline="6" endcolumn="66" endline="6" loc="6.66:6.66"/></token></node></node></node><token kind="RCURLY" lexeme="}"><location begcolumn="68" begline="6" endcolumn="68" endline="6" loc="6.68:6.68"/></token></node></node></node></synan>