<?xml version="1.0" encoding="UTF-8" standalone="no"?><?xml-stylesheet type="text/xsl" href="../lib/xsl/abstr.xsl"?><abstr><node id="55" label="AstNodes&lt;AstDefn&gt;"><node id="1" label="AstTypDefn" name="tipOdZunaj"><location begcolumn="1" begline="1" endcolumn="22" endline="1" loc="1.1:1.22"/><node id="0" label="AstNameType" name="vmesniTip"><location begcolumn="14" begline="1" endcolumn="22" endline="1" loc="1.14:1.22"/></node></node><node id="6" label="AstTypDefn" name="vmesniTip"><location begcolumn="1" begline="2" endcolumn="30" endline="2" loc="2.1:2.30"/><node id="5" label="AstUniType"><location begcolumn="13" begline="2" endcolumn="30" endline="2" loc="2.13:2.30"/><node id="4" label="AstNodes&lt;AstCmpDefn&gt;"><node id="3" label="AstCmpDefn" name="id"><location begcolumn="14" begline="2" endcolumn="29" endline="2" loc="2.14:2.29"/><node id="2" label="AstNameType" name="tipOdZnotrej"><location begcolumn="18" begline="2" endcolumn="29" endline="2" loc="2.18:2.29"/></node></node></node></node></node><node id="24" label="AstTypDefn" name="tipOdZnotrej"><location begcolumn="1" begline="3" endcolumn="63" endline="3" loc="3.1:3.63"/><node id="23" label="AstUniType"><location begcolumn="16" begline="3" endcolumn="63" endline="3" loc="3.16:3.63"/><node id="22" label="AstNodes&lt;AstCmpDefn&gt;"><node id="21" label="AstCmpDefn" name="id"><location begcolumn="17" begline="3" endcolumn="62" endline="3" loc="3.17:3.62"/><node id="20" label="AstStrType"><location begcolumn="21" begline="3" endcolumn="62" endline="3" loc="3.21:3.62"/><node id="19" label="AstNodes&lt;AstCmpDefn&gt;"><node id="11" label="AstCmpDefn" name="i"><location begcolumn="22" begline="3" endcolumn="38" endline="3" loc="3.22:3.38"/><node id="10" label="AstPtrType"><location begcolumn="25" begline="3" endcolumn="38" endline="3" loc="3.25:3.38"/><node id="9" label="AstArrType"><location begcolumn="26" begline="3" endcolumn="38" endline="3" loc="3.26:3.38"/><node id="7" label="AstNameType" name="tipOdZunaj"><location begcolumn="29" begline="3" endcolumn="38" endline="3" loc="3.29:3.38"/></node><node id="8" label="AstAtomExpr" name="1"><location begcolumn="27" begline="3" endcolumn="27" endline="3" loc="3.27:3.27"/></node></node></node></node><node id="18" label="AstCmpDefn" name="j"><location begcolumn="39" begline="3" endcolumn="61" endline="3" loc="3.39:3.61"/><node id="17" label="AstPtrType"><location begcolumn="44" begline="3" endcolumn="61" endline="3" loc="3.44:3.61"/><node id="16" label="AstArrType"><location begcolumn="45" begline="3" endcolumn="61" endline="3" loc="3.45:3.61"/><node id="14" label="AstPtrType"><location begcolumn="48" begline="3" endcolumn="61" endline="3" loc="3.48:3.61"/><node id="13" label="AstPtrType"><location begcolumn="49" begline="3" endcolumn="61" endline="3" loc="3.49:3.61"/><node id="12" label="AstNameType" name="tipOdZnotrej"><location begcolumn="50" begline="3" endcolumn="61" endline="3" loc="3.50:3.61"/></node></node></node><node id="15" label="AstAtomExpr" name="1"><location begcolumn="46" begline="3" endcolumn="46" endline="3" loc="3.46:3.46"/></node></node></node></node></node></node></node></node></node></node><node id="54" label="AstFunDefn" name="fun"><location begcolumn="1" begline="4" endcolumn="68" endline="6" loc="4.1:6.68"/><node id="30" label="AstBlockStmt"><location begcolumn="22" begline="4" endcolumn="1" endline="6" loc="4.22:6.1"/><node id="31" label="AstNodes&lt;AstStmt&gt;"><node id="29" label="AstReturnStmt"><location begcolumn="5" begline="5" endcolumn="17" endline="5" loc="5.5:5.17"/><node id="28" label="AstPfxExpr" name="PTR"><location begcolumn="12" begline="5" endcolumn="16" endline="5" loc="5.12:5.16"/><node id="27" label="AstNameExpr" name="lala"><location begcolumn="13" begline="5" endcolumn="16" endline="5" loc="5.13:5.16"/></node></node></node></node></node><node id="53" label="AstNodes&lt;AstDefn&gt;"><node id="52" label="AstVarDefn" name="lala"><location begcolumn="5" begline="6" endcolumn="66" endline="6" loc="6.5:6.66"/><node id="51" label="AstUniType"><location begcolumn="12" begline="6" endcolumn="66" endline="6" loc="6.12:6.66"/><node id="50" label="AstNodes&lt;AstCmpDefn&gt;"><node id="49" label="AstCmpDefn" name="id"><location begcolumn="13" begline="6" endcolumn="65" endline="6" loc="6.13:6.65"/><node id="48" label="AstUniType"><location begcolumn="18" begline="6" endcolumn="65" endline="6" loc="6.18:6.65"/><node id="47" label="AstNodes&lt;AstCmpDefn&gt;"><node id="46" label="AstCmpDefn" name="id"><location begcolumn="19" begline="6" endcolumn="64" endline="6" loc="6.19:6.64"/><node id="45" label="AstStrType"><location begcolumn="23" begline="6" endcolumn="64" endline="6" loc="6.23:6.64"/><node id="44" label="AstNodes&lt;AstCmpDefn&gt;"><node id="36" label="AstCmpDefn" name="i"><location begcolumn="24" begline="6" endcolumn="40" endline="6" loc="6.24:6.40"/><node id="35" label="AstPtrType"><location begcolumn="27" begline="6" endcolumn="40" endline="6" loc="6.27:6.40"/><node id="34" label="AstArrType"><location begcolumn="28" begline="6" endcolumn="40" endline="6" loc="6.28:6.40"/><node id="32" label="AstNameType" name="tipOdZunaj"><location begcolumn="31" begline="6" endcolumn="40" endline="6" loc="6.31:6.40"/></node><node id="33" label="AstAtomExpr" name="1"><location begcolumn="29" begline="6" endcolumn="29" endline="6" loc="6.29:6.29"/></node></node></node></node><node id="43" label="AstCmpDefn" name="j"><location begcolumn="41" begline="6" endcolumn="63" endline="6" loc="6.41:6.63"/><node id="42" label="AstPtrType"><location begcolumn="46" begline="6" endcolumn="63" endline="6" loc="6.46:6.63"/><node id="41" label="AstArrType"><location begcolumn="47" begline="6" endcolumn="63" endline="6" loc="6.47:6.63"/><node id="39" label="AstPtrType"><location begcolumn="50" begline="6" endcolumn="63" endline="6" loc="6.50:6.63"/><node id="38" label="AstPtrType"><location begcolumn="51" begline="6" endcolumn="63" endline="6" loc="6.51:6.63"/><node id="37" label="AstNameType" name="tipOdZnotrej"><location begcolumn="52" begline="6" endcolumn="63" endline="6" loc="6.52:6.63"/></node></node></node><node id="40" label="AstAtomExpr" name="1"><location begcolumn="48" begline="6" endcolumn="48" endline="6" loc="6.48:6.48"/></node></node></node></node></node></node></node></node></node></node></node></node></node></node><node id="26" label="AstPtrType"><location begcolumn="9" begline="4" endcolumn="18" endline="4" loc="4.9:4.18"/><node id="25" label="AstNameType" name="vmesniTip"><location begcolumn="10" begline="4" endcolumn="18" endline="4" loc="4.10:4.18"/></node></node></node></node></abstr>