<?xml version="1.0" encoding="UTF-8" standalone="no"?><?xml-stylesheet type="text/xsl" href="../lib/xsl/imclin.xsl"?><imclin><codechunk bodylabel="L0" epiloguelabel="L1" prologuelabel="_putint"><frame FP="T0" RV="T1" argssize="0" depth="0" label="_putint" locssize="0" size="16"/><stmt><imc instruction="LABEL(L0)"/></stmt><stmt><imc instruction="MOVE"><imc instruction="TEMP(T1)"/><imc instruction="CONST(0)"/></imc></stmt><stmt><imc instruction="JUMP(L1)"/></stmt></codechunk><codechunk bodylabel="L2" epiloguelabel="L3" prologuelabel="_putchar"><frame FP="T2" RV="T3" argssize="0" depth="0" label="_putchar" locssize="0" size="16"/><stmt><imc instruction="LABEL(L2)"/></stmt><stmt><imc instruction="MOVE"><imc instruction="TEMP(T3)"/><imc instruction="CONST(0)"/></imc></stmt><stmt><imc instruction="JUMP(L3)"/></stmt></codechunk><codechunk bodylabel="L4" epiloguelabel="L5" prologuelabel="_main"><frame FP="T4" RV="T5" argssize="96" depth="0" label="_main" locssize="80" size="192"/><stmt><imc instruction="LABEL(L4)"/></stmt><stmt><imc instruction="MOVE"><imc instruction="TEMP(T8)"/><imc instruction="TEMP(T4)"/></imc></stmt><stmt><imc instruction="MOVE"><imc instruction="TEMP(T9)"/><imc instruction="CONST(-80)"/></imc></stmt><stmt><imc instruction="MOVE"><imc instruction="TEMP(T10)"/><imc instruction="CONST(0)"/></imc></stmt><stmt><imc instruction="MOVE"><imc instruction="TEMP(T11)"/><imc instruction="CONST(8)"/></imc></stmt><stmt><imc instruction="MOVE"><imc instruction="TEMP(T12)"/><imc instruction="BINOP(ADD)"><imc instruction="TEMP(T8)"/><imc instruction="TEMP(T9)"/></imc></imc></stmt><stmt><imc instruction="MOVE"><imc instruction="TEMP(T13)"/><imc instruction="BINOP(MUL)"><imc instruction="TEMP(T10)"/><imc instruction="TEMP(T11)"/></imc></imc></stmt><stmt><imc instruction="MOVE"><imc instruction="TEMP(T14)"/><imc instruction="BINOP(ADD)"><imc instruction="TEMP(T12)"/><imc instruction="TEMP(T13)"/></imc></imc></stmt><stmt><imc instruction="MOVE"><imc instruction="TEMP(T15)"/><imc instruction="CONST(1)"/></imc></stmt><stmt><imc instruction="MOVE"><imc instruction="MEM"><imc instruction="TEMP(T14)"/></imc><imc instruction="TEMP(T15)"/></imc></stmt><stmt><imc instruction="MOVE"><imc instruction="TEMP(T16)"/><imc instruction="TEMP(T4)"/></imc></stmt><stmt><imc instruction="MOVE"><imc instruction="TEMP(T17)"/><imc instruction="CONST(-80)"/></imc></stmt><stmt><imc instruction="MOVE"><imc instruction="TEMP(T18)"/><imc instruction="CONST(1)"/></imc></stmt><stmt><imc instruction="MOVE"><imc instruction="TEMP(T19)"/><imc instruction="CONST(8)"/></imc></stmt><stmt><imc instruction="MOVE"><imc instruction="TEMP(T20)"/><imc instruction="BINOP(ADD)"><imc instruction="TEMP(T16)"/><imc instruction="TEMP(T17)"/></imc></imc></stmt><stmt><imc instruction="MOVE"><imc instruction="TEMP(T21)"/><imc instruction="BINOP(MUL)"><imc instruction="TEMP(T18)"/><imc instruction="TEMP(T19)"/></imc></imc></stmt><stmt><imc instruction="MOVE"><imc instruction="TEMP(T22)"/><imc instruction="BINOP(ADD)"><imc instruction="TEMP(T20)"/><imc instruction="TEMP(T21)"/></imc></imc></stmt><stmt><imc instruction="MOVE"><imc instruction="TEMP(T23)"/><imc instruction="CONST(2)"/></imc></stmt><stmt><imc instruction="MOVE"><imc instruction="MEM"><imc instruction="TEMP(T22)"/></imc><imc instruction="TEMP(T23)"/></imc></stmt><stmt><imc instruction="MOVE"><imc instruction="TEMP(T24)"/><imc instruction="TEMP(T4)"/></imc></stmt><stmt><imc instruction="MOVE"><imc instruction="TEMP(T25)"/><imc instruction="CONST(-80)"/></imc></stmt><stmt><imc instruction="MOVE"><imc instruction="TEMP(T26)"/><imc instruction="CONST(2)"/></imc></stmt><stmt><imc instruction="MOVE"><imc instruction="TEMP(T27)"/><imc instruction="CONST(8)"/></imc></stmt><stmt><imc instruction="MOVE"><imc instruction="TEMP(T28)"/><imc instruction="BINOP(ADD)"><imc instruction="TEMP(T24)"/><imc instruction="TEMP(T25)"/></imc></imc></stmt><stmt><imc instruction="MOVE"><imc instruction="TEMP(T29)"/><imc instruction="BINOP(MUL)"><imc instruction="TEMP(T26)"/><imc instruction="TEMP(T27)"/></imc></imc></stmt><stmt><imc instruction="MOVE"><imc instruction="TEMP(T30)"/><imc instruction="BINOP(ADD)"><imc instruction="TEMP(T28)"/><imc instruction="TEMP(T29)"/></imc></imc></stmt><stmt><imc instruction="MOVE"><imc instruction="TEMP(T31)"/><imc instruction="CONST(3)"/></imc></stmt><stmt><imc instruction="MOVE"><imc instruction="MEM"><imc instruction="TEMP(T30)"/></imc><imc instruction="TEMP(T31)"/></imc></stmt><stmt><imc instruction="MOVE"><imc instruction="TEMP(T32)"/><imc instruction="TEMP(T4)"/></imc></stmt><stmt><imc instruction="MOVE"><imc instruction="TEMP(T33)"/><imc instruction="CONST(-80)"/></imc></stmt><stmt><imc instruction="MOVE"><imc instruction="TEMP(T34)"/><imc instruction="CONST(3)"/></imc></stmt><stmt><imc instruction="MOVE"><imc instruction="TEMP(T35)"/><imc instruction="CONST(8)"/></imc></stmt><stmt><imc instruction="MOVE"><imc instruction="TEMP(T36)"/><imc instruction="BINOP(ADD)"><imc instruction="TEMP(T32)"/><imc instruction="TEMP(T33)"/></imc></imc></stmt><stmt><imc instruction="MOVE"><imc instruction="TEMP(T37)"/><imc instruction="BINOP(MUL)"><imc instruction="TEMP(T34)"/><imc instruction="TEMP(T35)"/></imc></imc></stmt><stmt><imc instruction="MOVE"><imc instruction="TEMP(T38)"/><imc instruction="BINOP(ADD)"><imc instruction="TEMP(T36)"/><imc instruction="TEMP(T37)"/></imc></imc></stmt><stmt><imc instruction="MOVE"><imc instruction="TEMP(T39)"/><imc instruction="CONST(4)"/></imc></stmt><stmt><imc instruction="MOVE"><imc instruction="MEM"><imc instruction="TEMP(T38)"/></imc><imc instruction="TEMP(T39)"/></imc></stmt><stmt><imc instruction="MOVE"><imc instruction="TEMP(T40)"/><imc instruction="TEMP(T4)"/></imc></stmt><stmt><imc instruction="MOVE"><imc instruction="TEMP(T41)"/><imc instruction="CONST(-80)"/></imc></stmt><stmt><imc instruction="MOVE"><imc instruction="TEMP(T42)"/><imc instruction="CONST(4)"/></imc></stmt><stmt><imc instruction="MOVE"><imc instruction="TEMP(T43)"/><imc instruction="CONST(8)"/></imc></stmt><stmt><imc instruction="MOVE"><imc instruction="TEMP(T44)"/><imc instruction="BINOP(ADD)"><imc instruction="TEMP(T40)"/><imc instruction="TEMP(T41)"/></imc></imc></stmt><stmt><imc instruction="MOVE"><imc instruction="TEMP(T45)"/><imc instruction="BINOP(MUL)"><imc instruction="TEMP(T42)"/><imc instruction="TEMP(T43)"/></imc></imc></stmt><stmt><imc instruction="MOVE"><imc instruction="TEMP(T46)"/><imc instruction="BINOP(ADD)"><imc instruction="TEMP(T44)"/><imc instruction="TEMP(T45)"/></imc></imc></stmt><stmt><imc instruction="MOVE"><imc instruction="TEMP(T47)"/><imc instruction="CONST(5)"/></imc></stmt><stmt><imc instruction="MOVE"><imc instruction="MEM"><imc instruction="TEMP(T46)"/></imc><imc instruction="TEMP(T47)"/></imc></stmt><stmt><imc instruction="MOVE"><imc instruction="TEMP(T48)"/><imc instruction="MEM"><imc instruction="TEMP(T4)"/></imc></imc></stmt><stmt><imc instruction="MOVE"><imc instruction="TEMP(T49)"/><imc instruction="CONST(4)"/></imc></stmt><stmt><imc instruction="MOVE"><imc instruction="TEMP(T51)"/><imc instruction="TEMP(T4)"/></imc></stmt><stmt><imc instruction="MOVE"><imc instruction="TEMP(T52)"/><imc instruction="CONST(-80)"/></imc></stmt><stmt><imc instruction="MOVE"><imc instruction="TEMP(T50)"/><imc instruction="MEM"><imc instruction="BINOP(ADD)"><imc instruction="TEMP(T51)"/><imc instruction="TEMP(T52)"/></imc></imc></imc></stmt><stmt><imc instruction="MOVE"><imc instruction="TEMP(T53)"/><imc instruction="CALL(_f)"><imc instruction="TEMP(T48)"/><imc instruction="TEMP(T49)"/><imc instruction="TEMP(T50)"/></imc></imc></stmt><stmt><imc instruction="MOVE"><imc instruction="TEMP(T5)"/><imc instruction="TEMP(T53)"/></imc></stmt><stmt><imc instruction="JUMP(L5)"/></stmt><stmt><imc instruction="MOVE"><imc instruction="TEMP(T5)"/><imc instruction="CONST(0)"/></imc></stmt><stmt><imc instruction="JUMP(L5)"/></stmt></codechunk><codechunk bodylabel="L6" epiloguelabel="L7" prologuelabel="_f"><frame FP="T6" RV="T7" argssize="16" depth="0" label="_f" locssize="16" size="48"/><stmt><imc instruction="LABEL(L6)"/></stmt><stmt><imc instruction="MOVE"><imc instruction="TEMP(T54)"/><imc instruction="TEMP(T6)"/></imc></stmt><stmt><imc instruction="MOVE"><imc instruction="TEMP(T55)"/><imc instruction="CONST(-8)"/></imc></stmt><stmt><imc instruction="MOVE"><imc instruction="TEMP(T56)"/><imc instruction="BINOP(ADD)"><imc instruction="TEMP(T54)"/><imc instruction="TEMP(T55)"/></imc></imc></stmt><stmt><imc instruction="MOVE"><imc instruction="TEMP(T57)"/><imc instruction="CONST(0)"/></imc></stmt><stmt><imc instruction="MOVE"><imc instruction="MEM"><imc instruction="TEMP(T56)"/></imc><imc instruction="TEMP(T57)"/></imc></stmt><stmt><imc instruction="MOVE"><imc instruction="TEMP(T58)"/><imc instruction="TEMP(T6)"/></imc></stmt><stmt><imc instruction="MOVE"><imc instruction="TEMP(T59)"/><imc instruction="CONST(-16)"/></imc></stmt><stmt><imc instruction="MOVE"><imc instruction="TEMP(T60)"/><imc instruction="BINOP(ADD)"><imc instruction="TEMP(T58)"/><imc instruction="TEMP(T59)"/></imc></imc></stmt><stmt><imc instruction="MOVE"><imc instruction="TEMP(T61)"/><imc instruction="CONST(0)"/></imc></stmt><stmt><imc instruction="MOVE"><imc instruction="MEM"><imc instruction="TEMP(T60)"/></imc><imc instruction="TEMP(T61)"/></imc></stmt><stmt><imc instruction="LABEL(L8)"/></stmt><stmt><imc instruction="MOVE"><imc instruction="TEMP(T62)"/><imc instruction="TEMP(T6)"/></imc></stmt><stmt><imc instruction="MOVE"><imc instruction="TEMP(T63)"/><imc instruction="CONST(-16)"/></imc></stmt><stmt><imc instruction="MOVE"><imc instruction="TEMP(T64)"/><imc instruction="TEMP(T6)"/></imc></stmt><stmt><imc instruction="MOVE"><imc instruction="TEMP(T65)"/><imc instruction="CONST(8)"/></imc></stmt><stmt><imc instruction="MOVE"><imc instruction="TEMP(T66)"/><imc instruction="MEM"><imc instruction="BINOP(ADD)"><imc instruction="TEMP(T62)"/><imc instruction="TEMP(T63)"/></imc></imc></imc></stmt><stmt><imc instruction="MOVE"><imc instruction="TEMP(T67)"/><imc instruction="MEM"><imc instruction="BINOP(ADD)"><imc instruction="TEMP(T64)"/><imc instruction="TEMP(T65)"/></imc></imc></imc></stmt><stmt><imc instruction="CJUMP(L9,L11)"><imc instruction="BINOP(LEQ)"><imc instruction="TEMP(T66)"/><imc instruction="TEMP(T67)"/></imc></imc></stmt><stmt><imc instruction="LABEL(L11)"/></stmt><stmt><imc instruction="JUMP(L10)"/></stmt><stmt><imc instruction="LABEL(L9)"/></stmt><stmt><imc instruction="MOVE"><imc instruction="TEMP(T68)"/><imc instruction="TEMP(T6)"/></imc></stmt><stmt><imc instruction="MOVE"><imc instruction="TEMP(T69)"/><imc instruction="CONST(-8)"/></imc></stmt><stmt><imc instruction="MOVE"><imc instruction="TEMP(T70)"/><imc instruction="BINOP(ADD)"><imc instruction="TEMP(T68)"/><imc instruction="TEMP(T69)"/></imc></imc></stmt><stmt><imc instruction="MOVE"><imc instruction="TEMP(T71)"/><imc instruction="TEMP(T6)"/></imc></stmt><stmt><imc instruction="MOVE"><imc instruction="TEMP(T72)"/><imc instruction="CONST(-8)"/></imc></stmt><stmt><imc instruction="MOVE"><imc instruction="TEMP(T73)"/><imc instruction="TEMP(T6)"/></imc></stmt><stmt><imc instruction="MOVE"><imc instruction="TEMP(T74)"/><imc instruction="CONST(-16)"/></imc></stmt><stmt><imc instruction="MOVE"><imc instruction="TEMP(T75)"/><imc instruction="MEM"><imc instruction="BINOP(ADD)"><imc instruction="TEMP(T71)"/><imc instruction="TEMP(T72)"/></imc></imc></imc></stmt><stmt><imc instruction="MOVE"><imc instruction="TEMP(T76)"/><imc instruction="MEM"><imc instruction="BINOP(ADD)"><imc instruction="TEMP(T73)"/><imc instruction="TEMP(T74)"/></imc></imc></imc></stmt><stmt><imc instruction="MOVE"><imc instruction="TEMP(T77)"/><imc instruction="BINOP(ADD)"><imc instruction="TEMP(T75)"/><imc instruction="TEMP(T76)"/></imc></imc></stmt><stmt><imc instruction="MOVE"><imc instruction="MEM"><imc instruction="TEMP(T70)"/></imc><imc instruction="TEMP(T77)"/></imc></stmt><stmt><imc instruction="MOVE"><imc instruction="TEMP(T78)"/><imc instruction="MEM"><imc instruction="TEMP(T6)"/></imc></imc></stmt><stmt><imc instruction="MOVE"><imc instruction="TEMP(T80)"/><imc instruction="TEMP(T6)"/></imc></stmt><stmt><imc instruction="MOVE"><imc instruction="TEMP(T81)"/><imc instruction="CONST(16)"/></imc></stmt><stmt><imc instruction="MOVE"><imc instruction="TEMP(T82)"/><imc instruction="TEMP(T6)"/></imc></stmt><stmt><imc instruction="MOVE"><imc instruction="TEMP(T83)"/><imc instruction="CONST(-16)"/></imc></stmt><stmt><imc instruction="MOVE"><imc instruction="TEMP(T84)"/><imc instruction="MEM"><imc instruction="BINOP(ADD)"><imc instruction="TEMP(T82)"/><imc instruction="TEMP(T83)"/></imc></imc></imc></stmt><stmt><imc instruction="MOVE"><imc instruction="TEMP(T85)"/><imc instruction="CONST(8)"/></imc></stmt><stmt><imc instruction="MOVE"><imc instruction="TEMP(T86)"/><imc instruction="BINOP(ADD)"><imc instruction="TEMP(T80)"/><imc instruction="TEMP(T81)"/></imc></imc></stmt><stmt><imc instruction="MOVE"><imc instruction="TEMP(T87)"/><imc instruction="BINOP(MUL)"><imc instruction="TEMP(T84)"/><imc instruction="TEMP(T85)"/></imc></imc></stmt><stmt><imc instruction="MOVE"><imc instruction="TEMP(T79)"/><imc instruction="MEM"><imc instruction="BINOP(ADD)"><imc instruction="TEMP(T86)"/><imc instruction="TEMP(T87)"/></imc></imc></imc></stmt><stmt><imc instruction="ESTMT"><imc instruction="CALL(_putint)"><imc instruction="TEMP(T78)"/><imc instruction="TEMP(T79)"/></imc></imc></stmt><stmt><imc instruction="MOVE"><imc instruction="TEMP(T88)"/><imc instruction="MEM"><imc instruction="TEMP(T6)"/></imc></imc></stmt><stmt><imc instruction="MOVE"><imc instruction="TEMP(T89)"/><imc instruction="CONST(10)"/></imc></stmt><stmt><imc instruction="ESTMT"><imc instruction="CALL(_putchar)"><imc instruction="TEMP(T88)"/><imc instruction="TEMP(T89)"/></imc></imc></stmt><stmt><imc instruction="MOVE"><imc instruction="TEMP(T90)"/><imc instruction="TEMP(T6)"/></imc></stmt><stmt><imc instruction="MOVE"><imc instruction="TEMP(T91)"/><imc instruction="CONST(-16)"/></imc></stmt><stmt><imc instruction="MOVE"><imc instruction="TEMP(T92)"/><imc instruction="BINOP(ADD)"><imc instruction="TEMP(T90)"/><imc instruction="TEMP(T91)"/></imc></imc></stmt><stmt><imc instruction="MOVE"><imc instruction="TEMP(T93)"/><imc instruction="TEMP(T6)"/></imc></stmt><stmt><imc instruction="MOVE"><imc instruction="TEMP(T94)"/><imc instruction="CONST(-16)"/></imc></stmt><stmt><imc instruction="MOVE"><imc instruction="TEMP(T95)"/><imc instruction="MEM"><imc instruction="BINOP(ADD)"><imc instruction="TEMP(T93)"/><imc instruction="TEMP(T94)"/></imc></imc></imc></stmt><stmt><imc instruction="MOVE"><imc instruction="TEMP(T96)"/><imc instruction="CONST(1)"/></imc></stmt><stmt><imc instruction="MOVE"><imc instruction="TEMP(T97)"/><imc instruction="BINOP(ADD)"><imc instruction="TEMP(T95)"/><imc instruction="TEMP(T96)"/></imc></imc></stmt><stmt><imc instruction="MOVE"><imc instruction="MEM"><imc instruction="TEMP(T92)"/></imc><imc instruction="TEMP(T97)"/></imc></stmt><stmt><imc instruction="JUMP(L8)"/></stmt><stmt><imc instruction="LABEL(L10)"/></stmt><stmt><imc instruction="MOVE"><imc instruction="TEMP(T98)"/><imc instruction="TEMP(T6)"/></imc></stmt><stmt><imc instruction="MOVE"><imc instruction="TEMP(T99)"/><imc instruction="CONST(-8)"/></imc></stmt><stmt><imc instruction="MOVE"><imc instruction="TEMP(T100)"/><imc instruction="MEM"><imc instruction="BINOP(ADD)"><imc instruction="TEMP(T98)"/><imc instruction="TEMP(T99)"/></imc></imc></imc></stmt><stmt><imc instruction="MOVE"><imc instruction="TEMP(T7)"/><imc instruction="TEMP(T100)"/></imc></stmt><stmt><imc instruction="JUMP(L7)"/></stmt><stmt><imc instruction="MOVE"><imc instruction="TEMP(T7)"/><imc instruction="CONST(0)"/></imc></stmt><stmt><imc instruction="JUMP(L7)"/></stmt></codechunk></imclin>