<?xml version="1.0" encoding="UTF-8" standalone="no"?><?xml-stylesheet type="text/xsl" href="../lib/xsl/synan.xsl"?><synan><node label="source"><node label="definitions"><node label="function_definition"><token kind="IDENTIFIER" lexeme="main"><location begcolumn="1" begline="1" endcolumn="4" endline="1" loc="1.1:1.4"/></token><token kind="LBRACKET" lexeme="("><location begcolumn="5" begline="1" endcolumn="5" endline="1" loc="1.5:1.5"/></token><node label="parameters"><node label="tick"/><token kind="IDENTIFIER" lexeme="i"><location begcolumn="6" begline="1" endcolumn="6" endline="1" loc="1.6:1.6"/></token><token kind="COL" lexeme=":"><location begcolumn="7" begline="1" endcolumn="7" endline="1" loc="1.7:1.7"/></token><node label="type"><token kind="INT" lexeme="int"><location begcolumn="8" begline="1" endcolumn="10" endline="1" loc="1.8:1.10"/></token></node></node><token kind="RBRACKET" lexeme=")"><location begcolumn="11" begline="1" endcolumn="11" endline="1" loc="1.11:1.11"/></token><token kind="COL" lexeme=":"><location begcolumn="13" begline="1" endcolumn="13" endline="1" loc="1.13:1.13"/></token><node label="type"><token kind="INT" lexeme="int"><location begcolumn="14" begline="1" endcolumn="16" endline="1" loc="1.14:1.16"/></token></node><token kind="ASSIGN" lexeme="="><location begcolumn="18" begline="1" endcolumn="18" endline="1" loc="1.18:1.18"/></token><node label="statement"><token kind="LCURLY" lexeme="{"><location begcolumn="20" begline="1" endcolumn="20" endline="1" loc="1.20:1.20"/></token><node label="statement"><node label="expression"><token kind="IDENTIFIER" lexeme="i"><location begcolumn="9" begline="2" endcolumn="9" endline="2" loc="2.9:2.9"/></token></node><token kind="ASSIGN" lexeme="="><location begcolumn="11" begline="2" endcolumn="11" endline="2" loc="2.11:2.11"/></token><node label="expression"><token kind="INT_CONST" lexeme="2"><location begcolumn="13" begline="2" endcolumn="13" endline="2" loc="2.13:2.13"/></token></node><token kind="SEMICOL" lexeme=";"><location begcolumn="14" begline="2" endcolumn="14" endline="2" loc="2.14:2.14"/></token></node><token kind="RCURLY" lexeme="}"><location begcolumn="1" begline="3" endcolumn="1" endline="3" loc="3.1:3.1"/></token></node></node></node><token kind="EOF" lexeme=""/></node></synan>