<?xml version="1.0" encoding="UTF-8" standalone="no"?><?xml-stylesheet type="text/xsl" href="../lib/xsl/lexan.xsl"?><lexan><token kind="IDENTIFIER" lexeme="a"><location begcolumn="1" begline="1" endcolumn="1" endline="1" loc="1.1:1.1"/></token><token kind="COL" lexeme=":"><location begcolumn="2" begline="1" endcolumn="2" endline="1" loc="1.2:1.2"/></token><token kind="BOOL" lexeme="bool"><location begcolumn="3" begline="1" endcolumn="6" endline="1" loc="1.3:1.6"/></token><token kind="IDENTIFIER" lexeme="b"><location begcolumn="1" begline="2" endcolumn="1" endline="2" loc="2.1:2.1"/></token><token kind="COL" lexeme=":"><location begcolumn="2" begline="2" endcolumn="2" endline="2" loc="2.2:2.2"/></token><token kind="CHAR" lexeme="char"><location begcolumn="3" begline="2" endcolumn="6" endline="2" loc="2.3:2.6"/></token><token kind="IDENTIFIER" lexeme="c"><location begcolumn="1" begline="3" endcolumn="1" endline="3" loc="3.1:3.1"/></token><token kind="COL" lexeme=":"><location begcolumn="2" begline="3" endcolumn="2" endline="3" loc="3.2:3.2"/></token><token kind="INT" lexeme="int"><location begcolumn="3" begline="3" endcolumn="5" endline="3" loc="3.3:3.5"/></token><token kind="IDENTIFIER" lexeme="fun"><location begcolumn="1" begline="5" endcolumn="3" endline="5" loc="5.1:5.3"/></token><token kind="LBRACKET" lexeme="("><location begcolumn="4" begline="5" endcolumn="4" endline="5" loc="5.4:5.4"/></token><token kind="RBRACKET" lexeme=")"><location begcolumn="5" begline="5" endcolumn="5" endline="5" loc="5.5:5.5"/></token><token kind="COL" lexeme=":"><location begcolumn="6" begline="5" endcolumn="6" endline="5" loc="5.6:5.6"/></token><token kind="VOID" lexeme="void"><location begcolumn="7" begline="5" endcolumn="10" endline="5" loc="5.7:5.10"/></token><token kind="ASSIGN" lexeme="="><location begcolumn="12" begline="5" endcolumn="12" endline="5" loc="5.12:5.12"/></token><token kind="LCURLY" lexeme="{"><location begcolumn="14" begline="5" endcolumn="14" endline="5" loc="5.14:5.14"/></token><token kind="IDENTIFIER" lexeme="a"><location begcolumn="9" begline="6" endcolumn="9" endline="6" loc="6.9:6.9"/></token><token kind="ASSIGN" lexeme="="><location begcolumn="11" begline="6" endcolumn="11" endline="6" loc="6.11:6.11"/></token><token kind="TRUE" lexeme="true"><location begcolumn="13" begline="6" endcolumn="16" endline="6" loc="6.13:6.16"/></token><token kind="SEMICOL" lexeme=";"><location begcolumn="17" begline="6" endcolumn="17" endline="6" loc="6.17:6.17"/></token><token kind="IDENTIFIER" lexeme="a"><location begcolumn="9" begline="7" endcolumn="9" endline="7" loc="7.9:7.9"/></token><token kind="ASSIGN" lexeme="="><location begcolumn="11" begline="7" endcolumn="11" endline="7" loc="7.11:7.11"/></token><token kind="FALSE" lexeme="false"><location begcolumn="13" begline="7" endcolumn="17" endline="7" loc="7.13:7.17"/></token><token kind="SEMICOL" lexeme=";"><location begcolumn="18" begline="7" endcolumn="18" endline="7" loc="7.18:7.18"/></token><token kind="IDENTIFIER" lexeme="b"><location begcolumn="9" begline="8" endcolumn="9" endline="8" loc="8.9:8.9"/></token><token kind="ASSIGN" lexeme="="><location begcolumn="11" begline="8" endcolumn="11" endline="8" loc="8.11:8.11"/></token><token kind="CHAR_LIT" lexeme="'G'"><location begcolumn="13" begline="8" endcolumn="15" endline="8" loc="8.13:8.15"/></token><token kind="SEMICOL" lexeme=";"><location begcolumn="16" begline="8" endcolumn="16" endline="8" loc="8.16:8.16"/></token><token kind="IDENTIFIER" lexeme="c"><location begcolumn="9" begline="9" endcolumn="9" endline="9" loc="9.9:9.9"/></token><token kind="ASSIGN" lexeme="="><location begcolumn="11" begline="9" endcolumn="11" endline="9" loc="9.11:9.11"/></token><token kind="MINUS" lexeme="-"><location begcolumn="13" begline="9" endcolumn="13" endline="9" loc="9.13:9.13"/></token><token kind="INT_CONST" lexeme="312"><location begcolumn="14" begline="9" endcolumn="16" endline="9" loc="9.14:9.16"/></token><token kind="SEMICOL" lexeme=";"><location begcolumn="17" begline="9" endcolumn="17" endline="9" loc="9.17:9.17"/></token><token kind="IDENTIFIER" lexeme="a"><location begcolumn="9" begline="10" endcolumn="9" endline="10" loc="10.9:10.9"/></token><token kind="ASSIGN" lexeme="="><location begcolumn="11" begline="10" endcolumn="11" endline="10" loc="10.11:10.11"/></token><token kind="NOT" lexeme="not"><location begcolumn="13" begline="10" endcolumn="15" endline="10" loc="10.13:10.15"/></token><token kind="TRUE" lexeme="true"><location begcolumn="17" begline="10" endcolumn="20" endline="10" loc="10.17:10.20"/></token><token kind="SEMICOL" lexeme=";"><location begcolumn="21" begline="10" endcolumn="21" endline="10" loc="10.21:10.21"/></token><token kind="IDENTIFIER" lexeme="c"><location begcolumn="9" begline="11" endcolumn="9" endline="11" loc="11.9:11.9"/></token><token kind="ASSIGN" lexeme="="><location begcolumn="11" begline="11" endcolumn="11" endline="11" loc="11.11:11.11"/></token><token kind="PLUS" lexeme="+"><location begcolumn="13" begline="11" endcolumn="13" endline="11" loc="11.13:11.13"/></token><token kind="INT_CONST" lexeme="312"><location begcolumn="15" begline="11" endcolumn="17" endline="11" loc="11.15:11.17"/></token><token kind="SEMICOL" lexeme=";"><location begcolumn="18" begline="11" endcolumn="18" endline="11" loc="11.18:11.18"/></token><token kind="RCURLY" lexeme="}"><location begcolumn="1" begline="12" endcolumn="1" endline="12" loc="12.1:12.1"/></token><token kind="EOF" lexeme=""/></lexan>