<?xml version="1.0" encoding="UTF-8" standalone="no"?><?xml-stylesheet type="text/xsl" href="../lib/xsl/asmgen.xsl"?><asmgen><code body="L0" epilogue="L1" prologue="L0" tempsize="0"><frame FP="T0" RV="T1" argssize="0" depth="0" label="_main" locssize="0" size="16"/><instructions><instruction code="L0"/><instruction code="ADD T2,T0,0"/><instruction code="SETL T8,8"/><instruction code="ADD T3,T8,0"/><instruction code="ADD T10,T2,T3"/><instruction code="LDO T9,T10,0"/><instruction code="ADD T4,T9,0"/><instruction code="SETL T11,1"/><instruction code="ADD T5,T11,0"/><instruction code="CMP T12,T4,T5"/><instruction code="ZSZ T12,T12,1"/><instruction code="BNZ  T12,L2"/><instruction code="L5"/><instruction code="JMP L3"/><instruction code="L2"/><instruction code="SETL T13,2"/><instruction code="ADD T6,T13,0"/><instruction code="ADD T1,T6,0"/><instruction code="JMP L1"/><instruction code="JMP L4"/><instruction code="L3"/><instruction code="SETL T14,3"/><instruction code="ADD T7,T14,0"/><instruction code="ADD T1,T7,0"/><instruction code="JMP L1"/><instruction code="L4"/><instruction code="SETL T15,0"/><instruction code="ADD T1,T15,0"/><instruction code="JMP L1"/></instructions></code></asmgen>