<?xml version="1.0" encoding="UTF-8" standalone="no"?><?xml-stylesheet type="text/xsl" href="../lib/xsl/regall.xsl"?><regall><code body="L0" epilogue="L1" tempsize="0"><frame FP="T0" RV="T1" argssize="0" depth="0" label="_main" locssize="0" size="16"/><instructions><instruction code="L0"><temps name="use"/><temps name="def"/><temps name="in"><temp name="T0"/></temps><temps name="out"><temp name="T0"/></temps></instruction><instruction code="ADD $1,$253,0"><temps name="use"><temp name="T0"/></temps><temps name="def"><temp name="T2"/></temps><temps name="in"><temp name="T0"/></temps><temps name="out"><temp name="T2"/></temps></instruction><instruction code="SETL $0,8"><temps name="use"/><temps name="def"><temp name="T8"/></temps><temps name="in"><temp name="T2"/></temps><temps name="out"><temp name="T8"/><temp name="T2"/></temps></instruction><instruction code="ADD $2,$0,0"><temps name="use"><temp name="T8"/></temps><temps name="def"><temp name="T3"/></temps><temps name="in"><temp name="T8"/><temp name="T2"/></temps><temps name="out"><temp name="T2"/><temp name="T3"/></temps></instruction><instruction code="ADD $0,$1,$2"><temps name="use"><temp name="T2"/><temp name="T3"/></temps><temps name="def"><temp name="T9"/></temps><temps name="in"><temp name="T2"/><temp name="T3"/></temps><temps name="out"><temp name="T9"/></temps></instruction><instruction code="ADD $2,$0,0"><temps name="use"><temp name="T9"/></temps><temps name="def"><temp name="T4"/></temps><temps name="in"><temp name="T9"/></temps><temps name="out"><temp name="T4"/></temps></instruction><instruction code="SETL $0,2"><temps name="use"/><temps name="def"><temp name="T10"/></temps><temps name="in"><temp name="T4"/></temps><temps name="out"><temp name="T4"/><temp name="T10"/></temps></instruction><instruction code="ADD $1,$0,0"><temps name="use"><temp name="T10"/></temps><temps name="def"><temp name="T5"/></temps><temps name="in"><temp name="T4"/><temp name="T10"/></temps><temps name="out"><temp name="T4"/><temp name="T5"/></temps></instruction><instruction code="STO  $1,$2,0"><temps name="use"><temp name="T5"/><temp name="T4"/></temps><temps name="def"/><temps name="in"><temp name="T4"/><temp name="T5"/></temps><temps name="out"/></instruction><instruction code="SETL $1,0"><temps name="use"/><temps name="def"><temp name="T11"/></temps><temps name="in"/><temps name="out"><temp name="T11"/></temps></instruction><instruction code="ADD $0,$1,0"><temps name="use"><temp name="T11"/></temps><temps name="def"><temp name="T1"/></temps><temps name="in"><temp name="T11"/></temps><temps name="out"/></instruction><instruction code="JMP L1"><temps name="use"/><temps name="def"/><temps name="in"/><temps name="out"/></instruction></instructions></code></regall>