<?xml version="1.0" encoding="UTF-8" standalone="no"?><?xml-stylesheet type="text/xsl" href="../lib/xsl/livean.xsl"?><livean><code body="L0" epilogue="L1" prologue="L0" tempsize="0"><frame FP="T0" RV="T1" argssize="0" depth="0" label="_main" locssize="0" size="16"/><instructions><instruction code="L0"><temps name="use"/><temps name="def"/><temps name="in"><temp name="T0"/></temps><temps name="out"><temp name="T0"/></temps></instruction><instruction code="ADD T2,T0,0"><temps name="use"><temp name="T0"/></temps><temps name="def"><temp name="T2"/></temps><temps name="in"><temp name="T0"/></temps><temps name="out"><temp name="T2"/></temps></instruction><instruction code="SETL T8,8"><temps name="use"/><temps name="def"><temp name="T8"/></temps><temps name="in"><temp name="T2"/></temps><temps name="out"><temp name="T2"/><temp name="T8"/></temps></instruction><instruction code="ADD T3,T8,0"><temps name="use"><temp name="T8"/></temps><temps name="def"><temp name="T3"/></temps><temps name="in"><temp name="T2"/><temp name="T8"/></temps><temps name="out"><temp name="T3"/><temp name="T2"/></temps></instruction><instruction code="ADD T10,T2,T3"><temps name="use"><temp name="T2"/><temp name="T3"/></temps><temps name="def"><temp name="T10"/></temps><temps name="in"><temp name="T3"/><temp name="T2"/></temps><temps name="out"><temp name="T10"/></temps></instruction><instruction code="LDO T9,T10,0"><temps name="use"><temp name="T10"/></temps><temps name="def"><temp name="T9"/></temps><temps name="in"><temp name="T10"/></temps><temps name="out"><temp name="T9"/></temps></instruction><instruction code="ADD T4,T9,0"><temps name="use"><temp name="T9"/></temps><temps name="def"><temp name="T4"/></temps><temps name="in"><temp name="T9"/></temps><temps name="out"><temp name="T4"/></temps></instruction><instruction code="SETL T11,1"><temps name="use"/><temps name="def"><temp name="T11"/></temps><temps name="in"><temp name="T4"/></temps><temps name="out"><temp name="T11"/><temp name="T4"/></temps></instruction><instruction code="ADD T5,T11,0"><temps name="use"><temp name="T11"/></temps><temps name="def"><temp name="T5"/></temps><temps name="in"><temp name="T11"/><temp name="T4"/></temps><temps name="out"><temp name="T5"/><temp name="T4"/></temps></instruction><instruction code="CMP T12,T4,T5"><temps name="use"><temp name="T4"/><temp name="T5"/></temps><temps name="def"><temp name="T12"/></temps><temps name="in"><temp name="T5"/><temp name="T4"/></temps><temps name="out"><temp name="T12"/></temps></instruction><instruction code="ZSZ T12,T12,1"><temps name="use"><temp name="T12"/></temps><temps name="def"><temp name="T12"/></temps><temps name="in"><temp name="T12"/></temps><temps name="out"><temp name="T12"/></temps></instruction><instruction code="BNZ  T12,L2"><temps name="use"><temp name="T12"/></temps><temps name="def"/><temps name="in"><temp name="T12"/></temps><temps name="out"/></instruction><instruction code="L5"><temps name="use"/><temps name="def"/><temps name="in"/><temps name="out"/></instruction><instruction code="JMP L3"><temps name="use"/><temps name="def"/><temps name="in"/><temps name="out"/></instruction><instruction code="L2"><temps name="use"/><temps name="def"/><temps name="in"/><temps name="out"/></instruction><instruction code="SETL T13,2"><temps name="use"/><temps name="def"><temp name="T13"/></temps><temps name="in"/><temps name="out"><temp name="T13"/></temps></instruction><instruction code="ADD T6,T13,0"><temps name="use"><temp name="T13"/></temps><temps name="def"><temp name="T6"/></temps><temps name="in"><temp name="T13"/></temps><temps name="out"><temp name="T6"/></temps></instruction><instruction code="ADD T1,T6,0"><temps name="use"><temp name="T6"/></temps><temps name="def"><temp name="T1"/></temps><temps name="in"><temp name="T6"/></temps><temps name="out"/></instruction><instruction code="JMP L1"><temps name="use"/><temps name="def"/><temps name="in"/><temps name="out"/></instruction><instruction code="JMP L4"><temps name="use"/><temps name="def"/><temps name="in"/><temps name="out"/></instruction><instruction code="L3"><temps name="use"/><temps name="def"/><temps name="in"/><temps name="out"/></instruction><instruction code="SETL T14,3"><temps name="use"/><temps name="def"><temp name="T14"/></temps><temps name="in"/><temps name="out"><temp name="T14"/></temps></instruction><instruction code="ADD T7,T14,0"><temps name="use"><temp name="T14"/></temps><temps name="def"><temp name="T7"/></temps><temps name="in"><temp name="T14"/></temps><temps name="out"><temp name="T7"/></temps></instruction><instruction code="ADD T1,T7,0"><temps name="use"><temp name="T7"/></temps><temps name="def"><temp name="T1"/></temps><temps name="in"><temp name="T7"/></temps><temps name="out"/></instruction><instruction code="JMP L1"><temps name="use"/><temps name="def"/><temps name="in"/><temps name="out"/></instruction><instruction code="L4"><temps name="use"/><temps name="def"/><temps name="in"/><temps name="out"/></instruction><instruction code="SETL T15,0"><temps name="use"/><temps name="def"><temp name="T15"/></temps><temps name="in"/><temps name="out"><temp name="T15"/></temps></instruction><instruction code="ADD T1,T15,0"><temps name="use"><temp name="T15"/></temps><temps name="def"><temp name="T1"/></temps><temps name="in"><temp name="T15"/></temps><temps name="out"/></instruction><instruction code="JMP L1"><temps name="use"/><temps name="def"/><temps name="in"/><temps name="out"/></instruction></instructions></code></livean>