<?xml version="1.0" encoding="UTF-8" standalone="no"?><?xml-stylesheet type="text/xsl" href="../lib/xsl/imcgen.xsl"?><imcgen><node id="13" label="AstNodes&lt;AstDefn&gt;"><node id="12" label="AstFunDefn" name="main"><location begcolumn="1" begline="1" endcolumn="59" endline="1" loc="1.1:1.59"/><node id="2" label="AstNodes&lt;AstParDefn&gt;"><node id="1" label="AstValParDefn" name="i"><location begcolumn="6" begline="1" endcolumn="10" endline="1" loc="1.6:1.10"/><node id="0" label="AstAtomType" name="INT"><location begcolumn="8" begline="1" endcolumn="10" endline="1" loc="1.8:1.10"/><istype><type id="0" label="SemIntType"/></istype></node><oftype><type id="0" label="SemIntType"/></oftype><access depth="1" offset="8" size="8"/></node></node><node id="11" label="AstIfStmt"><location begcolumn="20" begline="1" endcolumn="59" endline="1" loc="1.20:1.59"/><node id="6" label="AstBinExpr" name="EQU"><location begcolumn="23" begline="1" endcolumn="28" endline="1" loc="1.23:1.28"/><node id="4" label="AstNameExpr" name="i"><location begcolumn="23" begline="1" endcolumn="23" endline="1" loc="1.23:1.23"/><definedat id="1" location="1.6:1.10"/><oftype><type id="0" label="SemIntType"/></oftype><lvalue/><imc instruction="MEM"><imc instruction="BINOP(ADD)"><imc instruction="TEMP(T0)"/><imc instruction="CONST(8)"/></imc></imc></node><node id="5" label="AstAtomExpr" name="1"><location begcolumn="28" begline="1" endcolumn="28" endline="1" loc="1.28:1.28"/><oftype><type id="0" label="SemIntType"/></oftype><imc instruction="CONST(1)"/></node><oftype><type id="1" label="SemBoolType"/></oftype><imc instruction="BINOP(EQU)"><imc instruction="MEM"><imc instruction="BINOP(ADD)"><imc instruction="TEMP(T0)"/><imc instruction="CONST(8)"/></imc></imc><imc instruction="CONST(1)"/></imc></node><node id="8" label="AstReturnStmt"><location begcolumn="36" begline="1" endcolumn="44" endline="1" loc="1.36:1.44"/><node id="7" label="AstAtomExpr" name="2"><location begcolumn="43" begline="1" endcolumn="43" endline="1" loc="1.43:1.43"/><oftype><type id="0" label="SemIntType"/></oftype><imc instruction="CONST(2)"/></node><oftype><type id="2" label="SemVoidType"/></oftype><imc instruction="STMTS"><imc instruction="MOVE"><imc instruction="TEMP(T1)"/><imc instruction="CONST(2)"/></imc><imc instruction="JUMP(L1)"/></imc></node><node id="10" label="AstReturnStmt"><location begcolumn="51" begline="1" endcolumn="59" endline="1" loc="1.51:1.59"/><node id="9" label="AstNameExpr" name="i"><location begcolumn="58" begline="1" endcolumn="58" endline="1" loc="1.58:1.58"/><definedat id="1" location="1.6:1.10"/><oftype><type id="0" label="SemIntType"/></oftype><lvalue/><imc instruction="MEM"><imc instruction="BINOP(ADD)"><imc instruction="TEMP(T0)"/><imc instruction="CONST(8)"/></imc></imc></node><oftype><type id="2" label="SemVoidType"/></oftype><imc instruction="STMTS"><imc instruction="MOVE"><imc instruction="TEMP(T1)"/><imc instruction="MEM"><imc instruction="BINOP(ADD)"><imc instruction="TEMP(T0)"/><imc instruction="CONST(8)"/></imc></imc></imc><imc instruction="JUMP(L1)"/></imc></node><oftype><type id="2" label="SemVoidType"/></oftype><imc instruction="STMTS"><imc instruction="CJUMP(L2,L3)"><imc instruction="BINOP(EQU)"><imc instruction="MEM"><imc instruction="BINOP(ADD)"><imc instruction="TEMP(T0)"/><imc instruction="CONST(8)"/></imc></imc><imc instruction="CONST(1)"/></imc></imc><imc instruction="LABEL(L2)"/><imc instruction="STMTS"><imc instruction="MOVE"><imc instruction="TEMP(T1)"/><imc instruction="CONST(2)"/></imc><imc instruction="JUMP(L1)"/></imc><imc instruction="JUMP(L4)"/><imc instruction="LABEL(L3)"/><imc instruction="STMTS"><imc instruction="MOVE"><imc instruction="TEMP(T1)"/><imc instruction="MEM"><imc instruction="BINOP(ADD)"><imc instruction="TEMP(T0)"/><imc instruction="CONST(8)"/></imc></imc></imc><imc instruction="JUMP(L1)"/></imc><imc instruction="LABEL(L4)"/></imc></node><node id="3" label="AstAtomType" name="INT"><location begcolumn="14" begline="1" endcolumn="16" endline="1" loc="1.14:1.16"/><istype><type id="0" label="SemIntType"/></istype></node><oftype><type id="0" label="SemIntType"/></oftype><frame FP="T0" RV="T1" argssize="0" depth="0" label="_main" locssize="0" size="16"/><labels body="L0" epilogue="L1" prologue="_main"/></node></node></imcgen>