<?xml version="1.0" encoding="UTF-8" standalone="no"?><?xml-stylesheet type="text/xsl" href="../lib/xsl/synan.xsl"?><synan><node label="source"><node label="definitions"><node label="type_definition"><token kind="IDENTIFIER" lexeme="integer"><location begcolumn="1" begline="1" endcolumn="7" endline="1" loc="1.1:1.7"/></token><token kind="ASSIGN" lexeme="="><location begcolumn="8" begline="1" endcolumn="8" endline="1" loc="1.8:1.8"/></token><node label="type"><token kind="INT" lexeme="int"><location begcolumn="9" begline="1" endcolumn="11" endline="1" loc="1.9:1.11"/></token></node></node><node label="variable_definition"><token kind="IDENTIFIER" lexeme="var"><location begcolumn="1" begline="2" endcolumn="3" endline="2" loc="2.1:2.3"/></token><token kind="COL" lexeme=":"><location begcolumn="4" begline="2" endcolumn="4" endline="2" loc="2.4:2.4"/></token><node label="type"><token kind="CHAR" lexeme="char"><location begcolumn="5" begline="2" endcolumn="8" endline="2" loc="2.5:2.8"/></token></node></node><node label="function_definition"><token kind="IDENTIFIER" lexeme="func"><location begcolumn="1" begline="4" endcolumn="4" endline="4" loc="4.1:4.4"/></token><token kind="LBRACKET" lexeme="("><location begcolumn="5" begline="4" endcolumn="5" endline="4" loc="4.5:4.5"/></token><node label="parameters"><node label="tick"/><token kind="IDENTIFIER" lexeme="a"><location begcolumn="6" begline="4" endcolumn="6" endline="4" loc="4.6:4.6"/></token><token kind="COL" lexeme=":"><location begcolumn="7" begline="4" endcolumn="7" endline="4" loc="4.7:4.7"/></token><node label="type"><token kind="IDENTIFIER" lexeme="integer"><location begcolumn="8" begline="4" endcolumn="14" endline="4" loc="4.8:4.14"/></token></node><node label="other_params"><token kind="COMMA" lexeme=","><location begcolumn="15" begline="4" endcolumn="15" endline="4" loc="4.15:4.15"/></token><node label="tick"/><token kind="IDENTIFIER" lexeme="b"><location begcolumn="17" begline="4" endcolumn="17" endline="4" loc="4.17:4.17"/></token><token kind="COL" lexeme=":"><location begcolumn="18" begline="4" endcolumn="18" endline="4" loc="4.18:4.18"/></token><node label="type"><token kind="CHAR" lexeme="char"><location begcolumn="19" begline="4" endcolumn="22" endline="4" loc="4.19:4.22"/></token></node></node></node><token kind="RBRACKET" lexeme=")"><location begcolumn="23" begline="4" endcolumn="23" endline="4" loc="4.23:4.23"/></token><token kind="COL" lexeme=":"><location begcolumn="24" begline="4" endcolumn="24" endline="4" loc="4.24:4.24"/></token><node label="type"><token kind="POWER" lexeme="^"><location begcolumn="25" begline="4" endcolumn="25" endline="4" loc="4.25:4.25"/></token><node label="type"><token kind="IDENTIFIER" lexeme="integer"><location begcolumn="26" begline="4" endcolumn="32" endline="4" loc="4.26:4.32"/></token></node></node><token kind="ASSIGN" lexeme="="><location begcolumn="34" begline="4" endcolumn="34" endline="4" loc="4.34:4.34"/></token><node label="statement"><token kind="LCURLY" lexeme="{"><location begcolumn="36" begline="4" endcolumn="36" endline="4" loc="4.36:4.36"/></token><node label="statement"><token kind="RETURN" lexeme="return"><location begcolumn="9" begline="5" endcolumn="14" endline="5" loc="5.9:5.14"/></token><node label="expression"><node label="expression"><token kind="INT_CONST" lexeme="2"><location begcolumn="16" begline="5" endcolumn="16" endline="5" loc="5.16:5.16"/></token></node><token kind="PLUS" lexeme="+"><location begcolumn="17" begline="5" endcolumn="17" endline="5" loc="5.17:5.17"/></token><node label="expression"><token kind="INT_CONST" lexeme="4"><location begcolumn="20" begline="5" endcolumn="20" endline="5" loc="5.20:5.20"/></token></node></node><token kind="SEMICOL" lexeme=";"><location begcolumn="21" begline="5" endcolumn="21" endline="5" loc="5.21:5.21"/></token></node><node label="statement"><token kind="RETURN" lexeme="return"><location begcolumn="9" begline="6" endcolumn="14" endline="6" loc="6.9:6.14"/></token><node label="expression"><node label="expression"><token kind="TRUE" lexeme="true"><location begcolumn="16" begline="6" endcolumn="19" endline="6" loc="6.16:6.19"/></token></node><token kind="OR" lexeme="or"><location begcolumn="21" begline="6" endcolumn="22" endline="6" loc="6.21:6.22"/></token><node label="expression"><token kind="TRUE" lexeme="true"><location begcolumn="24" begline="6" endcolumn="27" endline="6" loc="6.24:6.27"/></token></node></node><token kind="SEMICOL" lexeme=";"><location begcolumn="28" begline="6" endcolumn="28" endline="6" loc="6.28:6.28"/></token></node><node label="statement"><token kind="RETURN" lexeme="return"><location begcolumn="9" begline="7" endcolumn="14" endline="7" loc="7.9:7.14"/></token><node label="expression"><node label="expression"><token kind="INT_CONST" lexeme="2"><location begcolumn="16" begline="7" endcolumn="16" endline="7" loc="7.16:7.16"/></token></node><token kind="LESSEREQ" lexeme="&lt;="><location begcolumn="18" begline="7" endcolumn="19" endline="7" loc="7.18:7.19"/></token><node label="expression"><token kind="INT_CONST" lexeme="4"><location begcolumn="21" begline="7" endcolumn="21" endline="7" loc="7.21:7.21"/></token></node></node><token kind="SEMICOL" lexeme=";"><location begcolumn="22" begline="7" endcolumn="22" endline="7" loc="7.22:7.22"/></token></node><node label="statement"><node label="expression"><token kind="IDENTIFIER" lexeme="func"><location begcolumn="9" begline="8" endcolumn="12" endline="8" loc="8.9:8.12"/></token><token kind="LBRACKET" lexeme="("><location begcolumn="13" begline="8" endcolumn="13" endline="8" loc="8.13:8.13"/></token><node label="fnc_call_expr"><node label="expression"><token kind="INT_CONST" lexeme="12"><location begcolumn="14" begline="8" endcolumn="15" endline="8" loc="8.14:8.15"/></token></node><token kind="COMMA" lexeme=","><location begcolumn="16" begline="8" endcolumn="16" endline="8" loc="8.16:8.16"/></token><node label="expression"><token kind="CHAR_LIT" lexeme="' '"><location begcolumn="18" begline="8" endcolumn="20" endline="8" loc="8.18:8.20"/></token></node></node><token kind="RBRACKET" lexeme=")"><location begcolumn="21" begline="8" endcolumn="21" endline="8" loc="8.21:8.21"/></token></node><token kind="SEMICOL" lexeme=";"><location begcolumn="22" begline="8" endcolumn="22" endline="8" loc="8.22:8.22"/></token></node><token kind="RCURLY" lexeme="}"><location begcolumn="1" begline="9" endcolumn="1" endline="9" loc="9.1:9.1"/></token></node></node></node></node></synan>