<?xml version="1.0" encoding="UTF-8" standalone="no"?><?xml-stylesheet type="text/xsl" href="../lib/xsl/asmgen.xsl"?><asmgen><code body="L0" epilogue="L1" prologue="L0" tempsize="0"><frame FP="T0" RV="T1" argssize="0" depth="0" label="_main" locssize="0" size="16"/><instructions><instruction code="L0"/><instruction code="ADD T2,T0,0"/><instruction code="SETL T8,8"/><instruction code="ADD T3,T8,0"/><instruction code="ADD T9,T2,T3"/><instruction code="ADD T4,T9,0"/><instruction code="SETL T10,2"/><instruction code="ADD T5,T10,0"/><instruction code="STO  T5,T4,0"/><instruction code="SETL T11,0"/><instruction code="ADD T1,T11,0"/><instruction code="JMP L1"/></instructions></code></asmgen>