<?xml version="1.0" encoding="UTF-8" standalone="no"?><?xml-stylesheet type="text/xsl" href="../lib/xsl/abstr.xsl"?><abstr><node id="9" label="AstNodes&lt;AstDefn&gt;"><node id="8" label="AstFunDefn" name="f"><location begcolumn="1" begline="1" endcolumn="1" endline="5" loc="1.1:5.1"/><node id="3" label="AstBlockStmt"><location begcolumn="11" begline="1" endcolumn="1" endline="3" loc="1.11:3.1"/><node id="4" label="AstNodes&lt;AstStmt&gt;"><node id="2" label="AstExprStmt"><location begcolumn="9" begline="2" endcolumn="12" endline="2" loc="2.9:2.12"/><node id="1" label="AstCallExpr" name="f"><location begcolumn="9" begline="2" endcolumn="11" endline="2" loc="2.9:2.11"/></node></node></node></node><node id="7" label="AstNodes&lt;AstDefn&gt;"><node id="6" label="AstVarDefn" name="a"><location begcolumn="9" begline="4" endcolumn="13" endline="4" loc="4.9:4.13"/><node id="5" label="AstAtomType" name="INT"><location begcolumn="11" begline="4" endcolumn="13" endline="4" loc="4.11:4.13"/></node></node></node><node id="0" label="AstAtomType" name="INT"><location begcolumn="5" begline="1" endcolumn="7" endline="1" loc="1.5:1.7"/></node></node></node></abstr>