<?xml version="1.0" encoding="UTF-8" standalone="no"?><?xml-stylesheet type="text/xsl" href="../lib/xsl/asmgen.xsl"?><asmgen><code body="L0" epilogue="L1" prologue="L0" tempsize="0"><frame FP="T0" RV="T1" argssize="0" depth="0" label="_main" locssize="0" size="16"/><instructions><instruction code="L0"/><instruction code="ADD T2,T0,0"/><instruction code="SETL T12,8"/><instruction code="ADD T3,T12,0"/><instruction code="ADD T14,T2,T3"/><instruction code="LDO T13,T14,0"/><instruction code="ADD T4,T13,0"/><instruction code="SETL T15,1"/><instruction code="ADD T5,T15,0"/><instruction code="CMP T16,T4,T5"/><instruction code="ZSZ T16,T16,1"/><instruction code="BNZ  T16,L2"/><instruction code="L5"/><instruction code="JMP L3"/><instruction code="L2"/><instruction code="SETL T17,2"/><instruction code="ADD T6,T17,0"/><instruction code="ADD T1,T6,0"/><instruction code="JMP L1"/><instruction code="JMP L4"/><instruction code="L3"/><instruction code="ADD T7,T0,0"/><instruction code="SETL T18,8"/><instruction code="ADD T8,T18,0"/><instruction code="ADD T20,T7,T8"/><instruction code="LDO T19,T20,0"/><instruction code="ADD T9,T19,0"/><instruction code="ADD T1,T9,0"/><instruction code="JMP L1"/><instruction code="L4"/><instruction code="SETL T21,0"/><instruction code="ADD T1,T21,0"/><instruction code="JMP L1"/></instructions></code></asmgen>