<?xml version="1.0" encoding="UTF-8" standalone="no"?><?xml-stylesheet type="text/xsl" href="../lib/xsl/seman.xsl"?><seman><node id="12" label="AstNodes&lt;AstDefn&gt;"><node id="4" label="AstVarDefn" name="a"><location begcolumn="1" begline="1" endcolumn="9" endline="1" loc="1.1:1.9"/><node id="3" label="AstStrType"><location begcolumn="3" begline="1" endcolumn="9" endline="1" loc="1.3:1.9"/><node id="2" label="AstNodes&lt;AstCmpDefn&gt;"><node id="1" label="AstCmpDefn" name="a"><location begcolumn="4" begline="1" endcolumn="8" endline="1" loc="1.4:1.8"/><node id="0" label="AstAtomType" name="INT"><location begcolumn="6" begline="1" endcolumn="8" endline="1" loc="1.6:1.8"/><istype><type id="0" label="SemIntType"/></istype></node></node></node><istype><type id="1" label="SemStructType"><type id="0" label="SemIntType"/></type></istype></node><oftype><type id="1" label="SemStructType"><type id="0" label="SemIntType"/></type></oftype></node><node id="11" label="AstFunDefn" name="fun"><location begcolumn="1" begline="4" endcolumn="1" endline="6" loc="4.1:6.1"/><node id="9" label="AstBlockStmt"><location begcolumn="14" begline="4" endcolumn="1" endline="6" loc="4.14:6.1"/><node id="10" label="AstNodes&lt;AstStmt&gt;"><node id="8" label="AstReturnStmt"><location begcolumn="9" begline="5" endcolumn="19" endline="5" loc="5.9:5.19"/><node id="7" label="AstCmpExpr" name=".a"><location begcolumn="16" begline="5" endcolumn="18" endline="5" loc="5.16:5.18"/><node id="6" label="AstNameExpr" name="a"><location begcolumn="16" begline="5" endcolumn="16" endline="5" loc="5.16:5.16"/><definedat id="4" location="1.1:1.9"/><oftype><type id="1" label="SemStructType"><type id="0" label="SemIntType"/></type></oftype><lvalue/></node><lvalue/></node></node></node><oftype><type id="2" label="SemVoidType"/></oftype></node><node id="5" label="AstAtomType" name="VOID"><location begcolumn="7" begline="4" endcolumn="10" endline="4" loc="4.7:4.10"/><istype><type id="2" label="SemVoidType"/></istype></node><oftype><type id="2" label="SemVoidType"/></oftype></node></node></seman>