<?xml version="1.0" encoding="UTF-8" standalone="no"?><?xml-stylesheet type="text/xsl" href="../lib/xsl/abstr.xsl"?><abstr><node id="85" label="AstNodes&lt;AstDefn&gt;"><node id="1" label="AstVarDefn" name="x"><location begcolumn="1" begline="1" endcolumn="6" endline="1" loc="1.1:1.6"/><node id="0" label="AstAtomType" name="INT"><location begcolumn="4" begline="1" endcolumn="6" endline="1" loc="1.4:1.6"/></node></node><node id="3" label="AstVarDefn" name="y"><location begcolumn="1" begline="2" endcolumn="6" endline="2" loc="2.1:2.6"/><node id="2" label="AstAtomType" name="INT"><location begcolumn="4" begline="2" endcolumn="6" endline="2" loc="2.4:2.6"/></node></node><node id="84" label="AstFunDefn" name="main"><location begcolumn="1" begline="3" endcolumn="1" endline="27" loc="3.1:27.1"/><node id="8" label="AstNodes&lt;AstParDefn&gt;"><node id="5" label="AstValParDefn" name="x"><location begcolumn="6" begline="3" endcolumn="11" endline="3" loc="3.6:3.11"/><node id="4" label="AstAtomType" name="INT"><location begcolumn="9" begline="3" endcolumn="11" endline="3" loc="3.9:3.11"/></node></node><node id="7" label="AstValParDefn" name="y"><location begcolumn="14" begline="3" endcolumn="19" endline="3" loc="3.14:3.19"/><node id="6" label="AstAtomType" name="INT"><location begcolumn="17" begline="3" endcolumn="19" endline="3" loc="3.17:3.19"/></node></node></node><node id="24" label="AstBlockStmt"><location begcolumn="30" begline="3" endcolumn="1" endline="7" loc="3.30:7.1"/><node id="25" label="AstNodes&lt;AstStmt&gt;"><node id="14" label="AstAssignStmt"><location begcolumn="9" begline="4" endcolumn="18" endline="4" loc="4.9:4.18"/><node id="10" label="AstNameExpr" name="x"><location begcolumn="9" begline="4" endcolumn="9" endline="4" loc="4.9:4.9"/></node><node id="13" label="AstBinExpr" name="ADD"><location begcolumn="13" begline="4" endcolumn="17" endline="4" loc="4.13:4.17"/><node id="11" label="AstNameExpr" name="x"><location begcolumn="13" begline="4" endcolumn="13" endline="4" loc="4.13:4.13"/></node><node id="12" label="AstNameExpr" name="y"><location begcolumn="17" begline="4" endcolumn="17" endline="4" loc="4.17:4.17"/></node></node></node><node id="19" label="AstExprStmt"><location begcolumn="9" begline="5" endcolumn="17" endline="5" loc="5.9:5.17"/><node id="18" label="AstCallExpr" name="f1"><location begcolumn="9" begline="5" endcolumn="16" endline="5" loc="5.9:5.16"/><node id="17" label="AstNodes&lt;AstExpr&gt;"><node id="15" label="AstNameExpr" name="x"><location begcolumn="12" begline="5" endcolumn="12" endline="5" loc="5.12:5.12"/></node><node id="16" label="AstNameExpr" name="x"><location begcolumn="15" begline="5" endcolumn="15" endline="5" loc="5.15:5.15"/></node></node></node></node><node id="23" label="AstReturnStmt"><location begcolumn="9" begline="6" endcolumn="21" endline="6" loc="6.9:6.21"/><node id="22" label="AstBinExpr" name="ADD"><location begcolumn="16" begline="6" endcolumn="20" endline="6" loc="6.16:6.20"/><node id="20" label="AstNameExpr" name="x"><location begcolumn="16" begline="6" endcolumn="16" endline="6" loc="6.16:6.16"/></node><node id="21" label="AstNameExpr" name="y"><location begcolumn="20" begline="6" endcolumn="20" endline="6" loc="6.20:6.20"/></node></node></node></node></node><node id="83" label="AstNodes&lt;AstDefn&gt;"><node id="34" label="AstTypDefn" name="t"><location begcolumn="9" begline="8" endcolumn="38" endline="8" loc="8.9:8.38"/><node id="33" label="AstUniType"><location begcolumn="13" begline="8" endcolumn="38" endline="8" loc="8.13:8.38"/><node id="32" label="AstNodes&lt;AstCmpDefn&gt;"><node id="27" label="AstCmpDefn" name="x"><location begcolumn="14" begline="8" endcolumn="19" endline="8" loc="8.14:8.19"/><node id="26" label="AstAtomType" name="INT"><location begcolumn="17" begline="8" endcolumn="19" endline="8" loc="8.17:8.19"/></node></node><node id="29" label="AstCmpDefn" name="y"><location begcolumn="20" begline="8" endcolumn="28" endline="8" loc="8.20:8.28"/><node id="28" label="AstAtomType" name="BOOL"><location begcolumn="25" begline="8" endcolumn="28" endline="8" loc="8.25:8.28"/></node></node><node id="31" label="AstCmpDefn" name="c"><location begcolumn="29" begline="8" endcolumn="37" endline="8" loc="8.29:8.37"/><node id="30" label="AstAtomType" name="CHAR"><location begcolumn="34" begline="8" endcolumn="37" endline="8" loc="8.34:8.37"/></node></node></node></node></node><node id="36" label="AstVarDefn" name="x"><location begcolumn="9" begline="9" endcolumn="14" endline="9" loc="9.9:9.14"/><node id="35" label="AstAtomType" name="INT"><location begcolumn="12" begline="9" endcolumn="14" endline="9" loc="9.12:9.14"/></node></node><node id="38" label="AstVarDefn" name="y"><location begcolumn="9" begline="10" endcolumn="14" endline="10" loc="10.9:10.14"/><node id="37" label="AstAtomType" name="INT"><location begcolumn="12" begline="10" endcolumn="14" endline="10" loc="10.12:10.14"/></node></node><node id="41" label="AstVarDefn" name="z"><location begcolumn="9" begline="11" endcolumn="16" endline="11" loc="11.9:11.16"/><node id="40" label="AstPtrType"><location begcolumn="12" begline="11" endcolumn="16" endline="11" loc="11.12:11.16"/><node id="39" label="AstAtomType" name="CHAR"><location begcolumn="13" begline="11" endcolumn="16" endline="11" loc="11.13:11.16"/></node></node></node><node id="82" label="AstFunDefn" name="f1"><location begcolumn="9" begline="12" endcolumn="9" endline="26" loc="12.9:26.9"/><node id="46" label="AstNodes&lt;AstParDefn&gt;"><node id="43" label="AstValParDefn" name="x"><location begcolumn="12" begline="12" endcolumn="17" endline="12" loc="12.12:12.17"/><node id="42" label="AstAtomType" name="INT"><location begcolumn="15" begline="12" endcolumn="17" endline="12" loc="12.15:12.17"/></node></node><node id="45" label="AstValParDefn" name="y"><location begcolumn="20" begline="12" endcolumn="25" endline="12" loc="12.20:12.25"/><node id="44" label="AstAtomType" name="INT"><location begcolumn="23" begline="12" endcolumn="25" endline="12" loc="12.23:12.25"/></node></node></node><node id="61" label="AstBlockStmt"><location begcolumn="36" begline="12" endcolumn="9" endline="17" loc="12.36:17.9"/><node id="62" label="AstNodes&lt;AstStmt&gt;"><node id="50" label="AstAssignStmt"><location begcolumn="17" begline="13" endcolumn="22" endline="13" loc="13.17:13.22"/><node id="48" label="AstNameExpr" name="x"><location begcolumn="17" begline="13" endcolumn="17" endline="13" loc="13.17:13.17"/></node><node id="49" label="AstNameExpr" name="y"><location begcolumn="21" begline="13" endcolumn="21" endline="13" loc="13.21:13.21"/></node></node><node id="55" label="AstAssignStmt"><location begcolumn="17" begline="14" endcolumn="28" endline="14" loc="14.17:14.28"/><node id="51" label="AstNameExpr" name="c"><location begcolumn="17" begline="14" endcolumn="17" endline="14" loc="14.17:14.17"/></node><node id="54" label="AstBinExpr" name="AND"><location begcolumn="21" begline="14" endcolumn="27" endline="14" loc="14.21:14.27"/><node id="52" label="AstNameExpr" name="c"><location begcolumn="21" begline="14" endcolumn="21" endline="14" loc="14.21:14.21"/></node><node id="53" label="AstNameExpr" name="c"><location begcolumn="27" begline="14" endcolumn="27" endline="14" loc="14.27:14.27"/></node></node></node><node id="58" label="AstAssignStmt"><location begcolumn="17" begline="15" endcolumn="31" endline="15" loc="15.17:15.31"/><node id="56" label="AstNameExpr" name="z"><location begcolumn="17" begline="15" endcolumn="17" endline="15" loc="15.17:15.17"/></node><node id="57" label="AstAtomExpr" name="&quot;stringic&quot;"><location begcolumn="21" begline="15" endcolumn="30" endline="15" loc="15.21:15.30"/></node></node><node id="60" label="AstExprStmt"><location begcolumn="17" begline="16" endcolumn="21" endline="16" loc="16.17:16.21"/><node id="59" label="AstCallExpr" name="f3"><location begcolumn="17" begline="16" endcolumn="20" endline="16" loc="16.17:16.20"/></node></node></node></node><node id="81" label="AstNodes&lt;AstDefn&gt;"><node id="64" label="AstVarDefn" name="c"><location begcolumn="17" begline="18" endcolumn="23" endline="18" loc="18.17:18.23"/><node id="63" label="AstAtomType" name="BOOL"><location begcolumn="20" begline="18" endcolumn="23" endline="18" loc="18.20:18.23"/></node></node><node id="66" label="AstVarDefn" name="h"><location begcolumn="17" begline="19" endcolumn="20" endline="19" loc="19.17:19.20"/><node id="65" label="AstNameType" name="t"><location begcolumn="20" begline="19" endcolumn="20" endline="19" loc="19.20:19.20"/></node></node><node id="80" label="AstFunDefn" name="f3"><location begcolumn="17" begline="20" endcolumn="17" endline="25" loc="20.17:25.17"/><node id="72" label="AstBlockStmt"><location begcolumn="30" begline="20" endcolumn="17" endline="22" loc="20.30:22.17"/><node id="73" label="AstNodes&lt;AstStmt&gt;"><node id="71" label="AstAssignStmt"><location begcolumn="25" begline="21" endcolumn="31" endline="21" loc="21.25:21.31"/><node id="68" label="AstNameExpr" name="h"><location begcolumn="25" begline="21" endcolumn="25" endline="21" loc="21.25:21.25"/></node><node id="70" label="AstSfxExpr" name="PTR"><location begcolumn="29" begline="21" endcolumn="30" endline="21" loc="21.29:21.30"/><node id="69" label="AstNameExpr" name="w"><location begcolumn="29" begline="21" endcolumn="29" endline="21" loc="21.29:21.29"/></node></node></node></node></node><node id="79" label="AstNodes&lt;AstDefn&gt;"><node id="75" label="AstVarDefn" name="h"><location begcolumn="25" begline="23" endcolumn="30" endline="23" loc="23.25:23.30"/><node id="74" label="AstAtomType" name="INT"><location begcolumn="28" begline="23" endcolumn="30" endline="23" loc="23.28:23.30"/></node></node><node id="78" label="AstVarDefn" name="w"><location begcolumn="25" begline="24" endcolumn="31" endline="24" loc="24.25:24.31"/><node id="77" label="AstPtrType"><location begcolumn="28" begline="24" endcolumn="31" endline="24" loc="24.28:24.31"/><node id="76" label="AstAtomType" name="INT"><location begcolumn="29" begline="24" endcolumn="31" endline="24" loc="24.29:24.31"/></node></node></node></node><node id="67" label="AstAtomType" name="VOID"><location begcolumn="23" begline="20" endcolumn="26" endline="20" loc="20.23:20.26"/></node></node></node><node id="47" label="AstAtomType" name="VOID"><location begcolumn="29" begline="12" endcolumn="32" endline="12" loc="12.29:12.32"/></node></node></node><node id="9" label="AstAtomType" name="INT"><location begcolumn="24" begline="3" endcolumn="26" endline="3" loc="3.24:3.26"/></node></node></node></abstr>