<?xml version="1.0" encoding="UTF-8" standalone="no"?><?xml-stylesheet type="text/xsl" href="../lib/xsl/synan.xsl"?><synan><node label="source"><node label="definitions"><node label="variable_definition"><token kind="IDENTIFIER" lexeme="x"><location begcolumn="1" begline="1" endcolumn="1" endline="1" loc="1.1:1.1"/></token><token kind="COL" lexeme=":"><location begcolumn="2" begline="1" endcolumn="2" endline="1" loc="1.2:1.2"/></token><node label="type"><token kind="INT" lexeme="int"><location begcolumn="3" begline="1" endcolumn="5" endline="1" loc="1.3:1.5"/></token></node></node><node label="function_definition"><token kind="IDENTIFIER" lexeme="fun"><location begcolumn="1" begline="2" endcolumn="3" endline="2" loc="2.1:2.3"/></token><token kind="LBRACKET" lexeme="("><location begcolumn="4" begline="2" endcolumn="4" endline="2" loc="2.4:2.4"/></token><token kind="RBRACKET" lexeme=")"><location begcolumn="5" begline="2" endcolumn="5" endline="2" loc="2.5:2.5"/></token><token kind="COL" lexeme=":"><location begcolumn="6" begline="2" endcolumn="6" endline="2" loc="2.6:2.6"/></token><node label="type"><token kind="INT" lexeme="int"><location begcolumn="7" begline="2" endcolumn="9" endline="2" loc="2.7:2.9"/></token></node><token kind="ASSIGN" lexeme="="><location begcolumn="11" begline="2" endcolumn="11" endline="2" loc="2.11:2.11"/></token><node label="statement"><token kind="LCURLY" lexeme="{"><location begcolumn="13" begline="2" endcolumn="13" endline="2" loc="2.13:2.13"/></token><node label="statement"><node label="expression"><token kind="IDENTIFIER" lexeme="x"><location begcolumn="9" begline="3" endcolumn="9" endline="3" loc="3.9:3.9"/></token></node><token kind="ASSIGN" lexeme="="><location begcolumn="11" begline="3" endcolumn="11" endline="3" loc="3.11:3.11"/></token><node label="expression"><token kind="INT_CONST" lexeme="2"><location begcolumn="13" begline="3" endcolumn="13" endline="3" loc="3.13:3.13"/></token></node><token kind="SEMICOL" lexeme=";"><location begcolumn="14" begline="3" endcolumn="14" endline="3" loc="3.14:3.14"/></token></node><token kind="RCURLY" lexeme="}"><location begcolumn="1" begline="4" endcolumn="1" endline="4" loc="4.1:4.1"/></token></node></node></node><token kind="EOF" lexeme=""/></node></synan>