<?xml version="1.0" encoding="UTF-8" standalone="no"?><?xml-stylesheet type="text/xsl" href="../lib/xsl/synan.xsl"?><synan><node label="source"><node label="definitions"><node label="type_definition"><token kind="IDENTIFIER" lexeme="time"><location begcolumn="1" begline="1" endcolumn="4" endline="1" loc="1.1:1.4"/></token><token kind="ASSIGN" lexeme="="><location begcolumn="6" begline="1" endcolumn="6" endline="1" loc="1.6:1.6"/></token><node label="type"><token kind="LCURLY" lexeme="{"><location begcolumn="8" begline="1" endcolumn="8" endline="1" loc="1.8:1.8"/></token><node label="components"><token kind="IDENTIFIER" lexeme="b"><location begcolumn="9" begline="1" endcolumn="9" endline="1" loc="1.9:1.9"/></token><token kind="COL" lexeme=":"><location begcolumn="10" begline="1" endcolumn="10" endline="1" loc="1.10:1.10"/></token><node label="type"><token kind="INT" lexeme="int"><location begcolumn="11" begline="1" endcolumn="13" endline="1" loc="1.11:1.13"/></token></node></node><token kind="RCURLY" lexeme="}"><location begcolumn="14" begline="1" endcolumn="14" endline="1" loc="1.14:1.14"/></token></node></node><node label="variable_definition"><token kind="IDENTIFIER" lexeme="a"><location begcolumn="1" begline="2" endcolumn="1" endline="2" loc="2.1:2.1"/></token><token kind="COL" lexeme=":"><location begcolumn="2" begline="2" endcolumn="2" endline="2" loc="2.2:2.2"/></token><node label="type"><token kind="LBRACKET" lexeme="("><location begcolumn="3" begline="2" endcolumn="3" endline="2" loc="2.3:2.3"/></token><node label="components"><token kind="IDENTIFIER" lexeme="a"><location begcolumn="4" begline="2" endcolumn="4" endline="2" loc="2.4:2.4"/></token><token kind="COL" lexeme=":"><location begcolumn="5" begline="2" endcolumn="5" endline="2" loc="2.5:2.5"/></token><node label="type"><token kind="INT" lexeme="int"><location begcolumn="6" begline="2" endcolumn="8" endline="2" loc="2.6:2.8"/></token></node></node><token kind="RBRACKET" lexeme=")"><location begcolumn="9" begline="2" endcolumn="9" endline="2" loc="2.9:2.9"/></token></node></node><node label="variable_definition"><token kind="IDENTIFIER" lexeme="b"><location begcolumn="1" begline="3" endcolumn="1" endline="3" loc="3.1:3.1"/></token><token kind="COL" lexeme=":"><location begcolumn="2" begline="3" endcolumn="2" endline="3" loc="3.2:3.2"/></token><node label="type"><token kind="IDENTIFIER" lexeme="time"><location begcolumn="4" begline="3" endcolumn="7" endline="3" loc="3.4:3.7"/></token></node></node><node label="function_definition"><token kind="IDENTIFIER" lexeme="fun"><location begcolumn="1" begline="6" endcolumn="3" endline="6" loc="6.1:6.3"/></token><token kind="LBRACKET" lexeme="("><location begcolumn="4" begline="6" endcolumn="4" endline="6" loc="6.4:6.4"/></token><token kind="RBRACKET" lexeme=")"><location begcolumn="5" begline="6" endcolumn="5" endline="6" loc="6.5:6.5"/></token><token kind="COL" lexeme=":"><location begcolumn="6" begline="6" endcolumn="6" endline="6" loc="6.6:6.6"/></token><node label="type"><token kind="VOID" lexeme="void"><location begcolumn="7" begline="6" endcolumn="10" endline="6" loc="6.7:6.10"/></token></node><token kind="ASSIGN" lexeme="="><location begcolumn="12" begline="6" endcolumn="12" endline="6" loc="6.12:6.12"/></token><node label="statement"><token kind="LCURLY" lexeme="{"><location begcolumn="14" begline="6" endcolumn="14" endline="6" loc="6.14:6.14"/></token><node label="statement"><token kind="RETURN" lexeme="return"><location begcolumn="9" begline="7" endcolumn="14" endline="7" loc="7.9:7.14"/></token><node label="expression"><node label="expression"><token kind="IDENTIFIER" lexeme="a"><location begcolumn="16" begline="7" endcolumn="16" endline="7" loc="7.16:7.16"/></token></node><token kind="DOT" lexeme="."><location begcolumn="17" begline="7" endcolumn="17" endline="7" loc="7.17:7.17"/></token><token kind="IDENTIFIER" lexeme="a"><location begcolumn="18" begline="7" endcolumn="18" endline="7" loc="7.18:7.18"/></token></node><token kind="SEMICOL" lexeme=";"><location begcolumn="19" begline="7" endcolumn="19" endline="7" loc="7.19:7.19"/></token></node><token kind="RCURLY" lexeme="}"><location begcolumn="1" begline="8" endcolumn="1" endline="8" loc="8.1:8.1"/></token></node></node></node></node></synan>