<?xml version="1.0" encoding="UTF-8" standalone="no"?><?xml-stylesheet type="text/xsl" href="../lib/xsl/memory.xsl"?><memory><node id="99" label="AstNodes&lt;AstDefn&gt;"><node id="4" label="AstFunDefn" name="putint"><location begcolumn="1" begline="1" endcolumn="18" endline="1" loc="1.1:1.18"/><node id="2" label="AstNodes&lt;AstParDefn&gt;"><node id="1" label="AstValParDefn" name="i"><location begcolumn="8" begline="1" endcolumn="12" endline="1" loc="1.8:1.12"/><node id="0" label="AstAtomType" name="INT"><location begcolumn="10" begline="1" endcolumn="12" endline="1" loc="1.10:1.12"/><istype><type id="0" label="SemIntType"/></istype></node><oftype><type id="0" label="SemIntType"/></oftype><access depth="1" offset="8" size="8"/></node></node><node id="3" label="AstAtomType" name="VOID"><location begcolumn="15" begline="1" endcolumn="18" endline="1" loc="1.15:1.18"/><istype><type id="1" label="SemVoidType"/></istype></node><oftype><type id="1" label="SemVoidType"/></oftype><frame FP="T0" RV="T1" argssize="0" depth="0" label="_putint" locssize="0" size="16"/></node><node id="9" label="AstFunDefn" name="putchar"><location begcolumn="1" begline="2" endcolumn="20" endline="2" loc="2.1:2.20"/><node id="7" label="AstNodes&lt;AstParDefn&gt;"><node id="6" label="AstValParDefn" name="c"><location begcolumn="9" begline="2" endcolumn="14" endline="2" loc="2.9:2.14"/><node id="5" label="AstAtomType" name="CHAR"><location begcolumn="11" begline="2" endcolumn="14" endline="2" loc="2.11:2.14"/><istype><type id="2" label="SemCharType"/></istype></node><oftype><type id="2" label="SemCharType"/></oftype><access depth="1" offset="8" size="8"/></node></node><node id="8" label="AstAtomType" name="VOID"><location begcolumn="17" begline="2" endcolumn="20" endline="2" loc="2.17:2.20"/><istype><type id="1" label="SemVoidType"/></istype></node><oftype><type id="1" label="SemVoidType"/></oftype><frame FP="T2" RV="T3" argssize="0" depth="0" label="_putchar" locssize="0" size="16"/></node><node id="48" label="AstFunDefn" name="main"><location begcolumn="1" begline="4" endcolumn="1" endline="13" loc="4.1:13.1"/><node id="41" label="AstBlockStmt"><location begcolumn="14" begline="4" endcolumn="1" endline="11" loc="4.14:11.1"/><node id="42" label="AstNodes&lt;AstStmt&gt;"><node id="15" label="AstAssignStmt"><location begcolumn="9" begline="5" endcolumn="19" endline="5" loc="5.9:5.19"/><node id="13" label="AstArrExpr"><location begcolumn="9" begline="5" endcolumn="14" endline="5" loc="5.9:5.14"/><node id="11" label="AstNameExpr" name="arr"><location begcolumn="9" begline="5" endcolumn="11" endline="5" loc="5.9:5.11"/><definedat id="46" location="12.9:12.19"/><oftype><type id="4" label="SemArrayType[10]"><type id="0" label="SemIntType"/></type></oftype><lvalue/></node><node id="12" label="AstAtomExpr" name="0"><location begcolumn="13" begline="5" endcolumn="13" endline="5" loc="5.13:5.13"/><oftype><type id="0" label="SemIntType"/></oftype></node><oftype><type id="0" label="SemIntType"/></oftype><lvalue/></node><node id="14" label="AstAtomExpr" name="1"><location begcolumn="18" begline="5" endcolumn="18" endline="5" loc="5.18:5.18"/><oftype><type id="0" label="SemIntType"/></oftype></node><oftype><type id="1" label="SemVoidType"/></oftype></node><node id="20" label="AstAssignStmt"><location begcolumn="9" begline="6" endcolumn="19" endline="6" loc="6.9:6.19"/><node id="18" label="AstArrExpr"><location begcolumn="9" begline="6" endcolumn="14" endline="6" loc="6.9:6.14"/><node id="16" label="AstNameExpr" name="arr"><location begcolumn="9" begline="6" endcolumn="11" endline="6" loc="6.9:6.11"/><definedat id="46" location="12.9:12.19"/><oftype><type id="4" label="SemArrayType[10]"><type id="0" label="SemIntType"/></type></oftype><lvalue/></node><node id="17" label="AstAtomExpr" name="1"><location begcolumn="13" begline="6" endcolumn="13" endline="6" loc="6.13:6.13"/><oftype><type id="0" label="SemIntType"/></oftype></node><oftype><type id="0" label="SemIntType"/></oftype><lvalue/></node><node id="19" label="AstAtomExpr" name="2"><location begcolumn="18" begline="6" endcolumn="18" endline="6" loc="6.18:6.18"/><oftype><type id="0" label="SemIntType"/></oftype></node><oftype><type id="1" label="SemVoidType"/></oftype></node><node id="25" label="AstAssignStmt"><location begcolumn="9" begline="7" endcolumn="19" endline="7" loc="7.9:7.19"/><node id="23" label="AstArrExpr"><location begcolumn="9" begline="7" endcolumn="14" endline="7" loc="7.9:7.14"/><node id="21" label="AstNameExpr" name="arr"><location begcolumn="9" begline="7" endcolumn="11" endline="7" loc="7.9:7.11"/><definedat id="46" location="12.9:12.19"/><oftype><type id="4" label="SemArrayType[10]"><type id="0" label="SemIntType"/></type></oftype><lvalue/></node><node id="22" label="AstAtomExpr" name="2"><location begcolumn="13" begline="7" endcolumn="13" endline="7" loc="7.13:7.13"/><oftype><type id="0" label="SemIntType"/></oftype></node><oftype><type id="0" label="SemIntType"/></oftype><lvalue/></node><node id="24" label="AstAtomExpr" name="3"><location begcolumn="18" begline="7" endcolumn="18" endline="7" loc="7.18:7.18"/><oftype><type id="0" label="SemIntType"/></oftype></node><oftype><type id="1" label="SemVoidType"/></oftype></node><node id="30" label="AstAssignStmt"><location begcolumn="9" begline="8" endcolumn="19" endline="8" loc="8.9:8.19"/><node id="28" label="AstArrExpr"><location begcolumn="9" begline="8" endcolumn="14" endline="8" loc="8.9:8.14"/><node id="26" label="AstNameExpr" name="arr"><location begcolumn="9" begline="8" endcolumn="11" endline="8" loc="8.9:8.11"/><definedat id="46" location="12.9:12.19"/><oftype><type id="4" label="SemArrayType[10]"><type id="0" label="SemIntType"/></type></oftype><lvalue/></node><node id="27" label="AstAtomExpr" name="3"><location begcolumn="13" begline="8" endcolumn="13" endline="8" loc="8.13:8.13"/><oftype><type id="0" label="SemIntType"/></oftype></node><oftype><type id="0" label="SemIntType"/></oftype><lvalue/></node><node id="29" label="AstAtomExpr" name="4"><location begcolumn="18" begline="8" endcolumn="18" endline="8" loc="8.18:8.18"/><oftype><type id="0" label="SemIntType"/></oftype></node><oftype><type id="1" label="SemVoidType"/></oftype></node><node id="35" label="AstAssignStmt"><location begcolumn="9" begline="9" endcolumn="19" endline="9" loc="9.9:9.19"/><node id="33" label="AstArrExpr"><location begcolumn="9" begline="9" endcolumn="14" endline="9" loc="9.9:9.14"/><node id="31" label="AstNameExpr" name="arr"><location begcolumn="9" begline="9" endcolumn="11" endline="9" loc="9.9:9.11"/><definedat id="46" location="12.9:12.19"/><oftype><type id="4" label="SemArrayType[10]"><type id="0" label="SemIntType"/></type></oftype><lvalue/></node><node id="32" label="AstAtomExpr" name="4"><location begcolumn="13" begline="9" endcolumn="13" endline="9" loc="9.13:9.13"/><oftype><type id="0" label="SemIntType"/></oftype></node><oftype><type id="0" label="SemIntType"/></oftype><lvalue/></node><node id="34" label="AstAtomExpr" name="5"><location begcolumn="18" begline="9" endcolumn="18" endline="9" loc="9.18:9.18"/><oftype><type id="0" label="SemIntType"/></oftype></node><oftype><type id="1" label="SemVoidType"/></oftype></node><node id="40" label="AstReturnStmt"><location begcolumn="9" begline="10" endcolumn="25" endline="10" loc="10.9:10.25"/><node id="39" label="AstCallExpr" name="f"><location begcolumn="16" begline="10" endcolumn="24" endline="10" loc="10.16:10.24"/><node id="38" label="AstNodes&lt;AstExpr&gt;"><node id="36" label="AstAtomExpr" name="4"><location begcolumn="18" begline="10" endcolumn="18" endline="10" loc="10.18:10.18"/><oftype><type id="0" label="SemIntType"/></oftype></node><node id="37" label="AstNameExpr" name="arr"><location begcolumn="21" begline="10" endcolumn="23" endline="10" loc="10.21:10.23"/><definedat id="46" location="12.9:12.19"/><oftype><type id="4" label="SemArrayType[10]"><type id="0" label="SemIntType"/></type></oftype><lvalue/></node></node><definedat id="98" location="15.1:30.1"/><oftype><type id="0" label="SemIntType"/></oftype></node><oftype><type id="1" label="SemVoidType"/></oftype></node></node><oftype><type id="1" label="SemVoidType"/></oftype></node><node id="47" label="AstNodes&lt;AstDefn&gt;"><node id="46" label="AstVarDefn" name="arr"><location begcolumn="9" begline="12" endcolumn="19" endline="12" loc="12.9:12.19"/><node id="45" label="AstArrType"><location begcolumn="13" begline="12" endcolumn="19" endline="12" loc="12.13:12.19"/><node id="43" label="AstAtomType" name="INT"><location begcolumn="17" begline="12" endcolumn="19" endline="12" loc="12.17:12.19"/><istype><type id="0" label="SemIntType"/></istype></node><node id="44" label="AstAtomExpr" name="10"><location begcolumn="14" begline="12" endcolumn="15" endline="12" loc="12.14:12.15"/><oftype><type id="0" label="SemIntType"/></oftype></node><istype><type id="4" label="SemArrayType[10]"><type id="0" label="SemIntType"/></type></istype></node><oftype><type id="4" label="SemArrayType[10]"><type id="0" label="SemIntType"/></type></oftype><access depth="1" offset="-80" size="80"/></node></node><node id="10" label="AstAtomType" name="INT"><location begcolumn="8" begline="4" endcolumn="10" endline="4" loc="4.8:4.10"/><istype><type id="0" label="SemIntType"/></istype></node><oftype><type id="0" label="SemIntType"/></oftype><frame FP="T4" RV="T5" argssize="96" depth="0" label="_main" locssize="80" size="192"/></node><node id="98" label="AstFunDefn" name="f"><location begcolumn="1" begline="15" endcolumn="1" endline="30" loc="15.1:30.1"/><node id="55" label="AstNodes&lt;AstParDefn&gt;"><node id="50" label="AstValParDefn" name="a"><location begcolumn="3" begline="15" endcolumn="7" endline="15" loc="15.3:15.7"/><node id="49" label="AstAtomType" name="INT"><location begcolumn="5" begline="15" endcolumn="7" endline="15" loc="15.5:15.7"/><istype><type id="0" label="SemIntType"/></istype></node><oftype><type id="0" label="SemIntType"/></oftype><access depth="1" offset="8" size="8"/></node><node id="54" label="AstValParDefn" name="b"><location begcolumn="10" begline="15" endcolumn="18" endline="15" loc="15.10:15.18"/><node id="53" label="AstArrType"><location begcolumn="12" begline="15" endcolumn="18" endline="15" loc="15.12:15.18"/><node id="51" label="AstAtomType" name="INT"><location begcolumn="16" begline="15" endcolumn="18" endline="15" loc="15.16:15.18"/><istype><type id="0" label="SemIntType"/></istype></node><node id="52" label="AstAtomExpr" name="10"><location begcolumn="13" begline="15" endcolumn="14" endline="15" loc="15.13:15.14"/><oftype><type id="0" label="SemIntType"/></oftype></node><istype><type id="3" label="SemArrayType[10]"><type id="0" label="SemIntType"/></type></istype></node><oftype><type id="3" label="SemArrayType[10]"><type id="0" label="SemIntType"/></type></oftype><access depth="1" offset="16" size="80"/></node></node><node id="91" label="AstBlockStmt"><location begcolumn="27" begline="15" endcolumn="1" endline="27" loc="15.27:27.1"/><node id="92" label="AstNodes&lt;AstStmt&gt;"><node id="59" label="AstAssignStmt"><location begcolumn="9" begline="16" endcolumn="16" endline="16" loc="16.9:16.16"/><node id="57" label="AstNameExpr" name="res"><location begcolumn="9" begline="16" endcolumn="11" endline="16" loc="16.9:16.11"/><definedat id="94" location="28.9:28.15"/><oftype><type id="0" label="SemIntType"/></oftype><lvalue/></node><node id="58" label="AstAtomExpr" name="0"><location begcolumn="15" begline="16" endcolumn="15" endline="16" loc="16.15:16.15"/><oftype><type id="0" label="SemIntType"/></oftype></node><oftype><type id="1" label="SemVoidType"/></oftype></node><node id="62" label="AstAssignStmt"><location begcolumn="9" begline="17" endcolumn="14" endline="17" loc="17.9:17.14"/><node id="60" label="AstNameExpr" name="i"><location begcolumn="9" begline="17" endcolumn="9" endline="17" loc="17.9:17.9"/><definedat id="96" location="29.9:29.13"/><oftype><type id="0" label="SemIntType"/></oftype><lvalue/></node><node id="61" label="AstAtomExpr" name="0"><location begcolumn="13" begline="17" endcolumn="13" endline="17" loc="17.13:17.13"/><oftype><type id="0" label="SemIntType"/></oftype></node><oftype><type id="1" label="SemVoidType"/></oftype></node><node id="88" label="AstWhileStmt"><location begcolumn="9" begline="19" endcolumn="9" endline="24" loc="19.9:24.9"/><node id="65" label="AstBinExpr" name="LEQ"><location begcolumn="17" begline="19" endcolumn="22" endline="19" loc="19.17:19.22"/><node id="63" label="AstNameExpr" name="i"><location begcolumn="17" begline="19" endcolumn="17" endline="19" loc="19.17:19.17"/><definedat id="96" location="29.9:29.13"/><oftype><type id="0" label="SemIntType"/></oftype><lvalue/></node><node id="64" label="AstNameExpr" name="a"><location begcolumn="22" begline="19" endcolumn="22" endline="19" loc="19.22:19.22"/><definedat id="50" location="15.3:15.7"/><oftype><type id="0" label="SemIntType"/></oftype><lvalue/></node><oftype><type id="5" label="SemBoolType"/></oftype></node><node id="86" label="AstBlockStmt"><location begcolumn="25" begline="19" endcolumn="9" endline="24" loc="19.25:24.9"/><node id="87" label="AstNodes&lt;AstStmt&gt;"><node id="70" label="AstAssignStmt"><location begcolumn="17" begline="20" endcolumn="30" endline="20" loc="20.17:20.30"/><node id="66" label="AstNameExpr" name="res"><location begcolumn="17" begline="20" endcolumn="19" endline="20" loc="20.17:20.19"/><definedat id="94" location="28.9:28.15"/><oftype><type id="0" label="SemIntType"/></oftype><lvalue/></node><node id="69" label="AstBinExpr" name="ADD"><location begcolumn="23" begline="20" endcolumn="29" endline="20" loc="20.23:20.29"/><node id="67" label="AstNameExpr" name="res"><location begcolumn="23" begline="20" endcolumn="25" endline="20" loc="20.23:20.25"/><definedat id="94" location="28.9:28.15"/><oftype><type id="0" label="SemIntType"/></oftype><lvalue/></node><node id="68" label="AstNameExpr" name="i"><location begcolumn="29" begline="20" endcolumn="29" endline="20" loc="20.29:20.29"/><definedat id="96" location="29.9:29.13"/><oftype><type id="0" label="SemIntType"/></oftype><lvalue/></node><oftype><type id="0" label="SemIntType"/></oftype></node><oftype><type id="1" label="SemVoidType"/></oftype></node><node id="76" label="AstExprStmt"><location begcolumn="17" begline="21" endcolumn="29" endline="21" loc="21.17:21.29"/><node id="75" label="AstCallExpr" name="putint"><location begcolumn="17" begline="21" endcolumn="28" endline="21" loc="21.17:21.28"/><node id="74" label="AstNodes&lt;AstExpr&gt;"><node id="73" label="AstArrExpr"><location begcolumn="24" begline="21" endcolumn="27" endline="21" loc="21.24:21.27"/><node id="71" label="AstNameExpr" name="b"><location begcolumn="24" begline="21" endcolumn="24" endline="21" loc="21.24:21.24"/><definedat id="54" location="15.10:15.18"/><oftype><type id="3" label="SemArrayType[10]"><type id="0" label="SemIntType"/></type></oftype><lvalue/></node><node id="72" label="AstNameExpr" name="i"><location begcolumn="26" begline="21" endcolumn="26" endline="21" loc="21.26:21.26"/><definedat id="96" location="29.9:29.13"/><oftype><type id="0" label="SemIntType"/></oftype></node><oftype><type id="0" label="SemIntType"/></oftype><lvalue/></node></node><definedat id="4" location="1.1:1.18"/><oftype><type id="1" label="SemVoidType"/></oftype></node><oftype><type id="1" label="SemVoidType"/></oftype></node><node id="80" label="AstExprStmt"><location begcolumn="17" begline="22" endcolumn="30" endline="22" loc="22.17:22.30"/><node id="79" label="AstCallExpr" name="putchar"><location begcolumn="17" begline="22" endcolumn="29" endline="22" loc="22.17:22.29"/><node id="78" label="AstNodes&lt;AstExpr&gt;"><node id="77" label="AstAtomExpr" name="'\n'"><location begcolumn="25" begline="22" endcolumn="28" endline="22" loc="22.25:22.28"/><oftype><type id="2" label="SemCharType"/></oftype></node></node><definedat id="9" location="2.1:2.20"/><oftype><type id="1" label="SemVoidType"/></oftype></node><oftype><type id="1" label="SemVoidType"/></oftype></node><node id="85" label="AstAssignStmt"><location begcolumn="17" begline="23" endcolumn="26" endline="23" loc="23.17:23.26"/><node id="81" label="AstNameExpr" name="i"><location begcolumn="17" begline="23" endcolumn="17" endline="23" loc="23.17:23.17"/><definedat id="96" location="29.9:29.13"/><oftype><type id="0" label="SemIntType"/></oftype><lvalue/></node><node id="84" label="AstBinExpr" name="ADD"><location begcolumn="21" begline="23" endcolumn="25" endline="23" loc="23.21:23.25"/><node id="82" label="AstNameExpr" name="i"><location begcolumn="21" begline="23" endcolumn="21" endline="23" loc="23.21:23.21"/><definedat id="96" location="29.9:29.13"/><oftype><type id="0" label="SemIntType"/></oftype><lvalue/></node><node id="83" label="AstAtomExpr" name="1"><location begcolumn="25" begline="23" endcolumn="25" endline="23" loc="23.25:23.25"/><oftype><type id="0" label="SemIntType"/></oftype></node><oftype><type id="0" label="SemIntType"/></oftype></node><oftype><type id="1" label="SemVoidType"/></oftype></node></node><oftype><type id="1" label="SemVoidType"/></oftype></node><oftype><type id="1" label="SemVoidType"/></oftype></node><node id="90" label="AstReturnStmt"><location begcolumn="9" begline="26" endcolumn="19" endline="26" loc="26.9:26.19"/><node id="89" label="AstNameExpr" name="res"><location begcolumn="16" begline="26" endcolumn="18" endline="26" loc="26.16:26.18"/><definedat id="94" location="28.9:28.15"/><oftype><type id="0" label="SemIntType"/></oftype><lvalue/></node><oftype><type id="1" label="SemVoidType"/></oftype></node></node><oftype><type id="1" label="SemVoidType"/></oftype></node><node id="97" label="AstNodes&lt;AstDefn&gt;"><node id="94" label="AstVarDefn" name="res"><location begcolumn="9" begline="28" endcolumn="15" endline="28" loc="28.9:28.15"/><node id="93" label="AstAtomType" name="INT"><location begcolumn="13" begline="28" endcolumn="15" endline="28" loc="28.13:28.15"/><istype><type id="0" label="SemIntType"/></istype></node><oftype><type id="0" label="SemIntType"/></oftype><access depth="1" offset="-8" size="8"/></node><node id="96" label="AstVarDefn" name="i"><location begcolumn="9" begline="29" endcolumn="13" endline="29" loc="29.9:29.13"/><node id="95" label="AstAtomType" name="INT"><location begcolumn="11" begline="29" endcolumn="13" endline="29" loc="29.11:29.13"/><istype><type id="0" label="SemIntType"/></istype></node><oftype><type id="0" label="SemIntType"/></oftype><access depth="1" offset="-16" size="8"/></node></node><node id="56" label="AstAtomType" name="INT"><location begcolumn="21" begline="15" endcolumn="23" endline="15" loc="15.21:15.23"/><istype><type id="0" label="SemIntType"/></istype></node><oftype><type id="0" label="SemIntType"/></oftype><frame FP="T6" RV="T7" argssize="16" depth="0" label="_f" locssize="16" size="48"/></node></node></memory>