<?xml version="1.0" encoding="UTF-8" standalone="no"?><?xml-stylesheet type="text/xsl" href="../lib/xsl/lexan.xsl"?><lexan><token kind="IDENTIFIER" lexeme="a"><location begcolumn="1" begline="1" endcolumn="1" endline="1" loc="1.1:1.1"/></token><token kind="COL" lexeme=":"><location begcolumn="2" begline="1" endcolumn="2" endline="1" loc="1.2:1.2"/></token><token kind="INT" lexeme="int"><location begcolumn="3" begline="1" endcolumn="5" endline="1" loc="1.3:1.5"/></token><token kind="IDENTIFIER" lexeme="f"><location begcolumn="1" begline="3" endcolumn="1" endline="3" loc="3.1:3.1"/></token><token kind="LBRACKET" lexeme="("><location begcolumn="2" begline="3" endcolumn="2" endline="3" loc="3.2:3.2"/></token><token kind="RBRACKET" lexeme=")"><location begcolumn="3" begline="3" endcolumn="3" endline="3" loc="3.3:3.3"/></token><token kind="COL" lexeme=":"><location begcolumn="4" begline="3" endcolumn="4" endline="3" loc="3.4:3.4"/></token><token kind="INT" lexeme="int"><location begcolumn="5" begline="3" endcolumn="7" endline="3" loc="3.5:3.7"/></token><token kind="ASSIGN" lexeme="="><location begcolumn="9" begline="3" endcolumn="9" endline="3" loc="3.9:3.9"/></token><token kind="LCURLY" lexeme="{"><location begcolumn="11" begline="3" endcolumn="11" endline="3" loc="3.11:3.11"/></token><token kind="IDENTIFIER" lexeme="a"><location begcolumn="9" begline="4" endcolumn="9" endline="4" loc="4.9:4.9"/></token><token kind="ASSIGN" lexeme="="><location begcolumn="11" begline="4" endcolumn="11" endline="4" loc="4.11:4.11"/></token><token kind="INT_CONST" lexeme="12"><location begcolumn="13" begline="4" endcolumn="14" endline="4" loc="4.13:4.14"/></token><token kind="PLUS" lexeme="+"><location begcolumn="16" begline="4" endcolumn="16" endline="4" loc="4.16:4.16"/></token><token kind="IDENTIFIER" lexeme="a"><location begcolumn="18" begline="4" endcolumn="18" endline="4" loc="4.18:4.18"/></token><token kind="SEMICOL" lexeme=";"><location begcolumn="19" begline="4" endcolumn="19" endline="4" loc="4.19:4.19"/></token><token kind="WHILE" lexeme="while"><location begcolumn="9" begline="5" endcolumn="13" endline="5" loc="5.9:5.13"/></token><token kind="IDENTIFIER" lexeme="a"><location begcolumn="15" begline="5" endcolumn="15" endline="5" loc="5.15:5.15"/></token><token kind="LESSTHAN" lexeme="&lt;"><location begcolumn="17" begline="5" endcolumn="17" endline="5" loc="5.17:5.17"/></token><token kind="INT_CONST" lexeme="4"><location begcolumn="19" begline="5" endcolumn="19" endline="5" loc="5.19:5.19"/></token><token kind="COL" lexeme=":"><location begcolumn="20" begline="5" endcolumn="20" endline="5" loc="5.20:5.20"/></token><token kind="IDENTIFIER" lexeme="a"><location begcolumn="22" begline="5" endcolumn="22" endline="5" loc="5.22:5.22"/></token><token kind="ASSIGN" lexeme="="><location begcolumn="24" begline="5" endcolumn="24" endline="5" loc="5.24:5.24"/></token><token kind="IDENTIFIER" lexeme="a"><location begcolumn="26" begline="5" endcolumn="26" endline="5" loc="5.26:5.26"/></token><token kind="PLUS" lexeme="+"><location begcolumn="28" begline="5" endcolumn="28" endline="5" loc="5.28:5.28"/></token><token kind="INT_CONST" lexeme="1"><location begcolumn="30" begline="5" endcolumn="30" endline="5" loc="5.30:5.30"/></token><token kind="SEMICOL" lexeme=";"><location begcolumn="31" begline="5" endcolumn="31" endline="5" loc="5.31:5.31"/></token><token kind="IF" lexeme="if"><location begcolumn="9" begline="6" endcolumn="10" endline="6" loc="6.9:6.10"/></token><token kind="IDENTIFIER" lexeme="a"><location begcolumn="12" begline="6" endcolumn="12" endline="6" loc="6.12:6.12"/></token><token kind="LESSTHAN" lexeme="&lt;"><location begcolumn="14" begline="6" endcolumn="14" endline="6" loc="6.14:6.14"/></token><token kind="INT_CONST" lexeme="4"><location begcolumn="16" begline="6" endcolumn="16" endline="6" loc="6.16:6.16"/></token><token kind="THEN" lexeme="then"><location begcolumn="18" begline="6" endcolumn="21" endline="6" loc="6.18:6.21"/></token><token kind="IDENTIFIER" lexeme="a"><location begcolumn="23" begline="6" endcolumn="23" endline="6" loc="6.23:6.23"/></token><token kind="ASSIGN" lexeme="="><location begcolumn="25" begline="6" endcolumn="25" endline="6" loc="6.25:6.25"/></token><token kind="INT_CONST" lexeme="2"><location begcolumn="27" begline="6" endcolumn="27" endline="6" loc="6.27:6.27"/></token><token kind="SEMICOL" lexeme=";"><location begcolumn="28" begline="6" endcolumn="28" endline="6" loc="6.28:6.28"/></token><token kind="ELSE" lexeme="else"><location begcolumn="30" begline="6" endcolumn="33" endline="6" loc="6.30:6.33"/></token><token kind="IDENTIFIER" lexeme="a"><location begcolumn="35" begline="6" endcolumn="35" endline="6" loc="6.35:6.35"/></token><token kind="ASSIGN" lexeme="="><location begcolumn="37" begline="6" endcolumn="37" endline="6" loc="6.37:6.37"/></token><token kind="INT_CONST" lexeme="3"><location begcolumn="39" begline="6" endcolumn="39" endline="6" loc="6.39:6.39"/></token><token kind="SEMICOL" lexeme=";"><location begcolumn="40" begline="6" endcolumn="40" endline="6" loc="6.40:6.40"/></token><token kind="RETURN" lexeme="return"><location begcolumn="9" begline="7" endcolumn="14" endline="7" loc="7.9:7.14"/></token><token kind="INT_CONST" lexeme="210"><location begcolumn="16" begline="7" endcolumn="18" endline="7" loc="7.16:7.18"/></token><token kind="SEMICOL" lexeme=";"><location begcolumn="19" begline="7" endcolumn="19" endline="7" loc="7.19:7.19"/></token><token kind="RCURLY" lexeme="}"><location begcolumn="1" begline="8" endcolumn="1" endline="8" loc="8.1:8.1"/></token><token kind="EOF" lexeme=""/></lexan>