<?xml version="1.0" encoding="UTF-8" standalone="no"?><?xml-stylesheet type="text/xsl" href="../lib/xsl/synan.xsl"?><synan><node label="source"><node label="definitions"><node label="variable_definition"><token kind="IDENTIFIER" lexeme="x"><location begcolumn="1" begline="1" endcolumn="1" endline="1" loc="1.1:1.1"/></token><token kind="COL" lexeme=":"><location begcolumn="2" begline="1" endcolumn="2" endline="1" loc="1.2:1.2"/></token><node label="type"><token kind="INT" lexeme="int"><location begcolumn="4" begline="1" endcolumn="6" endline="1" loc="1.4:1.6"/></token></node></node><node label="variable_definition"><token kind="IDENTIFIER" lexeme="y"><location begcolumn="1" begline="2" endcolumn="1" endline="2" loc="2.1:2.1"/></token><token kind="COL" lexeme=":"><location begcolumn="2" begline="2" endcolumn="2" endline="2" loc="2.2:2.2"/></token><node label="type"><token kind="INT" lexeme="int"><location begcolumn="4" begline="2" endcolumn="6" endline="2" loc="2.4:2.6"/></token></node></node><node label="function_definition"><token kind="IDENTIFIER" lexeme="main"><location begcolumn="1" begline="3" endcolumn="4" endline="3" loc="3.1:3.4"/></token><token kind="LBRACKET" lexeme="("><location begcolumn="5" begline="3" endcolumn="5" endline="3" loc="3.5:3.5"/></token><node label="parameters"><node label="tick"/><token kind="IDENTIFIER" lexeme="x"><location begcolumn="6" begline="3" endcolumn="6" endline="3" loc="3.6:3.6"/></token><token kind="COL" lexeme=":"><location begcolumn="7" begline="3" endcolumn="7" endline="3" loc="3.7:3.7"/></token><node label="type"><token kind="INT" lexeme="int"><location begcolumn="9" begline="3" endcolumn="11" endline="3" loc="3.9:3.11"/></token></node><node label="other_params"><token kind="COMMA" lexeme=","><location begcolumn="12" begline="3" endcolumn="12" endline="3" loc="3.12:3.12"/></token><node label="tick"/><token kind="IDENTIFIER" lexeme="y"><location begcolumn="14" begline="3" endcolumn="14" endline="3" loc="3.14:3.14"/></token><token kind="COL" lexeme=":"><location begcolumn="15" begline="3" endcolumn="15" endline="3" loc="3.15:3.15"/></token><node label="type"><token kind="INT" lexeme="int"><location begcolumn="17" begline="3" endcolumn="19" endline="3" loc="3.17:3.19"/></token></node></node></node><token kind="RBRACKET" lexeme=")"><location begcolumn="20" begline="3" endcolumn="20" endline="3" loc="3.20:3.20"/></token><token kind="COL" lexeme=":"><location begcolumn="22" begline="3" endcolumn="22" endline="3" loc="3.22:3.22"/></token><node label="type"><token kind="INT" lexeme="int"><location begcolumn="24" begline="3" endcolumn="26" endline="3" loc="3.24:3.26"/></token></node><token kind="ASSIGN" lexeme="="><location begcolumn="28" begline="3" endcolumn="28" endline="3" loc="3.28:3.28"/></token><node label="statement"><token kind="LCURLY" lexeme="{"><location begcolumn="30" begline="3" endcolumn="30" endline="3" loc="3.30:3.30"/></token><node label="statement"><node label="expression"><token kind="IDENTIFIER" lexeme="x"><location begcolumn="9" begline="4" endcolumn="9" endline="4" loc="4.9:4.9"/></token></node><token kind="ASSIGN" lexeme="="><location begcolumn="11" begline="4" endcolumn="11" endline="4" loc="4.11:4.11"/></token><node label="expression"><node label="expression"><token kind="IDENTIFIER" lexeme="x"><location begcolumn="13" begline="4" endcolumn="13" endline="4" loc="4.13:4.13"/></token></node><token kind="PLUS" lexeme="+"><location begcolumn="15" begline="4" endcolumn="15" endline="4" loc="4.15:4.15"/></token><node label="expression"><token kind="IDENTIFIER" lexeme="y"><location begcolumn="17" begline="4" endcolumn="17" endline="4" loc="4.17:4.17"/></token></node></node><token kind="SEMICOL" lexeme=";"><location begcolumn="18" begline="4" endcolumn="18" endline="4" loc="4.18:4.18"/></token></node><node label="statement"><node label="expression"><token kind="IDENTIFIER" lexeme="f1"><location begcolumn="9" begline="5" endcolumn="10" endline="5" loc="5.9:5.10"/></token><token kind="LBRACKET" lexeme="("><location begcolumn="11" begline="5" endcolumn="11" endline="5" loc="5.11:5.11"/></token><node label="fnc_call_expr"><node label="expression"><token kind="IDENTIFIER" lexeme="x"><location begcolumn="12" begline="5" endcolumn="12" endline="5" loc="5.12:5.12"/></token></node><token kind="COMMA" lexeme=","><location begcolumn="13" begline="5" endcolumn="13" endline="5" loc="5.13:5.13"/></token><node label="expression"><token kind="IDENTIFIER" lexeme="x"><location begcolumn="15" begline="5" endcolumn="15" endline="5" loc="5.15:5.15"/></token></node></node><token kind="RBRACKET" lexeme=")"><location begcolumn="16" begline="5" endcolumn="16" endline="5" loc="5.16:5.16"/></token></node><token kind="SEMICOL" lexeme=";"><location begcolumn="17" begline="5" endcolumn="17" endline="5" loc="5.17:5.17"/></token></node><node label="statement"><token kind="RETURN" lexeme="return"><location begcolumn="9" begline="6" endcolumn="14" endline="6" loc="6.9:6.14"/></token><node label="expression"><node label="expression"><token kind="IDENTIFIER" lexeme="x"><location begcolumn="16" begline="6" endcolumn="16" endline="6" loc="6.16:6.16"/></token></node><token kind="PLUS" lexeme="+"><location begcolumn="18" begline="6" endcolumn="18" endline="6" loc="6.18:6.18"/></token><node label="expression"><token kind="IDENTIFIER" lexeme="y"><location begcolumn="20" begline="6" endcolumn="20" endline="6" loc="6.20:6.20"/></token></node></node><token kind="SEMICOL" lexeme=";"><location begcolumn="21" begline="6" endcolumn="21" endline="6" loc="6.21:6.21"/></token></node><token kind="RCURLY" lexeme="}"><location begcolumn="1" begline="7" endcolumn="1" endline="7" loc="7.1:7.1"/></token></node><token kind="LCURLY" lexeme="{"><location begcolumn="3" begline="7" endcolumn="3" endline="7" loc="7.3:7.3"/></token><node label="definitions"><node label="type_definition"><token kind="IDENTIFIER" lexeme="t"><location begcolumn="9" begline="8" endcolumn="9" endline="8" loc="8.9:8.9"/></token><token kind="ASSIGN" lexeme="="><location begcolumn="11" begline="8" endcolumn="11" endline="8" loc="8.11:8.11"/></token><node label="type"><token kind="LCURLY" lexeme="{"><location begcolumn="13" begline="8" endcolumn="13" endline="8" loc="8.13:8.13"/></token><node label="components"><token kind="IDENTIFIER" lexeme="x"><location begcolumn="14" begline="8" endcolumn="14" endline="8" loc="8.14:8.14"/></token><token kind="COL" lexeme=":"><location begcolumn="15" begline="8" endcolumn="15" endline="8" loc="8.15:8.15"/></token><node label="type"><token kind="INT" lexeme="int"><location begcolumn="17" begline="8" endcolumn="19" endline="8" loc="8.17:8.19"/></token></node><node label="other_components"><token kind="COMMA" lexeme=","><location begcolumn="20" begline="8" endcolumn="20" endline="8" loc="8.20:8.20"/></token><token kind="IDENTIFIER" lexeme="y"><location begcolumn="22" begline="8" endcolumn="22" endline="8" loc="8.22:8.22"/></token><token kind="COL" lexeme=":"><location begcolumn="23" begline="8" endcolumn="23" endline="8" loc="8.23:8.23"/></token><node label="type"><token kind="BOOL" lexeme="bool"><location begcolumn="25" begline="8" endcolumn="28" endline="8" loc="8.25:8.28"/></token></node></node><node label="other_components"><token kind="COMMA" lexeme=","><location begcolumn="29" begline="8" endcolumn="29" endline="8" loc="8.29:8.29"/></token><token kind="IDENTIFIER" lexeme="c"><location begcolumn="31" begline="8" endcolumn="31" endline="8" loc="8.31:8.31"/></token><token kind="COL" lexeme=":"><location begcolumn="32" begline="8" endcolumn="32" endline="8" loc="8.32:8.32"/></token><node label="type"><token kind="CHAR" lexeme="char"><location begcolumn="34" begline="8" endcolumn="37" endline="8" loc="8.34:8.37"/></token></node></node></node><token kind="RCURLY" lexeme="}"><location begcolumn="38" begline="8" endcolumn="38" endline="8" loc="8.38:8.38"/></token></node></node><node label="variable_definition"><token kind="IDENTIFIER" lexeme="x"><location begcolumn="9" begline="9" endcolumn="9" endline="9" loc="9.9:9.9"/></token><token kind="COL" lexeme=":"><location begcolumn="10" begline="9" endcolumn="10" endline="9" loc="9.10:9.10"/></token><node label="type"><token kind="INT" lexeme="int"><location begcolumn="12" begline="9" endcolumn="14" endline="9" loc="9.12:9.14"/></token></node></node><node label="variable_definition"><token kind="IDENTIFIER" lexeme="y"><location begcolumn="9" begline="10" endcolumn="9" endline="10" loc="10.9:10.9"/></token><token kind="COL" lexeme=":"><location begcolumn="10" begline="10" endcolumn="10" endline="10" loc="10.10:10.10"/></token><node label="type"><token kind="INT" lexeme="int"><location begcolumn="12" begline="10" endcolumn="14" endline="10" loc="10.12:10.14"/></token></node></node><node label="variable_definition"><token kind="IDENTIFIER" lexeme="z"><location begcolumn="9" begline="11" endcolumn="9" endline="11" loc="11.9:11.9"/></token><token kind="COL" lexeme=":"><location begcolumn="10" begline="11" endcolumn="10" endline="11" loc="11.10:11.10"/></token><node label="type"><token kind="POWER" lexeme="^"><location begcolumn="12" begline="11" endcolumn="12" endline="11" loc="11.12:11.12"/></token><node label="type"><token kind="CHAR" lexeme="char"><location begcolumn="13" begline="11" endcolumn="16" endline="11" loc="11.13:11.16"/></token></node></node></node><node label="function_definition"><token kind="IDENTIFIER" lexeme="f1"><location begcolumn="9" begline="12" endcolumn="10" endline="12" loc="12.9:12.10"/></token><token kind="LBRACKET" lexeme="("><location begcolumn="11" begline="12" endcolumn="11" endline="12" loc="12.11:12.11"/></token><node label="parameters"><node label="tick"/><token kind="IDENTIFIER" lexeme="x"><location begcolumn="12" begline="12" endcolumn="12" endline="12" loc="12.12:12.12"/></token><token kind="COL" lexeme=":"><location begcolumn="13" begline="12" endcolumn="13" endline="12" loc="12.13:12.13"/></token><node label="type"><token kind="INT" lexeme="int"><location begcolumn="15" begline="12" endcolumn="17" endline="12" loc="12.15:12.17"/></token></node><node label="other_params"><token kind="COMMA" lexeme=","><location begcolumn="18" begline="12" endcolumn="18" endline="12" loc="12.18:12.18"/></token><node label="tick"/><token kind="IDENTIFIER" lexeme="y"><location begcolumn="20" begline="12" endcolumn="20" endline="12" loc="12.20:12.20"/></token><token kind="COL" lexeme=":"><location begcolumn="21" begline="12" endcolumn="21" endline="12" loc="12.21:12.21"/></token><node label="type"><token kind="INT" lexeme="int"><location begcolumn="23" begline="12" endcolumn="25" endline="12" loc="12.23:12.25"/></token></node></node></node><token kind="RBRACKET" lexeme=")"><location begcolumn="26" begline="12" endcolumn="26" endline="12" loc="12.26:12.26"/></token><token kind="COL" lexeme=":"><location begcolumn="27" begline="12" endcolumn="27" endline="12" loc="12.27:12.27"/></token><node label="type"><token kind="VOID" lexeme="void"><location begcolumn="29" begline="12" endcolumn="32" endline="12" loc="12.29:12.32"/></token></node><token kind="ASSIGN" lexeme="="><location begcolumn="34" begline="12" endcolumn="34" endline="12" loc="12.34:12.34"/></token><node label="statement"><token kind="LCURLY" lexeme="{"><location begcolumn="36" begline="12" endcolumn="36" endline="12" loc="12.36:12.36"/></token><node label="statement"><node label="expression"><token kind="IDENTIFIER" lexeme="x"><location begcolumn="17" begline="13" endcolumn="17" endline="13" loc="13.17:13.17"/></token></node><token kind="ASSIGN" lexeme="="><location begcolumn="19" begline="13" endcolumn="19" endline="13" loc="13.19:13.19"/></token><node label="expression"><token kind="IDENTIFIER" lexeme="y"><location begcolumn="21" begline="13" endcolumn="21" endline="13" loc="13.21:13.21"/></token></node><token kind="SEMICOL" lexeme=";"><location begcolumn="22" begline="13" endcolumn="22" endline="13" loc="13.22:13.22"/></token></node><node label="statement"><node label="expression"><token kind="IDENTIFIER" lexeme="c"><location begcolumn="17" begline="14" endcolumn="17" endline="14" loc="14.17:14.17"/></token></node><token kind="ASSIGN" lexeme="="><location begcolumn="19" begline="14" endcolumn="19" endline="14" loc="14.19:14.19"/></token><node label="expression"><node label="expression"><token kind="IDENTIFIER" lexeme="c"><location begcolumn="21" begline="14" endcolumn="21" endline="14" loc="14.21:14.21"/></token></node><token kind="AND" lexeme="and"><location begcolumn="23" begline="14" endcolumn="25" endline="14" loc="14.23:14.25"/></token><node label="expression"><token kind="IDENTIFIER" lexeme="c"><location begcolumn="27" begline="14" endcolumn="27" endline="14" loc="14.27:14.27"/></token></node></node><token kind="SEMICOL" lexeme=";"><location begcolumn="28" begline="14" endcolumn="28" endline="14" loc="14.28:14.28"/></token></node><node label="statement"><node label="expression"><token kind="IDENTIFIER" lexeme="z"><location begcolumn="17" begline="15" endcolumn="17" endline="15" loc="15.17:15.17"/></token></node><token kind="ASSIGN" lexeme="="><location begcolumn="19" begline="15" endcolumn="19" endline="15" loc="15.19:15.19"/></token><node label="expression"><token kind="STRING_LIT" lexeme="&quot;stringic&quot;"><location begcolumn="21" begline="15" endcolumn="30" endline="15" loc="15.21:15.30"/></token></node><token kind="SEMICOL" lexeme=";"><location begcolumn="31" begline="15" endcolumn="31" endline="15" loc="15.31:15.31"/></token></node><node label="statement"><node label="expression"><token kind="IDENTIFIER" lexeme="f3"><location begcolumn="17" begline="16" endcolumn="18" endline="16" loc="16.17:16.18"/></token><token kind="LBRACKET" lexeme="("><location begcolumn="19" begline="16" endcolumn="19" endline="16" loc="16.19:16.19"/></token><token kind="RBRACKET" lexeme=")"><location begcolumn="20" begline="16" endcolumn="20" endline="16" loc="16.20:16.20"/></token></node><token kind="SEMICOL" lexeme=";"><location begcolumn="21" begline="16" endcolumn="21" endline="16" loc="16.21:16.21"/></token></node><token kind="RCURLY" lexeme="}"><location begcolumn="9" begline="17" endcolumn="9" endline="17" loc="17.9:17.9"/></token></node><token kind="LCURLY" lexeme="{"><location begcolumn="11" begline="17" endcolumn="11" endline="17" loc="17.11:17.11"/></token><node label="definitions"><node label="variable_definition"><token kind="IDENTIFIER" lexeme="c"><location begcolumn="17" begline="18" endcolumn="17" endline="18" loc="18.17:18.17"/></token><token kind="COL" lexeme=":"><location begcolumn="18" begline="18" endcolumn="18" endline="18" loc="18.18:18.18"/></token><node label="type"><token kind="BOOL" lexeme="bool"><location begcolumn="20" begline="18" endcolumn="23" endline="18" loc="18.20:18.23"/></token></node></node><node label="variable_definition"><token kind="IDENTIFIER" lexeme="h"><location begcolumn="17" begline="19" endcolumn="17" endline="19" loc="19.17:19.17"/></token><token kind="COL" lexeme=":"><location begcolumn="18" begline="19" endcolumn="18" endline="19" loc="19.18:19.18"/></token><node label="type"><token kind="IDENTIFIER" lexeme="t"><location begcolumn="20" begline="19" endcolumn="20" endline="19" loc="19.20:19.20"/></token></node></node><node label="function_definition"><token kind="IDENTIFIER" lexeme="f3"><location begcolumn="17" begline="20" endcolumn="18" endline="20" loc="20.17:20.18"/></token><token kind="LBRACKET" lexeme="("><location begcolumn="19" begline="20" endcolumn="19" endline="20" loc="20.19:20.19"/></token><token kind="RBRACKET" lexeme=")"><location begcolumn="20" begline="20" endcolumn="20" endline="20" loc="20.20:20.20"/></token><token kind="COL" lexeme=":"><location begcolumn="21" begline="20" endcolumn="21" endline="20" loc="20.21:20.21"/></token><node label="type"><token kind="VOID" lexeme="void"><location begcolumn="23" begline="20" endcolumn="26" endline="20" loc="20.23:20.26"/></token></node><token kind="ASSIGN" lexeme="="><location begcolumn="28" begline="20" endcolumn="28" endline="20" loc="20.28:20.28"/></token><node label="statement"><token kind="LCURLY" lexeme="{"><location begcolumn="30" begline="20" endcolumn="30" endline="20" loc="20.30:20.30"/></token><node label="statement"><node label="expression"><token kind="IDENTIFIER" lexeme="h"><location begcolumn="25" begline="21" endcolumn="25" endline="21" loc="21.25:21.25"/></token></node><token kind="ASSIGN" lexeme="="><location begcolumn="27" begline="21" endcolumn="27" endline="21" loc="21.27:21.27"/></token><node label="expression"><node label="expression"><token kind="IDENTIFIER" lexeme="w"><location begcolumn="29" begline="21" endcolumn="29" endline="21" loc="21.29:21.29"/></token></node><token kind="POWER" lexeme="^"><location begcolumn="30" begline="21" endcolumn="30" endline="21" loc="21.30:21.30"/></token></node><token kind="SEMICOL" lexeme=";"><location begcolumn="31" begline="21" endcolumn="31" endline="21" loc="21.31:21.31"/></token></node><token kind="RCURLY" lexeme="}"><location begcolumn="17" begline="22" endcolumn="17" endline="22" loc="22.17:22.17"/></token></node><token kind="LCURLY" lexeme="{"><location begcolumn="19" begline="22" endcolumn="19" endline="22" loc="22.19:22.19"/></token><node label="definitions"><node label="variable_definition"><token kind="IDENTIFIER" lexeme="h"><location begcolumn="25" begline="23" endcolumn="25" endline="23" loc="23.25:23.25"/></token><token kind="COL" lexeme=":"><location begcolumn="26" begline="23" endcolumn="26" endline="23" loc="23.26:23.26"/></token><node label="type"><token kind="INT" lexeme="int"><location begcolumn="28" begline="23" endcolumn="30" endline="23" loc="23.28:23.30"/></token></node></node><node label="variable_definition"><token kind="IDENTIFIER" lexeme="w"><location begcolumn="25" begline="24" endcolumn="25" endline="24" loc="24.25:24.25"/></token><token kind="COL" lexeme=":"><location begcolumn="26" begline="24" endcolumn="26" endline="24" loc="24.26:24.26"/></token><node label="type"><token kind="POWER" lexeme="^"><location begcolumn="28" begline="24" endcolumn="28" endline="24" loc="24.28:24.28"/></token><node label="type"><token kind="INT" lexeme="int"><location begcolumn="29" begline="24" endcolumn="31" endline="24" loc="24.29:24.31"/></token></node></node></node></node><token kind="RCURLY" lexeme="}"><location begcolumn="17" begline="25" endcolumn="17" endline="25" loc="25.17:25.17"/></token></node></node><token kind="RCURLY" lexeme="}"><location begcolumn="9" begline="26" endcolumn="9" endline="26" loc="26.9:26.9"/></token></node></node><token kind="RCURLY" lexeme="}"><location begcolumn="1" begline="27" endcolumn="1" endline="27" loc="27.1:27.1"/></token></node></node></node></synan>