<?xml version="1.0" encoding="UTF-8" standalone="no"?><?xml-stylesheet type="text/xsl" href="../lib/xsl/seman.xsl"?><seman><node id="31" label="AstNodes&lt;AstDefn&gt;"><node id="1" label="AstTypDefn" name="integer"><location begcolumn="1" begline="1" endcolumn="11" endline="1" loc="1.1:1.11"/><node id="0" label="AstAtomType" name="INT"><location begcolumn="9" begline="1" endcolumn="11" endline="1" loc="1.9:1.11"/><istype><type id="1" label="SemIntType"/></istype></node><istype><type id="0" label="SemNameType" name="integer"><type id="1" label="SemIntType"/></type></istype></node><node id="3" label="AstVarDefn" name="var"><location begcolumn="1" begline="2" endcolumn="8" endline="2" loc="2.1:2.8"/><node id="2" label="AstAtomType" name="CHAR"><location begcolumn="5" begline="2" endcolumn="8" endline="2" loc="2.5:2.8"/><istype><type id="2" label="SemCharType"/></istype></node><oftype><type id="2" label="SemCharType"/></oftype></node><node id="30" label="AstFunDefn" name="func"><location begcolumn="1" begline="4" endcolumn="1" endline="9" loc="4.1:9.1"/><node id="8" label="AstNodes&lt;AstParDefn&gt;"><node id="6" label="AstValParDefn" name="b"><location begcolumn="17" begline="4" endcolumn="22" endline="4" loc="4.17:4.22"/><node id="5" label="AstAtomType" name="CHAR"><location begcolumn="19" begline="4" endcolumn="22" endline="4" loc="4.19:4.22"/><istype><type id="2" label="SemCharType"/></istype></node><oftype><type id="2" label="SemCharType"/></oftype></node><node id="7" label="AstValParDefn" name="a"><location begcolumn="6" begline="4" endcolumn="14" endline="4" loc="4.6:4.14"/><node id="4" label="AstNameType" name="integer"><location begcolumn="8" begline="4" endcolumn="14" endline="4" loc="4.8:4.14"/><definedat id="1" location="1.1:1.11"/><istype><type id="0" label="SemNameType" name="integer"/></istype></node><oftype><type id="0" label="SemNameType" name="integer"/></oftype></node></node><node id="28" label="AstBlockStmt"><location begcolumn="36" begline="4" endcolumn="1" endline="9" loc="4.36:9.1"/><node id="29" label="AstNodes&lt;AstStmt&gt;"><node id="14" label="AstReturnStmt"><location begcolumn="9" begline="5" endcolumn="21" endline="5" loc="5.9:5.21"/><node id="13" label="AstBinExpr" name="ADD"><location begcolumn="16" begline="5" endcolumn="20" endline="5" loc="5.16:5.20"/><node id="11" label="AstAtomExpr" name="2"><location begcolumn="16" begline="5" endcolumn="16" endline="5" loc="5.16:5.16"/><oftype><type id="1" label="SemIntType"/></oftype></node><node id="12" label="AstAtomExpr" name="4"><location begcolumn="20" begline="5" endcolumn="20" endline="5" loc="5.20:5.20"/><oftype><type id="1" label="SemIntType"/></oftype></node><oftype><type id="1" label="SemIntType"/></oftype></node></node><node id="18" label="AstReturnStmt"><location begcolumn="9" begline="6" endcolumn="28" endline="6" loc="6.9:6.28"/><node id="17" label="AstBinExpr" name="OR"><location begcolumn="16" begline="6" endcolumn="27" endline="6" loc="6.16:6.27"/><node id="15" label="AstAtomExpr" name="true"><location begcolumn="16" begline="6" endcolumn="19" endline="6" loc="6.16:6.19"/><oftype><type id="6" label="SemBoolType"/></oftype></node><node id="16" label="AstAtomExpr" name="true"><location begcolumn="24" begline="6" endcolumn="27" endline="6" loc="6.24:6.27"/><oftype><type id="6" label="SemBoolType"/></oftype></node><oftype><type id="6" label="SemBoolType"/></oftype></node></node><node id="22" label="AstReturnStmt"><location begcolumn="9" begline="7" endcolumn="22" endline="7" loc="7.9:7.22"/><node id="21" label="AstBinExpr" name="LEQ"><location begcolumn="16" begline="7" endcolumn="21" endline="7" loc="7.16:7.21"/><node id="19" label="AstAtomExpr" name="2"><location begcolumn="16" begline="7" endcolumn="16" endline="7" loc="7.16:7.16"/><oftype><type id="1" label="SemIntType"/></oftype></node><node id="20" label="AstAtomExpr" name="4"><location begcolumn="21" begline="7" endcolumn="21" endline="7" loc="7.21:7.21"/><oftype><type id="1" label="SemIntType"/></oftype></node><oftype><type id="6" label="SemBoolType"/></oftype></node></node><node id="27" label="AstExprStmt"><location begcolumn="9" begline="8" endcolumn="22" endline="8" loc="8.9:8.22"/><node id="26" label="AstCallExpr" name="func"><location begcolumn="9" begline="8" endcolumn="21" endline="8" loc="8.9:8.21"/><node id="25" label="AstNodes&lt;AstExpr&gt;"><node id="24" label="AstAtomExpr" name="' '"><location begcolumn="18" begline="8" endcolumn="20" endline="8" loc="8.18:8.20"/><oftype><type id="2" label="SemCharType"/></oftype></node><node id="23" label="AstAtomExpr" name="12"><location begcolumn="14" begline="8" endcolumn="15" endline="8" loc="8.14:8.15"/><oftype><type id="1" label="SemIntType"/></oftype></node></node><definedat id="30" location="4.1:9.1"/><oftype><type id="5" label="SemPointerType"><type id="0" label="SemNameType" name="integer"/></type></oftype></node></node></node></node><node id="10" label="AstPtrType"><location begcolumn="25" begline="4" endcolumn="32" endline="4" loc="4.25:4.32"/><node id="9" label="AstNameType" name="integer"><location begcolumn="26" begline="4" endcolumn="32" endline="4" loc="4.26:4.32"/><definedat id="1" location="1.1:1.11"/><istype><type id="0" label="SemNameType" name="integer"/></istype></node><istype><type id="5" label="SemPointerType"><type id="0" label="SemNameType" name="integer"/></type></istype></node><oftype><type id="5" label="SemPointerType"><type id="0" label="SemNameType" name="integer"/></type></oftype></node></node></seman>