<?xml version="1.0" encoding="UTF-8" standalone="no"?><?xml-stylesheet type="text/xsl" href="../lib/xsl/synan.xsl"?><synan><node label="source"><node label="definitions"><node label="function_definition"><token kind="IDENTIFIER" lexeme="f"><location begcolumn="1" begline="1" endcolumn="1" endline="1" loc="1.1:1.1"/></token><token kind="LBRACKET" lexeme="("><location begcolumn="2" begline="1" endcolumn="2" endline="1" loc="1.2:1.2"/></token><token kind="RBRACKET" lexeme=")"><location begcolumn="3" begline="1" endcolumn="3" endline="1" loc="1.3:1.3"/></token><token kind="COL" lexeme=":"><location begcolumn="4" begline="1" endcolumn="4" endline="1" loc="1.4:1.4"/></token><node label="type"><token kind="VOID" lexeme="void"><location begcolumn="5" begline="1" endcolumn="8" endline="1" loc="1.5:1.8"/></token></node><token kind="ASSIGN" lexeme="="><location begcolumn="10" begline="1" endcolumn="10" endline="1" loc="1.10:1.10"/></token><node label="statement"><token kind="LCURLY" lexeme="{"><location begcolumn="12" begline="1" endcolumn="12" endline="1" loc="1.12:1.12"/></token><node label="statement"><node label="expression"><token kind="IDENTIFIER" lexeme="a"><location begcolumn="9" begline="2" endcolumn="9" endline="2" loc="2.9:2.9"/></token></node><token kind="ASSIGN" lexeme="="><location begcolumn="11" begline="2" endcolumn="11" endline="2" loc="2.11:2.11"/></token><node label="expression"><node label="expression"><token kind="INT_CONST" lexeme="2"><location begcolumn="13" begline="2" endcolumn="13" endline="2" loc="2.13:2.13"/></token></node><token kind="PLUS" lexeme="+"><location begcolumn="15" begline="2" endcolumn="15" endline="2" loc="2.15:2.15"/></token><node label="expression"><token kind="INT_CONST" lexeme="3"><location begcolumn="17" begline="2" endcolumn="17" endline="2" loc="2.17:2.17"/></token></node></node><token kind="SEMICOL" lexeme=";"><location begcolumn="18" begline="2" endcolumn="18" endline="2" loc="2.18:2.18"/></token></node><node label="statement"><node label="expression"><token kind="IDENTIFIER" lexeme="a"><location begcolumn="9" begline="3" endcolumn="9" endline="3" loc="3.9:3.9"/></token></node><token kind="ASSIGN" lexeme="="><location begcolumn="11" begline="3" endcolumn="11" endline="3" loc="3.11:3.11"/></token><node label="expression"><token kind="MINUS" lexeme="-"><location begcolumn="13" begline="3" endcolumn="13" endline="3" loc="3.13:3.13"/></token><node label="expression"><token kind="INT_CONST" lexeme="12"><location begcolumn="14" begline="3" endcolumn="15" endline="3" loc="3.14:3.15"/></token></node></node><token kind="SEMICOL" lexeme=";"><location begcolumn="16" begline="3" endcolumn="16" endline="3" loc="3.16:3.16"/></token></node><node label="statement"><node label="expression"><token kind="IDENTIFIER" lexeme="g"><location begcolumn="9" begline="4" endcolumn="9" endline="4" loc="4.9:4.9"/></token></node><token kind="ASSIGN" lexeme="="><location begcolumn="11" begline="4" endcolumn="11" endline="4" loc="4.11:4.11"/></token><node label="expression"><token kind="POWER" lexeme="^"><location begcolumn="13" begline="4" endcolumn="13" endline="4" loc="4.13:4.13"/></token><node label="expression"><token kind="IDENTIFIER" lexeme="a"><location begcolumn="14" begline="4" endcolumn="14" endline="4" loc="4.14:4.14"/></token></node></node><token kind="SEMICOL" lexeme=";"><location begcolumn="15" begline="4" endcolumn="15" endline="4" loc="4.15:4.15"/></token></node><token kind="RCURLY" lexeme="}"><location begcolumn="1" begline="5" endcolumn="1" endline="5" loc="5.1:5.1"/></token></node><token kind="LCURLY" lexeme="{"><location begcolumn="2" begline="5" endcolumn="2" endline="5" loc="5.2:5.2"/></token><node label="definitions"><node label="variable_definition"><token kind="IDENTIFIER" lexeme="a"><location begcolumn="9" begline="6" endcolumn="9" endline="6" loc="6.9:6.9"/></token><token kind="COL" lexeme=":"><location begcolumn="10" begline="6" endcolumn="10" endline="6" loc="6.10:6.10"/></token><node label="type"><token kind="INT" lexeme="int"><location begcolumn="11" begline="6" endcolumn="13" endline="6" loc="6.11:6.13"/></token></node></node><node label="variable_definition"><token kind="IDENTIFIER" lexeme="b"><location begcolumn="9" begline="7" endcolumn="9" endline="7" loc="7.9:7.9"/></token><token kind="COL" lexeme=":"><location begcolumn="10" begline="7" endcolumn="10" endline="7" loc="7.10:7.10"/></token><node label="type"><token kind="BOOL" lexeme="bool"><location begcolumn="11" begline="7" endcolumn="14" endline="7" loc="7.11:7.14"/></token></node></node><node label="variable_definition"><token kind="IDENTIFIER" lexeme="g"><location begcolumn="9" begline="8" endcolumn="9" endline="8" loc="8.9:8.9"/></token><token kind="COL" lexeme=":"><location begcolumn="10" begline="8" endcolumn="10" endline="8" loc="8.10:8.10"/></token><node label="type"><token kind="POWER" lexeme="^"><location begcolumn="11" begline="8" endcolumn="11" endline="8" loc="8.11:8.11"/></token><node label="type"><token kind="INT" lexeme="int"><location begcolumn="12" begline="8" endcolumn="14" endline="8" loc="8.12:8.14"/></token></node></node></node></node><token kind="RCURLY" lexeme="}"><location begcolumn="1" begline="10" endcolumn="1" endline="10" loc="10.1:10.1"/></token></node></node><token kind="EOF" lexeme=""/></node></synan>