<?xml version="1.0" encoding="UTF-8" standalone="no"?><?xml-stylesheet type="text/xsl" href="../lib/xsl/synan.xsl"?><synan><node label="source"><node label="definitions"><node label="function_definition"><token kind="IDENTIFIER" lexeme="func_name"><location begcolumn="1" begline="1" endcolumn="9" endline="1" loc="1.1:1.9"/></token><token kind="LBRACKET" lexeme="("><location begcolumn="11" begline="1" endcolumn="11" endline="1" loc="1.11:1.11"/></token><node label="parameters"><node label="tick"/><token kind="IDENTIFIER" lexeme="par1"><location begcolumn="12" begline="1" endcolumn="15" endline="1" loc="1.12:1.15"/></token><token kind="COL" lexeme=":"><location begcolumn="17" begline="1" endcolumn="17" endline="1" loc="1.17:1.17"/></token><node label="type"><token kind="IDENTIFIER" lexeme="nov_tip2"><location begcolumn="19" begline="1" endcolumn="26" endline="1" loc="1.19:1.26"/></token></node><node label="other_params"><token kind="COMMA" lexeme=","><location begcolumn="27" begline="1" endcolumn="27" endline="1" loc="1.27:1.27"/></token><node label="tick"/><token kind="IDENTIFIER" lexeme="par2"><location begcolumn="29" begline="1" endcolumn="32" endline="1" loc="1.29:1.32"/></token><token kind="COL" lexeme=":"><location begcolumn="34" begline="1" endcolumn="34" endline="1" loc="1.34:1.34"/></token><node label="type"><token kind="BOOL" lexeme="bool"><location begcolumn="36" begline="1" endcolumn="39" endline="1" loc="1.36:1.39"/></token></node></node><node label="other_params"><token kind="COMMA" lexeme=","><location begcolumn="40" begline="1" endcolumn="40" endline="1" loc="1.40:1.40"/></token><node label="tick"/><token kind="IDENTIFIER" lexeme="par3"><location begcolumn="42" begline="1" endcolumn="45" endline="1" loc="1.42:1.45"/></token><token kind="COL" lexeme=":"><location begcolumn="47" begline="1" endcolumn="47" endline="1" loc="1.47:1.47"/></token><node label="type"><token kind="IDENTIFIER" lexeme="nov_tip1"><location begcolumn="49" begline="1" endcolumn="56" endline="1" loc="1.49:1.56"/></token></node></node></node><token kind="RBRACKET" lexeme=")"><location begcolumn="57" begline="1" endcolumn="57" endline="1" loc="1.57:1.57"/></token><token kind="COL" lexeme=":"><location begcolumn="59" begline="1" endcolumn="59" endline="1" loc="1.59:1.59"/></token><node label="type"><token kind="POWER" lexeme="^"><location begcolumn="61" begline="1" endcolumn="61" endline="1" loc="1.61:1.61"/></token><node label="type"><token kind="IDENTIFIER" lexeme="nov_tip2"><location begcolumn="62" begline="1" endcolumn="69" endline="1" loc="1.62:1.69"/></token></node></node><token kind="ASSIGN" lexeme="="><location begcolumn="71" begline="1" endcolumn="71" endline="1" loc="1.71:1.71"/></token><node label="statement"><token kind="LCURLY" lexeme="{"><location begcolumn="1" begline="2" endcolumn="1" endline="2" loc="2.1:2.1"/></token><node label="statement"><node label="expression"><token kind="IDENTIFIER" lexeme="x1"><location begcolumn="9" begline="3" endcolumn="10" endline="3" loc="3.9:3.10"/></token></node><token kind="ASSIGN" lexeme="="><location begcolumn="12" begline="3" endcolumn="12" endline="3" loc="3.12:3.12"/></token><node label="expression"><node label="expression"><token kind="IDENTIFIER" lexeme="x1"><location begcolumn="14" begline="3" endcolumn="15" endline="3" loc="3.14:3.15"/></token></node><token kind="LSQUARE" lexeme="["><location begcolumn="16" begline="3" endcolumn="16" endline="3" loc="3.16:3.16"/></token><node label="expression"><token kind="INT_CONST" lexeme="0"><location begcolumn="17" begline="3" endcolumn="17" endline="3" loc="3.17:3.17"/></token></node><token kind="RSQUARE" lexeme="]"><location begcolumn="18" begline="3" endcolumn="18" endline="3" loc="3.18:3.18"/></token></node><token kind="SEMICOL" lexeme=";"><location begcolumn="19" begline="3" endcolumn="19" endline="3" loc="3.19:3.19"/></token></node><node label="statement"><node label="expression"><token kind="IDENTIFIER" lexeme="x2"><location begcolumn="9" begline="4" endcolumn="10" endline="4" loc="4.9:4.10"/></token></node><token kind="ASSIGN" lexeme="="><location begcolumn="12" begline="4" endcolumn="12" endline="4" loc="4.12:4.12"/></token><node label="expression"><token kind="IDENTIFIER" lexeme="bla_bla_bla"><location begcolumn="14" begline="4" endcolumn="24" endline="4" loc="4.14:4.24"/></token></node><token kind="SEMICOL" lexeme=";"><location begcolumn="25" begline="4" endcolumn="25" endline="4" loc="4.25:4.25"/></token></node><node label="statement"><node label="expression"><token kind="IDENTIFIER" lexeme="x6"><location begcolumn="9" begline="5" endcolumn="10" endline="5" loc="5.9:5.10"/></token></node><token kind="ASSIGN" lexeme="="><location begcolumn="12" begline="5" endcolumn="12" endline="5" loc="5.12:5.12"/></token><node label="expression"><token kind="IDENTIFIER" lexeme="bla_bla_bla"><location begcolumn="14" begline="5" endcolumn="24" endline="5" loc="5.14:5.24"/></token></node><token kind="SEMICOL" lexeme=";"><location begcolumn="25" begline="5" endcolumn="25" endline="5" loc="5.25:5.25"/></token></node><node label="statement"><node label="expression"><token kind="IDENTIFIER" lexeme="func_decl"><location begcolumn="9" begline="6" endcolumn="17" endline="6" loc="6.9:6.17"/></token><token kind="LBRACKET" lexeme="("><location begcolumn="18" begline="6" endcolumn="18" endline="6" loc="6.18:6.18"/></token><token kind="RBRACKET" lexeme=")"><location begcolumn="19" begline="6" endcolumn="19" endline="6" loc="6.19:6.19"/></token></node><token kind="SEMICOL" lexeme=";"><location begcolumn="20" begline="6" endcolumn="20" endline="6" loc="6.20:6.20"/></token></node><node label="statement"><node label="expression"><token kind="IDENTIFIER" lexeme="par2"><location begcolumn="9" begline="7" endcolumn="12" endline="7" loc="7.9:7.12"/></token></node><token kind="ASSIGN" lexeme="="><location begcolumn="14" begline="7" endcolumn="14" endline="7" loc="7.14:7.14"/></token><node label="expression"><token kind="TRUE" lexeme="true"><location begcolumn="16" begline="7" endcolumn="19" endline="7" loc="7.16:7.19"/></token></node><token kind="SEMICOL" lexeme=";"><location begcolumn="20" begline="7" endcolumn="20" endline="7" loc="7.20:7.20"/></token></node><node label="statement"><node label="expression"><token kind="IDENTIFIER" lexeme="par3"><location begcolumn="9" begline="8" endcolumn="12" endline="8" loc="8.9:8.12"/></token></node><token kind="ASSIGN" lexeme="="><location begcolumn="14" begline="8" endcolumn="14" endline="8" loc="8.14:8.14"/></token><node label="expression"><token kind="FALSE" lexeme="false"><location begcolumn="16" begline="8" endcolumn="20" endline="8" loc="8.16:8.20"/></token></node><token kind="SEMICOL" lexeme=";"><location begcolumn="21" begline="8" endcolumn="21" endline="8" loc="8.21:8.21"/></token></node><token kind="RCURLY" lexeme="}"><location begcolumn="1" begline="9" endcolumn="1" endline="9" loc="9.1:9.1"/></token></node><token kind="LCURLY" lexeme="{"><location begcolumn="1" begline="10" endcolumn="1" endline="10" loc="10.1:10.1"/></token><node label="definitions"><node label="variable_definition"><token kind="IDENTIFIER" lexeme="x2"><location begcolumn="9" begline="12" endcolumn="10" endline="12" loc="12.9:12.10"/></token><token kind="COL" lexeme=":"><location begcolumn="12" begline="12" endcolumn="12" endline="12" loc="12.12:12.12"/></token><node label="type"><token kind="IDENTIFIER" lexeme="nov_tip1"><location begcolumn="14" begline="12" endcolumn="21" endline="12" loc="12.14:12.21"/></token></node></node><node label="type_definition"><token kind="IDENTIFIER" lexeme="x3"><location begcolumn="9" begline="13" endcolumn="10" endline="13" loc="13.9:13.10"/></token><token kind="ASSIGN" lexeme="="><location begcolumn="12" begline="13" endcolumn="12" endline="13" loc="13.12:13.12"/></token><node label="type"><token kind="LCURLY" lexeme="{"><location begcolumn="14" begline="13" endcolumn="14" endline="13" loc="13.14:13.14"/></token><node label="components"><token kind="IDENTIFIER" lexeme="hey"><location begcolumn="15" begline="13" endcolumn="17" endline="13" loc="13.15:13.17"/></token><token kind="COL" lexeme=":"><location begcolumn="19" begline="13" endcolumn="19" endline="13" loc="13.19:13.19"/></token><node label="type"><token kind="BOOL" lexeme="bool"><location begcolumn="21" begline="13" endcolumn="24" endline="13" loc="13.21:13.24"/></token></node></node><token kind="RCURLY" lexeme="}"><location begcolumn="25" begline="13" endcolumn="25" endline="13" loc="13.25:13.25"/></token></node></node><node label="type_definition"><token kind="IDENTIFIER" lexeme="x4"><location begcolumn="9" begline="14" endcolumn="10" endline="14" loc="14.9:14.10"/></token><token kind="ASSIGN" lexeme="="><location begcolumn="12" begline="14" endcolumn="12" endline="14" loc="14.12:14.12"/></token><node label="type"><token kind="LCURLY" lexeme="{"><location begcolumn="14" begline="14" endcolumn="14" endline="14" loc="14.14:14.14"/></token><node label="components"><token kind="IDENTIFIER" lexeme="hey"><location begcolumn="15" begline="14" endcolumn="17" endline="14" loc="14.15:14.17"/></token><token kind="COL" lexeme=":"><location begcolumn="19" begline="14" endcolumn="19" endline="14" loc="14.19:14.19"/></token><node label="type"><token kind="BOOL" lexeme="bool"><location begcolumn="21" begline="14" endcolumn="24" endline="14" loc="14.21:14.24"/></token></node><node label="other_components"><token kind="COMMA" lexeme=","><location begcolumn="25" begline="14" endcolumn="25" endline="14" loc="14.25:14.25"/></token><token kind="IDENTIFIER" lexeme="x6"><location begcolumn="27" begline="14" endcolumn="28" endline="14" loc="14.27:14.28"/></token><token kind="COL" lexeme=":"><location begcolumn="30" begline="14" endcolumn="30" endline="14" loc="14.30:14.30"/></token><node label="type"><token kind="INT" lexeme="int"><location begcolumn="32" begline="14" endcolumn="34" endline="14" loc="14.32:14.34"/></token></node></node></node><token kind="RCURLY" lexeme="}"><location begcolumn="35" begline="14" endcolumn="35" endline="14" loc="14.35:14.35"/></token></node></node><node label="type_definition"><token kind="IDENTIFIER" lexeme="x5"><location begcolumn="9" begline="15" endcolumn="10" endline="15" loc="15.9:15.10"/></token><token kind="ASSIGN" lexeme="="><location begcolumn="12" begline="15" endcolumn="12" endline="15" loc="15.12:15.12"/></token><node label="type"><token kind="LCURLY" lexeme="{"><location begcolumn="14" begline="15" endcolumn="14" endline="15" loc="15.14:15.14"/></token><node label="components"><token kind="IDENTIFIER" lexeme="hey"><location begcolumn="15" begline="15" endcolumn="17" endline="15" loc="15.15:15.17"/></token><token kind="COL" lexeme=":"><location begcolumn="19" begline="15" endcolumn="19" endline="15" loc="15.19:15.19"/></token><node label="type"><token kind="BOOL" lexeme="bool"><location begcolumn="21" begline="15" endcolumn="24" endline="15" loc="15.21:15.24"/></token></node><node label="other_components"><token kind="COMMA" lexeme=","><location begcolumn="25" begline="15" endcolumn="25" endline="15" loc="15.25:15.25"/></token><token kind="IDENTIFIER" lexeme="x6"><location begcolumn="27" begline="15" endcolumn="28" endline="15" loc="15.27:15.28"/></token><token kind="COL" lexeme=":"><location begcolumn="30" begline="15" endcolumn="30" endline="15" loc="15.30:15.30"/></token><node label="type"><token kind="INT" lexeme="int"><location begcolumn="32" begline="15" endcolumn="34" endline="15" loc="15.32:15.34"/></token></node></node><node label="other_components"><token kind="COMMA" lexeme=","><location begcolumn="35" begline="15" endcolumn="35" endline="15" loc="15.35:15.35"/></token><token kind="IDENTIFIER" lexeme="x7"><location begcolumn="37" begline="15" endcolumn="38" endline="15" loc="15.37:15.38"/></token><token kind="COL" lexeme=":"><location begcolumn="40" begline="15" endcolumn="40" endline="15" loc="15.40:15.40"/></token><node label="type"><token kind="POWER" lexeme="^"><location begcolumn="42" begline="15" endcolumn="42" endline="15" loc="15.42:15.42"/></token><node label="type"><token kind="INT" lexeme="int"><location begcolumn="43" begline="15" endcolumn="45" endline="15" loc="15.43:15.45"/></token></node></node></node></node><token kind="RCURLY" lexeme="}"><location begcolumn="46" begline="15" endcolumn="46" endline="15" loc="15.46:15.46"/></token></node></node><node label="variable_definition"><token kind="IDENTIFIER" lexeme="x6"><location begcolumn="9" begline="16" endcolumn="10" endline="16" loc="16.9:16.10"/></token><token kind="COL" lexeme=":"><location begcolumn="12" begline="16" endcolumn="12" endline="16" loc="16.12:16.12"/></token><node label="type"><token kind="IDENTIFIER" lexeme="nov_tip2"><location begcolumn="14" begline="16" endcolumn="21" endline="16" loc="16.14:16.21"/></token></node></node><node label="variable_definition"><token kind="IDENTIFIER" lexeme="par3"><location begcolumn="9" begline="17" endcolumn="12" endline="17" loc="17.9:17.12"/></token><token kind="COL" lexeme=":"><location begcolumn="14" begline="17" endcolumn="14" endline="17" loc="17.14:17.14"/></token><node label="type"><token kind="INT" lexeme="int"><location begcolumn="16" begline="17" endcolumn="18" endline="17" loc="17.16:17.18"/></token></node></node><node label="type_definition"><token kind="IDENTIFIER" lexeme="nov_tip1"><location begcolumn="9" begline="18" endcolumn="16" endline="18" loc="18.9:18.16"/></token><token kind="ASSIGN" lexeme="="><location begcolumn="18" begline="18" endcolumn="18" endline="18" loc="18.18:18.18"/></token><node label="type"><token kind="INT" lexeme="int"><location begcolumn="20" begline="18" endcolumn="22" endline="18" loc="18.20:18.22"/></token></node></node><node label="function_definition"><token kind="IDENTIFIER" lexeme="func_decl"><location begcolumn="9" begline="19" endcolumn="17" endline="19" loc="19.9:19.17"/></token><token kind="LBRACKET" lexeme="("><location begcolumn="18" begline="19" endcolumn="18" endline="19" loc="19.18:19.18"/></token><token kind="RBRACKET" lexeme=")"><location begcolumn="19" begline="19" endcolumn="19" endline="19" loc="19.19:19.19"/></token><token kind="COL" lexeme=":"><location begcolumn="20" begline="19" endcolumn="20" endline="19" loc="19.20:19.20"/></token><node label="type"><token kind="POWER" lexeme="^"><location begcolumn="22" begline="19" endcolumn="22" endline="19" loc="19.22:19.22"/></token><node label="type"><token kind="CHAR" lexeme="char"><location begcolumn="23" begline="19" endcolumn="26" endline="19" loc="19.23:19.26"/></token></node></node><token kind="ASSIGN" lexeme="="><location begcolumn="28" begline="19" endcolumn="28" endline="19" loc="19.28:19.28"/></token><node label="statement"><token kind="LCURLY" lexeme="{"><location begcolumn="30" begline="19" endcolumn="30" endline="19" loc="19.30:19.30"/></token><node label="statement"><token kind="RETURN" lexeme="return"><location begcolumn="17" begline="20" endcolumn="22" endline="20" loc="20.17:20.22"/></token><node label="expression"><token kind="STRING_LIT" lexeme="&quot;hello_inside&quot;"><location begcolumn="24" begline="20" endcolumn="37" endline="20" loc="20.24:20.37"/></token></node><token kind="SEMICOL" lexeme=";"><location begcolumn="38" begline="20" endcolumn="38" endline="20" loc="20.38:20.38"/></token></node><token kind="RCURLY" lexeme="}"><location begcolumn="9" begline="21" endcolumn="9" endline="21" loc="21.9:21.9"/></token></node></node></node><token kind="RCURLY" lexeme="}"><location begcolumn="1" begline="22" endcolumn="1" endline="22" loc="22.1:22.1"/></token></node><node label="type_definition"><token kind="IDENTIFIER" lexeme="nov_tip1"><location begcolumn="1" begline="23" endcolumn="8" endline="23" loc="23.1:23.8"/></token><token kind="ASSIGN" lexeme="="><location begcolumn="10" begline="23" endcolumn="10" endline="23" loc="23.10:23.10"/></token><node label="type"><token kind="LSQUARE" lexeme="["><location begcolumn="12" begline="23" endcolumn="12" endline="23" loc="23.12:23.12"/></token><token kind="INT_CONST" lexeme="10"><location begcolumn="13" begline="23" endcolumn="14" endline="23" loc="23.13:23.14"/></token><token kind="RSQUARE" lexeme="]"><location begcolumn="15" begline="23" endcolumn="15" endline="23" loc="23.15:23.15"/></token><node label="type"><token kind="BOOL" lexeme="bool"><location begcolumn="16" begline="23" endcolumn="19" endline="23" loc="23.16:23.19"/></token></node></node></node><node label="type_definition"><token kind="IDENTIFIER" lexeme="nov_tip2"><location begcolumn="1" begline="24" endcolumn="8" endline="24" loc="24.1:24.8"/></token><token kind="ASSIGN" lexeme="="><location begcolumn="10" begline="24" endcolumn="10" endline="24" loc="24.10:24.10"/></token><node label="type"><token kind="LSQUARE" lexeme="["><location begcolumn="12" begline="24" endcolumn="12" endline="24" loc="24.12:24.12"/></token><token kind="INT_CONST" lexeme="20"><location begcolumn="13" begline="24" endcolumn="14" endline="24" loc="24.13:24.14"/></token><token kind="RSQUARE" lexeme="]"><location begcolumn="15" begline="24" endcolumn="15" endline="24" loc="24.15:24.15"/></token><node label="type"><token kind="BOOL" lexeme="bool"><location begcolumn="16" begline="24" endcolumn="19" endline="24" loc="24.16:24.19"/></token></node></node></node><node label="variable_definition"><token kind="IDENTIFIER" lexeme="bla_bla_bla"><location begcolumn="1" begline="25" endcolumn="11" endline="25" loc="25.1:25.11"/></token><token kind="COL" lexeme=":"><location begcolumn="13" begline="25" endcolumn="13" endline="25" loc="25.13:25.13"/></token><node label="type"><token kind="BOOL" lexeme="bool"><location begcolumn="15" begline="25" endcolumn="18" endline="25" loc="25.15:25.18"/></token></node></node><node label="variable_definition"><token kind="IDENTIFIER" lexeme="x1"><location begcolumn="1" begline="26" endcolumn="2" endline="26" loc="26.1:26.2"/></token><token kind="COL" lexeme=":"><location begcolumn="4" begline="26" endcolumn="4" endline="26" loc="26.4:26.4"/></token><node label="type"><token kind="BOOL" lexeme="bool"><location begcolumn="6" begline="26" endcolumn="9" endline="26" loc="26.6:26.9"/></token></node></node><node label="variable_definition"><token kind="IDENTIFIER" lexeme="x2"><location begcolumn="1" begline="27" endcolumn="2" endline="27" loc="27.1:27.2"/></token><token kind="COL" lexeme=":"><location begcolumn="4" begline="27" endcolumn="4" endline="27" loc="27.4:27.4"/></token><node label="type"><token kind="INT" lexeme="int"><location begcolumn="6" begline="27" endcolumn="8" endline="27" loc="27.6:27.8"/></token></node></node><node label="function_definition"><token kind="IDENTIFIER" lexeme="func_decl"><location begcolumn="9" begline="28" endcolumn="17" endline="28" loc="28.9:28.17"/></token><token kind="LBRACKET" lexeme="("><location begcolumn="18" begline="28" endcolumn="18" endline="28" loc="28.18:28.18"/></token><token kind="RBRACKET" lexeme=")"><location begcolumn="19" begline="28" endcolumn="19" endline="28" loc="28.19:28.19"/></token><token kind="COL" lexeme=":"><location begcolumn="20" begline="28" endcolumn="20" endline="28" loc="28.20:28.20"/></token><node label="type"><token kind="POWER" lexeme="^"><location begcolumn="22" begline="28" endcolumn="22" endline="28" loc="28.22:28.22"/></token><node label="type"><token kind="CHAR" lexeme="char"><location begcolumn="23" begline="28" endcolumn="26" endline="28" loc="28.23:28.26"/></token></node></node><token kind="ASSIGN" lexeme="="><location begcolumn="28" begline="28" endcolumn="28" endline="28" loc="28.28:28.28"/></token><node label="statement"><token kind="LCURLY" lexeme="{"><location begcolumn="30" begline="28" endcolumn="30" endline="28" loc="28.30:28.30"/></token><node label="statement"><token kind="RETURN" lexeme="return"><location begcolumn="17" begline="29" endcolumn="22" endline="29" loc="29.17:29.22"/></token><node label="expression"><token kind="STRING_LIT" lexeme="&quot;hello_outside&quot;"><location begcolumn="24" begline="29" endcolumn="38" endline="29" loc="29.24:29.38"/></token></node><token kind="SEMICOL" lexeme=";"><location begcolumn="39" begline="29" endcolumn="39" endline="29" loc="29.39:29.39"/></token></node><token kind="RCURLY" lexeme="}"><location begcolumn="9" begline="30" endcolumn="9" endline="30" loc="30.9:30.9"/></token></node></node></node></node></synan>