<?xml version="1.0" encoding="UTF-8" standalone="no"?><?xml-stylesheet type="text/xsl" href="../lib/xsl/lexan.xsl"?><lexan><token kind="IDENTIFIER" lexeme="timestamp"><location begcolumn="1" begline="2" endcolumn="9" endline="2" loc="2.1:2.9"/></token><token kind="ASSIGN" lexeme="="><location begcolumn="10" begline="2" endcolumn="10" endline="2" loc="2.10:2.10"/></token><token kind="LBRACKET" lexeme="("><location begcolumn="11" begline="2" endcolumn="11" endline="2" loc="2.11:2.11"/></token><token kind="IDENTIFIER" lexeme="timezone"><location begcolumn="9" begline="3" endcolumn="16" endline="3" loc="3.9:3.16"/></token><token kind="COL" lexeme=":"><location begcolumn="17" begline="3" endcolumn="17" endline="3" loc="3.17:3.17"/></token><token kind="LSQUARE" lexeme="["><location begcolumn="18" begline="3" endcolumn="18" endline="3" loc="3.18:3.18"/></token><token kind="INT_CONST" lexeme="8"><location begcolumn="19" begline="3" endcolumn="19" endline="3" loc="3.19:3.19"/></token><token kind="RSQUARE" lexeme="]"><location begcolumn="20" begline="3" endcolumn="20" endline="3" loc="3.20:3.20"/></token><token kind="CHAR" lexeme="char"><location begcolumn="21" begline="3" endcolumn="24" endline="3" loc="3.21:3.24"/></token><token kind="COMMA" lexeme=","><location begcolumn="25" begline="3" endcolumn="25" endline="3" loc="3.25:3.25"/></token><token kind="IDENTIFIER" lexeme="hour"><location begcolumn="9" begline="4" endcolumn="12" endline="4" loc="4.9:4.12"/></token><token kind="COL" lexeme=":"><location begcolumn="13" begline="4" endcolumn="13" endline="4" loc="4.13:4.13"/></token><token kind="INT" lexeme="int"><location begcolumn="14" begline="4" endcolumn="16" endline="4" loc="4.14:4.16"/></token><token kind="COMMA" lexeme=","><location begcolumn="17" begline="4" endcolumn="17" endline="4" loc="4.17:4.17"/></token><token kind="IDENTIFIER" lexeme="min"><location begcolumn="9" begline="5" endcolumn="11" endline="5" loc="5.9:5.11"/></token><token kind="COL" lexeme=":"><location begcolumn="12" begline="5" endcolumn="12" endline="5" loc="5.12:5.12"/></token><token kind="INT" lexeme="int"><location begcolumn="13" begline="5" endcolumn="15" endline="5" loc="5.13:5.15"/></token><token kind="COMMA" lexeme=","><location begcolumn="16" begline="5" endcolumn="16" endline="5" loc="5.16:5.16"/></token><token kind="IDENTIFIER" lexeme="seconds"><location begcolumn="9" begline="6" endcolumn="15" endline="6" loc="6.9:6.15"/></token><token kind="COL" lexeme=":"><location begcolumn="16" begline="6" endcolumn="16" endline="6" loc="6.16:6.16"/></token><token kind="INT" lexeme="int"><location begcolumn="17" begline="6" endcolumn="19" endline="6" loc="6.17:6.19"/></token><token kind="COMMA" lexeme=","><location begcolumn="20" begline="6" endcolumn="20" endline="6" loc="6.20:6.20"/></token><token kind="IDENTIFIER" lexeme="date"><location begcolumn="9" begline="7" endcolumn="12" endline="7" loc="7.9:7.12"/></token><token kind="COL" lexeme=":"><location begcolumn="13" begline="7" endcolumn="13" endline="7" loc="7.13:7.13"/></token><token kind="LSQUARE" lexeme="["><location begcolumn="14" begline="7" endcolumn="14" endline="7" loc="7.14:7.14"/></token><token kind="INT_CONST" lexeme="256"><location begcolumn="15" begline="7" endcolumn="17" endline="7" loc="7.15:7.17"/></token><token kind="RSQUARE" lexeme="]"><location begcolumn="18" begline="7" endcolumn="18" endline="7" loc="7.18:7.18"/></token><token kind="CHAR" lexeme="char"><location begcolumn="19" begline="7" endcolumn="22" endline="7" loc="7.19:7.22"/></token><token kind="RBRACKET" lexeme=")"><location begcolumn="1" begline="8" endcolumn="1" endline="8" loc="8.1:8.1"/></token><token kind="IDENTIFIER" lexeme="calc_diff"><location begcolumn="1" begline="10" endcolumn="9" endline="10" loc="10.1:10.9"/></token><token kind="LBRACKET" lexeme="("><location begcolumn="10" begline="10" endcolumn="10" endline="10" loc="10.10:10.10"/></token><token kind="IDENTIFIER" lexeme="in"><location begcolumn="11" begline="10" endcolumn="12" endline="10" loc="10.11:10.12"/></token><token kind="COL" lexeme=":"><location begcolumn="13" begline="10" endcolumn="13" endline="10" loc="10.13:10.13"/></token><token kind="POWER" lexeme="^"><location begcolumn="14" begline="10" endcolumn="14" endline="10" loc="10.14:10.14"/></token><token kind="IDENTIFIER" lexeme="timestamp"><location begcolumn="15" begline="10" endcolumn="23" endline="10" loc="10.15:10.23"/></token><token kind="RBRACKET" lexeme=")"><location begcolumn="24" begline="10" endcolumn="24" endline="10" loc="10.24:10.24"/></token><token kind="COL" lexeme=":"><location begcolumn="25" begline="10" endcolumn="25" endline="10" loc="10.25:10.25"/></token><token kind="INT" lexeme="int"><location begcolumn="26" begline="10" endcolumn="28" endline="10" loc="10.26:10.28"/></token><token kind="ASSIGN" lexeme="="><location begcolumn="30" begline="10" endcolumn="30" endline="10" loc="10.30:10.30"/></token><token kind="LCURLY" lexeme="{"><location begcolumn="32" begline="10" endcolumn="32" endline="10" loc="10.32:10.32"/></token><token kind="IDENTIFIER" lexeme="end"><location begcolumn="9" begline="11" endcolumn="11" endline="11" loc="11.9:11.11"/></token><token kind="DOT" lexeme="."><location begcolumn="12" begline="11" endcolumn="12" endline="11" loc="11.12:11.12"/></token><token kind="IDENTIFIER" lexeme="diff"><location begcolumn="13" begline="11" endcolumn="16" endline="11" loc="11.13:11.16"/></token><token kind="ASSIGN" lexeme="="><location begcolumn="18" begline="11" endcolumn="18" endline="11" loc="11.18:11.18"/></token><token kind="INT_CONST" lexeme="1"><location begcolumn="20" begline="11" endcolumn="20" endline="11" loc="11.20:11.20"/></token><token kind="SEMICOL" lexeme=";"><location begcolumn="21" begline="11" endcolumn="21" endline="11" loc="11.21:11.21"/></token><token kind="IDENTIFIER" lexeme="end"><location begcolumn="9" begline="12" endcolumn="11" endline="12" loc="12.9:12.11"/></token><token kind="DOT" lexeme="."><location begcolumn="12" begline="12" endcolumn="12" endline="12" loc="12.12:12.12"/></token><token kind="IDENTIFIER" lexeme="date"><location begcolumn="13" begline="12" endcolumn="16" endline="12" loc="12.13:12.16"/></token><token kind="POWER" lexeme="^"><location begcolumn="17" begline="12" endcolumn="17" endline="12" loc="12.17:12.17"/></token><token kind="LSQUARE" lexeme="["><location begcolumn="18" begline="12" endcolumn="18" endline="12" loc="12.18:12.18"/></token><token kind="INT_CONST" lexeme="0"><location begcolumn="19" begline="12" endcolumn="19" endline="12" loc="12.19:12.19"/></token><token kind="RSQUARE" lexeme="]"><location begcolumn="20" begline="12" endcolumn="20" endline="12" loc="12.20:12.20"/></token><token kind="ASSIGN" lexeme="="><location begcolumn="22" begline="12" endcolumn="22" endline="12" loc="12.22:12.22"/></token><token kind="CHAR_LIT" lexeme="'a'"><location begcolumn="24" begline="12" endcolumn="26" endline="12" loc="12.24:12.26"/></token><token kind="SEMICOL" lexeme=";"><location begcolumn="27" begline="12" endcolumn="27" endline="12" loc="12.27:12.27"/></token><token kind="IDENTIFIER" lexeme="diff"><location begcolumn="9" begline="13" endcolumn="12" endline="13" loc="13.9:13.12"/></token><token kind="DOT" lexeme="."><location begcolumn="13" begline="13" endcolumn="13" endline="13" loc="13.13:13.13"/></token><token kind="IDENTIFIER" lexeme="diff"><location begcolumn="14" begline="13" endcolumn="17" endline="13" loc="13.14:13.17"/></token><token kind="ASSIGN" lexeme="="><location begcolumn="19" begline="13" endcolumn="19" endline="13" loc="13.19:13.19"/></token><token kind="IDENTIFIER" lexeme="end"><location begcolumn="21" begline="13" endcolumn="23" endline="13" loc="13.21:13.23"/></token><token kind="DOT" lexeme="."><location begcolumn="24" begline="13" endcolumn="24" endline="13" loc="13.24:13.24"/></token><token kind="IDENTIFIER" lexeme="diff"><location begcolumn="25" begline="13" endcolumn="28" endline="13" loc="13.25:13.28"/></token><token kind="MINUS" lexeme="-"><location begcolumn="30" begline="13" endcolumn="30" endline="13" loc="13.30:13.30"/></token><token kind="IDENTIFIER" lexeme="in"><location begcolumn="32" begline="13" endcolumn="33" endline="13" loc="13.32:13.33"/></token><token kind="POWER" lexeme="^"><location begcolumn="34" begline="13" endcolumn="34" endline="13" loc="13.34:13.34"/></token><token kind="DOT" lexeme="."><location begcolumn="35" begline="13" endcolumn="35" endline="13" loc="13.35:13.35"/></token><token kind="IDENTIFIER" lexeme="hour"><location begcolumn="36" begline="13" endcolumn="39" endline="13" loc="13.36:13.39"/></token><token kind="MINUS" lexeme="-"><location begcolumn="41" begline="13" endcolumn="41" endline="13" loc="13.41:13.41"/></token><token kind="IDENTIFIER" lexeme="in"><location begcolumn="43" begline="13" endcolumn="44" endline="13" loc="13.43:13.44"/></token><token kind="POWER" lexeme="^"><location begcolumn="45" begline="13" endcolumn="45" endline="13" loc="13.45:13.45"/></token><token kind="DOT" lexeme="."><location begcolumn="46" begline="13" endcolumn="46" endline="13" loc="13.46:13.46"/></token><token kind="IDENTIFIER" lexeme="min"><location begcolumn="47" begline="13" endcolumn="49" endline="13" loc="13.47:13.49"/></token><token kind="MINUS" lexeme="-"><location begcolumn="51" begline="13" endcolumn="51" endline="13" loc="13.51:13.51"/></token><token kind="IDENTIFIER" lexeme="in"><location begcolumn="53" begline="13" endcolumn="54" endline="13" loc="13.53:13.54"/></token><token kind="POWER" lexeme="^"><location begcolumn="55" begline="13" endcolumn="55" endline="13" loc="13.55:13.55"/></token><token kind="DOT" lexeme="."><location begcolumn="56" begline="13" endcolumn="56" endline="13" loc="13.56:13.56"/></token><token kind="IDENTIFIER" lexeme="seconds"><location begcolumn="57" begline="13" endcolumn="63" endline="13" loc="13.57:13.63"/></token><token kind="SEMICOL" lexeme=";"><location begcolumn="64" begline="13" endcolumn="64" endline="13" loc="13.64:13.64"/></token><token kind="IDENTIFIER" lexeme="diff"><location begcolumn="9" begline="14" endcolumn="12" endline="14" loc="14.9:14.12"/></token><token kind="DOT" lexeme="."><location begcolumn="13" begline="14" endcolumn="13" endline="14" loc="14.13:14.13"/></token><token kind="IDENTIFIER" lexeme="date"><location begcolumn="14" begline="14" endcolumn="17" endline="14" loc="14.14:14.17"/></token><token kind="ASSIGN" lexeme="="><location begcolumn="19" begline="14" endcolumn="19" endline="14" loc="14.19:14.19"/></token><token kind="IDENTIFIER" lexeme="end"><location begcolumn="21" begline="14" endcolumn="23" endline="14" loc="14.21:14.23"/></token><token kind="DOT" lexeme="."><location begcolumn="24" begline="14" endcolumn="24" endline="14" loc="14.24:14.24"/></token><token kind="IDENTIFIER" lexeme="date"><location begcolumn="25" begline="14" endcolumn="28" endline="14" loc="14.25:14.28"/></token><token kind="SEMICOL" lexeme=";"><location begcolumn="29" begline="14" endcolumn="29" endline="14" loc="14.29:14.29"/></token><token kind="IDENTIFIER" lexeme="some_time"><location begcolumn="9" begline="15" endcolumn="17" endline="15" loc="15.9:15.17"/></token><token kind="ASSIGN" lexeme="="><location begcolumn="19" begline="15" endcolumn="19" endline="15" loc="15.19:15.19"/></token><token kind="IDENTIFIER" lexeme="this_time"><location begcolumn="21" begline="15" endcolumn="29" endline="15" loc="15.21:15.29"/></token><token kind="LBRACKET" lexeme="("><location begcolumn="30" begline="15" endcolumn="30" endline="15" loc="15.30:15.30"/></token><token kind="POWER" lexeme="^"><location begcolumn="31" begline="15" endcolumn="31" endline="15" loc="15.31:15.31"/></token><token kind="IDENTIFIER" lexeme="end"><location begcolumn="32" begline="15" endcolumn="34" endline="15" loc="15.32:15.34"/></token><token kind="RBRACKET" lexeme=")"><location begcolumn="35" begline="15" endcolumn="35" endline="15" loc="15.35:15.35"/></token><token kind="SEMICOL" lexeme=";"><location begcolumn="36" begline="15" endcolumn="36" endline="15" loc="15.36:15.36"/></token><token kind="RETURN" lexeme="return"><location begcolumn="9" begline="16" endcolumn="14" endline="16" loc="16.9:16.14"/></token><token kind="IDENTIFIER" lexeme="diff"><location begcolumn="16" begline="16" endcolumn="19" endline="16" loc="16.16:16.19"/></token><token kind="DOT" lexeme="."><location begcolumn="20" begline="16" endcolumn="20" endline="16" loc="16.20:16.20"/></token><token kind="IDENTIFIER" lexeme="diff"><location begcolumn="21" begline="16" endcolumn="24" endline="16" loc="16.21:16.24"/></token><token kind="SEMICOL" lexeme=";"><location begcolumn="25" begline="16" endcolumn="25" endline="16" loc="16.25:16.25"/></token><token kind="RCURLY" lexeme="}"><location begcolumn="1" begline="17" endcolumn="1" endline="17" loc="17.1:17.1"/></token><token kind="LCURLY" lexeme="{"><location begcolumn="2" begline="17" endcolumn="2" endline="17" loc="17.2:17.2"/></token><token kind="IDENTIFIER" lexeme="end"><location begcolumn="9" begline="18" endcolumn="11" endline="18" loc="18.9:18.11"/></token><token kind="COL" lexeme=":"><location begcolumn="12" begline="18" endcolumn="12" endline="18" loc="18.12:18.12"/></token><token kind="IDENTIFIER" lexeme="timestamp"><location begcolumn="13" begline="18" endcolumn="21" endline="18" loc="18.13:18.21"/></token><token kind="IDENTIFIER" lexeme="timestamp"><location begcolumn="9" begline="19" endcolumn="17" endline="19" loc="19.9:19.17"/></token><token kind="ASSIGN" lexeme="="><location begcolumn="18" begline="19" endcolumn="18" endline="19" loc="19.18:19.18"/></token><token kind="LBRACKET" lexeme="("><location begcolumn="19" begline="19" endcolumn="19" endline="19" loc="19.19:19.19"/></token><token kind="IDENTIFIER" lexeme="diff"><location begcolumn="17" begline="20" endcolumn="20" endline="20" loc="20.17:20.20"/></token><token kind="COL" lexeme=":"><location begcolumn="21" begline="20" endcolumn="21" endline="20" loc="20.21:20.21"/></token><token kind="INT" lexeme="int"><location begcolumn="22" begline="20" endcolumn="24" endline="20" loc="20.22:20.24"/></token><token kind="COMMA" lexeme=","><location begcolumn="25" begline="20" endcolumn="25" endline="20" loc="20.25:20.25"/></token><token kind="IDENTIFIER" lexeme="date"><location begcolumn="17" begline="21" endcolumn="20" endline="21" loc="21.17:21.20"/></token><token kind="COL" lexeme=":"><location begcolumn="21" begline="21" endcolumn="21" endline="21" loc="21.21:21.21"/></token><token kind="POWER" lexeme="^"><location begcolumn="22" begline="21" endcolumn="22" endline="21" loc="21.22:21.22"/></token><token kind="LSQUARE" lexeme="["><location begcolumn="23" begline="21" endcolumn="23" endline="21" loc="21.23:21.23"/></token><token kind="INT_CONST" lexeme="256"><location begcolumn="24" begline="21" endcolumn="26" endline="21" loc="21.24:21.26"/></token><token kind="RSQUARE" lexeme="]"><location begcolumn="27" begline="21" endcolumn="27" endline="21" loc="21.27:21.27"/></token><token kind="CHAR" lexeme="char"><location begcolumn="28" begline="21" endcolumn="31" endline="21" loc="21.28:21.31"/></token><token kind="RBRACKET" lexeme=")"><location begcolumn="9" begline="22" endcolumn="9" endline="22" loc="22.9:22.9"/></token><token kind="IDENTIFIER" lexeme="diff"><location begcolumn="9" begline="23" endcolumn="12" endline="23" loc="23.9:23.12"/></token><token kind="COL" lexeme=":"><location begcolumn="13" begline="23" endcolumn="13" endline="23" loc="23.13:23.13"/></token><token kind="IDENTIFIER" lexeme="timestamp"><location begcolumn="14" begline="23" endcolumn="22" endline="23" loc="23.14:23.22"/></token><token kind="IDENTIFIER" lexeme="some_time"><location begcolumn="9" begline="25" endcolumn="17" endline="25" loc="25.9:25.17"/></token><token kind="COL" lexeme=":"><location begcolumn="18" begline="25" endcolumn="18" endline="25" loc="25.18:25.18"/></token><token kind="POWER" lexeme="^"><location begcolumn="19" begline="25" endcolumn="19" endline="25" loc="25.19:25.19"/></token><token kind="IDENTIFIER" lexeme="time"><location begcolumn="20" begline="25" endcolumn="23" endline="25" loc="25.20:25.23"/></token><token kind="IDENTIFIER" lexeme="time"><location begcolumn="9" begline="27" endcolumn="12" endline="27" loc="27.9:27.12"/></token><token kind="ASSIGN" lexeme="="><location begcolumn="13" begline="27" endcolumn="13" endline="27" loc="27.13:27.13"/></token><token kind="LBRACKET" lexeme="("><location begcolumn="14" begline="27" endcolumn="14" endline="27" loc="27.14:27.14"/></token><token kind="IDENTIFIER" lexeme="hour"><location begcolumn="15" begline="27" endcolumn="18" endline="27" loc="27.15:27.18"/></token><token kind="COL" lexeme=":"><location begcolumn="19" begline="27" endcolumn="19" endline="27" loc="27.19:27.19"/></token><token kind="INT" lexeme="int"><location begcolumn="20" begline="27" endcolumn="22" endline="27" loc="27.20:27.22"/></token><token kind="COMMA" lexeme=","><location begcolumn="23" begline="27" endcolumn="23" endline="27" loc="27.23:27.23"/></token><token kind="IDENTIFIER" lexeme="min"><location begcolumn="25" begline="27" endcolumn="27" endline="27" loc="27.25:27.27"/></token><token kind="COL" lexeme=":"><location begcolumn="28" begline="27" endcolumn="28" endline="27" loc="27.28:27.28"/></token><token kind="INT" lexeme="int"><location begcolumn="29" begline="27" endcolumn="31" endline="27" loc="27.29:27.31"/></token><token kind="COMMA" lexeme=","><location begcolumn="32" begline="27" endcolumn="32" endline="27" loc="27.32:27.32"/></token><token kind="IDENTIFIER" lexeme="seconds"><location begcolumn="34" begline="27" endcolumn="40" endline="27" loc="27.34:27.40"/></token><token kind="COL" lexeme=":"><location begcolumn="41" begline="27" endcolumn="41" endline="27" loc="27.41:27.41"/></token><token kind="INT" lexeme="int"><location begcolumn="42" begline="27" endcolumn="44" endline="27" loc="27.42:27.44"/></token><token kind="RBRACKET" lexeme=")"><location begcolumn="45" begline="27" endcolumn="45" endline="27" loc="27.45:27.45"/></token><token kind="IDENTIFIER" lexeme="this_time"><location begcolumn="9" begline="29" endcolumn="17" endline="29" loc="29.9:29.17"/></token><token kind="LBRACKET" lexeme="("><location begcolumn="18" begline="29" endcolumn="18" endline="29" loc="29.18:29.18"/></token><token kind="IDENTIFIER" lexeme="right_now"><location begcolumn="19" begline="29" endcolumn="27" endline="29" loc="29.19:29.27"/></token><token kind="COL" lexeme=":"><location begcolumn="28" begline="29" endcolumn="28" endline="29" loc="29.28:29.28"/></token><token kind="POWER" lexeme="^"><location begcolumn="29" begline="29" endcolumn="29" endline="29" loc="29.29:29.29"/></token><token kind="IDENTIFIER" lexeme="timestamp"><location begcolumn="30" begline="29" endcolumn="38" endline="29" loc="29.30:29.38"/></token><token kind="RBRACKET" lexeme=")"><location begcolumn="39" begline="29" endcolumn="39" endline="29" loc="29.39:29.39"/></token><token kind="COL" lexeme=":"><location begcolumn="40" begline="29" endcolumn="40" endline="29" loc="29.40:29.40"/></token><token kind="POWER" lexeme="^"><location begcolumn="41" begline="29" endcolumn="41" endline="29" loc="29.41:29.41"/></token><token kind="IDENTIFIER" lexeme="time"><location begcolumn="42" begline="29" endcolumn="45" endline="29" loc="29.42:29.45"/></token><token kind="ASSIGN" lexeme="="><location begcolumn="46" begline="29" endcolumn="46" endline="29" loc="29.46:29.46"/></token><token kind="LCURLY" lexeme="{"><location begcolumn="47" begline="29" endcolumn="47" endline="29" loc="29.47:29.47"/></token><token kind="IDENTIFIER" lexeme="returned"><location begcolumn="17" begline="30" endcolumn="24" endline="30" loc="30.17:30.24"/></token><token kind="ASSIGN" lexeme="="><location begcolumn="26" begline="30" endcolumn="26" endline="30" loc="30.26:30.26"/></token><token kind="IDENTIFIER" lexeme="return_time"><location begcolumn="28" begline="30" endcolumn="38" endline="30" loc="30.28:30.38"/></token><token kind="LBRACKET" lexeme="("><location begcolumn="39" begline="30" endcolumn="39" endline="30" loc="30.39:30.39"/></token><token kind="RBRACKET" lexeme=")"><location begcolumn="40" begline="30" endcolumn="40" endline="30" loc="30.40:30.40"/></token><token kind="SEMICOL" lexeme=";"><location begcolumn="41" begline="30" endcolumn="41" endline="30" loc="30.41:30.41"/></token><token kind="IDENTIFIER" lexeme="returned"><location begcolumn="17" begline="31" endcolumn="24" endline="31" loc="31.17:31.24"/></token><token kind="POWER" lexeme="^"><location begcolumn="25" begline="31" endcolumn="25" endline="31" loc="31.25:31.25"/></token><token kind="DOT" lexeme="."><location begcolumn="26" begline="31" endcolumn="26" endline="31" loc="31.26:31.26"/></token><token kind="IDENTIFIER" lexeme="hour"><location begcolumn="27" begline="31" endcolumn="30" endline="31" loc="31.27:31.30"/></token><token kind="ASSIGN" lexeme="="><location begcolumn="32" begline="31" endcolumn="32" endline="31" loc="31.32:31.32"/></token><token kind="IDENTIFIER" lexeme="returned"><location begcolumn="34" begline="31" endcolumn="41" endline="31" loc="31.34:31.41"/></token><token kind="POWER" lexeme="^"><location begcolumn="42" begline="31" endcolumn="42" endline="31" loc="31.42:31.42"/></token><token kind="DOT" lexeme="."><location begcolumn="43" begline="31" endcolumn="43" endline="31" loc="31.43:31.43"/></token><token kind="IDENTIFIER" lexeme="hour"><location begcolumn="44" begline="31" endcolumn="47" endline="31" loc="31.44:31.47"/></token><token kind="PLUS" lexeme="+"><location begcolumn="49" begline="31" endcolumn="49" endline="31" loc="31.49:31.49"/></token><token kind="IDENTIFIER" lexeme="right_now"><location begcolumn="51" begline="31" endcolumn="59" endline="31" loc="31.51:31.59"/></token><token kind="POWER" lexeme="^"><location begcolumn="60" begline="31" endcolumn="60" endline="31" loc="31.60:31.60"/></token><token kind="DOT" lexeme="."><location begcolumn="61" begline="31" endcolumn="61" endline="31" loc="31.61:31.61"/></token><token kind="IDENTIFIER" lexeme="diff"><location begcolumn="62" begline="31" endcolumn="65" endline="31" loc="31.62:31.65"/></token><token kind="SEMICOL" lexeme=";"><location begcolumn="66" begline="31" endcolumn="66" endline="31" loc="31.66:31.66"/></token><token kind="IDENTIFIER" lexeme="returned"><location begcolumn="17" begline="32" endcolumn="24" endline="32" loc="32.17:32.24"/></token><token kind="POWER" lexeme="^"><location begcolumn="25" begline="32" endcolumn="25" endline="32" loc="32.25:32.25"/></token><token kind="DOT" lexeme="."><location begcolumn="26" begline="32" endcolumn="26" endline="32" loc="32.26:32.26"/></token><token kind="IDENTIFIER" lexeme="min"><location begcolumn="27" begline="32" endcolumn="29" endline="32" loc="32.27:32.29"/></token><token kind="ASSIGN" lexeme="="><location begcolumn="31" begline="32" endcolumn="31" endline="32" loc="32.31:32.31"/></token><token kind="IDENTIFIER" lexeme="returned"><location begcolumn="33" begline="32" endcolumn="40" endline="32" loc="32.33:32.40"/></token><token kind="POWER" lexeme="^"><location begcolumn="41" begline="32" endcolumn="41" endline="32" loc="32.41:32.41"/></token><token kind="DOT" lexeme="."><location begcolumn="42" begline="32" endcolumn="42" endline="32" loc="32.42:32.42"/></token><token kind="IDENTIFIER" lexeme="min"><location begcolumn="43" begline="32" endcolumn="45" endline="32" loc="32.43:32.45"/></token><token kind="PLUS" lexeme="+"><location begcolumn="47" begline="32" endcolumn="47" endline="32" loc="32.47:32.47"/></token><token kind="IDENTIFIER" lexeme="right_now"><location begcolumn="49" begline="32" endcolumn="57" endline="32" loc="32.49:32.57"/></token><token kind="POWER" lexeme="^"><location begcolumn="58" begline="32" endcolumn="58" endline="32" loc="32.58:32.58"/></token><token kind="DOT" lexeme="."><location begcolumn="59" begline="32" endcolumn="59" endline="32" loc="32.59:32.59"/></token><token kind="IDENTIFIER" lexeme="diff"><location begcolumn="60" begline="32" endcolumn="63" endline="32" loc="32.60:32.63"/></token><token kind="SEMICOL" lexeme=";"><location begcolumn="64" begline="32" endcolumn="64" endline="32" loc="32.64:32.64"/></token><token kind="IDENTIFIER" lexeme="returned"><location begcolumn="17" begline="33" endcolumn="24" endline="33" loc="33.17:33.24"/></token><token kind="POWER" lexeme="^"><location begcolumn="25" begline="33" endcolumn="25" endline="33" loc="33.25:33.25"/></token><token kind="DOT" lexeme="."><location begcolumn="26" begline="33" endcolumn="26" endline="33" loc="33.26:33.26"/></token><token kind="IDENTIFIER" lexeme="seconds"><location begcolumn="27" begline="33" endcolumn="33" endline="33" loc="33.27:33.33"/></token><token kind="ASSIGN" lexeme="="><location begcolumn="35" begline="33" endcolumn="35" endline="33" loc="33.35:33.35"/></token><token kind="IDENTIFIER" lexeme="returned"><location begcolumn="37" begline="33" endcolumn="44" endline="33" loc="33.37:33.44"/></token><token kind="POWER" lexeme="^"><location begcolumn="45" begline="33" endcolumn="45" endline="33" loc="33.45:33.45"/></token><token kind="DOT" lexeme="."><location begcolumn="46" begline="33" endcolumn="46" endline="33" loc="33.46:33.46"/></token><token kind="IDENTIFIER" lexeme="seconds"><location begcolumn="47" begline="33" endcolumn="53" endline="33" loc="33.47:33.53"/></token><token kind="PLUS" lexeme="+"><location begcolumn="55" begline="33" endcolumn="55" endline="33" loc="33.55:33.55"/></token><token kind="IDENTIFIER" lexeme="right_now"><location begcolumn="57" begline="33" endcolumn="65" endline="33" loc="33.57:33.65"/></token><token kind="POWER" lexeme="^"><location begcolumn="66" begline="33" endcolumn="66" endline="33" loc="33.66:33.66"/></token><token kind="DOT" lexeme="."><location begcolumn="67" begline="33" endcolumn="67" endline="33" loc="33.67:33.67"/></token><token kind="IDENTIFIER" lexeme="diff"><location begcolumn="68" begline="33" endcolumn="71" endline="33" loc="33.68:33.71"/></token><token kind="SEMICOL" lexeme=";"><location begcolumn="72" begline="33" endcolumn="72" endline="33" loc="33.72:33.72"/></token><token kind="RETURN" lexeme="return"><location begcolumn="17" begline="34" endcolumn="22" endline="34" loc="34.17:34.22"/></token><token kind="IDENTIFIER" lexeme="returned"><location begcolumn="24" begline="34" endcolumn="31" endline="34" loc="34.24:34.31"/></token><token kind="SEMICOL" lexeme=";"><location begcolumn="32" begline="34" endcolumn="32" endline="34" loc="34.32:34.32"/></token><token kind="RCURLY" lexeme="}"><location begcolumn="9" begline="35" endcolumn="9" endline="35" loc="35.9:35.9"/></token><token kind="LCURLY" lexeme="{"><location begcolumn="10" begline="35" endcolumn="10" endline="35" loc="35.10:35.10"/></token><token kind="IDENTIFIER" lexeme="time"><location begcolumn="17" begline="36" endcolumn="20" endline="36" loc="36.17:36.20"/></token><token kind="ASSIGN" lexeme="="><location begcolumn="21" begline="36" endcolumn="21" endline="36" loc="36.21:36.21"/></token><token kind="LBRACKET" lexeme="("><location begcolumn="22" begline="36" endcolumn="22" endline="36" loc="36.22:36.22"/></token><token kind="IDENTIFIER" lexeme="hour"><location begcolumn="23" begline="36" endcolumn="26" endline="36" loc="36.23:36.26"/></token><token kind="COL" lexeme=":"><location begcolumn="27" begline="36" endcolumn="27" endline="36" loc="36.27:36.27"/></token><token kind="INT" lexeme="int"><location begcolumn="28" begline="36" endcolumn="30" endline="36" loc="36.28:36.30"/></token><token kind="COMMA" lexeme=","><location begcolumn="31" begline="36" endcolumn="31" endline="36" loc="36.31:36.31"/></token><token kind="IDENTIFIER" lexeme="min"><location begcolumn="33" begline="36" endcolumn="35" endline="36" loc="36.33:36.35"/></token><token kind="COL" lexeme=":"><location begcolumn="36" begline="36" endcolumn="36" endline="36" loc="36.36:36.36"/></token><token kind="INT" lexeme="int"><location begcolumn="37" begline="36" endcolumn="39" endline="36" loc="36.37:36.39"/></token><token kind="COMMA" lexeme=","><location begcolumn="40" begline="36" endcolumn="40" endline="36" loc="36.40:36.40"/></token><token kind="IDENTIFIER" lexeme="seconds"><location begcolumn="42" begline="36" endcolumn="48" endline="36" loc="36.42:36.48"/></token><token kind="COL" lexeme=":"><location begcolumn="49" begline="36" endcolumn="49" endline="36" loc="36.49:36.49"/></token><token kind="INT" lexeme="int"><location begcolumn="50" begline="36" endcolumn="52" endline="36" loc="36.50:36.52"/></token><token kind="RBRACKET" lexeme=")"><location begcolumn="53" begline="36" endcolumn="53" endline="36" loc="36.53:36.53"/></token><token kind="IDENTIFIER" lexeme="returned"><location begcolumn="17" begline="37" endcolumn="24" endline="37" loc="37.17:37.24"/></token><token kind="COL" lexeme=":"><location begcolumn="25" begline="37" endcolumn="25" endline="37" loc="37.25:37.25"/></token><token kind="POWER" lexeme="^"><location begcolumn="26" begline="37" endcolumn="26" endline="37" loc="37.26:37.26"/></token><token kind="IDENTIFIER" lexeme="time"><location begcolumn="27" begline="37" endcolumn="30" endline="37" loc="37.27:37.30"/></token><token kind="IDENTIFIER" lexeme="return_time"><location begcolumn="17" begline="38" endcolumn="27" endline="38" loc="38.17:38.27"/></token><token kind="LBRACKET" lexeme="("><location begcolumn="28" begline="38" endcolumn="28" endline="38" loc="38.28:38.28"/></token><token kind="RBRACKET" lexeme=")"><location begcolumn="29" begline="38" endcolumn="29" endline="38" loc="38.29:38.29"/></token><token kind="COL" lexeme=":"><location begcolumn="30" begline="38" endcolumn="30" endline="38" loc="38.30:38.30"/></token><token kind="POWER" lexeme="^"><location begcolumn="31" begline="38" endcolumn="31" endline="38" loc="38.31:38.31"/></token><token kind="IDENTIFIER" lexeme="time"><location begcolumn="32" begline="38" endcolumn="35" endline="38" loc="38.32:38.35"/></token><token kind="ASSIGN" lexeme="="><location begcolumn="37" begline="38" endcolumn="37" endline="38" loc="38.37:38.37"/></token><token kind="LCURLY" lexeme="{"><location begcolumn="39" begline="38" endcolumn="39" endline="38" loc="38.39:38.39"/></token><token kind="IDENTIFIER" lexeme="curr"><location begcolumn="25" begline="39" endcolumn="28" endline="39" loc="39.25:39.28"/></token><token kind="DOT" lexeme="."><location begcolumn="29" begline="39" endcolumn="29" endline="39" loc="39.29:39.29"/></token><token kind="IDENTIFIER" lexeme="hour"><location begcolumn="30" begline="39" endcolumn="33" endline="39" loc="39.30:39.33"/></token><token kind="ASSIGN" lexeme="="><location begcolumn="35" begline="39" endcolumn="35" endline="39" loc="39.35:39.35"/></token><token kind="INT_CONST" lexeme="11"><location begcolumn="37" begline="39" endcolumn="38" endline="39" loc="39.37:39.38"/></token><token kind="SEMICOL" lexeme=";"><location begcolumn="39" begline="39" endcolumn="39" endline="39" loc="39.39:39.39"/></token><token kind="IDENTIFIER" lexeme="curr"><location begcolumn="25" begline="40" endcolumn="28" endline="40" loc="40.25:40.28"/></token><token kind="DOT" lexeme="."><location begcolumn="29" begline="40" endcolumn="29" endline="40" loc="40.29:40.29"/></token><token kind="IDENTIFIER" lexeme="min"><location begcolumn="30" begline="40" endcolumn="32" endline="40" loc="40.30:40.32"/></token><token kind="ASSIGN" lexeme="="><location begcolumn="34" begline="40" endcolumn="34" endline="40" loc="40.34:40.34"/></token><token kind="INT_CONST" lexeme="11"><location begcolumn="36" begline="40" endcolumn="37" endline="40" loc="40.36:40.37"/></token><token kind="SEMICOL" lexeme=";"><location begcolumn="38" begline="40" endcolumn="38" endline="40" loc="40.38:40.38"/></token><token kind="IDENTIFIER" lexeme="curr"><location begcolumn="25" begline="41" endcolumn="28" endline="41" loc="41.25:41.28"/></token><token kind="DOT" lexeme="."><location begcolumn="29" begline="41" endcolumn="29" endline="41" loc="41.29:41.29"/></token><token kind="IDENTIFIER" lexeme="seconds"><location begcolumn="30" begline="41" endcolumn="36" endline="41" loc="41.30:41.36"/></token><token kind="ASSIGN" lexeme="="><location begcolumn="38" begline="41" endcolumn="38" endline="41" loc="41.38:41.38"/></token><token kind="INT_CONST" lexeme="11"><location begcolumn="40" begline="41" endcolumn="41" endline="41" loc="41.40:41.41"/></token><token kind="SEMICOL" lexeme=";"><location begcolumn="42" begline="41" endcolumn="42" endline="41" loc="41.42:41.42"/></token><token kind="RETURN" lexeme="return"><location begcolumn="25" begline="42" endcolumn="30" endline="42" loc="42.25:42.30"/></token><token kind="POWER" lexeme="^"><location begcolumn="32" begline="42" endcolumn="32" endline="42" loc="42.32:42.32"/></token><token kind="IDENTIFIER" lexeme="curr"><location begcolumn="33" begline="42" endcolumn="36" endline="42" loc="42.33:42.36"/></token><token kind="SEMICOL" lexeme=";"><location begcolumn="37" begline="42" endcolumn="37" endline="42" loc="42.37:42.37"/></token><token kind="RCURLY" lexeme="}"><location begcolumn="17" begline="43" endcolumn="17" endline="43" loc="43.17:43.17"/></token><token kind="LCURLY" lexeme="{"><location begcolumn="18" begline="43" endcolumn="18" endline="43" loc="43.18:43.18"/></token><token kind="IDENTIFIER" lexeme="time"><location begcolumn="19" begline="43" endcolumn="22" endline="43" loc="43.19:43.22"/></token><token kind="ASSIGN" lexeme="="><location begcolumn="23" begline="43" endcolumn="23" endline="43" loc="43.23:43.23"/></token><token kind="LCURLY" lexeme="{"><location begcolumn="24" begline="43" endcolumn="24" endline="43" loc="43.24:43.24"/></token><token kind="IDENTIFIER" lexeme="hour"><location begcolumn="25" begline="43" endcolumn="28" endline="43" loc="43.25:43.28"/></token><token kind="COL" lexeme=":"><location begcolumn="29" begline="43" endcolumn="29" endline="43" loc="43.29:43.29"/></token><token kind="INT" lexeme="int"><location begcolumn="30" begline="43" endcolumn="32" endline="43" loc="43.30:43.32"/></token><token kind="COMMA" lexeme=","><location begcolumn="33" begline="43" endcolumn="33" endline="43" loc="43.33:43.33"/></token><token kind="IDENTIFIER" lexeme="min"><location begcolumn="35" begline="43" endcolumn="37" endline="43" loc="43.35:43.37"/></token><token kind="COL" lexeme=":"><location begcolumn="38" begline="43" endcolumn="38" endline="43" loc="43.38:43.38"/></token><token kind="INT" lexeme="int"><location begcolumn="39" begline="43" endcolumn="41" endline="43" loc="43.39:43.41"/></token><token kind="COMMA" lexeme=","><location begcolumn="42" begline="43" endcolumn="42" endline="43" loc="43.42:43.42"/></token><token kind="IDENTIFIER" lexeme="seconds"><location begcolumn="44" begline="43" endcolumn="50" endline="43" loc="43.44:43.50"/></token><token kind="COL" lexeme=":"><location begcolumn="51" begline="43" endcolumn="51" endline="43" loc="43.51:43.51"/></token><token kind="INT" lexeme="int"><location begcolumn="52" begline="43" endcolumn="54" endline="43" loc="43.52:43.54"/></token><token kind="RCURLY" lexeme="}"><location begcolumn="55" begline="43" endcolumn="55" endline="43" loc="43.55:43.55"/></token><token kind="IDENTIFIER" lexeme="curr"><location begcolumn="57" begline="43" endcolumn="60" endline="43" loc="43.57:43.60"/></token><token kind="COL" lexeme=":"><location begcolumn="61" begline="43" endcolumn="61" endline="43" loc="43.61:43.61"/></token><token kind="IDENTIFIER" lexeme="time"><location begcolumn="62" begline="43" endcolumn="65" endline="43" loc="43.62:43.65"/></token><token kind="RCURLY" lexeme="}"><location begcolumn="66" begline="43" endcolumn="66" endline="43" loc="43.66:43.66"/></token><token kind="RCURLY" lexeme="}"><location begcolumn="9" begline="44" endcolumn="9" endline="44" loc="44.9:44.9"/></token><token kind="RCURLY" lexeme="}"><location begcolumn="1" begline="45" endcolumn="1" endline="45" loc="45.1:45.1"/></token><token kind="IDENTIFIER" lexeme="get_curr_timestamp"><location begcolumn="1" begline="47" endcolumn="18" endline="47" loc="47.1:47.18"/></token><token kind="LBRACKET" lexeme="("><location begcolumn="19" begline="47" endcolumn="19" endline="47" loc="47.19:47.19"/></token><token kind="RBRACKET" lexeme=")"><location begcolumn="20" begline="47" endcolumn="20" endline="47" loc="47.20:47.20"/></token><token kind="COL" lexeme=":"><location begcolumn="21" begline="47" endcolumn="21" endline="47" loc="47.21:47.21"/></token><token kind="POWER" lexeme="^"><location begcolumn="22" begline="47" endcolumn="22" endline="47" loc="47.22:47.22"/></token><token kind="IDENTIFIER" lexeme="timestamp"><location begcolumn="23" begline="47" endcolumn="31" endline="47" loc="47.23:47.31"/></token><token kind="ASSIGN" lexeme="="><location begcolumn="33" begline="47" endcolumn="33" endline="47" loc="47.33:47.33"/></token><token kind="LCURLY" lexeme="{"><location begcolumn="35" begline="47" endcolumn="35" endline="47" loc="47.35:47.35"/></token><token kind="IDENTIFIER" lexeme="now"><location begcolumn="9" begline="48" endcolumn="11" endline="48" loc="48.9:48.11"/></token><token kind="DOT" lexeme="."><location begcolumn="12" begline="48" endcolumn="12" endline="48" loc="48.12:48.12"/></token><token kind="IDENTIFIER" lexeme="timezone"><location begcolumn="13" begline="48" endcolumn="20" endline="48" loc="48.13:48.20"/></token><token kind="LSQUARE" lexeme="["><location begcolumn="21" begline="48" endcolumn="21" endline="48" loc="48.21:48.21"/></token><token kind="INT_CONST" lexeme="0"><location begcolumn="22" begline="48" endcolumn="22" endline="48" loc="48.22:48.22"/></token><token kind="RSQUARE" lexeme="]"><location begcolumn="23" begline="48" endcolumn="23" endline="48" loc="48.23:48.23"/></token><token kind="ASSIGN" lexeme="="><location begcolumn="24" begline="48" endcolumn="24" endline="48" loc="48.24:48.24"/></token><token kind="CHAR_LIT" lexeme="'g'"><location begcolumn="25" begline="48" endcolumn="27" endline="48" loc="48.25:48.27"/></token><token kind="SEMICOL" lexeme=";"><location begcolumn="28" begline="48" endcolumn="28" endline="48" loc="48.28:48.28"/></token><token kind="IDENTIFIER" lexeme="now"><location begcolumn="9" begline="49" endcolumn="11" endline="49" loc="49.9:49.11"/></token><token kind="DOT" lexeme="."><location begcolumn="12" begline="49" endcolumn="12" endline="49" loc="49.12:49.12"/></token><token kind="IDENTIFIER" lexeme="timezone"><location begcolumn="13" begline="49" endcolumn="20" endline="49" loc="49.13:49.20"/></token><token kind="LSQUARE" lexeme="["><location begcolumn="21" begline="49" endcolumn="21" endline="49" loc="49.21:49.21"/></token><token kind="INT_CONST" lexeme="1"><location begcolumn="22" begline="49" endcolumn="22" endline="49" loc="49.22:49.22"/></token><token kind="RSQUARE" lexeme="]"><location begcolumn="23" begline="49" endcolumn="23" endline="49" loc="49.23:49.23"/></token><token kind="ASSIGN" lexeme="="><location begcolumn="24" begline="49" endcolumn="24" endline="49" loc="49.24:49.24"/></token><token kind="CHAR_LIT" lexeme="'m'"><location begcolumn="25" begline="49" endcolumn="27" endline="49" loc="49.25:49.27"/></token><token kind="SEMICOL" lexeme=";"><location begcolumn="28" begline="49" endcolumn="28" endline="49" loc="49.28:49.28"/></token><token kind="IDENTIFIER" lexeme="now"><location begcolumn="9" begline="50" endcolumn="11" endline="50" loc="50.9:50.11"/></token><token kind="DOT" lexeme="."><location begcolumn="12" begline="50" endcolumn="12" endline="50" loc="50.12:50.12"/></token><token kind="IDENTIFIER" lexeme="timezone"><location begcolumn="13" begline="50" endcolumn="20" endline="50" loc="50.13:50.20"/></token><token kind="LSQUARE" lexeme="["><location begcolumn="21" begline="50" endcolumn="21" endline="50" loc="50.21:50.21"/></token><token kind="INT_CONST" lexeme="2"><location begcolumn="22" begline="50" endcolumn="22" endline="50" loc="50.22:50.22"/></token><token kind="RSQUARE" lexeme="]"><location begcolumn="23" begline="50" endcolumn="23" endline="50" loc="50.23:50.23"/></token><token kind="ASSIGN" lexeme="="><location begcolumn="24" begline="50" endcolumn="24" endline="50" loc="50.24:50.24"/></token><token kind="CHAR_LIT" lexeme="'t'"><location begcolumn="25" begline="50" endcolumn="27" endline="50" loc="50.25:50.27"/></token><token kind="SEMICOL" lexeme=";"><location begcolumn="28" begline="50" endcolumn="28" endline="50" loc="50.28:50.28"/></token><token kind="IDENTIFIER" lexeme="now"><location begcolumn="9" begline="51" endcolumn="11" endline="51" loc="51.9:51.11"/></token><token kind="DOT" lexeme="."><location begcolumn="12" begline="51" endcolumn="12" endline="51" loc="51.12:51.12"/></token><token kind="IDENTIFIER" lexeme="timezone"><location begcolumn="13" begline="51" endcolumn="20" endline="51" loc="51.13:51.20"/></token><token kind="LSQUARE" lexeme="["><location begcolumn="21" begline="51" endcolumn="21" endline="51" loc="51.21:51.21"/></token><token kind="INT_CONST" lexeme="3"><location begcolumn="22" begline="51" endcolumn="22" endline="51" loc="51.22:51.22"/></token><token kind="RSQUARE" lexeme="]"><location begcolumn="23" begline="51" endcolumn="23" endline="51" loc="51.23:51.23"/></token><token kind="ASSIGN" lexeme="="><location begcolumn="24" begline="51" endcolumn="24" endline="51" loc="51.24:51.24"/></token><token kind="CHAR_LIT" lexeme="'+'"><location begcolumn="25" begline="51" endcolumn="27" endline="51" loc="51.25:51.27"/></token><token kind="SEMICOL" lexeme=";"><location begcolumn="28" begline="51" endcolumn="28" endline="51" loc="51.28:51.28"/></token><token kind="IDENTIFIER" lexeme="now"><location begcolumn="9" begline="52" endcolumn="11" endline="52" loc="52.9:52.11"/></token><token kind="DOT" lexeme="."><location begcolumn="12" begline="52" endcolumn="12" endline="52" loc="52.12:52.12"/></token><token kind="IDENTIFIER" lexeme="timezone"><location begcolumn="13" begline="52" endcolumn="20" endline="52" loc="52.13:52.20"/></token><token kind="LSQUARE" lexeme="["><location begcolumn="21" begline="52" endcolumn="21" endline="52" loc="52.21:52.21"/></token><token kind="INT_CONST" lexeme="4"><location begcolumn="22" begline="52" endcolumn="22" endline="52" loc="52.22:52.22"/></token><token kind="RSQUARE" lexeme="]"><location begcolumn="23" begline="52" endcolumn="23" endline="52" loc="52.23:52.23"/></token><token kind="ASSIGN" lexeme="="><location begcolumn="24" begline="52" endcolumn="24" endline="52" loc="52.24:52.24"/></token><token kind="CHAR_LIT" lexeme="'1'"><location begcolumn="25" begline="52" endcolumn="27" endline="52" loc="52.25:52.27"/></token><token kind="SEMICOL" lexeme=";"><location begcolumn="28" begline="52" endcolumn="28" endline="52" loc="52.28:52.28"/></token><token kind="IDENTIFIER" lexeme="now"><location begcolumn="9" begline="53" endcolumn="11" endline="53" loc="53.9:53.11"/></token><token kind="DOT" lexeme="."><location begcolumn="12" begline="53" endcolumn="12" endline="53" loc="53.12:53.12"/></token><token kind="IDENTIFIER" lexeme="hour"><location begcolumn="13" begline="53" endcolumn="16" endline="53" loc="53.13:53.16"/></token><token kind="ASSIGN" lexeme="="><location begcolumn="17" begline="53" endcolumn="17" endline="53" loc="53.17:53.17"/></token><token kind="INT_CONST" lexeme="12"><location begcolumn="18" begline="53" endcolumn="19" endline="53" loc="53.18:53.19"/></token><token kind="SEMICOL" lexeme=";"><location begcolumn="20" begline="53" endcolumn="20" endline="53" loc="53.20:53.20"/></token><token kind="IDENTIFIER" lexeme="now"><location begcolumn="9" begline="54" endcolumn="11" endline="54" loc="54.9:54.11"/></token><token kind="DOT" lexeme="."><location begcolumn="12" begline="54" endcolumn="12" endline="54" loc="54.12:54.12"/></token><token kind="IDENTIFIER" lexeme="min"><location begcolumn="13" begline="54" endcolumn="15" endline="54" loc="54.13:54.15"/></token><token kind="ASSIGN" lexeme="="><location begcolumn="16" begline="54" endcolumn="16" endline="54" loc="54.16:54.16"/></token><token kind="INT_CONST" lexeme="20"><location begcolumn="17" begline="54" endcolumn="18" endline="54" loc="54.17:54.18"/></token><token kind="SEMICOL" lexeme=";"><location begcolumn="19" begline="54" endcolumn="19" endline="54" loc="54.19:54.19"/></token><token kind="IDENTIFIER" lexeme="now"><location begcolumn="9" begline="55" endcolumn="11" endline="55" loc="55.9:55.11"/></token><token kind="DOT" lexeme="."><location begcolumn="12" begline="55" endcolumn="12" endline="55" loc="55.12:55.12"/></token><token kind="IDENTIFIER" lexeme="seconds"><location begcolumn="13" begline="55" endcolumn="19" endline="55" loc="55.13:55.19"/></token><token kind="ASSIGN" lexeme="="><location begcolumn="20" begline="55" endcolumn="20" endline="55" loc="55.20:55.20"/></token><token kind="INT_CONST" lexeme="00"><location begcolumn="21" begline="55" endcolumn="22" endline="55" loc="55.21:55.22"/></token><token kind="SEMICOL" lexeme=";"><location begcolumn="23" begline="55" endcolumn="23" endline="55" loc="55.23:55.23"/></token><token kind="IDENTIFIER" lexeme="now"><location begcolumn="9" begline="56" endcolumn="11" endline="56" loc="56.9:56.11"/></token><token kind="DOT" lexeme="."><location begcolumn="12" begline="56" endcolumn="12" endline="56" loc="56.12:56.12"/></token><token kind="IDENTIFIER" lexeme="date"><location begcolumn="13" begline="56" endcolumn="16" endline="56" loc="56.13:56.16"/></token><token kind="LSQUARE" lexeme="["><location begcolumn="17" begline="56" endcolumn="17" endline="56" loc="56.17:56.17"/></token><token kind="INT_CONST" lexeme="0"><location begcolumn="18" begline="56" endcolumn="18" endline="56" loc="56.18:56.18"/></token><token kind="RSQUARE" lexeme="]"><location begcolumn="19" begline="56" endcolumn="19" endline="56" loc="56.19:56.19"/></token><token kind="ASSIGN" lexeme="="><location begcolumn="20" begline="56" endcolumn="20" endline="56" loc="56.20:56.20"/></token><token kind="CHAR_LIT" lexeme="'1'"><location begcolumn="21" begline="56" endcolumn="23" endline="56" loc="56.21:56.23"/></token><token kind="SEMICOL" lexeme=";"><location begcolumn="24" begline="56" endcolumn="24" endline="56" loc="56.24:56.24"/></token><token kind="IDENTIFIER" lexeme="now"><location begcolumn="9" begline="57" endcolumn="11" endline="57" loc="57.9:57.11"/></token><token kind="DOT" lexeme="."><location begcolumn="12" begline="57" endcolumn="12" endline="57" loc="57.12:57.12"/></token><token kind="IDENTIFIER" lexeme="date"><location begcolumn="13" begline="57" endcolumn="16" endline="57" loc="57.13:57.16"/></token><token kind="LSQUARE" lexeme="["><location begcolumn="17" begline="57" endcolumn="17" endline="57" loc="57.17:57.17"/></token><token kind="INT_CONST" lexeme="1"><location begcolumn="18" begline="57" endcolumn="18" endline="57" loc="57.18:57.18"/></token><token kind="RSQUARE" lexeme="]"><location begcolumn="19" begline="57" endcolumn="19" endline="57" loc="57.19:57.19"/></token><token kind="ASSIGN" lexeme="="><location begcolumn="20" begline="57" endcolumn="20" endline="57" loc="57.20:57.20"/></token><token kind="CHAR_LIT" lexeme="'.'"><location begcolumn="21" begline="57" endcolumn="23" endline="57" loc="57.21:57.23"/></token><token kind="SEMICOL" lexeme=";"><location begcolumn="24" begline="57" endcolumn="24" endline="57" loc="57.24:57.24"/></token><token kind="IDENTIFIER" lexeme="now"><location begcolumn="9" begline="58" endcolumn="11" endline="58" loc="58.9:58.11"/></token><token kind="DOT" lexeme="."><location begcolumn="12" begline="58" endcolumn="12" endline="58" loc="58.12:58.12"/></token><token kind="IDENTIFIER" lexeme="date"><location begcolumn="13" begline="58" endcolumn="16" endline="58" loc="58.13:58.16"/></token><token kind="LSQUARE" lexeme="["><location begcolumn="17" begline="58" endcolumn="17" endline="58" loc="58.17:58.17"/></token><token kind="INT_CONST" lexeme="2"><location begcolumn="18" begline="58" endcolumn="18" endline="58" loc="58.18:58.18"/></token><token kind="RSQUARE" lexeme="]"><location begcolumn="19" begline="58" endcolumn="19" endline="58" loc="58.19:58.19"/></token><token kind="ASSIGN" lexeme="="><location begcolumn="20" begline="58" endcolumn="20" endline="58" loc="58.20:58.20"/></token><token kind="CHAR_LIT" lexeme="'2'"><location begcolumn="21" begline="58" endcolumn="23" endline="58" loc="58.21:58.23"/></token><token kind="SEMICOL" lexeme=";"><location begcolumn="24" begline="58" endcolumn="24" endline="58" loc="58.24:58.24"/></token><token kind="IDENTIFIER" lexeme="now"><location begcolumn="9" begline="59" endcolumn="11" endline="59" loc="59.9:59.11"/></token><token kind="DOT" lexeme="."><location begcolumn="12" begline="59" endcolumn="12" endline="59" loc="59.12:59.12"/></token><token kind="IDENTIFIER" lexeme="date"><location begcolumn="13" begline="59" endcolumn="16" endline="59" loc="59.13:59.16"/></token><token kind="LSQUARE" lexeme="["><location begcolumn="17" begline="59" endcolumn="17" endline="59" loc="59.17:59.17"/></token><token kind="INT_CONST" lexeme="3"><location begcolumn="18" begline="59" endcolumn="18" endline="59" loc="59.18:59.18"/></token><token kind="RSQUARE" lexeme="]"><location begcolumn="19" begline="59" endcolumn="19" endline="59" loc="59.19:59.19"/></token><token kind="ASSIGN" lexeme="="><location begcolumn="20" begline="59" endcolumn="20" endline="59" loc="59.20:59.20"/></token><token kind="CHAR_LIT" lexeme="'.'"><location begcolumn="21" begline="59" endcolumn="23" endline="59" loc="59.21:59.23"/></token><token kind="SEMICOL" lexeme=";"><location begcolumn="24" begline="59" endcolumn="24" endline="59" loc="59.24:59.24"/></token><token kind="IDENTIFIER" lexeme="now"><location begcolumn="9" begline="60" endcolumn="11" endline="60" loc="60.9:60.11"/></token><token kind="DOT" lexeme="."><location begcolumn="12" begline="60" endcolumn="12" endline="60" loc="60.12:60.12"/></token><token kind="IDENTIFIER" lexeme="date"><location begcolumn="13" begline="60" endcolumn="16" endline="60" loc="60.13:60.16"/></token><token kind="LSQUARE" lexeme="["><location begcolumn="17" begline="60" endcolumn="17" endline="60" loc="60.17:60.17"/></token><token kind="INT_CONST" lexeme="4"><location begcolumn="18" begline="60" endcolumn="18" endline="60" loc="60.18:60.18"/></token><token kind="RSQUARE" lexeme="]"><location begcolumn="19" begline="60" endcolumn="19" endline="60" loc="60.19:60.19"/></token><token kind="ASSIGN" lexeme="="><location begcolumn="20" begline="60" endcolumn="20" endline="60" loc="60.20:60.20"/></token><token kind="CHAR_LIT" lexeme="'2'"><location begcolumn="21" begline="60" endcolumn="23" endline="60" loc="60.21:60.23"/></token><token kind="SEMICOL" lexeme=";"><location begcolumn="24" begline="60" endcolumn="24" endline="60" loc="60.24:60.24"/></token><token kind="IDENTIFIER" lexeme="now"><location begcolumn="9" begline="61" endcolumn="11" endline="61" loc="61.9:61.11"/></token><token kind="DOT" lexeme="."><location begcolumn="12" begline="61" endcolumn="12" endline="61" loc="61.12:61.12"/></token><token kind="IDENTIFIER" lexeme="date"><location begcolumn="13" begline="61" endcolumn="16" endline="61" loc="61.13:61.16"/></token><token kind="LSQUARE" lexeme="["><location begcolumn="17" begline="61" endcolumn="17" endline="61" loc="61.17:61.17"/></token><token kind="INT_CONST" lexeme="5"><location begcolumn="18" begline="61" endcolumn="18" endline="61" loc="61.18:61.18"/></token><token kind="RSQUARE" lexeme="]"><location begcolumn="19" begline="61" endcolumn="19" endline="61" loc="61.19:61.19"/></token><token kind="ASSIGN" lexeme="="><location begcolumn="20" begline="61" endcolumn="20" endline="61" loc="61.20:61.20"/></token><token kind="CHAR_LIT" lexeme="'0'"><location begcolumn="21" begline="61" endcolumn="23" endline="61" loc="61.21:61.23"/></token><token kind="SEMICOL" lexeme=";"><location begcolumn="24" begline="61" endcolumn="24" endline="61" loc="61.24:61.24"/></token><token kind="IDENTIFIER" lexeme="now"><location begcolumn="9" begline="62" endcolumn="11" endline="62" loc="62.9:62.11"/></token><token kind="DOT" lexeme="."><location begcolumn="12" begline="62" endcolumn="12" endline="62" loc="62.12:62.12"/></token><token kind="IDENTIFIER" lexeme="date"><location begcolumn="13" begline="62" endcolumn="16" endline="62" loc="62.13:62.16"/></token><token kind="LSQUARE" lexeme="["><location begcolumn="17" begline="62" endcolumn="17" endline="62" loc="62.17:62.17"/></token><token kind="INT_CONST" lexeme="6"><location begcolumn="18" begline="62" endcolumn="18" endline="62" loc="62.18:62.18"/></token><token kind="RSQUARE" lexeme="]"><location begcolumn="19" begline="62" endcolumn="19" endline="62" loc="62.19:62.19"/></token><token kind="ASSIGN" lexeme="="><location begcolumn="20" begline="62" endcolumn="20" endline="62" loc="62.20:62.20"/></token><token kind="CHAR_LIT" lexeme="'2'"><location begcolumn="21" begline="62" endcolumn="23" endline="62" loc="62.21:62.23"/></token><token kind="SEMICOL" lexeme=";"><location begcolumn="24" begline="62" endcolumn="24" endline="62" loc="62.24:62.24"/></token><token kind="IDENTIFIER" lexeme="now"><location begcolumn="9" begline="63" endcolumn="11" endline="63" loc="63.9:63.11"/></token><token kind="DOT" lexeme="."><location begcolumn="12" begline="63" endcolumn="12" endline="63" loc="63.12:63.12"/></token><token kind="IDENTIFIER" lexeme="date"><location begcolumn="13" begline="63" endcolumn="16" endline="63" loc="63.13:63.16"/></token><token kind="LSQUARE" lexeme="["><location begcolumn="17" begline="63" endcolumn="17" endline="63" loc="63.17:63.17"/></token><token kind="INT_CONST" lexeme="7"><location begcolumn="18" begline="63" endcolumn="18" endline="63" loc="63.18:63.18"/></token><token kind="RSQUARE" lexeme="]"><location begcolumn="19" begline="63" endcolumn="19" endline="63" loc="63.19:63.19"/></token><token kind="ASSIGN" lexeme="="><location begcolumn="20" begline="63" endcolumn="20" endline="63" loc="63.20:63.20"/></token><token kind="CHAR_LIT" lexeme="'4'"><location begcolumn="21" begline="63" endcolumn="23" endline="63" loc="63.21:63.23"/></token><token kind="SEMICOL" lexeme=";"><location begcolumn="24" begline="63" endcolumn="24" endline="63" loc="63.24:63.24"/></token><token kind="RETURN" lexeme="return"><location begcolumn="9" begline="64" endcolumn="14" endline="64" loc="64.9:64.14"/></token><token kind="POWER" lexeme="^"><location begcolumn="16" begline="64" endcolumn="16" endline="64" loc="64.16:64.16"/></token><token kind="IDENTIFIER" lexeme="now"><location begcolumn="17" begline="64" endcolumn="19" endline="64" loc="64.17:64.19"/></token><token kind="SEMICOL" lexeme=";"><location begcolumn="20" begline="64" endcolumn="20" endline="64" loc="64.20:64.20"/></token><token kind="RCURLY" lexeme="}"><location begcolumn="1" begline="65" endcolumn="1" endline="65" loc="65.1:65.1"/></token><token kind="LCURLY" lexeme="{"><location begcolumn="2" begline="65" endcolumn="2" endline="65" loc="65.2:65.2"/></token><token kind="IDENTIFIER" lexeme="now"><location begcolumn="3" begline="65" endcolumn="5" endline="65" loc="65.3:65.5"/></token><token kind="COL" lexeme=":"><location begcolumn="6" begline="65" endcolumn="6" endline="65" loc="65.6:65.6"/></token><token kind="IDENTIFIER" lexeme="timestamp"><location begcolumn="7" begline="65" endcolumn="15" endline="65" loc="65.7:65.15"/></token><token kind="RCURLY" lexeme="}"><location begcolumn="16" begline="65" endcolumn="16" endline="65" loc="65.16:65.16"/></token><token kind="IDENTIFIER" lexeme="recur"><location begcolumn="1" begline="67" endcolumn="5" endline="67" loc="67.1:67.5"/></token><token kind="ASSIGN" lexeme="="><location begcolumn="6" begline="67" endcolumn="6" endline="67" loc="67.6:67.6"/></token><token kind="LBRACKET" lexeme="("><location begcolumn="7" begline="67" endcolumn="7" endline="67" loc="67.7:67.7"/></token><token kind="IDENTIFIER" lexeme="sive"><location begcolumn="9" begline="68" endcolumn="12" endline="68" loc="68.9:68.12"/></token><token kind="COL" lexeme=":"><location begcolumn="13" begline="68" endcolumn="13" endline="68" loc="68.13:68.13"/></token><token kind="LBRACKET" lexeme="("><location begcolumn="14" begline="68" endcolumn="14" endline="68" loc="68.14:68.14"/></token><token kind="IDENTIFIER" lexeme="sive"><location begcolumn="17" begline="69" endcolumn="20" endline="69" loc="69.17:69.20"/></token><token kind="COL" lexeme=":"><location begcolumn="21" begline="69" endcolumn="21" endline="69" loc="69.21:69.21"/></token><token kind="LBRACKET" lexeme="("><location begcolumn="22" begline="69" endcolumn="22" endline="69" loc="69.22:69.22"/></token><token kind="IDENTIFIER" lexeme="sive"><location begcolumn="25" begline="70" endcolumn="28" endline="70" loc="70.25:70.28"/></token><token kind="COL" lexeme=":"><location begcolumn="29" begline="70" endcolumn="29" endline="70" loc="70.29:70.29"/></token><token kind="INT" lexeme="int"><location begcolumn="30" begline="70" endcolumn="32" endline="70" loc="70.30:70.32"/></token><token kind="RBRACKET" lexeme=")"><location begcolumn="17" begline="71" endcolumn="17" endline="71" loc="71.17:71.17"/></token><token kind="RBRACKET" lexeme=")"><location begcolumn="9" begline="72" endcolumn="9" endline="72" loc="72.9:72.9"/></token><token kind="COMMA" lexeme=","><location begcolumn="10" begline="72" endcolumn="10" endline="72" loc="72.10:72.10"/></token><token kind="IDENTIFIER" lexeme="recur"><location begcolumn="9" begline="73" endcolumn="13" endline="73" loc="73.9:73.13"/></token><token kind="COL" lexeme=":"><location begcolumn="14" begline="73" endcolumn="14" endline="73" loc="73.14:73.14"/></token><token kind="LBRACKET" lexeme="("><location begcolumn="15" begline="73" endcolumn="15" endline="73" loc="73.15:73.15"/></token><token kind="IDENTIFIER" lexeme="sive"><location begcolumn="17" begline="74" endcolumn="20" endline="74" loc="74.17:74.20"/></token><token kind="COL" lexeme=":"><location begcolumn="21" begline="74" endcolumn="21" endline="74" loc="74.21:74.21"/></token><token kind="INT" lexeme="int"><location begcolumn="22" begline="74" endcolumn="24" endline="74" loc="74.22:74.24"/></token><token kind="RBRACKET" lexeme=")"><location begcolumn="9" begline="75" endcolumn="9" endline="75" loc="75.9:75.9"/></token><token kind="RBRACKET" lexeme=")"><location begcolumn="1" begline="76" endcolumn="1" endline="76" loc="76.1:76.1"/></token><token kind="IDENTIFIER" lexeme="somevar"><location begcolumn="1" begline="77" endcolumn="7" endline="77" loc="77.1:77.7"/></token><token kind="COL" lexeme=":"><location begcolumn="8" begline="77" endcolumn="8" endline="77" loc="77.8:77.8"/></token><token kind="IDENTIFIER" lexeme="recur"><location begcolumn="9" begline="77" endcolumn="13" endline="77" loc="77.9:77.13"/></token><token kind="EOF" lexeme=""/></lexan>