<?xml version="1.0" encoding="UTF-8" standalone="no"?><?xml-stylesheet type="text/xsl" href="../lib/xsl/imcgen.xsl"?><imcgen><node id="52" label="AstNodes&lt;AstDefn&gt;"><node id="1" label="AstVarDefn" name="x"><location begcolumn="1" begline="1" endcolumn="5" endline="1" loc="1.1:1.5"/><node id="0" label="AstAtomType" name="INT"><location begcolumn="3" begline="1" endcolumn="5" endline="1" loc="1.3:1.5"/><istype><type id="0" label="SemIntType"/></istype></node><oftype><type id="0" label="SemIntType"/></oftype><access label="_x" size="8"/></node><node id="51" label="AstFunDefn" name="main"><location begcolumn="1" begline="3" endcolumn="1" endline="17" loc="3.1:17.1"/><node id="10" label="AstBlockStmt"><location begcolumn="14" begline="3" endcolumn="1" endline="6" loc="3.14:6.1"/><node id="11" label="AstNodes&lt;AstStmt&gt;"><node id="5" label="AstAssignStmt"><location begcolumn="9" begline="4" endcolumn="14" endline="4" loc="4.9:4.14"/><node id="3" label="AstNameExpr" name="a"><location begcolumn="9" begline="4" endcolumn="9" endline="4" loc="4.9:4.9"/><definedat id="13" location="7.9:7.13"/><oftype><type id="0" label="SemIntType"/></oftype><lvalue/><imc instruction="MEM"><imc instruction="BINOP(ADD)"><imc instruction="TEMP(T8)"/><imc instruction="CONST(-8)"/></imc></imc></node><node id="4" label="AstAtomExpr" name="3"><location begcolumn="13" begline="4" endcolumn="13" endline="4" loc="4.13:4.13"/><oftype><type id="0" label="SemIntType"/></oftype><imc instruction="CONST(3)"/></node><oftype><type id="1" label="SemVoidType"/></oftype><imc instruction="MOVE"><imc instruction="MEM"><imc instruction="BINOP(ADD)"><imc instruction="TEMP(T8)"/><imc instruction="CONST(-8)"/></imc></imc><imc instruction="CONST(3)"/></imc></node><node id="9" label="AstReturnStmt"><location begcolumn="9" begline="5" endcolumn="21" endline="5" loc="5.9:5.21"/><node id="8" label="AstCallExpr" name="f1"><location begcolumn="16" begline="5" endcolumn="20" endline="5" loc="5.16:5.20"/><node id="7" label="AstNodes&lt;AstExpr&gt;"><node id="6" label="AstNameExpr" name="a"><location begcolumn="19" begline="5" endcolumn="19" endline="5" loc="5.19:5.19"/><definedat id="13" location="7.9:7.13"/><oftype><type id="0" label="SemIntType"/></oftype><lvalue/><imc instruction="MEM"><imc instruction="BINOP(ADD)"><imc instruction="TEMP(T8)"/><imc instruction="CONST(-8)"/></imc></imc></node></node><definedat id="45" location="9.9:14.9"/><oftype><type id="0" label="SemIntType"/></oftype><imc instruction="CALL(L2)"><imc instruction="TEMP(T8)"/><imc instruction="MEM"><imc instruction="BINOP(ADD)"><imc instruction="TEMP(T8)"/><imc instruction="CONST(-8)"/></imc></imc></imc></node><oftype><type id="1" label="SemVoidType"/></oftype><imc instruction="STMTS"><imc instruction="MOVE"><imc instruction="TEMP(T9)"/><imc instruction="CALL(L2)"><imc instruction="TEMP(T8)"/><imc instruction="MEM"><imc instruction="BINOP(ADD)"><imc instruction="TEMP(T8)"/><imc instruction="CONST(-8)"/></imc></imc></imc></imc><imc instruction="JUMP(L5)"/></imc></node></node><oftype><type id="1" label="SemVoidType"/></oftype><imc instruction="STMTS"><imc instruction="MOVE"><imc instruction="MEM"><imc instruction="BINOP(ADD)"><imc instruction="TEMP(T8)"/><imc instruction="CONST(-8)"/></imc></imc><imc instruction="CONST(3)"/></imc><imc instruction="STMTS"><imc instruction="MOVE"><imc instruction="TEMP(T9)"/><imc instruction="CALL(L2)"><imc instruction="TEMP(T8)"/><imc instruction="MEM"><imc instruction="BINOP(ADD)"><imc instruction="TEMP(T8)"/><imc instruction="CONST(-8)"/></imc></imc></imc></imc><imc instruction="JUMP(L5)"/></imc></imc></node><node id="50" label="AstNodes&lt;AstDefn&gt;"><node id="13" label="AstVarDefn" name="a"><location begcolumn="9" begline="7" endcolumn="13" endline="7" loc="7.9:7.13"/><node id="12" label="AstAtomType" name="INT"><location begcolumn="11" begline="7" endcolumn="13" endline="7" loc="7.11:7.13"/><istype><type id="0" label="SemIntType"/></istype></node><oftype><type id="0" label="SemIntType"/></oftype><access depth="1" offset="-8" size="8"/></node><node id="45" label="AstFunDefn" name="f1"><location begcolumn="9" begline="9" endcolumn="9" endline="14" loc="9.9:14.9"/><node id="16" label="AstNodes&lt;AstParDefn&gt;"><node id="15" label="AstValParDefn" name="a"><location begcolumn="12" begline="9" endcolumn="16" endline="9" loc="9.12:9.16"/><node id="14" label="AstAtomType" name="INT"><location begcolumn="14" begline="9" endcolumn="16" endline="9" loc="9.14:9.16"/><istype><type id="0" label="SemIntType"/></istype></node><oftype><type id="0" label="SemIntType"/></oftype><access depth="2" offset="8" size="8"/></node></node><node id="24" label="AstBlockStmt"><location begcolumn="25" begline="9" endcolumn="9" endline="11" loc="9.25:11.9"/><node id="25" label="AstNodes&lt;AstStmt&gt;"><node id="23" label="AstReturnStmt"><location begcolumn="17" begline="10" endcolumn="33" endline="10" loc="10.17:10.33"/><node id="22" label="AstBinExpr" name="ADD"><location begcolumn="24" begline="10" endcolumn="32" endline="10" loc="10.24:10.32"/><node id="20" label="AstCallExpr" name="f2"><location begcolumn="24" begline="10" endcolumn="28" endline="10" loc="10.24:10.28"/><node id="19" label="AstNodes&lt;AstExpr&gt;"><node id="18" label="AstNameExpr" name="a"><location begcolumn="27" begline="10" endcolumn="27" endline="10" loc="10.27:10.27"/><definedat id="15" location="9.12:9.16"/><oftype><type id="0" label="SemIntType"/></oftype><lvalue/><imc instruction="MEM"><imc instruction="BINOP(ADD)"><imc instruction="TEMP(T4)"/><imc instruction="CONST(8)"/></imc></imc></node></node><definedat id="34" location="12.17:12.48"/><oftype><type id="0" label="SemIntType"/></oftype><imc instruction="CALL(L0)"><imc instruction="TEMP(T4)"/><imc instruction="MEM"><imc instruction="BINOP(ADD)"><imc instruction="TEMP(T4)"/><imc instruction="CONST(8)"/></imc></imc></imc></node><node id="21" label="AstAtomExpr" name="1"><location begcolumn="32" begline="10" endcolumn="32" endline="10" loc="10.32:10.32"/><oftype><type id="0" label="SemIntType"/></oftype><imc instruction="CONST(1)"/></node><oftype><type id="0" label="SemIntType"/></oftype><imc instruction="BINOP(ADD)"><imc instruction="CALL(L0)"><imc instruction="TEMP(T4)"/><imc instruction="MEM"><imc instruction="BINOP(ADD)"><imc instruction="TEMP(T4)"/><imc instruction="CONST(8)"/></imc></imc></imc><imc instruction="CONST(1)"/></imc></node><oftype><type id="1" label="SemVoidType"/></oftype><imc instruction="STMTS"><imc instruction="MOVE"><imc instruction="TEMP(T5)"/><imc instruction="BINOP(ADD)"><imc instruction="CALL(L0)"><imc instruction="TEMP(T4)"/><imc instruction="MEM"><imc instruction="BINOP(ADD)"><imc instruction="TEMP(T4)"/><imc instruction="CONST(8)"/></imc></imc></imc><imc instruction="CONST(1)"/></imc></imc><imc instruction="JUMP(L7)"/></imc></node></node><oftype><type id="1" label="SemVoidType"/></oftype><imc instruction="STMTS"><imc instruction="STMTS"><imc instruction="MOVE"><imc instruction="TEMP(T5)"/><imc instruction="BINOP(ADD)"><imc instruction="CALL(L0)"><imc instruction="TEMP(T4)"/><imc instruction="MEM"><imc instruction="BINOP(ADD)"><imc instruction="TEMP(T4)"/><imc instruction="CONST(8)"/></imc></imc></imc><imc instruction="CONST(1)"/></imc></imc><imc instruction="JUMP(L7)"/></imc></imc></node><node id="44" label="AstNodes&lt;AstDefn&gt;"><node id="34" label="AstFunDefn" name="f2"><location begcolumn="17" begline="12" endcolumn="48" endline="12" loc="12.17:12.48"/><node id="28" label="AstNodes&lt;AstParDefn&gt;"><node id="27" label="AstValParDefn" name="b"><location begcolumn="20" begline="12" endcolumn="24" endline="12" loc="12.20:12.24"/><node id="26" label="AstAtomType" name="INT"><location begcolumn="22" begline="12" endcolumn="24" endline="12" loc="12.22:12.24"/><istype><type id="0" label="SemIntType"/></istype></node><oftype><type id="0" label="SemIntType"/></oftype><access depth="3" offset="8" size="8"/></node></node><node id="33" label="AstReturnStmt"><location begcolumn="33" begline="12" endcolumn="48" endline="12" loc="12.33:12.48"/><node id="32" label="AstBinExpr" name="ADD"><location begcolumn="40" begline="12" endcolumn="47" endline="12" loc="12.40:12.47"/><node id="30" label="AstCallExpr" name="f4"><location begcolumn="40" begline="12" endcolumn="43" endline="12" loc="12.40:12.43"/><definedat id="49" location="16.9:16.28"/><oftype><type id="0" label="SemIntType"/></oftype><imc instruction="CALL(L3)"><imc instruction="MEM"><imc instruction="TEMP(T0)"/></imc></imc></node><node id="31" label="AstAtomExpr" name="1"><location begcolumn="47" begline="12" endcolumn="47" endline="12" loc="12.47:12.47"/><oftype><type id="0" label="SemIntType"/></oftype><imc instruction="CONST(1)"/></node><oftype><type id="0" label="SemIntType"/></oftype><imc instruction="BINOP(ADD)"><imc instruction="CALL(L3)"><imc instruction="MEM"><imc instruction="TEMP(T0)"/></imc></imc><imc instruction="CONST(1)"/></imc></node><oftype><type id="1" label="SemVoidType"/></oftype><imc instruction="STMTS"><imc instruction="MOVE"><imc instruction="TEMP(T1)"/><imc instruction="BINOP(ADD)"><imc instruction="CALL(L3)"><imc instruction="MEM"><imc instruction="TEMP(T0)"/></imc></imc><imc instruction="CONST(1)"/></imc></imc><imc instruction="JUMP(L9)"/></imc></node><node id="29" label="AstAtomType" name="INT"><location begcolumn="27" begline="12" endcolumn="29" endline="12" loc="12.27:12.29"/><istype><type id="0" label="SemIntType"/></istype></node><oftype><type id="0" label="SemIntType"/></oftype><frame FP="T0" RV="T1" argssize="0" depth="2" label="L0" locssize="0" size="16"/><labels body="L8" epilogue="L9" prologue="L0"/></node><node id="43" label="AstFunDefn" name="f3"><location begcolumn="17" begline="13" endcolumn="45" endline="13" loc="13.17:13.45"/><node id="37" label="AstNodes&lt;AstParDefn&gt;"><node id="36" label="AstValParDefn" name="b"><location begcolumn="20" begline="13" endcolumn="24" endline="13" loc="13.20:13.24"/><node id="35" label="AstAtomType" name="INT"><location begcolumn="22" begline="13" endcolumn="24" endline="13" loc="13.22:13.24"/><istype><type id="0" label="SemIntType"/></istype></node><oftype><type id="0" label="SemIntType"/></oftype><access depth="3" offset="8" size="8"/></node></node><node id="42" label="AstReturnStmt"><location begcolumn="33" begline="13" endcolumn="45" endline="13" loc="13.33:13.45"/><node id="41" label="AstBinExpr" name="ADD"><location begcolumn="40" begline="13" endcolumn="44" endline="13" loc="13.40:13.44"/><node id="39" label="AstNameExpr" name="b"><location begcolumn="40" begline="13" endcolumn="40" endline="13" loc="13.40:13.40"/><definedat id="36" location="13.20:13.24"/><oftype><type id="0" label="SemIntType"/></oftype><lvalue/><imc instruction="MEM"><imc instruction="BINOP(ADD)"><imc instruction="TEMP(T2)"/><imc instruction="CONST(8)"/></imc></imc></node><node id="40" label="AstAtomExpr" name="1"><location begcolumn="44" begline="13" endcolumn="44" endline="13" loc="13.44:13.44"/><oftype><type id="0" label="SemIntType"/></oftype><imc instruction="CONST(1)"/></node><oftype><type id="0" label="SemIntType"/></oftype><imc instruction="BINOP(ADD)"><imc instruction="MEM"><imc instruction="BINOP(ADD)"><imc instruction="TEMP(T2)"/><imc instruction="CONST(8)"/></imc></imc><imc instruction="CONST(1)"/></imc></node><oftype><type id="1" label="SemVoidType"/></oftype><imc instruction="STMTS"><imc instruction="MOVE"><imc instruction="TEMP(T3)"/><imc instruction="BINOP(ADD)"><imc instruction="MEM"><imc instruction="BINOP(ADD)"><imc instruction="TEMP(T2)"/><imc instruction="CONST(8)"/></imc></imc><imc instruction="CONST(1)"/></imc></imc><imc instruction="JUMP(L11)"/></imc></node><node id="38" label="AstAtomType" name="INT"><location begcolumn="27" begline="13" endcolumn="29" endline="13" loc="13.27:13.29"/><istype><type id="0" label="SemIntType"/></istype></node><oftype><type id="0" label="SemIntType"/></oftype><frame FP="T2" RV="T3" argssize="0" depth="2" label="L1" locssize="0" size="16"/><labels body="L10" epilogue="L11" prologue="L1"/></node></node><node id="17" label="AstAtomType" name="INT"><location begcolumn="19" begline="9" endcolumn="21" endline="9" loc="9.19:9.21"/><istype><type id="0" label="SemIntType"/></istype></node><oftype><type id="0" label="SemIntType"/></oftype><frame FP="T4" RV="T5" argssize="16" depth="1" label="L2" locssize="0" size="32"/><labels body="L6" epilogue="L7" prologue="L2"/></node><node id="49" label="AstFunDefn" name="f4"><location begcolumn="9" begline="16" endcolumn="28" endline="16" loc="16.9:16.28"/><node id="48" label="AstReturnStmt"><location begcolumn="20" begline="16" endcolumn="28" endline="16" loc="16.20:16.28"/><node id="47" label="AstAtomExpr" name="1"><location begcolumn="27" begline="16" endcolumn="27" endline="16" loc="16.27:16.27"/><oftype><type id="0" label="SemIntType"/></oftype><imc instruction="CONST(1)"/></node><oftype><type id="1" label="SemVoidType"/></oftype><imc instruction="STMTS"><imc instruction="MOVE"><imc instruction="TEMP(T7)"/><imc instruction="CONST(1)"/></imc><imc instruction="JUMP(L13)"/></imc></node><node id="46" label="AstAtomType" name="INT"><location begcolumn="14" begline="16" endcolumn="16" endline="16" loc="16.14:16.16"/><istype><type id="0" label="SemIntType"/></istype></node><oftype><type id="0" label="SemIntType"/></oftype><frame FP="T6" RV="T7" argssize="0" depth="1" label="L3" locssize="0" size="16"/><labels body="L12" epilogue="L13" prologue="L3"/></node></node><node id="2" label="AstAtomType" name="INT"><location begcolumn="8" begline="3" endcolumn="10" endline="3" loc="3.8:3.10"/><istype><type id="0" label="SemIntType"/></istype></node><oftype><type id="0" label="SemIntType"/></oftype><frame FP="T8" RV="T9" argssize="16" depth="0" label="_main" locssize="8" size="40"/><labels body="L4" epilogue="L5" prologue="_main"/></node></node></imcgen>