<?xml version="1.0" encoding="UTF-8" standalone="no"?><?xml-stylesheet type="text/xsl" href="../lib/xsl/abstr.xsl"?><abstr><node id="153" label="AstNodes&lt;AstDefn&gt;"><node id="1" label="AstVarDefn" name="int_test"><location begcolumn="1" begline="1" endcolumn="14" endline="1" loc="1.1:1.14"/><node id="0" label="AstAtomType" name="INT"><location begcolumn="12" begline="1" endcolumn="14" endline="1" loc="1.12:1.14"/></node></node><node id="3" label="AstVarDefn" name="int_test2"><location begcolumn="1" begline="2" endcolumn="15" endline="2" loc="2.1:2.15"/><node id="2" label="AstAtomType" name="INT"><location begcolumn="13" begline="2" endcolumn="15" endline="2" loc="2.13:2.15"/></node></node><node id="5" label="AstVarDefn" name="flagg"><location begcolumn="1" begline="3" endcolumn="15" endline="3" loc="3.1:3.15"/><node id="4" label="AstAtomType" name="BOOL"><location begcolumn="12" begline="3" endcolumn="15" endline="3" loc="3.12:3.15"/></node></node><node id="9" label="AstVarDefn" name="and_two"><location begcolumn="1" begline="4" endcolumn="18" endline="4" loc="4.1:4.18"/><node id="8" label="AstArrType"><location begcolumn="11" begline="4" endcolumn="18" endline="4" loc="4.11:4.18"/><node id="6" label="AstAtomType" name="INT"><location begcolumn="16" begline="4" endcolumn="18" endline="4" loc="4.16:4.18"/></node><node id="7" label="AstAtomExpr" name="46"><location begcolumn="12" begline="4" endcolumn="13" endline="4" loc="4.12:4.13"/></node></node></node><node id="12" label="AstVarDefn" name="ptr_int_test"><location begcolumn="1" begline="5" endcolumn="19" endline="5" loc="5.1:5.19"/><node id="11" label="AstPtrType"><location begcolumn="16" begline="5" endcolumn="19" endline="5" loc="5.16:5.19"/><node id="10" label="AstAtomType" name="INT"><location begcolumn="17" begline="5" endcolumn="19" endline="5" loc="5.17:5.19"/></node></node></node><node id="42" label="AstFunDefn" name="dumb_addition"><location begcolumn="1" begline="7" endcolumn="13" endline="7" loc="7.1:7.13"/><node id="17" label="AstNodes&lt;AstParDefn&gt;"><node id="15" label="AstValParDefn" name="second"><location begcolumn="28" begline="7" endcolumn="39" endline="7" loc="7.28:7.39"/><node id="14" label="AstAtomType" name="INT"><location begcolumn="37" begline="7" endcolumn="39" endline="7" loc="7.37:7.39"/></node></node><node id="16" label="AstValParDefn" name="first"><location begcolumn="15" begline="7" endcolumn="25" endline="7" loc="7.15:7.25"/><node id="13" label="AstAtomType" name="INT"><location begcolumn="23" begline="7" endcolumn="25" endline="7" loc="7.23:7.25"/></node></node><node id="15" label="AstValParDefn" name="second"><location begcolumn="28" begline="7" endcolumn="39" endline="7" loc="7.28:7.39"/><node id="14" label="AstAtomType" name="INT"><location begcolumn="37" begline="7" endcolumn="39" endline="7" loc="7.37:7.39"/></node></node></node><node id="35" label="AstBlockStmt"><location begcolumn="50" begline="7" endcolumn="50" endline="7" loc="7.50:7.50"/><node id="36" label="AstNodes&lt;AstStmt&gt;"><node id="23" label="AstAssignStmt"><location begcolumn="36" begline="8" endcolumn="36" endline="8" loc="8.36:8.36"/><node id="19" label="AstNameExpr" name="sum_test"><location begcolumn="5" begline="8" endcolumn="12" endline="8" loc="8.5:8.12"/></node><node id="22" label="AstBinExpr" name="ADD"><location begcolumn="0" begline="0" endcolumn="0" endline="0" loc="0.0:0.0"/><node id="20" label="AstNameExpr" name="int_test"><location begcolumn="16" begline="8" endcolumn="23" endline="8" loc="8.16:8.23"/></node><node id="21" label="AstNameExpr" name="int_test2"><location begcolumn="27" begline="8" endcolumn="35" endline="8" loc="8.27:8.35"/></node></node></node><node id="30" label="AstAssignStmt"><location begcolumn="25" begline="9" endcolumn="25" endline="9" loc="9.25:9.25"/><node id="26" label="AstNameExpr" name="sum"><location begcolumn="5" begline="9" endcolumn="7" endline="9" loc="9.5:9.7"/></node><node id="29" label="AstBinExpr" name="ADD"><location begcolumn="0" begline="0" endcolumn="0" endline="0" loc="0.0:0.0"/><node id="27" label="AstNameExpr" name="first"><location begcolumn="11" begline="9" endcolumn="15" endline="9" loc="9.11:9.15"/></node><node id="28" label="AstNameExpr" name="second"><location begcolumn="19" begline="9" endcolumn="24" endline="9" loc="9.19:9.24"/></node></node></node><node id="34" label="AstReturnStmt"><location begcolumn="5" begline="10" endcolumn="5" endline="10" loc="10.5:10.5"/><node id="33" label="AstNameExpr" name="sum"><location begcolumn="12" begline="10" endcolumn="14" endline="10" loc="10.12:10.14"/></node></node></node></node><node id="41" label="AstNodes&lt;AstDefn&gt;"><node id="38" label="AstVarDefn" name="sum_test"><location begcolumn="5" begline="11" endcolumn="18" endline="11" loc="11.5:11.18"/><node id="37" label="AstAtomType" name="INT"><location begcolumn="16" begline="11" endcolumn="18" endline="11" loc="11.16:11.18"/></node></node><node id="40" label="AstVarDefn" name="sum"><location begcolumn="20" begline="11" endcolumn="28" endline="11" loc="11.20:11.28"/><node id="39" label="AstAtomType" name="INT"><location begcolumn="26" begline="11" endcolumn="28" endline="11" loc="11.26:11.28"/></node></node></node><node id="18" label="AstAtomType" name="INT"><location begcolumn="44" begline="7" endcolumn="46" endline="7" loc="7.44:7.46"/></node></node><node id="107" label="AstFunDefn" name="main_function"><location begcolumn="1" begline="13" endcolumn="13" endline="13" loc="13.1:13.13"/><node id="100" label="AstBlockStmt"><location begcolumn="26" begline="13" endcolumn="26" endline="13" loc="13.26:13.26"/><node id="101" label="AstNodes&lt;AstStmt&gt;"><node id="46" label="AstAssignStmt"><location begcolumn="17" begline="14" endcolumn="17" endline="14" loc="14.17:14.17"/><node id="44" label="AstNameExpr" name="int_test"><location begcolumn="5" begline="14" endcolumn="12" endline="14" loc="14.5:14.12"/></node><node id="45" label="AstAtomExpr" name="5"><location begcolumn="16" begline="14" endcolumn="16" endline="14" loc="14.16:14.16"/></node></node><node id="52" label="AstAssignStmt"><location begcolumn="22" begline="15" endcolumn="22" endline="15" loc="15.22:15.22"/><node id="50" label="AstSfxExpr" name="PTR"><location begcolumn="17" begline="15" endcolumn="17" endline="15" loc="15.17:15.17"/><node id="49" label="AstNameExpr" name="ptr_int_test"><location begcolumn="5" begline="15" endcolumn="16" endline="15" loc="15.5:15.16"/></node></node><node id="51" label="AstAtomExpr" name="1"><location begcolumn="21" begline="15" endcolumn="21" endline="15" loc="15.21:15.21"/></node></node><node id="57" label="AstAssignStmt"><location begcolumn="18" begline="16" endcolumn="18" endline="16" loc="16.18:16.18"/><node id="55" label="AstNameExpr" name="int_test2"><location begcolumn="5" begline="16" endcolumn="13" endline="16" loc="16.5:16.13"/></node><node id="56" label="AstAtomExpr" name="7"><location begcolumn="17" begline="16" endcolumn="17" endline="16" loc="16.17:16.17"/></node></node><node id="65" label="AstAssignStmt"><location begcolumn="49" begline="17" endcolumn="49" endline="17" loc="17.49:17.49"/><node id="60" label="AstNameExpr" name="ret_val"><location begcolumn="5" begline="17" endcolumn="11" endline="17" loc="17.5:17.11"/></node><node id="64" label="AstCallExpr" name="dumb_addition"><location begcolumn="15" begline="17" endcolumn="48" endline="17" loc="17.15:17.48"/><node id="63" label="AstNodes&lt;AstExpr&gt;"><node id="62" label="AstNameExpr" name="int_test2"><location begcolumn="39" begline="17" endcolumn="47" endline="17" loc="17.39:17.47"/></node><node id="61" label="AstNameExpr" name="int_test"><location begcolumn="29" begline="17" endcolumn="36" endline="17" loc="17.29:17.36"/></node></node></node></node><node id="70" label="AstAssignStmt"><location begcolumn="12" begline="18" endcolumn="12" endline="18" loc="18.12:18.12"/><node id="68" label="AstNameExpr" name="idx"><location begcolumn="5" begline="18" endcolumn="7" endline="18" loc="18.5:18.7"/></node><node id="69" label="AstAtomExpr" name="0"><location begcolumn="11" begline="18" endcolumn="11" endline="18" loc="18.11:18.11"/></node></node><node id="75" label="AstAssignStmt"><location begcolumn="17" begline="19" endcolumn="17" endline="19" loc="19.17:19.17"/><node id="73" label="AstNameExpr" name="flagg"><location begcolumn="5" begline="19" endcolumn="9" endline="19" loc="19.5:19.9"/></node><node id="74" label="AstAtomExpr" name="true"><location begcolumn="13" begline="19" endcolumn="16" endline="19" loc="19.13:19.16"/></node></node><node id="95" label="AstWhileStmt"><location begcolumn="5" begline="20" endcolumn="20" endline="20" loc="20.5:20.20"/><node id="80" label="AstBinExpr" name="LTH"><location begcolumn="19" begline="20" endcolumn="19" endline="20" loc="20.19:20.19"/><node id="78" label="AstNameExpr" name="idx"><location begcolumn="12" begline="20" endcolumn="14" endline="20" loc="20.12:20.14"/></node><node id="79" label="AstAtomExpr" name="46"><location begcolumn="18" begline="20" endcolumn="19" endline="20" loc="20.18:20.19"/></node></node><node id="93" label="AstBlockStmt"><location begcolumn="24" begline="20" endcolumn="24" endline="20" loc="20.24:20.24"/><node id="94" label="AstNodes&lt;AstStmt&gt;"><node id="85" label="AstAssignStmt"><location begcolumn="20" begline="21" endcolumn="31" endline="21" loc="21.20:21.31"/><node id="83" label="AstArrExpr"><location begcolumn="20" begline="21" endcolumn="20" endline="21" loc="21.20:21.20"/><node id="81" label="AstNameExpr" name="and_two"><location begcolumn="9" begline="21" endcolumn="15" endline="21" loc="21.9:21.15"/></node><node id="82" label="AstNameExpr" name="idx"><location begcolumn="17" begline="21" endcolumn="19" endline="21" loc="21.17:21.19"/></node></node><node id="84" label="AstNameExpr" name="ret_val"><location begcolumn="24" begline="21" endcolumn="30" endline="21" loc="21.24:21.30"/></node></node><node id="92" label="AstAssignStmt"><location begcolumn="22" begline="22" endcolumn="22" endline="22" loc="22.22:22.22"/><node id="88" label="AstNameExpr" name="idx"><location begcolumn="9" begline="22" endcolumn="11" endline="22" loc="22.9:22.11"/></node><node id="91" label="AstBinExpr" name="ADD"><location begcolumn="21" begline="22" endcolumn="21" endline="22" loc="22.21:22.21"/><node id="89" label="AstNameExpr" name="idx"><location begcolumn="15" begline="22" endcolumn="17" endline="22" loc="22.15:22.17"/></node><node id="90" label="AstAtomExpr" name="1"><location begcolumn="21" begline="22" endcolumn="21" endline="22" loc="22.21:22.21"/></node></node></node></node></node></node><node id="99" label="AstReturnStmt"><location begcolumn="5" begline="24" endcolumn="5" endline="24" loc="24.5:24.5"/><node id="98" label="AstNameExpr" name="flagg"><location begcolumn="12" begline="24" endcolumn="16" endline="24" loc="24.12:24.16"/></node></node></node></node><node id="106" label="AstNodes&lt;AstDefn&gt;"><node id="103" label="AstVarDefn" name="ret_val"><location begcolumn="5" begline="25" endcolumn="17" endline="25" loc="25.5:25.17"/><node id="102" label="AstAtomType" name="INT"><location begcolumn="15" begline="25" endcolumn="17" endline="25" loc="25.15:25.17"/></node></node><node id="105" label="AstVarDefn" name="idx"><location begcolumn="19" begline="25" endcolumn="27" endline="25" loc="25.19:25.27"/><node id="104" label="AstAtomType" name="INT"><location begcolumn="25" begline="25" endcolumn="27" endline="25" loc="25.25:25.27"/></node></node></node><node id="43" label="AstAtomType" name="BOOL"><location begcolumn="19" begline="13" endcolumn="22" endline="13" loc="13.19:13.22"/></node></node><node id="152" label="AstFunDefn" name="local_function_test"><location begcolumn="1" begline="27" endcolumn="19" endline="27" loc="27.1:27.19"/><node id="136" label="AstBlockStmt"><location begcolumn="31" begline="27" endcolumn="31" endline="27" loc="27.31:27.31"/><node id="137" label="AstNodes&lt;AstStmt&gt;"><node id="111" label="AstAssignStmt"><location begcolumn="19" begline="28" endcolumn="19" endline="28" loc="28.19:28.19"/><node id="109" label="AstNameExpr" name="int_test"><location begcolumn="5" begline="28" endcolumn="12" endline="28" loc="28.5:28.12"/></node><node id="110" label="AstAtomExpr" name="420"><location begcolumn="16" begline="28" endcolumn="18" endline="28" loc="28.16:28.18"/></node></node><node id="116" label="AstAssignStmt"><location begcolumn="19" begline="29" endcolumn="19" endline="29" loc="29.19:29.19"/><node id="114" label="AstNameExpr" name="int_test2"><location begcolumn="5" begline="29" endcolumn="13" endline="29" loc="29.5:29.13"/></node><node id="115" label="AstAtomExpr" name="42"><location begcolumn="17" begline="29" endcolumn="18" endline="29" loc="29.17:29.18"/></node></node><node id="124" label="AstAssignStmt"><location begcolumn="49" begline="30" endcolumn="49" endline="30" loc="30.49:30.49"/><node id="119" label="AstNameExpr" name="ret_val"><location begcolumn="5" begline="30" endcolumn="11" endline="30" loc="30.5:30.11"/></node><node id="123" label="AstCallExpr" name="dumb_addition"><location begcolumn="15" begline="30" endcolumn="48" endline="30" loc="30.15:30.48"/><node id="122" label="AstNodes&lt;AstExpr&gt;"><node id="121" label="AstNameExpr" name="int_test2"><location begcolumn="39" begline="30" endcolumn="47" endline="30" loc="30.39:30.47"/></node><node id="120" label="AstNameExpr" name="int_test"><location begcolumn="29" begline="30" endcolumn="36" endline="30" loc="30.29:30.36"/></node></node></node></node><node id="131" label="AstAssignStmt"><location begcolumn="37" begline="31" endcolumn="37" endline="31" loc="31.37:31.37"/><node id="127" label="AstNameExpr" name="ret_val"><location begcolumn="5" begline="31" endcolumn="11" endline="31" loc="31.5:31.11"/></node><node id="130" label="AstCallExpr" name="multiply_by_2"><location begcolumn="15" begline="31" endcolumn="36" endline="31" loc="31.15:31.36"/><node id="129" label="AstNodes&lt;AstExpr&gt;"><node id="128" label="AstNameExpr" name="ret_val"><location begcolumn="29" begline="31" endcolumn="35" endline="31" loc="31.29:31.35"/></node></node></node></node><node id="135" label="AstReturnStmt"><location begcolumn="5" begline="32" endcolumn="5" endline="32" loc="32.5:32.5"/><node id="134" label="AstNameExpr" name="ret_val"><location begcolumn="12" begline="32" endcolumn="18" endline="32" loc="32.12:32.18"/></node></node></node></node><node id="151" label="AstNodes&lt;AstDefn&gt;"><node id="139" label="AstVarDefn" name="ret_val"><location begcolumn="5" begline="34" endcolumn="17" endline="34" loc="34.5:34.17"/><node id="138" label="AstAtomType" name="INT"><location begcolumn="15" begline="34" endcolumn="17" endline="34" loc="34.15:34.17"/></node></node><node id="141" label="AstVarDefn" name="idx"><location begcolumn="19" begline="34" endcolumn="27" endline="34" loc="34.19:34.27"/><node id="140" label="AstAtomType" name="INT"><location begcolumn="25" begline="34" endcolumn="27" endline="34" loc="34.25:34.27"/></node></node><node id="150" label="AstFunDefn" name="multiply_by_2"><location begcolumn="29" begline="34" endcolumn="41" endline="34" loc="34.29:34.41"/><node id="144" label="AstNodes&lt;AstParDefn&gt;"><node id="143" label="AstValParDefn" name="number"><location begcolumn="43" begline="34" endcolumn="54" endline="34" loc="34.43:34.54"/><node id="142" label="AstAtomType" name="INT"><location begcolumn="52" begline="34" endcolumn="54" endline="34" loc="34.52:34.54"/></node></node></node><node id="149" label="AstReturnStmt"><location begcolumn="65" begline="34" endcolumn="81" endline="34" loc="34.65:34.81"/><node id="148" label="AstBinExpr" name="MUL"><location begcolumn="81" begline="34" endcolumn="81" endline="34" loc="34.81:34.81"/><node id="146" label="AstNameExpr" name="number"><location begcolumn="72" begline="34" endcolumn="77" endline="34" loc="34.72:34.77"/></node><node id="147" label="AstAtomExpr" name="2"><location begcolumn="81" begline="34" endcolumn="81" endline="34" loc="34.81:34.81"/></node></node></node><node id="145" label="AstAtomType" name="INT"><location begcolumn="59" begline="34" endcolumn="61" endline="34" loc="34.59:34.61"/></node></node></node><node id="108" label="AstAtomType" name="INT"><location begcolumn="25" begline="27" endcolumn="27" endline="27" loc="27.25:27.27"/></node></node></node></abstr>