<?xml version="1.0" encoding="UTF-8" standalone="no"?><?xml-stylesheet type="text/xsl" href="../lib/xsl/lexan.xsl"?><lexan><token kind="IDENTIFIER" lexeme="main"><location begcolumn="1" begline="1" endcolumn="4" endline="1" loc="1.1:1.4"/></token><token kind="LBRACKET" lexeme="("><location begcolumn="5" begline="1" endcolumn="5" endline="1" loc="1.5:1.5"/></token><token kind="RBRACKET" lexeme=")"><location begcolumn="6" begline="1" endcolumn="6" endline="1" loc="1.6:1.6"/></token><token kind="COL" lexeme=":"><location begcolumn="7" begline="1" endcolumn="7" endline="1" loc="1.7:1.7"/></token><token kind="INT" lexeme="int"><location begcolumn="8" begline="1" endcolumn="10" endline="1" loc="1.8:1.10"/></token><token kind="ASSIGN" lexeme="="><location begcolumn="12" begline="1" endcolumn="12" endline="1" loc="1.12:1.12"/></token><token kind="LCURLY" lexeme="{"><location begcolumn="14" begline="1" endcolumn="14" endline="1" loc="1.14:1.14"/></token><token kind="RETURN" lexeme="return"><location begcolumn="9" begline="2" endcolumn="14" endline="2" loc="2.9:2.14"/></token><token kind="IDENTIFIER" lexeme="f3"><location begcolumn="16" begline="2" endcolumn="17" endline="2" loc="2.16:2.17"/></token><token kind="LBRACKET" lexeme="("><location begcolumn="18" begline="2" endcolumn="18" endline="2" loc="2.18:2.18"/></token><token kind="RBRACKET" lexeme=")"><location begcolumn="19" begline="2" endcolumn="19" endline="2" loc="2.19:2.19"/></token><token kind="SEMICOL" lexeme=";"><location begcolumn="20" begline="2" endcolumn="20" endline="2" loc="2.20:2.20"/></token><token kind="RCURLY" lexeme="}"><location begcolumn="1" begline="3" endcolumn="1" endline="3" loc="3.1:3.1"/></token><token kind="LCURLY" lexeme="{"><location begcolumn="2" begline="3" endcolumn="2" endline="3" loc="3.2:3.2"/></token><token kind="IDENTIFIER" lexeme="f3"><location begcolumn="9" begline="5" endcolumn="10" endline="5" loc="5.9:5.10"/></token><token kind="LBRACKET" lexeme="("><location begcolumn="11" begline="5" endcolumn="11" endline="5" loc="5.11:5.11"/></token><token kind="RBRACKET" lexeme=")"><location begcolumn="12" begline="5" endcolumn="12" endline="5" loc="5.12:5.12"/></token><token kind="COL" lexeme=":"><location begcolumn="13" begline="5" endcolumn="13" endline="5" loc="5.13:5.13"/></token><token kind="INT" lexeme="int"><location begcolumn="14" begline="5" endcolumn="16" endline="5" loc="5.14:5.16"/></token><token kind="ASSIGN" lexeme="="><location begcolumn="18" begline="5" endcolumn="18" endline="5" loc="5.18:5.18"/></token><token kind="LCURLY" lexeme="{"><location begcolumn="20" begline="5" endcolumn="20" endline="5" loc="5.20:5.20"/></token><token kind="RETURN" lexeme="return"><location begcolumn="17" begline="6" endcolumn="22" endline="6" loc="6.17:6.22"/></token><token kind="IDENTIFIER" lexeme="f2"><location begcolumn="24" begline="6" endcolumn="25" endline="6" loc="6.24:6.25"/></token><token kind="LBRACKET" lexeme="("><location begcolumn="26" begline="6" endcolumn="26" endline="6" loc="6.26:6.26"/></token><token kind="RBRACKET" lexeme=")"><location begcolumn="27" begline="6" endcolumn="27" endline="6" loc="6.27:6.27"/></token><token kind="SEMICOL" lexeme=";"><location begcolumn="28" begline="6" endcolumn="28" endline="6" loc="6.28:6.28"/></token><token kind="RCURLY" lexeme="}"><location begcolumn="9" begline="7" endcolumn="9" endline="7" loc="7.9:7.9"/></token><token kind="LCURLY" lexeme="{"><location begcolumn="10" begline="7" endcolumn="10" endline="7" loc="7.10:7.10"/></token><token kind="IDENTIFIER" lexeme="a"><location begcolumn="17" begline="8" endcolumn="17" endline="8" loc="8.17:8.17"/></token><token kind="COL" lexeme=":"><location begcolumn="18" begline="8" endcolumn="18" endline="8" loc="8.18:8.18"/></token><token kind="INT" lexeme="int"><location begcolumn="19" begline="8" endcolumn="21" endline="8" loc="8.19:8.21"/></token><token kind="RCURLY" lexeme="}"><location begcolumn="9" begline="9" endcolumn="9" endline="9" loc="9.9:9.9"/></token><token kind="IDENTIFIER" lexeme="f2"><location begcolumn="9" begline="11" endcolumn="10" endline="11" loc="11.9:11.10"/></token><token kind="LBRACKET" lexeme="("><location begcolumn="11" begline="11" endcolumn="11" endline="11" loc="11.11:11.11"/></token><token kind="RBRACKET" lexeme=")"><location begcolumn="12" begline="11" endcolumn="12" endline="11" loc="11.12:11.12"/></token><token kind="COL" lexeme=":"><location begcolumn="13" begline="11" endcolumn="13" endline="11" loc="11.13:11.13"/></token><token kind="INT" lexeme="int"><location begcolumn="14" begline="11" endcolumn="16" endline="11" loc="11.14:11.16"/></token><token kind="ASSIGN" lexeme="="><location begcolumn="18" begline="11" endcolumn="18" endline="11" loc="11.18:11.18"/></token><token kind="RETURN" lexeme="return"><location begcolumn="20" begline="11" endcolumn="25" endline="11" loc="11.20:11.25"/></token><token kind="INT_CONST" lexeme="2"><location begcolumn="27" begline="11" endcolumn="27" endline="11" loc="11.27:11.27"/></token><token kind="SEMICOL" lexeme=";"><location begcolumn="28" begline="11" endcolumn="28" endline="11" loc="11.28:11.28"/></token><token kind="RCURLY" lexeme="}"><location begcolumn="1" begline="13" endcolumn="1" endline="13" loc="13.1:13.1"/></token><token kind="EOF" lexeme=""/></lexan>