<?xml version="1.0" encoding="UTF-8" standalone="no"?><?xml-stylesheet type="text/xsl" href="../lib/xsl/synan.xsl"?><synan><node label="source"><node label="definitions"><node label="function_definition"><token kind="IDENTIFIER" lexeme="putint"><location begcolumn="1" begline="1" endcolumn="6" endline="1" loc="1.1:1.6"/></token><token kind="LBRACKET" lexeme="("><location begcolumn="7" begline="1" endcolumn="7" endline="1" loc="1.7:1.7"/></token><node label="parameters"><node label="tick"/><token kind="IDENTIFIER" lexeme="i"><location begcolumn="8" begline="1" endcolumn="8" endline="1" loc="1.8:1.8"/></token><token kind="COL" lexeme=":"><location begcolumn="9" begline="1" endcolumn="9" endline="1" loc="1.9:1.9"/></token><node label="type"><token kind="INT" lexeme="int"><location begcolumn="10" begline="1" endcolumn="12" endline="1" loc="1.10:1.12"/></token></node></node><token kind="RBRACKET" lexeme=")"><location begcolumn="13" begline="1" endcolumn="13" endline="1" loc="1.13:1.13"/></token><token kind="COL" lexeme=":"><location begcolumn="14" begline="1" endcolumn="14" endline="1" loc="1.14:1.14"/></token><node label="type"><token kind="VOID" lexeme="void"><location begcolumn="15" begline="1" endcolumn="18" endline="1" loc="1.15:1.18"/></token></node></node><node label="function_definition"><token kind="IDENTIFIER" lexeme="putchar"><location begcolumn="1" begline="2" endcolumn="7" endline="2" loc="2.1:2.7"/></token><token kind="LBRACKET" lexeme="("><location begcolumn="8" begline="2" endcolumn="8" endline="2" loc="2.8:2.8"/></token><node label="parameters"><node label="tick"/><token kind="IDENTIFIER" lexeme="c"><location begcolumn="9" begline="2" endcolumn="9" endline="2" loc="2.9:2.9"/></token><token kind="COL" lexeme=":"><location begcolumn="10" begline="2" endcolumn="10" endline="2" loc="2.10:2.10"/></token><node label="type"><token kind="CHAR" lexeme="char"><location begcolumn="11" begline="2" endcolumn="14" endline="2" loc="2.11:2.14"/></token></node></node><token kind="RBRACKET" lexeme=")"><location begcolumn="15" begline="2" endcolumn="15" endline="2" loc="2.15:2.15"/></token><token kind="COL" lexeme=":"><location begcolumn="16" begline="2" endcolumn="16" endline="2" loc="2.16:2.16"/></token><node label="type"><token kind="VOID" lexeme="void"><location begcolumn="17" begline="2" endcolumn="20" endline="2" loc="2.17:2.20"/></token></node></node><node label="function_definition"><token kind="IDENTIFIER" lexeme="main"><location begcolumn="1" begline="4" endcolumn="4" endline="4" loc="4.1:4.4"/></token><token kind="LBRACKET" lexeme="("><location begcolumn="5" begline="4" endcolumn="5" endline="4" loc="4.5:4.5"/></token><token kind="RBRACKET" lexeme=")"><location begcolumn="6" begline="4" endcolumn="6" endline="4" loc="4.6:4.6"/></token><token kind="COL" lexeme=":"><location begcolumn="7" begline="4" endcolumn="7" endline="4" loc="4.7:4.7"/></token><node label="type"><token kind="INT" lexeme="int"><location begcolumn="8" begline="4" endcolumn="10" endline="4" loc="4.8:4.10"/></token></node><token kind="ASSIGN" lexeme="="><location begcolumn="12" begline="4" endcolumn="12" endline="4" loc="4.12:4.12"/></token><node label="statement"><token kind="LCURLY" lexeme="{"><location begcolumn="14" begline="4" endcolumn="14" endline="4" loc="4.14:4.14"/></token><node label="statement"><node label="expression"><node label="expression"><token kind="IDENTIFIER" lexeme="arr"><location begcolumn="9" begline="5" endcolumn="11" endline="5" loc="5.9:5.11"/></token></node><token kind="LSQUARE" lexeme="["><location begcolumn="12" begline="5" endcolumn="12" endline="5" loc="5.12:5.12"/></token><node label="expression"><token kind="INT_CONST" lexeme="0"><location begcolumn="13" begline="5" endcolumn="13" endline="5" loc="5.13:5.13"/></token></node><token kind="RSQUARE" lexeme="]"><location begcolumn="14" begline="5" endcolumn="14" endline="5" loc="5.14:5.14"/></token></node><token kind="ASSIGN" lexeme="="><location begcolumn="16" begline="5" endcolumn="16" endline="5" loc="5.16:5.16"/></token><node label="expression"><token kind="INT_CONST" lexeme="1"><location begcolumn="18" begline="5" endcolumn="18" endline="5" loc="5.18:5.18"/></token></node><token kind="SEMICOL" lexeme=";"><location begcolumn="19" begline="5" endcolumn="19" endline="5" loc="5.19:5.19"/></token></node><node label="statement"><node label="expression"><node label="expression"><token kind="IDENTIFIER" lexeme="arr"><location begcolumn="9" begline="6" endcolumn="11" endline="6" loc="6.9:6.11"/></token></node><token kind="LSQUARE" lexeme="["><location begcolumn="12" begline="6" endcolumn="12" endline="6" loc="6.12:6.12"/></token><node label="expression"><token kind="INT_CONST" lexeme="1"><location begcolumn="13" begline="6" endcolumn="13" endline="6" loc="6.13:6.13"/></token></node><token kind="RSQUARE" lexeme="]"><location begcolumn="14" begline="6" endcolumn="14" endline="6" loc="6.14:6.14"/></token></node><token kind="ASSIGN" lexeme="="><location begcolumn="16" begline="6" endcolumn="16" endline="6" loc="6.16:6.16"/></token><node label="expression"><token kind="INT_CONST" lexeme="2"><location begcolumn="18" begline="6" endcolumn="18" endline="6" loc="6.18:6.18"/></token></node><token kind="SEMICOL" lexeme=";"><location begcolumn="19" begline="6" endcolumn="19" endline="6" loc="6.19:6.19"/></token></node><node label="statement"><node label="expression"><node label="expression"><token kind="IDENTIFIER" lexeme="arr"><location begcolumn="9" begline="7" endcolumn="11" endline="7" loc="7.9:7.11"/></token></node><token kind="LSQUARE" lexeme="["><location begcolumn="12" begline="7" endcolumn="12" endline="7" loc="7.12:7.12"/></token><node label="expression"><token kind="INT_CONST" lexeme="2"><location begcolumn="13" begline="7" endcolumn="13" endline="7" loc="7.13:7.13"/></token></node><token kind="RSQUARE" lexeme="]"><location begcolumn="14" begline="7" endcolumn="14" endline="7" loc="7.14:7.14"/></token></node><token kind="ASSIGN" lexeme="="><location begcolumn="16" begline="7" endcolumn="16" endline="7" loc="7.16:7.16"/></token><node label="expression"><token kind="INT_CONST" lexeme="3"><location begcolumn="18" begline="7" endcolumn="18" endline="7" loc="7.18:7.18"/></token></node><token kind="SEMICOL" lexeme=";"><location begcolumn="19" begline="7" endcolumn="19" endline="7" loc="7.19:7.19"/></token></node><node label="statement"><node label="expression"><node label="expression"><token kind="IDENTIFIER" lexeme="arr"><location begcolumn="9" begline="8" endcolumn="11" endline="8" loc="8.9:8.11"/></token></node><token kind="LSQUARE" lexeme="["><location begcolumn="12" begline="8" endcolumn="12" endline="8" loc="8.12:8.12"/></token><node label="expression"><token kind="INT_CONST" lexeme="3"><location begcolumn="13" begline="8" endcolumn="13" endline="8" loc="8.13:8.13"/></token></node><token kind="RSQUARE" lexeme="]"><location begcolumn="14" begline="8" endcolumn="14" endline="8" loc="8.14:8.14"/></token></node><token kind="ASSIGN" lexeme="="><location begcolumn="16" begline="8" endcolumn="16" endline="8" loc="8.16:8.16"/></token><node label="expression"><token kind="INT_CONST" lexeme="4"><location begcolumn="18" begline="8" endcolumn="18" endline="8" loc="8.18:8.18"/></token></node><token kind="SEMICOL" lexeme=";"><location begcolumn="19" begline="8" endcolumn="19" endline="8" loc="8.19:8.19"/></token></node><node label="statement"><node label="expression"><node label="expression"><token kind="IDENTIFIER" lexeme="arr"><location begcolumn="9" begline="9" endcolumn="11" endline="9" loc="9.9:9.11"/></token></node><token kind="LSQUARE" lexeme="["><location begcolumn="12" begline="9" endcolumn="12" endline="9" loc="9.12:9.12"/></token><node label="expression"><token kind="INT_CONST" lexeme="4"><location begcolumn="13" begline="9" endcolumn="13" endline="9" loc="9.13:9.13"/></token></node><token kind="RSQUARE" lexeme="]"><location begcolumn="14" begline="9" endcolumn="14" endline="9" loc="9.14:9.14"/></token></node><token kind="ASSIGN" lexeme="="><location begcolumn="16" begline="9" endcolumn="16" endline="9" loc="9.16:9.16"/></token><node label="expression"><token kind="INT_CONST" lexeme="5"><location begcolumn="18" begline="9" endcolumn="18" endline="9" loc="9.18:9.18"/></token></node><token kind="SEMICOL" lexeme=";"><location begcolumn="19" begline="9" endcolumn="19" endline="9" loc="9.19:9.19"/></token></node><node label="statement"><token kind="RETURN" lexeme="return"><location begcolumn="9" begline="10" endcolumn="14" endline="10" loc="10.9:10.14"/></token><node label="expression"><token kind="IDENTIFIER" lexeme="f"><location begcolumn="16" begline="10" endcolumn="16" endline="10" loc="10.16:10.16"/></token><token kind="LBRACKET" lexeme="("><location begcolumn="17" begline="10" endcolumn="17" endline="10" loc="10.17:10.17"/></token><node label="fnc_call_expr"><node label="expression"><token kind="INT_CONST" lexeme="4"><location begcolumn="18" begline="10" endcolumn="18" endline="10" loc="10.18:10.18"/></token></node><token kind="COMMA" lexeme=","><location begcolumn="19" begline="10" endcolumn="19" endline="10" loc="10.19:10.19"/></token><node label="expression"><token kind="IDENTIFIER" lexeme="arr"><location begcolumn="21" begline="10" endcolumn="23" endline="10" loc="10.21:10.23"/></token></node></node><token kind="RBRACKET" lexeme=")"><location begcolumn="24" begline="10" endcolumn="24" endline="10" loc="10.24:10.24"/></token></node><token kind="SEMICOL" lexeme=";"><location begcolumn="25" begline="10" endcolumn="25" endline="10" loc="10.25:10.25"/></token></node><token kind="RCURLY" lexeme="}"><location begcolumn="1" begline="11" endcolumn="1" endline="11" loc="11.1:11.1"/></token></node><token kind="LCURLY" lexeme="{"><location begcolumn="2" begline="11" endcolumn="2" endline="11" loc="11.2:11.2"/></token><node label="definitions"><node label="variable_definition"><token kind="IDENTIFIER" lexeme="arr"><location begcolumn="9" begline="12" endcolumn="11" endline="12" loc="12.9:12.11"/></token><token kind="COL" lexeme=":"><location begcolumn="12" begline="12" endcolumn="12" endline="12" loc="12.12:12.12"/></token><node label="type"><token kind="LSQUARE" lexeme="["><location begcolumn="13" begline="12" endcolumn="13" endline="12" loc="12.13:12.13"/></token><token kind="INT_CONST" lexeme="10"><location begcolumn="14" begline="12" endcolumn="15" endline="12" loc="12.14:12.15"/></token><token kind="RSQUARE" lexeme="]"><location begcolumn="16" begline="12" endcolumn="16" endline="12" loc="12.16:12.16"/></token><node label="type"><token kind="INT" lexeme="int"><location begcolumn="17" begline="12" endcolumn="19" endline="12" loc="12.17:12.19"/></token></node></node></node></node><token kind="RCURLY" lexeme="}"><location begcolumn="1" begline="13" endcolumn="1" endline="13" loc="13.1:13.1"/></token></node><node label="function_definition"><token kind="IDENTIFIER" lexeme="f"><location begcolumn="1" begline="15" endcolumn="1" endline="15" loc="15.1:15.1"/></token><token kind="LBRACKET" lexeme="("><location begcolumn="2" begline="15" endcolumn="2" endline="15" loc="15.2:15.2"/></token><node label="parameters"><node label="tick"/><token kind="IDENTIFIER" lexeme="a"><location begcolumn="3" begline="15" endcolumn="3" endline="15" loc="15.3:15.3"/></token><token kind="COL" lexeme=":"><location begcolumn="4" begline="15" endcolumn="4" endline="15" loc="15.4:15.4"/></token><node label="type"><token kind="INT" lexeme="int"><location begcolumn="5" begline="15" endcolumn="7" endline="15" loc="15.5:15.7"/></token></node><node label="other_params"><token kind="COMMA" lexeme=","><location begcolumn="8" begline="15" endcolumn="8" endline="15" loc="15.8:15.8"/></token><node label="tick"/><token kind="IDENTIFIER" lexeme="b"><location begcolumn="10" begline="15" endcolumn="10" endline="15" loc="15.10:15.10"/></token><token kind="COL" lexeme=":"><location begcolumn="11" begline="15" endcolumn="11" endline="15" loc="15.11:15.11"/></token><node label="type"><token kind="LSQUARE" lexeme="["><location begcolumn="12" begline="15" endcolumn="12" endline="15" loc="15.12:15.12"/></token><token kind="INT_CONST" lexeme="10"><location begcolumn="13" begline="15" endcolumn="14" endline="15" loc="15.13:15.14"/></token><token kind="RSQUARE" lexeme="]"><location begcolumn="15" begline="15" endcolumn="15" endline="15" loc="15.15:15.15"/></token><node label="type"><token kind="INT" lexeme="int"><location begcolumn="16" begline="15" endcolumn="18" endline="15" loc="15.16:15.18"/></token></node></node></node></node><token kind="RBRACKET" lexeme=")"><location begcolumn="19" begline="15" endcolumn="19" endline="15" loc="15.19:15.19"/></token><token kind="COL" lexeme=":"><location begcolumn="20" begline="15" endcolumn="20" endline="15" loc="15.20:15.20"/></token><node label="type"><token kind="INT" lexeme="int"><location begcolumn="21" begline="15" endcolumn="23" endline="15" loc="15.21:15.23"/></token></node><token kind="ASSIGN" lexeme="="><location begcolumn="25" begline="15" endcolumn="25" endline="15" loc="15.25:15.25"/></token><node label="statement"><token kind="LCURLY" lexeme="{"><location begcolumn="27" begline="15" endcolumn="27" endline="15" loc="15.27:15.27"/></token><node label="statement"><node label="expression"><token kind="IDENTIFIER" lexeme="res"><location begcolumn="9" begline="16" endcolumn="11" endline="16" loc="16.9:16.11"/></token></node><token kind="ASSIGN" lexeme="="><location begcolumn="13" begline="16" endcolumn="13" endline="16" loc="16.13:16.13"/></token><node label="expression"><token kind="INT_CONST" lexeme="0"><location begcolumn="15" begline="16" endcolumn="15" endline="16" loc="16.15:16.15"/></token></node><token kind="SEMICOL" lexeme=";"><location begcolumn="16" begline="16" endcolumn="16" endline="16" loc="16.16:16.16"/></token></node><node label="statement"><node label="expression"><token kind="IDENTIFIER" lexeme="i"><location begcolumn="9" begline="17" endcolumn="9" endline="17" loc="17.9:17.9"/></token></node><token kind="ASSIGN" lexeme="="><location begcolumn="11" begline="17" endcolumn="11" endline="17" loc="17.11:17.11"/></token><node label="expression"><token kind="INT_CONST" lexeme="0"><location begcolumn="13" begline="17" endcolumn="13" endline="17" loc="17.13:17.13"/></token></node><token kind="SEMICOL" lexeme=";"><location begcolumn="14" begline="17" endcolumn="14" endline="17" loc="17.14:17.14"/></token></node><node label="statement"><token kind="WHILE" lexeme="while"><location begcolumn="9" begline="19" endcolumn="13" endline="19" loc="19.9:19.13"/></token><node label="expression"><token kind="LBRACKET" lexeme="("><location begcolumn="15" begline="19" endcolumn="15" endline="19" loc="19.15:19.15"/></token><node label="expression"><node label="expression"><token kind="IDENTIFIER" lexeme="i"><location begcolumn="17" begline="19" endcolumn="17" endline="19" loc="19.17:19.17"/></token></node><token kind="LESSEREQ" lexeme="&lt;="><location begcolumn="19" begline="19" endcolumn="20" endline="19" loc="19.19:19.20"/></token><node label="expression"><token kind="IDENTIFIER" lexeme="a"><location begcolumn="22" begline="19" endcolumn="22" endline="19" loc="19.22:19.22"/></token></node></node><token kind="RBRACKET" lexeme=")"><location begcolumn="23" begline="19" endcolumn="23" endline="19" loc="19.23:19.23"/></token></node><token kind="COL" lexeme=":"><location begcolumn="24" begline="19" endcolumn="24" endline="19" loc="19.24:19.24"/></token><node label="statement"><token kind="LCURLY" lexeme="{"><location begcolumn="25" begline="19" endcolumn="25" endline="19" loc="19.25:19.25"/></token><node label="statement"><node label="expression"><token kind="IDENTIFIER" lexeme="res"><location begcolumn="17" begline="20" endcolumn="19" endline="20" loc="20.17:20.19"/></token></node><token kind="ASSIGN" lexeme="="><location begcolumn="21" begline="20" endcolumn="21" endline="20" loc="20.21:20.21"/></token><node label="expression"><node label="expression"><token kind="IDENTIFIER" lexeme="res"><location begcolumn="23" begline="20" endcolumn="25" endline="20" loc="20.23:20.25"/></token></node><token kind="PLUS" lexeme="+"><location begcolumn="27" begline="20" endcolumn="27" endline="20" loc="20.27:20.27"/></token><node label="expression"><token kind="IDENTIFIER" lexeme="i"><location begcolumn="29" begline="20" endcolumn="29" endline="20" loc="20.29:20.29"/></token></node></node><token kind="SEMICOL" lexeme=";"><location begcolumn="30" begline="20" endcolumn="30" endline="20" loc="20.30:20.30"/></token></node><node label="statement"><node label="expression"><token kind="IDENTIFIER" lexeme="putint"><location begcolumn="17" begline="21" endcolumn="22" endline="21" loc="21.17:21.22"/></token><token kind="LBRACKET" lexeme="("><location begcolumn="23" begline="21" endcolumn="23" endline="21" loc="21.23:21.23"/></token><node label="fnc_call_expr"><node label="expression"><node label="expression"><token kind="IDENTIFIER" lexeme="b"><location begcolumn="24" begline="21" endcolumn="24" endline="21" loc="21.24:21.24"/></token></node><token kind="LSQUARE" lexeme="["><location begcolumn="25" begline="21" endcolumn="25" endline="21" loc="21.25:21.25"/></token><node label="expression"><token kind="IDENTIFIER" lexeme="i"><location begcolumn="26" begline="21" endcolumn="26" endline="21" loc="21.26:21.26"/></token></node><token kind="RSQUARE" lexeme="]"><location begcolumn="27" begline="21" endcolumn="27" endline="21" loc="21.27:21.27"/></token></node></node><token kind="RBRACKET" lexeme=")"><location begcolumn="28" begline="21" endcolumn="28" endline="21" loc="21.28:21.28"/></token></node><token kind="SEMICOL" lexeme=";"><location begcolumn="29" begline="21" endcolumn="29" endline="21" loc="21.29:21.29"/></token></node><node label="statement"><node label="expression"><token kind="IDENTIFIER" lexeme="putchar"><location begcolumn="17" begline="22" endcolumn="23" endline="22" loc="22.17:22.23"/></token><token kind="LBRACKET" lexeme="("><location begcolumn="24" begline="22" endcolumn="24" endline="22" loc="22.24:22.24"/></token><node label="fnc_call_expr"><node label="expression"><token kind="CHAR_LIT" lexeme="'\n'"><location begcolumn="25" begline="22" endcolumn="28" endline="22" loc="22.25:22.28"/></token></node></node><token kind="RBRACKET" lexeme=")"><location begcolumn="29" begline="22" endcolumn="29" endline="22" loc="22.29:22.29"/></token></node><token kind="SEMICOL" lexeme=";"><location begcolumn="30" begline="22" endcolumn="30" endline="22" loc="22.30:22.30"/></token></node><node label="statement"><node label="expression"><token kind="IDENTIFIER" lexeme="i"><location begcolumn="17" begline="23" endcolumn="17" endline="23" loc="23.17:23.17"/></token></node><token kind="ASSIGN" lexeme="="><location begcolumn="19" begline="23" endcolumn="19" endline="23" loc="23.19:23.19"/></token><node label="expression"><node label="expression"><token kind="IDENTIFIER" lexeme="i"><location begcolumn="21" begline="23" endcolumn="21" endline="23" loc="23.21:23.21"/></token></node><token kind="PLUS" lexeme="+"><location begcolumn="23" begline="23" endcolumn="23" endline="23" loc="23.23:23.23"/></token><node label="expression"><token kind="INT_CONST" lexeme="1"><location begcolumn="25" begline="23" endcolumn="25" endline="23" loc="23.25:23.25"/></token></node></node><token kind="SEMICOL" lexeme=";"><location begcolumn="26" begline="23" endcolumn="26" endline="23" loc="23.26:23.26"/></token></node><token kind="RCURLY" lexeme="}"><location begcolumn="9" begline="24" endcolumn="9" endline="24" loc="24.9:24.9"/></token></node></node><node label="statement"><token kind="RETURN" lexeme="return"><location begcolumn="9" begline="26" endcolumn="14" endline="26" loc="26.9:26.14"/></token><node label="expression"><token kind="IDENTIFIER" lexeme="res"><location begcolumn="16" begline="26" endcolumn="18" endline="26" loc="26.16:26.18"/></token></node><token kind="SEMICOL" lexeme=";"><location begcolumn="19" begline="26" endcolumn="19" endline="26" loc="26.19:26.19"/></token></node><token kind="RCURLY" lexeme="}"><location begcolumn="1" begline="27" endcolumn="1" endline="27" loc="27.1:27.1"/></token></node><token kind="LCURLY" lexeme="{"><location begcolumn="2" begline="27" endcolumn="2" endline="27" loc="27.2:27.2"/></token><node label="definitions"><node label="variable_definition"><token kind="IDENTIFIER" lexeme="res"><location begcolumn="9" begline="28" endcolumn="11" endline="28" loc="28.9:28.11"/></token><token kind="COL" lexeme=":"><location begcolumn="12" begline="28" endcolumn="12" endline="28" loc="28.12:28.12"/></token><node label="type"><token kind="INT" lexeme="int"><location begcolumn="13" begline="28" endcolumn="15" endline="28" loc="28.13:28.15"/></token></node></node><node label="variable_definition"><token kind="IDENTIFIER" lexeme="i"><location begcolumn="9" begline="29" endcolumn="9" endline="29" loc="29.9:29.9"/></token><token kind="COL" lexeme=":"><location begcolumn="10" begline="29" endcolumn="10" endline="29" loc="29.10:29.10"/></token><node label="type"><token kind="INT" lexeme="int"><location begcolumn="11" begline="29" endcolumn="13" endline="29" loc="29.11:29.13"/></token></node></node></node><token kind="RCURLY" lexeme="}"><location begcolumn="1" begline="30" endcolumn="1" endline="30" loc="30.1:30.1"/></token></node></node><token kind="EOF" lexeme=""/></node></synan>