<?xml version="1.0" encoding="UTF-8" standalone="no"?><?xml-stylesheet type="text/xsl" href="../lib/xsl/lexan.xsl"?><lexan><token kind="IDENTIFIER" lexeme="int_test"><location begcolumn="1" begline="1" endcolumn="8" endline="1" loc="1.1:1.8"/></token><token kind="COL" lexeme=":"><location begcolumn="10" begline="1" endcolumn="10" endline="1" loc="1.10:1.10"/></token><token kind="INT" lexeme="int"><location begcolumn="12" begline="1" endcolumn="14" endline="1" loc="1.12:1.14"/></token><token kind="IDENTIFIER" lexeme="int_test2"><location begcolumn="1" begline="2" endcolumn="9" endline="2" loc="2.1:2.9"/></token><token kind="COL" lexeme=":"><location begcolumn="11" begline="2" endcolumn="11" endline="2" loc="2.11:2.11"/></token><token kind="INT" lexeme="int"><location begcolumn="13" begline="2" endcolumn="15" endline="2" loc="2.13:2.15"/></token><token kind="IDENTIFIER" lexeme="flagg"><location begcolumn="1" begline="3" endcolumn="5" endline="3" loc="3.1:3.5"/></token><token kind="COL" lexeme=":"><location begcolumn="10" begline="3" endcolumn="10" endline="3" loc="3.10:3.10"/></token><token kind="BOOL" lexeme="bool"><location begcolumn="12" begline="3" endcolumn="15" endline="3" loc="3.12:3.15"/></token><token kind="IDENTIFIER" lexeme="and_two"><location begcolumn="1" begline="4" endcolumn="7" endline="4" loc="4.1:4.7"/></token><token kind="COL" lexeme=":"><location begcolumn="9" begline="4" endcolumn="9" endline="4" loc="4.9:4.9"/></token><token kind="LSQUARE" lexeme="["><location begcolumn="11" begline="4" endcolumn="11" endline="4" loc="4.11:4.11"/></token><token kind="INT_CONST" lexeme="46"><location begcolumn="12" begline="4" endcolumn="13" endline="4" loc="4.12:4.13"/></token><token kind="RSQUARE" lexeme="]"><location begcolumn="14" begline="4" endcolumn="14" endline="4" loc="4.14:4.14"/></token><token kind="INT" lexeme="int"><location begcolumn="16" begline="4" endcolumn="18" endline="4" loc="4.16:4.18"/></token><token kind="IDENTIFIER" lexeme="ptr_int_test"><location begcolumn="1" begline="5" endcolumn="12" endline="5" loc="5.1:5.12"/></token><token kind="COL" lexeme=":"><location begcolumn="14" begline="5" endcolumn="14" endline="5" loc="5.14:5.14"/></token><token kind="POWER" lexeme="^"><location begcolumn="16" begline="5" endcolumn="16" endline="5" loc="5.16:5.16"/></token><token kind="INT" lexeme="int"><location begcolumn="17" begline="5" endcolumn="19" endline="5" loc="5.17:5.19"/></token><token kind="IDENTIFIER" lexeme="dumb_addition"><location begcolumn="1" begline="7" endcolumn="13" endline="7" loc="7.1:7.13"/></token><token kind="LBRACKET" lexeme="("><location begcolumn="14" begline="7" endcolumn="14" endline="7" loc="7.14:7.14"/></token><token kind="IDENTIFIER" lexeme="first"><location begcolumn="15" begline="7" endcolumn="19" endline="7" loc="7.15:7.19"/></token><token kind="COL" lexeme=":"><location begcolumn="21" begline="7" endcolumn="21" endline="7" loc="7.21:7.21"/></token><token kind="INT" lexeme="int"><location begcolumn="23" begline="7" endcolumn="25" endline="7" loc="7.23:7.25"/></token><token kind="COMMA" lexeme=","><location begcolumn="26" begline="7" endcolumn="26" endline="7" loc="7.26:7.26"/></token><token kind="IDENTIFIER" lexeme="second"><location begcolumn="28" begline="7" endcolumn="33" endline="7" loc="7.28:7.33"/></token><token kind="COL" lexeme=":"><location begcolumn="35" begline="7" endcolumn="35" endline="7" loc="7.35:7.35"/></token><token kind="INT" lexeme="int"><location begcolumn="37" begline="7" endcolumn="39" endline="7" loc="7.37:7.39"/></token><token kind="RBRACKET" lexeme=")"><location begcolumn="40" begline="7" endcolumn="40" endline="7" loc="7.40:7.40"/></token><token kind="COL" lexeme=":"><location begcolumn="42" begline="7" endcolumn="42" endline="7" loc="7.42:7.42"/></token><token kind="INT" lexeme="int"><location begcolumn="44" begline="7" endcolumn="46" endline="7" loc="7.44:7.46"/></token><token kind="ASSIGN" lexeme="="><location begcolumn="48" begline="7" endcolumn="48" endline="7" loc="7.48:7.48"/></token><token kind="LCURLY" lexeme="{"><location begcolumn="50" begline="7" endcolumn="50" endline="7" loc="7.50:7.50"/></token><token kind="IDENTIFIER" lexeme="sum_test"><location begcolumn="5" begline="8" endcolumn="12" endline="8" loc="8.5:8.12"/></token><token kind="ASSIGN" lexeme="="><location begcolumn="14" begline="8" endcolumn="14" endline="8" loc="8.14:8.14"/></token><token kind="IDENTIFIER" lexeme="int_test"><location begcolumn="16" begline="8" endcolumn="23" endline="8" loc="8.16:8.23"/></token><token kind="PLUS" lexeme="+"><location begcolumn="25" begline="8" endcolumn="25" endline="8" loc="8.25:8.25"/></token><token kind="IDENTIFIER" lexeme="int_test2"><location begcolumn="27" begline="8" endcolumn="35" endline="8" loc="8.27:8.35"/></token><token kind="SEMICOL" lexeme=";"><location begcolumn="36" begline="8" endcolumn="36" endline="8" loc="8.36:8.36"/></token><token kind="IDENTIFIER" lexeme="sum"><location begcolumn="5" begline="9" endcolumn="7" endline="9" loc="9.5:9.7"/></token><token kind="ASSIGN" lexeme="="><location begcolumn="9" begline="9" endcolumn="9" endline="9" loc="9.9:9.9"/></token><token kind="IDENTIFIER" lexeme="first"><location begcolumn="11" begline="9" endcolumn="15" endline="9" loc="9.11:9.15"/></token><token kind="PLUS" lexeme="+"><location begcolumn="17" begline="9" endcolumn="17" endline="9" loc="9.17:9.17"/></token><token kind="IDENTIFIER" lexeme="second"><location begcolumn="19" begline="9" endcolumn="24" endline="9" loc="9.19:9.24"/></token><token kind="SEMICOL" lexeme=";"><location begcolumn="25" begline="9" endcolumn="25" endline="9" loc="9.25:9.25"/></token><token kind="RETURN" lexeme="return"><location begcolumn="5" begline="10" endcolumn="10" endline="10" loc="10.5:10.10"/></token><token kind="IDENTIFIER" lexeme="sum"><location begcolumn="12" begline="10" endcolumn="14" endline="10" loc="10.12:10.14"/></token><token kind="SEMICOL" lexeme=";"><location begcolumn="15" begline="10" endcolumn="15" endline="10" loc="10.15:10.15"/></token><token kind="RCURLY" lexeme="}"><location begcolumn="1" begline="11" endcolumn="1" endline="11" loc="11.1:11.1"/></token><token kind="LCURLY" lexeme="{"><location begcolumn="3" begline="11" endcolumn="3" endline="11" loc="11.3:11.3"/></token><token kind="IDENTIFIER" lexeme="sum_test"><location begcolumn="5" begline="11" endcolumn="12" endline="11" loc="11.5:11.12"/></token><token kind="COL" lexeme=":"><location begcolumn="14" begline="11" endcolumn="14" endline="11" loc="11.14:11.14"/></token><token kind="INT" lexeme="int"><location begcolumn="16" begline="11" endcolumn="18" endline="11" loc="11.16:11.18"/></token><token kind="IDENTIFIER" lexeme="sum"><location begcolumn="20" begline="11" endcolumn="22" endline="11" loc="11.20:11.22"/></token><token kind="COL" lexeme=":"><location begcolumn="24" begline="11" endcolumn="24" endline="11" loc="11.24:11.24"/></token><token kind="INT" lexeme="int"><location begcolumn="26" begline="11" endcolumn="28" endline="11" loc="11.26:11.28"/></token><token kind="RCURLY" lexeme="}"><location begcolumn="30" begline="11" endcolumn="30" endline="11" loc="11.30:11.30"/></token><token kind="IDENTIFIER" lexeme="main_function"><location begcolumn="1" begline="13" endcolumn="13" endline="13" loc="13.1:13.13"/></token><token kind="LBRACKET" lexeme="("><location begcolumn="14" begline="13" endcolumn="14" endline="13" loc="13.14:13.14"/></token><token kind="RBRACKET" lexeme=")"><location begcolumn="15" begline="13" endcolumn="15" endline="13" loc="13.15:13.15"/></token><token kind="COL" lexeme=":"><location begcolumn="17" begline="13" endcolumn="17" endline="13" loc="13.17:13.17"/></token><token kind="BOOL" lexeme="bool"><location begcolumn="19" begline="13" endcolumn="22" endline="13" loc="13.19:13.22"/></token><token kind="ASSIGN" lexeme="="><location begcolumn="24" begline="13" endcolumn="24" endline="13" loc="13.24:13.24"/></token><token kind="LCURLY" lexeme="{"><location begcolumn="26" begline="13" endcolumn="26" endline="13" loc="13.26:13.26"/></token><token kind="IDENTIFIER" lexeme="int_test"><location begcolumn="5" begline="14" endcolumn="12" endline="14" loc="14.5:14.12"/></token><token kind="ASSIGN" lexeme="="><location begcolumn="14" begline="14" endcolumn="14" endline="14" loc="14.14:14.14"/></token><token kind="INT_CONST" lexeme="5"><location begcolumn="16" begline="14" endcolumn="16" endline="14" loc="14.16:14.16"/></token><token kind="SEMICOL" lexeme=";"><location begcolumn="17" begline="14" endcolumn="17" endline="14" loc="14.17:14.17"/></token><token kind="IDENTIFIER" lexeme="ptr_int_test"><location begcolumn="5" begline="15" endcolumn="16" endline="15" loc="15.5:15.16"/></token><token kind="POWER" lexeme="^"><location begcolumn="17" begline="15" endcolumn="17" endline="15" loc="15.17:15.17"/></token><token kind="ASSIGN" lexeme="="><location begcolumn="19" begline="15" endcolumn="19" endline="15" loc="15.19:15.19"/></token><token kind="INT_CONST" lexeme="1"><location begcolumn="21" begline="15" endcolumn="21" endline="15" loc="15.21:15.21"/></token><token kind="SEMICOL" lexeme=";"><location begcolumn="22" begline="15" endcolumn="22" endline="15" loc="15.22:15.22"/></token><token kind="IDENTIFIER" lexeme="int_test2"><location begcolumn="5" begline="16" endcolumn="13" endline="16" loc="16.5:16.13"/></token><token kind="ASSIGN" lexeme="="><location begcolumn="15" begline="16" endcolumn="15" endline="16" loc="16.15:16.15"/></token><token kind="INT_CONST" lexeme="7"><location begcolumn="17" begline="16" endcolumn="17" endline="16" loc="16.17:16.17"/></token><token kind="SEMICOL" lexeme=";"><location begcolumn="18" begline="16" endcolumn="18" endline="16" loc="16.18:16.18"/></token><token kind="IDENTIFIER" lexeme="ret_val"><location begcolumn="5" begline="17" endcolumn="11" endline="17" loc="17.5:17.11"/></token><token kind="ASSIGN" lexeme="="><location begcolumn="13" begline="17" endcolumn="13" endline="17" loc="17.13:17.13"/></token><token kind="IDENTIFIER" lexeme="dumb_addition"><location begcolumn="15" begline="17" endcolumn="27" endline="17" loc="17.15:17.27"/></token><token kind="LBRACKET" lexeme="("><location begcolumn="28" begline="17" endcolumn="28" endline="17" loc="17.28:17.28"/></token><token kind="IDENTIFIER" lexeme="int_test"><location begcolumn="29" begline="17" endcolumn="36" endline="17" loc="17.29:17.36"/></token><token kind="COMMA" lexeme=","><location begcolumn="37" begline="17" endcolumn="37" endline="17" loc="17.37:17.37"/></token><token kind="IDENTIFIER" lexeme="int_test2"><location begcolumn="39" begline="17" endcolumn="47" endline="17" loc="17.39:17.47"/></token><token kind="RBRACKET" lexeme=")"><location begcolumn="48" begline="17" endcolumn="48" endline="17" loc="17.48:17.48"/></token><token kind="SEMICOL" lexeme=";"><location begcolumn="49" begline="17" endcolumn="49" endline="17" loc="17.49:17.49"/></token><token kind="IDENTIFIER" lexeme="idx"><location begcolumn="5" begline="18" endcolumn="7" endline="18" loc="18.5:18.7"/></token><token kind="ASSIGN" lexeme="="><location begcolumn="9" begline="18" endcolumn="9" endline="18" loc="18.9:18.9"/></token><token kind="INT_CONST" lexeme="0"><location begcolumn="11" begline="18" endcolumn="11" endline="18" loc="18.11:18.11"/></token><token kind="SEMICOL" lexeme=";"><location begcolumn="12" begline="18" endcolumn="12" endline="18" loc="18.12:18.12"/></token><token kind="IDENTIFIER" lexeme="flagg"><location begcolumn="5" begline="19" endcolumn="9" endline="19" loc="19.5:19.9"/></token><token kind="ASSIGN" lexeme="="><location begcolumn="11" begline="19" endcolumn="11" endline="19" loc="19.11:19.11"/></token><token kind="TRUE" lexeme="true"><location begcolumn="13" begline="19" endcolumn="16" endline="19" loc="19.13:19.16"/></token><token kind="SEMICOL" lexeme=";"><location begcolumn="17" begline="19" endcolumn="17" endline="19" loc="19.17:19.17"/></token><token kind="WHILE" lexeme="while"><location begcolumn="5" begline="20" endcolumn="9" endline="20" loc="20.5:20.9"/></token><token kind="LBRACKET" lexeme="("><location begcolumn="11" begline="20" endcolumn="11" endline="20" loc="20.11:20.11"/></token><token kind="IDENTIFIER" lexeme="idx"><location begcolumn="12" begline="20" endcolumn="14" endline="20" loc="20.12:20.14"/></token><token kind="LESSTHAN" lexeme="&lt;"><location begcolumn="16" begline="20" endcolumn="16" endline="20" loc="20.16:20.16"/></token><token kind="INT_CONST" lexeme="46"><location begcolumn="18" begline="20" endcolumn="19" endline="20" loc="20.18:20.19"/></token><token kind="RBRACKET" lexeme=")"><location begcolumn="20" begline="20" endcolumn="20" endline="20" loc="20.20:20.20"/></token><token kind="COL" lexeme=":"><location begcolumn="22" begline="20" endcolumn="22" endline="20" loc="20.22:20.22"/></token><token kind="LCURLY" lexeme="{"><location begcolumn="24" begline="20" endcolumn="24" endline="20" loc="20.24:20.24"/></token><token kind="IDENTIFIER" lexeme="and_two"><location begcolumn="9" begline="21" endcolumn="15" endline="21" loc="21.9:21.15"/></token><token kind="LSQUARE" lexeme="["><location begcolumn="16" begline="21" endcolumn="16" endline="21" loc="21.16:21.16"/></token><token kind="IDENTIFIER" lexeme="idx"><location begcolumn="17" begline="21" endcolumn="19" endline="21" loc="21.17:21.19"/></token><token kind="RSQUARE" lexeme="]"><location begcolumn="20" begline="21" endcolumn="20" endline="21" loc="21.20:21.20"/></token><token kind="ASSIGN" lexeme="="><location begcolumn="22" begline="21" endcolumn="22" endline="21" loc="21.22:21.22"/></token><token kind="IDENTIFIER" lexeme="ret_val"><location begcolumn="24" begline="21" endcolumn="30" endline="21" loc="21.24:21.30"/></token><token kind="SEMICOL" lexeme=";"><location begcolumn="31" begline="21" endcolumn="31" endline="21" loc="21.31:21.31"/></token><token kind="IDENTIFIER" lexeme="idx"><location begcolumn="9" begline="22" endcolumn="11" endline="22" loc="22.9:22.11"/></token><token kind="ASSIGN" lexeme="="><location begcolumn="13" begline="22" endcolumn="13" endline="22" loc="22.13:22.13"/></token><token kind="IDENTIFIER" lexeme="idx"><location begcolumn="15" begline="22" endcolumn="17" endline="22" loc="22.15:22.17"/></token><token kind="PLUS" lexeme="+"><location begcolumn="19" begline="22" endcolumn="19" endline="22" loc="22.19:22.19"/></token><token kind="INT_CONST" lexeme="1"><location begcolumn="21" begline="22" endcolumn="21" endline="22" loc="22.21:22.21"/></token><token kind="SEMICOL" lexeme=";"><location begcolumn="22" begline="22" endcolumn="22" endline="22" loc="22.22:22.22"/></token><token kind="RCURLY" lexeme="}"><location begcolumn="5" begline="23" endcolumn="5" endline="23" loc="23.5:23.5"/></token><token kind="RETURN" lexeme="return"><location begcolumn="5" begline="24" endcolumn="10" endline="24" loc="24.5:24.10"/></token><token kind="IDENTIFIER" lexeme="flagg"><location begcolumn="12" begline="24" endcolumn="16" endline="24" loc="24.12:24.16"/></token><token kind="SEMICOL" lexeme=";"><location begcolumn="17" begline="24" endcolumn="17" endline="24" loc="24.17:24.17"/></token><token kind="RCURLY" lexeme="}"><location begcolumn="1" begline="25" endcolumn="1" endline="25" loc="25.1:25.1"/></token><token kind="LCURLY" lexeme="{"><location begcolumn="3" begline="25" endcolumn="3" endline="25" loc="25.3:25.3"/></token><token kind="IDENTIFIER" lexeme="ret_val"><location begcolumn="5" begline="25" endcolumn="11" endline="25" loc="25.5:25.11"/></token><token kind="COL" lexeme=":"><location begcolumn="13" begline="25" endcolumn="13" endline="25" loc="25.13:25.13"/></token><token kind="INT" lexeme="int"><location begcolumn="15" begline="25" endcolumn="17" endline="25" loc="25.15:25.17"/></token><token kind="IDENTIFIER" lexeme="idx"><location begcolumn="19" begline="25" endcolumn="21" endline="25" loc="25.19:25.21"/></token><token kind="COL" lexeme=":"><location begcolumn="23" begline="25" endcolumn="23" endline="25" loc="25.23:25.23"/></token><token kind="INT" lexeme="int"><location begcolumn="25" begline="25" endcolumn="27" endline="25" loc="25.25:25.27"/></token><token kind="RCURLY" lexeme="}"><location begcolumn="29" begline="25" endcolumn="29" endline="25" loc="25.29:25.29"/></token><token kind="IDENTIFIER" lexeme="local_function_test"><location begcolumn="1" begline="27" endcolumn="19" endline="27" loc="27.1:27.19"/></token><token kind="LBRACKET" lexeme="("><location begcolumn="20" begline="27" endcolumn="20" endline="27" loc="27.20:27.20"/></token><token kind="RBRACKET" lexeme=")"><location begcolumn="21" begline="27" endcolumn="21" endline="27" loc="27.21:27.21"/></token><token kind="COL" lexeme=":"><location begcolumn="23" begline="27" endcolumn="23" endline="27" loc="27.23:27.23"/></token><token kind="INT" lexeme="int"><location begcolumn="25" begline="27" endcolumn="27" endline="27" loc="27.25:27.27"/></token><token kind="ASSIGN" lexeme="="><location begcolumn="29" begline="27" endcolumn="29" endline="27" loc="27.29:27.29"/></token><token kind="LCURLY" lexeme="{"><location begcolumn="31" begline="27" endcolumn="31" endline="27" loc="27.31:27.31"/></token><token kind="IDENTIFIER" lexeme="int_test"><location begcolumn="5" begline="28" endcolumn="12" endline="28" loc="28.5:28.12"/></token><token kind="ASSIGN" lexeme="="><location begcolumn="14" begline="28" endcolumn="14" endline="28" loc="28.14:28.14"/></token><token kind="INT_CONST" lexeme="420"><location begcolumn="16" begline="28" endcolumn="18" endline="28" loc="28.16:28.18"/></token><token kind="SEMICOL" lexeme=";"><location begcolumn="19" begline="28" endcolumn="19" endline="28" loc="28.19:28.19"/></token><token kind="IDENTIFIER" lexeme="int_test2"><location begcolumn="5" begline="29" endcolumn="13" endline="29" loc="29.5:29.13"/></token><token kind="ASSIGN" lexeme="="><location begcolumn="15" begline="29" endcolumn="15" endline="29" loc="29.15:29.15"/></token><token kind="INT_CONST" lexeme="42"><location begcolumn="17" begline="29" endcolumn="18" endline="29" loc="29.17:29.18"/></token><token kind="SEMICOL" lexeme=";"><location begcolumn="19" begline="29" endcolumn="19" endline="29" loc="29.19:29.19"/></token><token kind="IDENTIFIER" lexeme="ret_val"><location begcolumn="5" begline="30" endcolumn="11" endline="30" loc="30.5:30.11"/></token><token kind="ASSIGN" lexeme="="><location begcolumn="13" begline="30" endcolumn="13" endline="30" loc="30.13:30.13"/></token><token kind="IDENTIFIER" lexeme="dumb_addition"><location begcolumn="15" begline="30" endcolumn="27" endline="30" loc="30.15:30.27"/></token><token kind="LBRACKET" lexeme="("><location begcolumn="28" begline="30" endcolumn="28" endline="30" loc="30.28:30.28"/></token><token kind="IDENTIFIER" lexeme="int_test"><location begcolumn="29" begline="30" endcolumn="36" endline="30" loc="30.29:30.36"/></token><token kind="COMMA" lexeme=","><location begcolumn="37" begline="30" endcolumn="37" endline="30" loc="30.37:30.37"/></token><token kind="IDENTIFIER" lexeme="int_test2"><location begcolumn="39" begline="30" endcolumn="47" endline="30" loc="30.39:30.47"/></token><token kind="RBRACKET" lexeme=")"><location begcolumn="48" begline="30" endcolumn="48" endline="30" loc="30.48:30.48"/></token><token kind="SEMICOL" lexeme=";"><location begcolumn="49" begline="30" endcolumn="49" endline="30" loc="30.49:30.49"/></token><token kind="IDENTIFIER" lexeme="ret_val"><location begcolumn="5" begline="31" endcolumn="11" endline="31" loc="31.5:31.11"/></token><token kind="ASSIGN" lexeme="="><location begcolumn="13" begline="31" endcolumn="13" endline="31" loc="31.13:31.13"/></token><token kind="IDENTIFIER" lexeme="multiply_by_2"><location begcolumn="15" begline="31" endcolumn="27" endline="31" loc="31.15:31.27"/></token><token kind="LBRACKET" lexeme="("><location begcolumn="28" begline="31" endcolumn="28" endline="31" loc="31.28:31.28"/></token><token kind="IDENTIFIER" lexeme="ret_val"><location begcolumn="29" begline="31" endcolumn="35" endline="31" loc="31.29:31.35"/></token><token kind="RBRACKET" lexeme=")"><location begcolumn="36" begline="31" endcolumn="36" endline="31" loc="31.36:31.36"/></token><token kind="SEMICOL" lexeme=";"><location begcolumn="37" begline="31" endcolumn="37" endline="31" loc="31.37:31.37"/></token><token kind="RETURN" lexeme="return"><location begcolumn="5" begline="32" endcolumn="10" endline="32" loc="32.5:32.10"/></token><token kind="IDENTIFIER" lexeme="ret_val"><location begcolumn="12" begline="32" endcolumn="18" endline="32" loc="32.12:32.18"/></token><token kind="SEMICOL" lexeme=";"><location begcolumn="19" begline="32" endcolumn="19" endline="32" loc="32.19:32.19"/></token><token kind="RCURLY" lexeme="}"><location begcolumn="1" begline="34" endcolumn="1" endline="34" loc="34.1:34.1"/></token><token kind="LCURLY" lexeme="{"><location begcolumn="3" begline="34" endcolumn="3" endline="34" loc="34.3:34.3"/></token><token kind="IDENTIFIER" lexeme="ret_val"><location begcolumn="5" begline="34" endcolumn="11" endline="34" loc="34.5:34.11"/></token><token kind="COL" lexeme=":"><location begcolumn="13" begline="34" endcolumn="13" endline="34" loc="34.13:34.13"/></token><token kind="INT" lexeme="int"><location begcolumn="15" begline="34" endcolumn="17" endline="34" loc="34.15:34.17"/></token><token kind="IDENTIFIER" lexeme="idx"><location begcolumn="19" begline="34" endcolumn="21" endline="34" loc="34.19:34.21"/></token><token kind="COL" lexeme=":"><location begcolumn="23" begline="34" endcolumn="23" endline="34" loc="34.23:34.23"/></token><token kind="INT" lexeme="int"><location begcolumn="25" begline="34" endcolumn="27" endline="34" loc="34.25:34.27"/></token><token kind="IDENTIFIER" lexeme="multiply_by_2"><location begcolumn="29" begline="34" endcolumn="41" endline="34" loc="34.29:34.41"/></token><token kind="LBRACKET" lexeme="("><location begcolumn="42" begline="34" endcolumn="42" endline="34" loc="34.42:34.42"/></token><token kind="IDENTIFIER" lexeme="number"><location begcolumn="43" begline="34" endcolumn="48" endline="34" loc="34.43:34.48"/></token><token kind="COL" lexeme=":"><location begcolumn="50" begline="34" endcolumn="50" endline="34" loc="34.50:34.50"/></token><token kind="INT" lexeme="int"><location begcolumn="52" begline="34" endcolumn="54" endline="34" loc="34.52:34.54"/></token><token kind="RBRACKET" lexeme=")"><location begcolumn="55" begline="34" endcolumn="55" endline="34" loc="34.55:34.55"/></token><token kind="COL" lexeme=":"><location begcolumn="57" begline="34" endcolumn="57" endline="34" loc="34.57:34.57"/></token><token kind="INT" lexeme="int"><location begcolumn="59" begline="34" endcolumn="61" endline="34" loc="34.59:34.61"/></token><token kind="ASSIGN" lexeme="="><location begcolumn="63" begline="34" endcolumn="63" endline="34" loc="34.63:34.63"/></token><token kind="RETURN" lexeme="return"><location begcolumn="65" begline="34" endcolumn="70" endline="34" loc="34.65:34.70"/></token><token kind="IDENTIFIER" lexeme="number"><location begcolumn="72" begline="34" endcolumn="77" endline="34" loc="34.72:34.77"/></token><token kind="MUL" lexeme="*"><location begcolumn="79" begline="34" endcolumn="79" endline="34" loc="34.79:34.79"/></token><token kind="INT_CONST" lexeme="2"><location begcolumn="81" begline="34" endcolumn="81" endline="34" loc="34.81:34.81"/></token><token kind="SEMICOL" lexeme=";"><location begcolumn="82" begline="34" endcolumn="82" endline="34" loc="34.82:34.82"/></token><token kind="RCURLY" lexeme="}"><location begcolumn="84" begline="34" endcolumn="84" endline="34" loc="34.84:34.84"/></token><token kind="EOF" lexeme=""/></lexan>