<?xml version="1.0" encoding="UTF-8" standalone="no"?><?xml-stylesheet type="text/xsl" href="../lib/xsl/imclin.xsl"?><imclin><codechunk bodylabel="L0" epiloguelabel="L1" prologuelabel="_main"><frame FP="T0" RV="T1" argssize="0" depth="0" label="_main" locssize="0" size="16"/><stmt><imc instruction="LABEL(L0)"/></stmt><stmt><imc instruction="MOVE"><imc instruction="TEMP(T2)"/><imc instruction="TEMP(T0)"/></imc></stmt><stmt><imc instruction="MOVE"><imc instruction="TEMP(T3)"/><imc instruction="CONST(8)"/></imc></stmt><stmt><imc instruction="MOVE"><imc instruction="TEMP(T4)"/><imc instruction="BINOP(ADD)"><imc instruction="TEMP(T2)"/><imc instruction="TEMP(T3)"/></imc></imc></stmt><stmt><imc instruction="MOVE"><imc instruction="TEMP(T5)"/><imc instruction="CONST(2)"/></imc></stmt><stmt><imc instruction="MOVE"><imc instruction="MEM"><imc instruction="TEMP(T4)"/></imc><imc instruction="TEMP(T5)"/></imc></stmt><stmt><imc instruction="MOVE"><imc instruction="TEMP(T1)"/><imc instruction="CONST(0)"/></imc></stmt><stmt><imc instruction="JUMP(L1)"/></stmt></codechunk></imclin>