<?xml version="1.0" encoding="UTF-8" standalone="no"?><?xml-stylesheet type="text/xsl" href="../lib/xsl/abstr.xsl"?><abstr><node id="100" label="AstNodes&lt;AstDefn&gt;"><node id="78" label="AstFunDefn" name="func_name"><location begcolumn="1" begline="1" endcolumn="9" endline="1" loc="1.1:1.9"/><node id="6" label="AstNodes&lt;AstParDefn&gt;"><node id="2" label="AstValParDefn" name="par2"><location begcolumn="29" begline="1" endcolumn="39" endline="1" loc="1.29:1.39"/><node id="1" label="AstAtomType" name="BOOL"><location begcolumn="36" begline="1" endcolumn="39" endline="1" loc="1.36:1.39"/></node></node><node id="4" label="AstValParDefn" name="par3"><location begcolumn="42" begline="1" endcolumn="56" endline="1" loc="1.42:1.56"/><node id="3" label="AstNameType" name="nov_tip1"><location begcolumn="49" begline="1" endcolumn="56" endline="1" loc="1.49:1.56"/></node></node><node id="5" label="AstValParDefn" name="par1"><location begcolumn="12" begline="1" endcolumn="26" endline="1" loc="1.12:1.26"/><node id="0" label="AstNameType" name="nov_tip2"><location begcolumn="19" begline="1" endcolumn="26" endline="1" loc="1.19:1.26"/></node></node></node><node id="38" label="AstBlockStmt"><location begcolumn="1" begline="2" endcolumn="1" endline="2" loc="2.1:2.1"/><node id="39" label="AstNodes&lt;AstStmt&gt;"><node id="13" label="AstAssignStmt"><location begcolumn="19" begline="3" endcolumn="19" endline="3" loc="3.19:3.19"/><node id="9" label="AstNameExpr" name="x1"><location begcolumn="9" begline="3" endcolumn="10" endline="3" loc="3.9:3.10"/></node><node id="12" label="AstArrExpr"><location begcolumn="18" begline="3" endcolumn="18" endline="3" loc="3.18:3.18"/><node id="10" label="AstNameExpr" name="x1"><location begcolumn="14" begline="3" endcolumn="15" endline="3" loc="3.14:3.15"/></node><node id="11" label="AstAtomExpr" name="0"><location begcolumn="17" begline="3" endcolumn="17" endline="3" loc="3.17:3.17"/></node></node></node><node id="18" label="AstAssignStmt"><location begcolumn="25" begline="4" endcolumn="25" endline="4" loc="4.25:4.25"/><node id="16" label="AstNameExpr" name="x2"><location begcolumn="9" begline="4" endcolumn="10" endline="4" loc="4.9:4.10"/></node><node id="17" label="AstNameExpr" name="bla_bla_bla"><location begcolumn="14" begline="4" endcolumn="24" endline="4" loc="4.14:4.24"/></node></node><node id="23" label="AstAssignStmt"><location begcolumn="25" begline="5" endcolumn="25" endline="5" loc="5.25:5.25"/><node id="21" label="AstNameExpr" name="x6"><location begcolumn="9" begline="5" endcolumn="10" endline="5" loc="5.9:5.10"/></node><node id="22" label="AstNameExpr" name="bla_bla_bla"><location begcolumn="14" begline="5" endcolumn="24" endline="5" loc="5.14:5.24"/></node></node><node id="27" label="AstExprStmt"><location begcolumn="20" begline="6" endcolumn="20" endline="6" loc="6.20:6.20"/><node id="26" label="AstCallExpr" name="func_decl"><location begcolumn="9" begline="6" endcolumn="19" endline="6" loc="6.9:6.19"/></node></node><node id="32" label="AstAssignStmt"><location begcolumn="20" begline="7" endcolumn="20" endline="7" loc="7.20:7.20"/><node id="30" label="AstNameExpr" name="par2"><location begcolumn="9" begline="7" endcolumn="12" endline="7" loc="7.9:7.12"/></node><node id="31" label="AstAtomExpr" name="true"><location begcolumn="16" begline="7" endcolumn="19" endline="7" loc="7.16:7.19"/></node></node><node id="37" label="AstAssignStmt"><location begcolumn="21" begline="8" endcolumn="21" endline="8" loc="8.21:8.21"/><node id="35" label="AstNameExpr" name="par3"><location begcolumn="9" begline="8" endcolumn="12" endline="8" loc="8.9:8.12"/></node><node id="36" label="AstAtomExpr" name="false"><location begcolumn="16" begline="8" endcolumn="20" endline="8" loc="8.16:8.20"/></node></node></node></node><node id="77" label="AstNodes&lt;AstDefn&gt;"><node id="41" label="AstVarDefn" name="x2"><location begcolumn="9" begline="12" endcolumn="21" endline="12" loc="12.9:12.21"/><node id="40" label="AstNameType" name="nov_tip1"><location begcolumn="14" begline="12" endcolumn="21" endline="12" loc="12.14:12.21"/></node></node><node id="46" label="AstTypDefn" name="x3"><location begcolumn="9" begline="13" endcolumn="25" endline="13" loc="13.9:13.25"/><node id="45" label="AstStrType"><location begcolumn="14" begline="13" endcolumn="25" endline="13" loc="13.14:13.25"/><node id="44" label="AstNodes&lt;AstCmpDefn&gt;"><node id="43" label="AstCmpDefn" name="hey"><location begcolumn="15" begline="13" endcolumn="24" endline="13" loc="13.15:13.24"/><node id="42" label="AstAtomType" name="BOOL"><location begcolumn="21" begline="13" endcolumn="24" endline="13" loc="13.21:13.24"/></node></node></node></node></node><node id="53" label="AstTypDefn" name="x4"><location begcolumn="9" begline="14" endcolumn="35" endline="14" loc="14.9:14.35"/><node id="52" label="AstStrType"><location begcolumn="14" begline="14" endcolumn="35" endline="14" loc="14.14:14.35"/><node id="51" label="AstNodes&lt;AstCmpDefn&gt;"><node id="49" label="AstCmpDefn" name="x6"><location begcolumn="25" begline="14" endcolumn="34" endline="14" loc="14.25:14.34"/><node id="48" label="AstAtomType" name="INT"><location begcolumn="32" begline="14" endcolumn="34" endline="14" loc="14.32:14.34"/></node></node><node id="50" label="AstCmpDefn" name="hey"><location begcolumn="15" begline="14" endcolumn="24" endline="14" loc="14.15:14.24"/><node id="47" label="AstAtomType" name="BOOL"><location begcolumn="21" begline="14" endcolumn="24" endline="14" loc="14.21:14.24"/></node></node></node></node></node><node id="63" label="AstTypDefn" name="x5"><location begcolumn="9" begline="15" endcolumn="46" endline="15" loc="15.9:15.46"/><node id="62" label="AstStrType"><location begcolumn="14" begline="15" endcolumn="46" endline="15" loc="15.14:15.46"/><node id="61" label="AstNodes&lt;AstCmpDefn&gt;"><node id="56" label="AstCmpDefn" name="x6"><location begcolumn="25" begline="15" endcolumn="34" endline="15" loc="15.25:15.34"/><node id="55" label="AstAtomType" name="INT"><location begcolumn="32" begline="15" endcolumn="34" endline="15" loc="15.32:15.34"/></node></node><node id="59" label="AstCmpDefn" name="x7"><location begcolumn="35" begline="15" endcolumn="45" endline="15" loc="15.35:15.45"/><node id="58" label="AstPtrType"><location begcolumn="42" begline="15" endcolumn="45" endline="15" loc="15.42:15.45"/><node id="57" label="AstAtomType" name="INT"><location begcolumn="43" begline="15" endcolumn="45" endline="15" loc="15.43:15.45"/></node></node></node><node id="60" label="AstCmpDefn" name="hey"><location begcolumn="15" begline="15" endcolumn="24" endline="15" loc="15.15:15.24"/><node id="54" label="AstAtomType" name="BOOL"><location begcolumn="21" begline="15" endcolumn="24" endline="15" loc="15.21:15.24"/></node></node></node></node></node><node id="65" label="AstVarDefn" name="x6"><location begcolumn="9" begline="16" endcolumn="21" endline="16" loc="16.9:16.21"/><node id="64" label="AstNameType" name="nov_tip2"><location begcolumn="14" begline="16" endcolumn="21" endline="16" loc="16.14:16.21"/></node></node><node id="67" label="AstVarDefn" name="par3"><location begcolumn="9" begline="17" endcolumn="18" endline="17" loc="17.9:17.18"/><node id="66" label="AstAtomType" name="INT"><location begcolumn="16" begline="17" endcolumn="18" endline="17" loc="17.16:17.18"/></node></node><node id="69" label="AstTypDefn" name="nov_tip1"><location begcolumn="9" begline="18" endcolumn="22" endline="18" loc="18.9:18.22"/><node id="68" label="AstAtomType" name="INT"><location begcolumn="20" begline="18" endcolumn="22" endline="18" loc="18.20:18.22"/></node></node><node id="76" label="AstFunDefn" name="func_decl"><location begcolumn="9" begline="19" endcolumn="17" endline="19" loc="19.9:19.17"/><node id="74" label="AstBlockStmt"><location begcolumn="30" begline="19" endcolumn="30" endline="19" loc="19.30:19.30"/><node id="75" label="AstNodes&lt;AstStmt&gt;"><node id="73" label="AstReturnStmt"><location begcolumn="17" begline="20" endcolumn="37" endline="20" loc="20.17:20.37"/><node id="72" label="AstAtomExpr" name="&quot;hello_inside&quot;"><location begcolumn="24" begline="20" endcolumn="37" endline="20" loc="20.24:20.37"/></node></node></node></node><node id="71" label="AstPtrType"><location begcolumn="22" begline="19" endcolumn="26" endline="19" loc="19.22:19.26"/><node id="70" label="AstAtomType" name="CHAR"><location begcolumn="23" begline="19" endcolumn="26" endline="19" loc="19.23:19.26"/></node></node></node></node><node id="8" label="AstPtrType"><location begcolumn="61" begline="1" endcolumn="69" endline="1" loc="1.61:1.69"/><node id="7" label="AstNameType" name="nov_tip2"><location begcolumn="62" begline="1" endcolumn="69" endline="1" loc="1.62:1.69"/></node></node></node><node id="82" label="AstTypDefn" name="nov_tip1"><location begcolumn="1" begline="23" endcolumn="19" endline="23" loc="23.1:23.19"/><node id="81" label="AstArrType"><location begcolumn="12" begline="23" endcolumn="19" endline="23" loc="23.12:23.19"/><node id="79" label="AstAtomType" name="BOOL"><location begcolumn="16" begline="23" endcolumn="19" endline="23" loc="23.16:23.19"/></node><node id="80" label="AstAtomExpr" name="10"><location begcolumn="13" begline="23" endcolumn="14" endline="23" loc="23.13:23.14"/></node></node></node><node id="86" label="AstTypDefn" name="nov_tip2"><location begcolumn="1" begline="24" endcolumn="19" endline="24" loc="24.1:24.19"/><node id="85" label="AstArrType"><location begcolumn="12" begline="24" endcolumn="19" endline="24" loc="24.12:24.19"/><node id="83" label="AstAtomType" name="BOOL"><location begcolumn="16" begline="24" endcolumn="19" endline="24" loc="24.16:24.19"/></node><node id="84" label="AstAtomExpr" name="20"><location begcolumn="13" begline="24" endcolumn="14" endline="24" loc="24.13:24.14"/></node></node></node><node id="88" label="AstVarDefn" name="bla_bla_bla"><location begcolumn="1" begline="25" endcolumn="18" endline="25" loc="25.1:25.18"/><node id="87" label="AstAtomType" name="BOOL"><location begcolumn="15" begline="25" endcolumn="18" endline="25" loc="25.15:25.18"/></node></node><node id="90" label="AstVarDefn" name="x1"><location begcolumn="1" begline="26" endcolumn="9" endline="26" loc="26.1:26.9"/><node id="89" label="AstAtomType" name="BOOL"><location begcolumn="6" begline="26" endcolumn="9" endline="26" loc="26.6:26.9"/></node></node><node id="92" label="AstVarDefn" name="x2"><location begcolumn="1" begline="27" endcolumn="8" endline="27" loc="27.1:27.8"/><node id="91" label="AstAtomType" name="INT"><location begcolumn="6" begline="27" endcolumn="8" endline="27" loc="27.6:27.8"/></node></node><node id="99" label="AstFunDefn" name="func_decl"><location begcolumn="9" begline="28" endcolumn="17" endline="28" loc="28.9:28.17"/><node id="97" label="AstBlockStmt"><location begcolumn="30" begline="28" endcolumn="30" endline="28" loc="28.30:28.30"/><node id="98" label="AstNodes&lt;AstStmt&gt;"><node id="96" label="AstReturnStmt"><location begcolumn="17" begline="29" endcolumn="38" endline="29" loc="29.17:29.38"/><node id="95" label="AstAtomExpr" name="&quot;hello_outside&quot;"><location begcolumn="24" begline="29" endcolumn="38" endline="29" loc="29.24:29.38"/></node></node></node></node><node id="94" label="AstPtrType"><location begcolumn="22" begline="28" endcolumn="26" endline="28" loc="28.22:28.26"/><node id="93" label="AstAtomType" name="CHAR"><location begcolumn="23" begline="28" endcolumn="26" endline="28" loc="28.23:28.26"/></node></node></node></node></abstr>