<?xml version="1.0" encoding="UTF-8" standalone="no"?><?xml-stylesheet type="text/xsl" href="../lib/xsl/livean.xsl"?><livean><code body="L0" epilogue="L1" prologue="L0" tempsize="0"><frame FP="T0" RV="T1" argssize="0" depth="0" label="_main" locssize="0" size="16"/><instructions><instruction code="L0"><temps name="use"/><temps name="def"/><temps name="in"><temp name="T0"/></temps><temps name="out"><temp name="T0"/></temps></instruction><instruction code="ADD T2,T0,0"><temps name="use"><temp name="T0"/></temps><temps name="def"><temp name="T2"/></temps><temps name="in"><temp name="T0"/></temps><temps name="out"><temp name="T2"/></temps></instruction><instruction code="SETL T8,8"><temps name="use"/><temps name="def"><temp name="T8"/></temps><temps name="in"><temp name="T2"/></temps><temps name="out"><temp name="T8"/><temp name="T2"/></temps></instruction><instruction code="ADD T3,T8,0"><temps name="use"><temp name="T8"/></temps><temps name="def"><temp name="T3"/></temps><temps name="in"><temp name="T8"/><temp name="T2"/></temps><temps name="out"><temp name="T2"/><temp name="T3"/></temps></instruction><instruction code="ADD T9,T2,T3"><temps name="use"><temp name="T2"/><temp name="T3"/></temps><temps name="def"><temp name="T9"/></temps><temps name="in"><temp name="T2"/><temp name="T3"/></temps><temps name="out"><temp name="T9"/></temps></instruction><instruction code="ADD T4,T9,0"><temps name="use"><temp name="T9"/></temps><temps name="def"><temp name="T4"/></temps><temps name="in"><temp name="T9"/></temps><temps name="out"><temp name="T4"/></temps></instruction><instruction code="SETL T10,2"><temps name="use"/><temps name="def"><temp name="T10"/></temps><temps name="in"><temp name="T4"/></temps><temps name="out"><temp name="T4"/><temp name="T10"/></temps></instruction><instruction code="ADD T5,T10,0"><temps name="use"><temp name="T10"/></temps><temps name="def"><temp name="T5"/></temps><temps name="in"><temp name="T4"/><temp name="T10"/></temps><temps name="out"><temp name="T4"/><temp name="T5"/></temps></instruction><instruction code="STO  T5,T4,0"><temps name="use"><temp name="T5"/><temp name="T4"/></temps><temps name="def"/><temps name="in"><temp name="T4"/><temp name="T5"/></temps><temps name="out"/></instruction><instruction code="SETL T11,0"><temps name="use"/><temps name="def"><temp name="T11"/></temps><temps name="in"/><temps name="out"><temp name="T11"/></temps></instruction><instruction code="ADD T1,T11,0"><temps name="use"><temp name="T11"/></temps><temps name="def"><temp name="T1"/></temps><temps name="in"><temp name="T11"/></temps><temps name="out"/></instruction><instruction code="JMP L1"><temps name="use"/><temps name="def"/><temps name="in"/><temps name="out"/></instruction></instructions></code></livean>