<?xml version="1.0" encoding="UTF-8" standalone="no"?><?xml-stylesheet type="text/xsl" href="../lib/xsl/abstr.xsl"?><abstr><node id="13" label="AstNodes&lt;AstDefn&gt;"><node id="12" label="AstFunDefn" name="main"><location begcolumn="1" begline="1" endcolumn="59" endline="1" loc="1.1:1.59"/><node id="2" label="AstNodes&lt;AstParDefn&gt;"><node id="1" label="AstValParDefn" name="i"><location begcolumn="6" begline="1" endcolumn="10" endline="1" loc="1.6:1.10"/><node id="0" label="AstAtomType" name="INT"><location begcolumn="8" begline="1" endcolumn="10" endline="1" loc="1.8:1.10"/></node></node></node><node id="11" label="AstIfStmt"><location begcolumn="20" begline="1" endcolumn="59" endline="1" loc="1.20:1.59"/><node id="6" label="AstBinExpr" name="EQU"><location begcolumn="23" begline="1" endcolumn="28" endline="1" loc="1.23:1.28"/><node id="4" label="AstNameExpr" name="i"><location begcolumn="23" begline="1" endcolumn="23" endline="1" loc="1.23:1.23"/></node><node id="5" label="AstAtomExpr" name="1"><location begcolumn="28" begline="1" endcolumn="28" endline="1" loc="1.28:1.28"/></node></node><node id="8" label="AstReturnStmt"><location begcolumn="36" begline="1" endcolumn="44" endline="1" loc="1.36:1.44"/><node id="7" label="AstAtomExpr" name="2"><location begcolumn="43" begline="1" endcolumn="43" endline="1" loc="1.43:1.43"/></node></node><node id="10" label="AstReturnStmt"><location begcolumn="51" begline="1" endcolumn="59" endline="1" loc="1.51:1.59"/><node id="9" label="AstAtomExpr" name="3"><location begcolumn="58" begline="1" endcolumn="58" endline="1" loc="1.58:1.58"/></node></node></node><node id="3" label="AstAtomType" name="INT"><location begcolumn="14" begline="1" endcolumn="16" endline="1" loc="1.14:1.16"/></node></node></node></abstr>