<?xml version="1.0" encoding="UTF-8" standalone="no"?><?xml-stylesheet type="text/xsl" href="../lib/xsl/abstr.xsl"?><abstr><node id="20" label="AstNodes&lt;AstDefn&gt;"><node id="19" label="AstFunDefn" name="main"><location begcolumn="1" begline="1" endcolumn="1" endline="13" loc="1.1:13.1"/><node id="3" label="AstBlockStmt"><location begcolumn="14" begline="1" endcolumn="1" endline="3" loc="1.14:3.1"/><node id="4" label="AstNodes&lt;AstStmt&gt;"><node id="2" label="AstReturnStmt"><location begcolumn="9" begline="2" endcolumn="20" endline="2" loc="2.9:2.20"/><node id="1" label="AstCallExpr" name="f3"><location begcolumn="16" begline="2" endcolumn="19" endline="2" loc="2.16:2.19"/></node></node></node></node><node id="18" label="AstNodes&lt;AstDefn&gt;"><node id="13" label="AstFunDefn" name="f3"><location begcolumn="9" begline="5" endcolumn="9" endline="9" loc="5.9:9.9"/><node id="8" label="AstBlockStmt"><location begcolumn="20" begline="5" endcolumn="9" endline="7" loc="5.20:7.9"/><node id="9" label="AstNodes&lt;AstStmt&gt;"><node id="7" label="AstReturnStmt"><location begcolumn="17" begline="6" endcolumn="28" endline="6" loc="6.17:6.28"/><node id="6" label="AstCallExpr" name="f2"><location begcolumn="24" begline="6" endcolumn="27" endline="6" loc="6.24:6.27"/></node></node></node></node><node id="12" label="AstNodes&lt;AstDefn&gt;"><node id="11" label="AstVarDefn" name="a"><location begcolumn="17" begline="8" endcolumn="21" endline="8" loc="8.17:8.21"/><node id="10" label="AstAtomType" name="INT"><location begcolumn="19" begline="8" endcolumn="21" endline="8" loc="8.19:8.21"/></node></node></node><node id="5" label="AstAtomType" name="INT"><location begcolumn="14" begline="5" endcolumn="16" endline="5" loc="5.14:5.16"/></node></node><node id="17" label="AstFunDefn" name="f2"><location begcolumn="9" begline="11" endcolumn="28" endline="11" loc="11.9:11.28"/><node id="16" label="AstReturnStmt"><location begcolumn="20" begline="11" endcolumn="28" endline="11" loc="11.20:11.28"/><node id="15" label="AstAtomExpr" name="2"><location begcolumn="27" begline="11" endcolumn="27" endline="11" loc="11.27:11.27"/></node></node><node id="14" label="AstAtomType" name="INT"><location begcolumn="14" begline="11" endcolumn="16" endline="11" loc="11.14:11.16"/></node></node></node><node id="0" label="AstAtomType" name="INT"><location begcolumn="8" begline="1" endcolumn="10" endline="1" loc="1.8:1.10"/></node></node></node></abstr>