<?xml version="1.0" encoding="UTF-8" standalone="no"?><?xml-stylesheet type="text/xsl" href="../lib/xsl/seman.xsl"?><seman><node id="307" label="AstNodes&lt;AstDefn&gt;"><node id="16" label="AstTypDefn" name="timestamp"><location begcolumn="1" begline="1" endcolumn="1" endline="7" loc="1.1:7.1"/><node id="15" label="AstUniType"><location begcolumn="11" begline="1" endcolumn="1" endline="7" loc="1.11:7.1"/><node id="14" label="AstNodes&lt;AstCmpDefn&gt;"><node id="3" label="AstCmpDefn" name="timezone"><location begcolumn="9" begline="2" endcolumn="24" endline="2" loc="2.9:2.24"/><node id="2" label="AstArrType"><location begcolumn="18" begline="2" endcolumn="24" endline="2" loc="2.18:2.24"/><node id="0" label="AstAtomType" name="CHAR"><location begcolumn="21" begline="2" endcolumn="24" endline="2" loc="2.21:2.24"/><istype><type id="2" label="SemCharType"/></istype></node><node id="1" label="AstAtomExpr" name="8"><location begcolumn="19" begline="2" endcolumn="19" endline="2" loc="2.19:2.19"/><oftype><type id="3" label="SemIntType"/></oftype></node><istype><type id="5" label="SemArrayType[8]"><type id="2" label="SemCharType"/></type></istype></node><oftype><type id="4" label="SemArrayType[8]"><type id="2" label="SemCharType"/></type></oftype></node><node id="5" label="AstCmpDefn" name="hour"><location begcolumn="25" begline="2" endcolumn="16" endline="3" loc="2.25:3.16"/><node id="4" label="AstAtomType" name="INT"><location begcolumn="14" begline="3" endcolumn="16" endline="3" loc="3.14:3.16"/><istype><type id="3" label="SemIntType"/></istype></node><oftype><type id="3" label="SemIntType"/></oftype></node><node id="7" label="AstCmpDefn" name="min"><location begcolumn="17" begline="3" endcolumn="15" endline="4" loc="3.17:4.15"/><node id="6" label="AstAtomType" name="INT"><location begcolumn="13" begline="4" endcolumn="15" endline="4" loc="4.13:4.15"/><istype><type id="3" label="SemIntType"/></istype></node><oftype><type id="3" label="SemIntType"/></oftype></node><node id="9" label="AstCmpDefn" name="seconds"><location begcolumn="16" begline="4" endcolumn="19" endline="5" loc="4.16:5.19"/><node id="8" label="AstAtomType" name="INT"><location begcolumn="17" begline="5" endcolumn="19" endline="5" loc="5.17:5.19"/><istype><type id="3" label="SemIntType"/></istype></node><oftype><type id="3" label="SemIntType"/></oftype></node><node id="13" label="AstCmpDefn" name="date"><location begcolumn="20" begline="5" endcolumn="22" endline="6" loc="5.20:6.22"/><node id="12" label="AstArrType"><location begcolumn="14" begline="6" endcolumn="22" endline="6" loc="6.14:6.22"/><node id="10" label="AstAtomType" name="CHAR"><location begcolumn="19" begline="6" endcolumn="22" endline="6" loc="6.19:6.22"/><istype><type id="2" label="SemCharType"/></istype></node><node id="11" label="AstAtomExpr" name="256"><location begcolumn="15" begline="6" endcolumn="17" endline="6" loc="6.15:6.17"/><oftype><type id="3" label="SemIntType"/></oftype></node><istype><type id="7" label="SemArrayType[256]"><type id="2" label="SemCharType"/></type></istype></node><oftype><type id="6" label="SemArrayType[256]"><type id="2" label="SemCharType"/></type></oftype></node></node><istype><type id="8" label="SemUnionType"><type id="5" label="SemArrayType[8]"><type id="2" label="SemCharType"/></type><type id="3" label="SemIntType"/><type id="3" label="SemIntType"/><type id="3" label="SemIntType"/><type id="7" label="SemArrayType[256]"><type id="2" label="SemCharType"/></type></type></istype></node><istype><type id="0" label="SemNameType" name="timestamp"><type id="8" label="SemUnionType"><type id="5" label="SemArrayType[8]"><type id="2" label="SemCharType"/></type><type id="3" label="SemIntType"/><type id="3" label="SemIntType"/><type id="3" label="SemIntType"/><type id="7" label="SemArrayType[256]"><type id="2" label="SemCharType"/></type></type></type></istype></node><node id="18" label="AstVarDefn" name="start"><location begcolumn="1" begline="8" endcolumn="15" endline="8" loc="8.1:8.15"/><node id="17" label="AstNameType" name="timestamp"><location begcolumn="7" begline="8" endcolumn="15" endline="8" loc="8.7:8.15"/><definedat id="16" location="1.1:7.1"/><istype><type id="0" label="SemNameType" name="timestamp"/></istype></node><oftype><type id="0" label="SemNameType" name="timestamp"/></oftype></node><node id="187" label="AstFunDefn" name="calc_diff"><location begcolumn="1" begline="10" endcolumn="1" endline="45" loc="10.1:45.1"/><node id="22" label="AstNodes&lt;AstParDefn&gt;"><node id="21" label="AstValParDefn" name="in"><location begcolumn="11" begline="10" endcolumn="23" endline="10" loc="10.11:10.23"/><node id="20" label="AstPtrType"><location begcolumn="14" begline="10" endcolumn="23" endline="10" loc="10.14:10.23"/><node id="19" label="AstNameType" name="timestamp"><location begcolumn="15" begline="10" endcolumn="23" endline="10" loc="10.15:10.23"/><definedat id="16" location="1.1:7.1"/><istype><type id="0" label="SemNameType" name="timestamp"/></istype></node><istype><type id="20" label="SemPointerType"><type id="0" label="SemNameType" name="timestamp"/></type></istype></node><oftype><type id="20" label="SemPointerType"><type id="0" label="SemNameType" name="timestamp"/></type></oftype></node></node><node id="66" label="AstBlockStmt"><location begcolumn="32" begline="10" endcolumn="1" endline="17" loc="10.32:17.1"/><node id="67" label="AstNodes&lt;AstStmt&gt;"><node id="27" label="AstAssignStmt"><location begcolumn="9" begline="11" endcolumn="21" endline="11" loc="11.9:11.21"/><node id="25" label="AstCmpExpr" name=".diff"><location begcolumn="9" begline="11" endcolumn="16" endline="11" loc="11.9:11.16"/><node id="24" label="AstNameExpr" name="end"><location begcolumn="9" begline="11" endcolumn="11" endline="11" loc="11.9:11.11"/><definedat id="69" location="18.9:18.21"/><oftype><type id="21" label="SemNameType" name="timestamp"/></oftype><lvalue/></node><oftype><type id="3" label="SemIntType"/></oftype><lvalue/></node><node id="26" label="AstAtomExpr" name="1"><location begcolumn="20" begline="11" endcolumn="20" endline="11" loc="11.20:11.20"/><oftype><type id="3" label="SemIntType"/></oftype></node><oftype><type id="18" label="SemVoidType"/></oftype></node><node id="34" label="AstAssignStmt"><location begcolumn="9" begline="12" endcolumn="27" endline="12" loc="12.9:12.27"/><node id="32" label="AstArrExpr"><location begcolumn="9" begline="12" endcolumn="20" endline="12" loc="12.9:12.20"/><node id="30" label="AstSfxExpr" name="PTR"><location begcolumn="9" begline="12" endcolumn="17" endline="12" loc="12.9:12.17"/><node id="29" label="AstCmpExpr" name=".date"><location begcolumn="9" begline="12" endcolumn="16" endline="12" loc="12.9:12.16"/><node id="28" label="AstNameExpr" name="end"><location begcolumn="9" begline="12" endcolumn="11" endline="12" loc="12.9:12.11"/><definedat id="69" location="18.9:18.21"/><oftype><type id="21" label="SemNameType" name="timestamp"/></oftype><lvalue/></node><oftype><type id="24" label="SemPointerType"><type id="23" label="SemArrayType[256]"><type id="2" label="SemCharType"/></type></type></oftype><lvalue/></node><oftype><type id="23" label="SemArrayType[256]"><type id="2" label="SemCharType"/></type></oftype><lvalue/></node><node id="31" label="AstAtomExpr" name="0"><location begcolumn="19" begline="12" endcolumn="19" endline="12" loc="12.19:12.19"/><oftype><type id="3" label="SemIntType"/></oftype></node><oftype><type id="2" label="SemCharType"/></oftype><lvalue/></node><node id="33" label="AstAtomExpr" name="'a'"><location begcolumn="24" begline="12" endcolumn="26" endline="12" loc="12.24:12.26"/><oftype><type id="2" label="SemCharType"/></oftype></node><oftype><type id="18" label="SemVoidType"/></oftype></node><node id="51" label="AstAssignStmt"><location begcolumn="9" begline="13" endcolumn="64" endline="13" loc="13.9:13.64"/><node id="36" label="AstCmpExpr" name=".diff"><location begcolumn="9" begline="13" endcolumn="17" endline="13" loc="13.9:13.17"/><node id="35" label="AstNameExpr" name="diff"><location begcolumn="9" begline="13" endcolumn="12" endline="13" loc="13.9:13.12"/><definedat id="81" location="23.9:23.22"/><oftype><type id="21" label="SemNameType" name="timestamp"/></oftype><lvalue/></node><oftype><type id="3" label="SemIntType"/></oftype><lvalue/></node><node id="50" label="AstBinExpr" name="SUB"><location begcolumn="21" begline="13" endcolumn="63" endline="13" loc="13.21:13.63"/><node id="46" label="AstBinExpr" name="SUB"><location begcolumn="21" begline="13" endcolumn="49" endline="13" loc="13.21:13.49"/><node id="42" label="AstBinExpr" name="SUB"><location begcolumn="21" begline="13" endcolumn="39" endline="13" loc="13.21:13.39"/><node id="38" label="AstCmpExpr" name=".diff"><location begcolumn="21" begline="13" endcolumn="28" endline="13" loc="13.21:13.28"/><node id="37" label="AstNameExpr" name="end"><location begcolumn="21" begline="13" endcolumn="23" endline="13" loc="13.21:13.23"/><definedat id="69" location="18.9:18.21"/><oftype><type id="21" label="SemNameType" name="timestamp"/></oftype><lvalue/></node><oftype><type id="3" label="SemIntType"/></oftype><lvalue/></node><node id="41" label="AstCmpExpr" name=".hour"><location begcolumn="32" begline="13" endcolumn="39" endline="13" loc="13.32:13.39"/><node id="40" label="AstSfxExpr" name="PTR"><location begcolumn="32" begline="13" endcolumn="34" endline="13" loc="13.32:13.34"/><node id="39" label="AstNameExpr" name="in"><location begcolumn="32" begline="13" endcolumn="33" endline="13" loc="13.32:13.33"/><definedat id="21" location="10.11:10.23"/><oftype><type id="20" label="SemPointerType"><type id="0" label="SemNameType" name="timestamp"/></type></oftype><lvalue/></node><oftype><type id="0" label="SemNameType" name="timestamp"/></oftype><lvalue/></node><oftype><type id="3" label="SemIntType"/></oftype><lvalue/></node><oftype><type id="3" label="SemIntType"/></oftype></node><node id="45" label="AstCmpExpr" name=".min"><location begcolumn="43" begline="13" endcolumn="49" endline="13" loc="13.43:13.49"/><node id="44" label="AstSfxExpr" name="PTR"><location begcolumn="43" begline="13" endcolumn="45" endline="13" loc="13.43:13.45"/><node id="43" label="AstNameExpr" name="in"><location begcolumn="43" begline="13" endcolumn="44" endline="13" loc="13.43:13.44"/><definedat id="21" location="10.11:10.23"/><oftype><type id="20" label="SemPointerType"><type id="0" label="SemNameType" name="timestamp"/></type></oftype><lvalue/></node><oftype><type id="0" label="SemNameType" name="timestamp"/></oftype><lvalue/></node><oftype><type id="3" label="SemIntType"/></oftype><lvalue/></node><oftype><type id="3" label="SemIntType"/></oftype></node><node id="49" label="AstCmpExpr" name=".seconds"><location begcolumn="53" begline="13" endcolumn="63" endline="13" loc="13.53:13.63"/><node id="48" label="AstSfxExpr" name="PTR"><location begcolumn="53" begline="13" endcolumn="55" endline="13" loc="13.53:13.55"/><node id="47" label="AstNameExpr" name="in"><location begcolumn="53" begline="13" endcolumn="54" endline="13" loc="13.53:13.54"/><definedat id="21" location="10.11:10.23"/><oftype><type id="20" label="SemPointerType"><type id="0" label="SemNameType" name="timestamp"/></type></oftype><lvalue/></node><oftype><type id="0" label="SemNameType" name="timestamp"/></oftype><lvalue/></node><oftype><type id="3" label="SemIntType"/></oftype><lvalue/></node><oftype><type id="3" label="SemIntType"/></oftype></node><oftype><type id="18" label="SemVoidType"/></oftype></node><node id="56" label="AstAssignStmt"><location begcolumn="9" begline="14" endcolumn="29" endline="14" loc="14.9:14.29"/><node id="53" label="AstCmpExpr" name=".date"><location begcolumn="9" begline="14" endcolumn="17" endline="14" loc="14.9:14.17"/><node id="52" label="AstNameExpr" name="diff"><location begcolumn="9" begline="14" endcolumn="12" endline="14" loc="14.9:14.12"/><definedat id="81" location="23.9:23.22"/><oftype><type id="21" label="SemNameType" name="timestamp"/></oftype><lvalue/></node><oftype><type id="24" label="SemPointerType"><type id="23" label="SemArrayType[256]"><type id="2" label="SemCharType"/></type></type></oftype><lvalue/></node><node id="55" label="AstCmpExpr" name=".date"><location begcolumn="21" begline="14" endcolumn="28" endline="14" loc="14.21:14.28"/><node id="54" label="AstNameExpr" name="end"><location begcolumn="21" begline="14" endcolumn="23" endline="14" loc="14.21:14.23"/><definedat id="69" location="18.9:18.21"/><oftype><type id="21" label="SemNameType" name="timestamp"/></oftype><lvalue/></node><oftype><type id="24" label="SemPointerType"><type id="23" label="SemArrayType[256]"><type id="2" label="SemCharType"/></type></type></oftype><lvalue/></node><oftype><type id="18" label="SemVoidType"/></oftype></node><node id="62" label="AstAssignStmt"><location begcolumn="9" begline="15" endcolumn="36" endline="15" loc="15.9:15.36"/><node id="57" label="AstNameExpr" name="some_time"><location begcolumn="9" begline="15" endcolumn="17" endline="15" loc="15.9:15.17"/><definedat id="84" location="25.9:25.23"/><oftype><type id="28" label="SemPointerType"><type id="22" label="SemNameType" name="time"/></type></oftype><lvalue/></node><node id="61" label="AstCallExpr" name="this_time"><location begcolumn="21" begline="15" endcolumn="35" endline="15" loc="15.21:15.35"/><node id="60" label="AstNodes&lt;AstExpr&gt;"><node id="59" label="AstPfxExpr" name="PTR"><location begcolumn="31" begline="15" endcolumn="34" endline="15" loc="15.31:15.34"/><node id="58" label="AstNameExpr" name="end"><location begcolumn="32" begline="15" endcolumn="34" endline="15" loc="15.32:15.34"/><definedat id="69" location="18.9:18.21"/><oftype><type id="21" label="SemNameType" name="timestamp"/></oftype><lvalue/></node><oftype><type id="40" label="SemPointerType"><type id="21" label="SemNameType" name="timestamp"/></type></oftype></node></node><definedat id="185" location="29.9:44.9"/><oftype><type id="31" label="SemPointerType"><type id="22" label="SemNameType" name="time"/></type></oftype></node><oftype><type id="18" label="SemVoidType"/></oftype></node><node id="65" label="AstReturnStmt"><location begcolumn="9" begline="16" endcolumn="25" endline="16" loc="16.9:16.25"/><node id="64" label="AstCmpExpr" name=".diff"><location begcolumn="16" begline="16" endcolumn="24" endline="16" loc="16.16:16.24"/><node id="63" label="AstNameExpr" name="diff"><location begcolumn="16" begline="16" endcolumn="19" endline="16" loc="16.16:16.19"/><definedat id="81" location="23.9:23.22"/><oftype><type id="21" label="SemNameType" name="timestamp"/></oftype><lvalue/></node><oftype><type id="3" label="SemIntType"/></oftype><lvalue/></node><oftype><type id="18" label="SemVoidType"/></oftype></node></node><oftype><type id="18" label="SemVoidType"/></oftype></node><node id="186" label="AstNodes&lt;AstDefn&gt;"><node id="69" label="AstVarDefn" name="end"><location begcolumn="9" begline="18" endcolumn="21" endline="18" loc="18.9:18.21"/><node id="68" label="AstNameType" name="timestamp"><location begcolumn="13" begline="18" endcolumn="21" endline="18" loc="18.13:18.21"/><definedat id="79" location="19.9:22.9"/><istype><type id="21" label="SemNameType" name="timestamp"/></istype></node><oftype><type id="21" label="SemNameType" name="timestamp"/></oftype></node><node id="79" label="AstTypDefn" name="timestamp"><location begcolumn="9" begline="19" endcolumn="9" endline="22" loc="19.9:22.9"/><node id="78" label="AstUniType"><location begcolumn="19" begline="19" endcolumn="9" endline="22" loc="19.19:22.9"/><node id="77" label="AstNodes&lt;AstCmpDefn&gt;"><node id="71" label="AstCmpDefn" name="diff"><location begcolumn="17" begline="20" endcolumn="24" endline="20" loc="20.17:20.24"/><node id="70" label="AstAtomType" name="INT"><location begcolumn="22" begline="20" endcolumn="24" endline="20" loc="20.22:20.24"/><istype><type id="3" label="SemIntType"/></istype></node><oftype><type id="3" label="SemIntType"/></oftype></node><node id="76" label="AstCmpDefn" name="date"><location begcolumn="25" begline="20" endcolumn="31" endline="21" loc="20.25:21.31"/><node id="75" label="AstPtrType"><location begcolumn="22" begline="21" endcolumn="31" endline="21" loc="21.22:21.31"/><node id="74" label="AstArrType"><location begcolumn="23" begline="21" endcolumn="31" endline="21" loc="21.23:21.31"/><node id="72" label="AstAtomType" name="CHAR"><location begcolumn="28" begline="21" endcolumn="31" endline="21" loc="21.28:21.31"/><istype><type id="2" label="SemCharType"/></istype></node><node id="73" label="AstAtomExpr" name="256"><location begcolumn="24" begline="21" endcolumn="26" endline="21" loc="21.24:21.26"/><oftype><type id="3" label="SemIntType"/></oftype></node><istype><type id="25" label="SemArrayType[256]"><type id="2" label="SemCharType"/></type></istype></node><istype><type id="26" label="SemPointerType"><type id="25" label="SemArrayType[256]"><type id="2" label="SemCharType"/></type></type></istype></node><oftype><type id="24" label="SemPointerType"><type id="23" label="SemArrayType[256]"><type id="2" label="SemCharType"/></type></type></oftype></node></node><istype><type id="27" label="SemUnionType"><type id="3" label="SemIntType"/><type id="26" label="SemPointerType"><type id="25" label="SemArrayType[256]"><type id="2" label="SemCharType"/></type></type></type></istype></node><istype><type id="21" label="SemNameType" name="timestamp"><type id="27" label="SemUnionType"><type id="3" label="SemIntType"/><type id="26" label="SemPointerType"><type id="25" label="SemArrayType[256]"><type id="2" label="SemCharType"/></type></type></type></type></istype></node><node id="81" label="AstVarDefn" name="diff"><location begcolumn="9" begline="23" endcolumn="22" endline="23" loc="23.9:23.22"/><node id="80" label="AstNameType" name="timestamp"><location begcolumn="14" begline="23" endcolumn="22" endline="23" loc="23.14:23.22"/><definedat id="79" location="19.9:22.9"/><istype><type id="21" label="SemNameType" name="timestamp"/></istype></node><oftype><type id="21" label="SemNameType" name="timestamp"/></oftype></node><node id="84" label="AstVarDefn" name="some_time"><location begcolumn="9" begline="25" endcolumn="23" endline="25" loc="25.9:25.23"/><node id="83" label="AstPtrType"><location begcolumn="19" begline="25" endcolumn="23" endline="25" loc="25.19:25.23"/><node id="82" label="AstNameType" name="time"><location begcolumn="20" begline="25" endcolumn="23" endline="25" loc="25.20:25.23"/><definedat id="93" location="27.9:27.45"/><istype><type id="22" label="SemNameType" name="time"/></istype></node><istype><type id="28" label="SemPointerType"><type id="22" label="SemNameType" name="time"/></type></istype></node><oftype><type id="28" label="SemPointerType"><type id="22" label="SemNameType" name="time"/></type></oftype></node><node id="93" label="AstTypDefn" name="time"><location begcolumn="9" begline="27" endcolumn="45" endline="27" loc="27.9:27.45"/><node id="92" label="AstUniType"><location begcolumn="14" begline="27" endcolumn="45" endline="27" loc="27.14:27.45"/><node id="91" label="AstNodes&lt;AstCmpDefn&gt;"><node id="86" label="AstCmpDefn" name="hour"><location begcolumn="15" begline="27" endcolumn="22" endline="27" loc="27.15:27.22"/><node id="85" label="AstAtomType" name="INT"><location begcolumn="20" begline="27" endcolumn="22" endline="27" loc="27.20:27.22"/><istype><type id="3" label="SemIntType"/></istype></node><oftype><type id="3" label="SemIntType"/></oftype></node><node id="88" label="AstCmpDefn" name="min"><location begcolumn="23" begline="27" endcolumn="31" endline="27" loc="27.23:27.31"/><node id="87" label="AstAtomType" name="INT"><location begcolumn="29" begline="27" endcolumn="31" endline="27" loc="27.29:27.31"/><istype><type id="3" label="SemIntType"/></istype></node><oftype><type id="3" label="SemIntType"/></oftype></node><node id="90" label="AstCmpDefn" name="seconds"><location begcolumn="32" begline="27" endcolumn="44" endline="27" loc="27.32:27.44"/><node id="89" label="AstAtomType" name="INT"><location begcolumn="42" begline="27" endcolumn="44" endline="27" loc="27.42:27.44"/><istype><type id="3" label="SemIntType"/></istype></node><oftype><type id="3" label="SemIntType"/></oftype></node></node><istype><type id="29" label="SemUnionType"><type id="3" label="SemIntType"/><type id="3" label="SemIntType"/><type id="3" label="SemIntType"/></type></istype></node><istype><type id="22" label="SemNameType" name="time"><type id="29" label="SemUnionType"><type id="3" label="SemIntType"/><type id="3" label="SemIntType"/><type id="3" label="SemIntType"/></type></type></istype></node><node id="185" label="AstFunDefn" name="this_time"><location begcolumn="9" begline="29" endcolumn="9" endline="44" loc="29.9:44.9"/><node id="97" label="AstNodes&lt;AstParDefn&gt;"><node id="96" label="AstValParDefn" name="right_now"><location begcolumn="19" begline="29" endcolumn="38" endline="29" loc="29.19:29.38"/><node id="95" label="AstPtrType"><location begcolumn="29" begline="29" endcolumn="38" endline="29" loc="29.29:29.38"/><node id="94" label="AstNameType" name="timestamp"><location begcolumn="30" begline="29" endcolumn="38" endline="29" loc="29.30:29.38"/><definedat id="79" location="19.9:22.9"/><istype><type id="21" label="SemNameType" name="timestamp"/></istype></node><istype><type id="30" label="SemPointerType"><type id="21" label="SemNameType" name="timestamp"/></type></istype></node><oftype><type id="30" label="SemPointerType"><type id="21" label="SemNameType" name="timestamp"/></type></oftype></node></node><node id="138" label="AstBlockStmt"><location begcolumn="47" begline="29" endcolumn="9" endline="35" loc="29.47:35.9"/><node id="139" label="AstNodes&lt;AstStmt&gt;"><node id="102" label="AstAssignStmt"><location begcolumn="17" begline="30" endcolumn="41" endline="30" loc="30.17:30.41"/><node id="100" label="AstNameExpr" name="returned"><location begcolumn="17" begline="30" endcolumn="24" endline="30" loc="30.17:30.24"/><definedat id="151" location="37.17:37.30"/><oftype><type id="34" label="SemPointerType"><type id="32" label="SemNameType" name="time"/></type></oftype><lvalue/></node><node id="101" label="AstCallExpr" name="return_time"><location begcolumn="28" begline="30" endcolumn="40" endline="30" loc="30.28:30.40"/><definedat id="183" location="38.17:43.66"/><oftype><type id="35" label="SemPointerType"><type id="32" label="SemNameType" name="time"/></type></oftype></node><oftype><type id="18" label="SemVoidType"/></oftype></node><node id="113" label="AstAssignStmt"><location begcolumn="17" begline="31" endcolumn="66" endline="31" loc="31.17:31.66"/><node id="105" label="AstCmpExpr" name=".hour"><location begcolumn="17" begline="31" endcolumn="30" endline="31" loc="31.17:31.30"/><node id="104" label="AstSfxExpr" name="PTR"><location begcolumn="17" begline="31" endcolumn="25" endline="31" loc="31.17:31.25"/><node id="103" label="AstNameExpr" name="returned"><location begcolumn="17" begline="31" endcolumn="24" endline="31" loc="31.17:31.24"/><definedat id="151" location="37.17:37.30"/><oftype><type id="34" label="SemPointerType"><type id="32" label="SemNameType" name="time"/></type></oftype><lvalue/></node><oftype><type id="32" label="SemNameType" name="time"/></oftype><lvalue/></node><oftype><type id="3" label="SemIntType"/></oftype><lvalue/></node><node id="112" label="AstBinExpr" name="ADD"><location begcolumn="34" begline="31" endcolumn="65" endline="31" loc="31.34:31.65"/><node id="108" label="AstCmpExpr" name=".hour"><location begcolumn="34" begline="31" endcolumn="47" endline="31" loc="31.34:31.47"/><node id="107" label="AstSfxExpr" name="PTR"><location begcolumn="34" begline="31" endcolumn="42" endline="31" loc="31.34:31.42"/><node id="106" label="AstNameExpr" name="returned"><location begcolumn="34" begline="31" endcolumn="41" endline="31" loc="31.34:31.41"/><definedat id="151" location="37.17:37.30"/><oftype><type id="34" label="SemPointerType"><type id="32" label="SemNameType" name="time"/></type></oftype><lvalue/></node><oftype><type id="32" label="SemNameType" name="time"/></oftype><lvalue/></node><oftype><type id="3" label="SemIntType"/></oftype><lvalue/></node><node id="111" label="AstCmpExpr" name=".diff"><location begcolumn="51" begline="31" endcolumn="65" endline="31" loc="31.51:31.65"/><node id="110" label="AstSfxExpr" name="PTR"><location begcolumn="51" begline="31" endcolumn="60" endline="31" loc="31.51:31.60"/><node id="109" label="AstNameExpr" name="right_now"><location begcolumn="51" begline="31" endcolumn="59" endline="31" loc="31.51:31.59"/><definedat id="96" location="29.19:29.38"/><oftype><type id="30" label="SemPointerType"><type id="21" label="SemNameType" name="timestamp"/></type></oftype><lvalue/></node><oftype><type id="21" label="SemNameType" name="timestamp"/></oftype><lvalue/></node><oftype><type id="3" label="SemIntType"/></oftype><lvalue/></node><oftype><type id="3" label="SemIntType"/></oftype></node><oftype><type id="18" label="SemVoidType"/></oftype></node><node id="124" label="AstAssignStmt"><location begcolumn="17" begline="32" endcolumn="64" endline="32" loc="32.17:32.64"/><node id="116" label="AstCmpExpr" name=".min"><location begcolumn="17" begline="32" endcolumn="29" endline="32" loc="32.17:32.29"/><node id="115" label="AstSfxExpr" name="PTR"><location begcolumn="17" begline="32" endcolumn="25" endline="32" loc="32.17:32.25"/><node id="114" label="AstNameExpr" name="returned"><location begcolumn="17" begline="32" endcolumn="24" endline="32" loc="32.17:32.24"/><definedat id="151" location="37.17:37.30"/><oftype><type id="34" label="SemPointerType"><type id="32" label="SemNameType" name="time"/></type></oftype><lvalue/></node><oftype><type id="32" label="SemNameType" name="time"/></oftype><lvalue/></node><oftype><type id="3" label="SemIntType"/></oftype><lvalue/></node><node id="123" label="AstBinExpr" name="ADD"><location begcolumn="33" begline="32" endcolumn="63" endline="32" loc="32.33:32.63"/><node id="119" label="AstCmpExpr" name=".min"><location begcolumn="33" begline="32" endcolumn="45" endline="32" loc="32.33:32.45"/><node id="118" label="AstSfxExpr" name="PTR"><location begcolumn="33" begline="32" endcolumn="41" endline="32" loc="32.33:32.41"/><node id="117" label="AstNameExpr" name="returned"><location begcolumn="33" begline="32" endcolumn="40" endline="32" loc="32.33:32.40"/><definedat id="151" location="37.17:37.30"/><oftype><type id="34" label="SemPointerType"><type id="32" label="SemNameType" name="time"/></type></oftype><lvalue/></node><oftype><type id="32" label="SemNameType" name="time"/></oftype><lvalue/></node><oftype><type id="3" label="SemIntType"/></oftype><lvalue/></node><node id="122" label="AstCmpExpr" name=".diff"><location begcolumn="49" begline="32" endcolumn="63" endline="32" loc="32.49:32.63"/><node id="121" label="AstSfxExpr" name="PTR"><location begcolumn="49" begline="32" endcolumn="58" endline="32" loc="32.49:32.58"/><node id="120" label="AstNameExpr" name="right_now"><location begcolumn="49" begline="32" endcolumn="57" endline="32" loc="32.49:32.57"/><definedat id="96" location="29.19:29.38"/><oftype><type id="30" label="SemPointerType"><type id="21" label="SemNameType" name="timestamp"/></type></oftype><lvalue/></node><oftype><type id="21" label="SemNameType" name="timestamp"/></oftype><lvalue/></node><oftype><type id="3" label="SemIntType"/></oftype><lvalue/></node><oftype><type id="3" label="SemIntType"/></oftype></node><oftype><type id="18" label="SemVoidType"/></oftype></node><node id="135" label="AstAssignStmt"><location begcolumn="17" begline="33" endcolumn="72" endline="33" loc="33.17:33.72"/><node id="127" label="AstCmpExpr" name=".seconds"><location begcolumn="17" begline="33" endcolumn="33" endline="33" loc="33.17:33.33"/><node id="126" label="AstSfxExpr" name="PTR"><location begcolumn="17" begline="33" endcolumn="25" endline="33" loc="33.17:33.25"/><node id="125" label="AstNameExpr" name="returned"><location begcolumn="17" begline="33" endcolumn="24" endline="33" loc="33.17:33.24"/><definedat id="151" location="37.17:37.30"/><oftype><type id="34" label="SemPointerType"><type id="32" label="SemNameType" name="time"/></type></oftype><lvalue/></node><oftype><type id="32" label="SemNameType" name="time"/></oftype><lvalue/></node><oftype><type id="3" label="SemIntType"/></oftype><lvalue/></node><node id="134" label="AstBinExpr" name="ADD"><location begcolumn="37" begline="33" endcolumn="71" endline="33" loc="33.37:33.71"/><node id="130" label="AstCmpExpr" name=".seconds"><location begcolumn="37" begline="33" endcolumn="53" endline="33" loc="33.37:33.53"/><node id="129" label="AstSfxExpr" name="PTR"><location begcolumn="37" begline="33" endcolumn="45" endline="33" loc="33.37:33.45"/><node id="128" label="AstNameExpr" name="returned"><location begcolumn="37" begline="33" endcolumn="44" endline="33" loc="33.37:33.44"/><definedat id="151" location="37.17:37.30"/><oftype><type id="34" label="SemPointerType"><type id="32" label="SemNameType" name="time"/></type></oftype><lvalue/></node><oftype><type id="32" label="SemNameType" name="time"/></oftype><lvalue/></node><oftype><type id="3" label="SemIntType"/></oftype><lvalue/></node><node id="133" label="AstCmpExpr" name=".diff"><location begcolumn="57" begline="33" endcolumn="71" endline="33" loc="33.57:33.71"/><node id="132" label="AstSfxExpr" name="PTR"><location begcolumn="57" begline="33" endcolumn="66" endline="33" loc="33.57:33.66"/><node id="131" label="AstNameExpr" name="right_now"><location begcolumn="57" begline="33" endcolumn="65" endline="33" loc="33.57:33.65"/><definedat id="96" location="29.19:29.38"/><oftype><type id="30" label="SemPointerType"><type id="21" label="SemNameType" name="timestamp"/></type></oftype><lvalue/></node><oftype><type id="21" label="SemNameType" name="timestamp"/></oftype><lvalue/></node><oftype><type id="3" label="SemIntType"/></oftype><lvalue/></node><oftype><type id="3" label="SemIntType"/></oftype></node><oftype><type id="18" label="SemVoidType"/></oftype></node><node id="137" label="AstReturnStmt"><location begcolumn="17" begline="34" endcolumn="32" endline="34" loc="34.17:34.32"/><node id="136" label="AstNameExpr" name="returned"><location begcolumn="24" begline="34" endcolumn="31" endline="34" loc="34.24:34.31"/><definedat id="151" location="37.17:37.30"/><oftype><type id="34" label="SemPointerType"><type id="32" label="SemNameType" name="time"/></type></oftype><lvalue/></node><oftype><type id="18" label="SemVoidType"/></oftype></node></node><oftype><type id="18" label="SemVoidType"/></oftype></node><node id="184" label="AstNodes&lt;AstDefn&gt;"><node id="148" label="AstTypDefn" name="time"><location begcolumn="17" begline="36" endcolumn="53" endline="36" loc="36.17:36.53"/><node id="147" label="AstUniType"><location begcolumn="22" begline="36" endcolumn="53" endline="36" loc="36.22:36.53"/><node id="146" label="AstNodes&lt;AstCmpDefn&gt;"><node id="141" label="AstCmpDefn" name="hour"><location begcolumn="23" begline="36" endcolumn="30" endline="36" loc="36.23:36.30"/><node id="140" label="AstAtomType" name="INT"><location begcolumn="28" begline="36" endcolumn="30" endline="36" loc="36.28:36.30"/><istype><type id="3" label="SemIntType"/></istype></node><oftype><type id="3" label="SemIntType"/></oftype></node><node id="143" label="AstCmpDefn" name="min"><location begcolumn="31" begline="36" endcolumn="39" endline="36" loc="36.31:36.39"/><node id="142" label="AstAtomType" name="INT"><location begcolumn="37" begline="36" endcolumn="39" endline="36" loc="36.37:36.39"/><istype><type id="3" label="SemIntType"/></istype></node><oftype><type id="3" label="SemIntType"/></oftype></node><node id="145" label="AstCmpDefn" name="seconds"><location begcolumn="40" begline="36" endcolumn="52" endline="36" loc="36.40:36.52"/><node id="144" label="AstAtomType" name="INT"><location begcolumn="50" begline="36" endcolumn="52" endline="36" loc="36.50:36.52"/><istype><type id="3" label="SemIntType"/></istype></node><oftype><type id="3" label="SemIntType"/></oftype></node></node><istype><type id="33" label="SemUnionType"><type id="3" label="SemIntType"/><type id="3" label="SemIntType"/><type id="3" label="SemIntType"/></type></istype></node><istype><type id="32" label="SemNameType" name="time"><type id="33" label="SemUnionType"><type id="3" label="SemIntType"/><type id="3" label="SemIntType"/><type id="3" label="SemIntType"/></type></type></istype></node><node id="151" label="AstVarDefn" name="returned"><location begcolumn="17" begline="37" endcolumn="30" endline="37" loc="37.17:37.30"/><node id="150" label="AstPtrType"><location begcolumn="26" begline="37" endcolumn="30" endline="37" loc="37.26:37.30"/><node id="149" label="AstNameType" name="time"><location begcolumn="27" begline="37" endcolumn="30" endline="37" loc="37.27:37.30"/><definedat id="148" location="36.17:36.53"/><istype><type id="32" label="SemNameType" name="time"/></istype></node><istype><type id="34" label="SemPointerType"><type id="32" label="SemNameType" name="time"/></type></istype></node><oftype><type id="34" label="SemPointerType"><type id="32" label="SemNameType" name="time"/></type></oftype></node><node id="183" label="AstFunDefn" name="return_time"><location begcolumn="17" begline="38" endcolumn="66" endline="43" loc="38.17:43.66"/><node id="169" label="AstBlockStmt"><location begcolumn="39" begline="38" endcolumn="17" endline="43" loc="38.39:43.17"/><node id="170" label="AstNodes&lt;AstStmt&gt;"><node id="157" label="AstAssignStmt"><location begcolumn="25" begline="39" endcolumn="39" endline="39" loc="39.25:39.39"/><node id="155" label="AstCmpExpr" name=".hour"><location begcolumn="25" begline="39" endcolumn="33" endline="39" loc="39.25:39.33"/><node id="154" label="AstNameExpr" name="curr"><location begcolumn="25" begline="39" endcolumn="28" endline="39" loc="39.25:39.28"/><definedat id="181" location="43.57:43.65"/><oftype><type id="36" label="SemNameType" name="time"/></oftype><lvalue/></node><oftype><type id="3" label="SemIntType"/></oftype><lvalue/></node><node id="156" label="AstAtomExpr" name="11"><location begcolumn="37" begline="39" endcolumn="38" endline="39" loc="39.37:39.38"/><oftype><type id="3" label="SemIntType"/></oftype></node><oftype><type id="18" label="SemVoidType"/></oftype></node><node id="161" label="AstAssignStmt"><location begcolumn="25" begline="40" endcolumn="38" endline="40" loc="40.25:40.38"/><node id="159" label="AstCmpExpr" name=".min"><location begcolumn="25" begline="40" endcolumn="32" endline="40" loc="40.25:40.32"/><node id="158" label="AstNameExpr" name="curr"><location begcolumn="25" begline="40" endcolumn="28" endline="40" loc="40.25:40.28"/><definedat id="181" location="43.57:43.65"/><oftype><type id="36" label="SemNameType" name="time"/></oftype><lvalue/></node><oftype><type id="3" label="SemIntType"/></oftype><lvalue/></node><node id="160" label="AstAtomExpr" name="11"><location begcolumn="36" begline="40" endcolumn="37" endline="40" loc="40.36:40.37"/><oftype><type id="3" label="SemIntType"/></oftype></node><oftype><type id="18" label="SemVoidType"/></oftype></node><node id="165" label="AstAssignStmt"><location begcolumn="25" begline="41" endcolumn="42" endline="41" loc="41.25:41.42"/><node id="163" label="AstCmpExpr" name=".seconds"><location begcolumn="25" begline="41" endcolumn="36" endline="41" loc="41.25:41.36"/><node id="162" label="AstNameExpr" name="curr"><location begcolumn="25" begline="41" endcolumn="28" endline="41" loc="41.25:41.28"/><definedat id="181" location="43.57:43.65"/><oftype><type id="36" label="SemNameType" name="time"/></oftype><lvalue/></node><oftype><type id="3" label="SemIntType"/></oftype><lvalue/></node><node id="164" label="AstAtomExpr" name="11"><location begcolumn="40" begline="41" endcolumn="41" endline="41" loc="41.40:41.41"/><oftype><type id="3" label="SemIntType"/></oftype></node><oftype><type id="18" label="SemVoidType"/></oftype></node><node id="168" label="AstReturnStmt"><location begcolumn="25" begline="42" endcolumn="37" endline="42" loc="42.25:42.37"/><node id="167" label="AstPfxExpr" name="PTR"><location begcolumn="32" begline="42" endcolumn="36" endline="42" loc="42.32:42.36"/><node id="166" label="AstNameExpr" name="curr"><location begcolumn="33" begline="42" endcolumn="36" endline="42" loc="42.33:42.36"/><definedat id="181" location="43.57:43.65"/><oftype><type id="36" label="SemNameType" name="time"/></oftype><lvalue/></node><oftype><type id="38" label="SemPointerType"><type id="36" label="SemNameType" name="time"/></type></oftype></node><oftype><type id="18" label="SemVoidType"/></oftype></node></node><oftype><type id="18" label="SemVoidType"/></oftype></node><node id="182" label="AstNodes&lt;AstDefn&gt;"><node id="179" label="AstTypDefn" name="time"><location begcolumn="19" begline="43" endcolumn="55" endline="43" loc="43.19:43.55"/><node id="178" label="AstUniType"><location begcolumn="24" begline="43" endcolumn="55" endline="43" loc="43.24:43.55"/><node id="177" label="AstNodes&lt;AstCmpDefn&gt;"><node id="172" label="AstCmpDefn" name="hour"><location begcolumn="25" begline="43" endcolumn="32" endline="43" loc="43.25:43.32"/><node id="171" label="AstAtomType" name="INT"><location begcolumn="30" begline="43" endcolumn="32" endline="43" loc="43.30:43.32"/><istype><type id="3" label="SemIntType"/></istype></node><oftype><type id="3" label="SemIntType"/></oftype></node><node id="174" label="AstCmpDefn" name="min"><location begcolumn="33" begline="43" endcolumn="41" endline="43" loc="43.33:43.41"/><node id="173" label="AstAtomType" name="INT"><location begcolumn="39" begline="43" endcolumn="41" endline="43" loc="43.39:43.41"/><istype><type id="3" label="SemIntType"/></istype></node><oftype><type id="3" label="SemIntType"/></oftype></node><node id="176" label="AstCmpDefn" name="seconds"><location begcolumn="42" begline="43" endcolumn="54" endline="43" loc="43.42:43.54"/><node id="175" label="AstAtomType" name="INT"><location begcolumn="52" begline="43" endcolumn="54" endline="43" loc="43.52:43.54"/><istype><type id="3" label="SemIntType"/></istype></node><oftype><type id="3" label="SemIntType"/></oftype></node></node><istype><type id="37" label="SemUnionType"><type id="3" label="SemIntType"/><type id="3" label="SemIntType"/><type id="3" label="SemIntType"/></type></istype></node><istype><type id="36" label="SemNameType" name="time"><type id="37" label="SemUnionType"><type id="3" label="SemIntType"/><type id="3" label="SemIntType"/><type id="3" label="SemIntType"/></type></type></istype></node><node id="181" label="AstVarDefn" name="curr"><location begcolumn="57" begline="43" endcolumn="65" endline="43" loc="43.57:43.65"/><node id="180" label="AstNameType" name="time"><location begcolumn="62" begline="43" endcolumn="65" endline="43" loc="43.62:43.65"/><definedat id="179" location="43.19:43.55"/><istype><type id="36" label="SemNameType" name="time"/></istype></node><oftype><type id="36" label="SemNameType" name="time"/></oftype></node></node><node id="153" label="AstPtrType"><location begcolumn="31" begline="38" endcolumn="35" endline="38" loc="38.31:38.35"/><node id="152" label="AstNameType" name="time"><location begcolumn="32" begline="38" endcolumn="35" endline="38" loc="38.32:38.35"/><definedat id="148" location="36.17:36.53"/><istype><type id="32" label="SemNameType" name="time"/></istype></node><istype><type id="35" label="SemPointerType"><type id="32" label="SemNameType" name="time"/></type></istype></node><oftype><type id="35" label="SemPointerType"><type id="32" label="SemNameType" name="time"/></type></oftype></node></node><node id="99" label="AstPtrType"><location begcolumn="41" begline="29" endcolumn="45" endline="29" loc="29.41:29.45"/><node id="98" label="AstNameType" name="time"><location begcolumn="42" begline="29" endcolumn="45" endline="29" loc="29.42:29.45"/><definedat id="93" location="27.9:27.45"/><istype><type id="22" label="SemNameType" name="time"/></istype></node><istype><type id="31" label="SemPointerType"><type id="22" label="SemNameType" name="time"/></type></istype></node><oftype><type id="31" label="SemPointerType"><type id="22" label="SemNameType" name="time"/></type></oftype></node></node><node id="23" label="AstAtomType" name="INT"><location begcolumn="26" begline="10" endcolumn="28" endline="10" loc="10.26:10.28"/><istype><type id="3" label="SemIntType"/></istype></node><oftype><type id="3" label="SemIntType"/></oftype></node><node id="288" label="AstFunDefn" name="get_curr_timestamp"><location begcolumn="1" begline="47" endcolumn="16" endline="65" loc="47.1:65.16"/><node id="283" label="AstBlockStmt"><location begcolumn="35" begline="47" endcolumn="1" endline="65" loc="47.35:65.1"/><node id="284" label="AstNodes&lt;AstStmt&gt;"><node id="195" label="AstAssignStmt"><location begcolumn="9" begline="48" endcolumn="28" endline="48" loc="48.9:48.28"/><node id="193" label="AstArrExpr"><location begcolumn="9" begline="48" endcolumn="23" endline="48" loc="48.9:48.23"/><node id="191" label="AstCmpExpr" name=".timezone"><location begcolumn="9" begline="48" endcolumn="20" endline="48" loc="48.9:48.20"/><node id="190" label="AstNameExpr" name="now"><location begcolumn="9" begline="48" endcolumn="11" endline="48" loc="48.9:48.11"/><definedat id="286" location="65.3:65.15"/><oftype><type id="0" label="SemNameType" name="timestamp"/></oftype><lvalue/></node><oftype><type id="4" label="SemArrayType[8]"><type id="2" label="SemCharType"/></type></oftype><lvalue/></node><node id="192" label="AstAtomExpr" name="0"><location begcolumn="22" begline="48" endcolumn="22" endline="48" loc="48.22:48.22"/><oftype><type id="3" label="SemIntType"/></oftype></node><oftype><type id="2" label="SemCharType"/></oftype><lvalue/></node><node id="194" label="AstAtomExpr" name="'g'"><location begcolumn="25" begline="48" endcolumn="27" endline="48" loc="48.25:48.27"/><oftype><type id="2" label="SemCharType"/></oftype></node><oftype><type id="18" label="SemVoidType"/></oftype></node><node id="201" label="AstAssignStmt"><location begcolumn="9" begline="49" endcolumn="28" endline="49" loc="49.9:49.28"/><node id="199" label="AstArrExpr"><location begcolumn="9" begline="49" endcolumn="23" endline="49" loc="49.9:49.23"/><node id="197" label="AstCmpExpr" name=".timezone"><location begcolumn="9" begline="49" endcolumn="20" endline="49" loc="49.9:49.20"/><node id="196" label="AstNameExpr" name="now"><location begcolumn="9" begline="49" endcolumn="11" endline="49" loc="49.9:49.11"/><definedat id="286" location="65.3:65.15"/><oftype><type id="0" label="SemNameType" name="timestamp"/></oftype><lvalue/></node><oftype><type id="4" label="SemArrayType[8]"><type id="2" label="SemCharType"/></type></oftype><lvalue/></node><node id="198" label="AstAtomExpr" name="1"><location begcolumn="22" begline="49" endcolumn="22" endline="49" loc="49.22:49.22"/><oftype><type id="3" label="SemIntType"/></oftype></node><oftype><type id="2" label="SemCharType"/></oftype><lvalue/></node><node id="200" label="AstAtomExpr" name="'m'"><location begcolumn="25" begline="49" endcolumn="27" endline="49" loc="49.25:49.27"/><oftype><type id="2" label="SemCharType"/></oftype></node><oftype><type id="18" label="SemVoidType"/></oftype></node><node id="207" label="AstAssignStmt"><location begcolumn="9" begline="50" endcolumn="28" endline="50" loc="50.9:50.28"/><node id="205" label="AstArrExpr"><location begcolumn="9" begline="50" endcolumn="23" endline="50" loc="50.9:50.23"/><node id="203" label="AstCmpExpr" name=".timezone"><location begcolumn="9" begline="50" endcolumn="20" endline="50" loc="50.9:50.20"/><node id="202" label="AstNameExpr" name="now"><location begcolumn="9" begline="50" endcolumn="11" endline="50" loc="50.9:50.11"/><definedat id="286" location="65.3:65.15"/><oftype><type id="0" label="SemNameType" name="timestamp"/></oftype><lvalue/></node><oftype><type id="4" label="SemArrayType[8]"><type id="2" label="SemCharType"/></type></oftype><lvalue/></node><node id="204" label="AstAtomExpr" name="2"><location begcolumn="22" begline="50" endcolumn="22" endline="50" loc="50.22:50.22"/><oftype><type id="3" label="SemIntType"/></oftype></node><oftype><type id="2" label="SemCharType"/></oftype><lvalue/></node><node id="206" label="AstAtomExpr" name="'t'"><location begcolumn="25" begline="50" endcolumn="27" endline="50" loc="50.25:50.27"/><oftype><type id="2" label="SemCharType"/></oftype></node><oftype><type id="18" label="SemVoidType"/></oftype></node><node id="213" label="AstAssignStmt"><location begcolumn="9" begline="51" endcolumn="28" endline="51" loc="51.9:51.28"/><node id="211" label="AstArrExpr"><location begcolumn="9" begline="51" endcolumn="23" endline="51" loc="51.9:51.23"/><node id="209" label="AstCmpExpr" name=".timezone"><location begcolumn="9" begline="51" endcolumn="20" endline="51" loc="51.9:51.20"/><node id="208" label="AstNameExpr" name="now"><location begcolumn="9" begline="51" endcolumn="11" endline="51" loc="51.9:51.11"/><definedat id="286" location="65.3:65.15"/><oftype><type id="0" label="SemNameType" name="timestamp"/></oftype><lvalue/></node><oftype><type id="4" label="SemArrayType[8]"><type id="2" label="SemCharType"/></type></oftype><lvalue/></node><node id="210" label="AstAtomExpr" name="3"><location begcolumn="22" begline="51" endcolumn="22" endline="51" loc="51.22:51.22"/><oftype><type id="3" label="SemIntType"/></oftype></node><oftype><type id="2" label="SemCharType"/></oftype><lvalue/></node><node id="212" label="AstAtomExpr" name="'+'"><location begcolumn="25" begline="51" endcolumn="27" endline="51" loc="51.25:51.27"/><oftype><type id="2" label="SemCharType"/></oftype></node><oftype><type id="18" label="SemVoidType"/></oftype></node><node id="219" label="AstAssignStmt"><location begcolumn="9" begline="52" endcolumn="28" endline="52" loc="52.9:52.28"/><node id="217" label="AstArrExpr"><location begcolumn="9" begline="52" endcolumn="23" endline="52" loc="52.9:52.23"/><node id="215" label="AstCmpExpr" name=".timezone"><location begcolumn="9" begline="52" endcolumn="20" endline="52" loc="52.9:52.20"/><node id="214" label="AstNameExpr" name="now"><location begcolumn="9" begline="52" endcolumn="11" endline="52" loc="52.9:52.11"/><definedat id="286" location="65.3:65.15"/><oftype><type id="0" label="SemNameType" name="timestamp"/></oftype><lvalue/></node><oftype><type id="4" label="SemArrayType[8]"><type id="2" label="SemCharType"/></type></oftype><lvalue/></node><node id="216" label="AstAtomExpr" name="4"><location begcolumn="22" begline="52" endcolumn="22" endline="52" loc="52.22:52.22"/><oftype><type id="3" label="SemIntType"/></oftype></node><oftype><type id="2" label="SemCharType"/></oftype><lvalue/></node><node id="218" label="AstAtomExpr" name="'1'"><location begcolumn="25" begline="52" endcolumn="27" endline="52" loc="52.25:52.27"/><oftype><type id="2" label="SemCharType"/></oftype></node><oftype><type id="18" label="SemVoidType"/></oftype></node><node id="223" label="AstAssignStmt"><location begcolumn="9" begline="53" endcolumn="20" endline="53" loc="53.9:53.20"/><node id="221" label="AstCmpExpr" name=".hour"><location begcolumn="9" begline="53" endcolumn="16" endline="53" loc="53.9:53.16"/><node id="220" label="AstNameExpr" name="now"><location begcolumn="9" begline="53" endcolumn="11" endline="53" loc="53.9:53.11"/><definedat id="286" location="65.3:65.15"/><oftype><type id="0" label="SemNameType" name="timestamp"/></oftype><lvalue/></node><oftype><type id="3" label="SemIntType"/></oftype><lvalue/></node><node id="222" label="AstAtomExpr" name="12"><location begcolumn="18" begline="53" endcolumn="19" endline="53" loc="53.18:53.19"/><oftype><type id="3" label="SemIntType"/></oftype></node><oftype><type id="18" label="SemVoidType"/></oftype></node><node id="227" label="AstAssignStmt"><location begcolumn="9" begline="54" endcolumn="19" endline="54" loc="54.9:54.19"/><node id="225" label="AstCmpExpr" name=".min"><location begcolumn="9" begline="54" endcolumn="15" endline="54" loc="54.9:54.15"/><node id="224" label="AstNameExpr" name="now"><location begcolumn="9" begline="54" endcolumn="11" endline="54" loc="54.9:54.11"/><definedat id="286" location="65.3:65.15"/><oftype><type id="0" label="SemNameType" name="timestamp"/></oftype><lvalue/></node><oftype><type id="3" label="SemIntType"/></oftype><lvalue/></node><node id="226" label="AstAtomExpr" name="20"><location begcolumn="17" begline="54" endcolumn="18" endline="54" loc="54.17:54.18"/><oftype><type id="3" label="SemIntType"/></oftype></node><oftype><type id="18" label="SemVoidType"/></oftype></node><node id="231" label="AstAssignStmt"><location begcolumn="9" begline="55" endcolumn="23" endline="55" loc="55.9:55.23"/><node id="229" label="AstCmpExpr" name=".seconds"><location begcolumn="9" begline="55" endcolumn="19" endline="55" loc="55.9:55.19"/><node id="228" label="AstNameExpr" name="now"><location begcolumn="9" begline="55" endcolumn="11" endline="55" loc="55.9:55.11"/><definedat id="286" location="65.3:65.15"/><oftype><type id="0" label="SemNameType" name="timestamp"/></oftype><lvalue/></node><oftype><type id="3" label="SemIntType"/></oftype><lvalue/></node><node id="230" label="AstAtomExpr" name="00"><location begcolumn="21" begline="55" endcolumn="22" endline="55" loc="55.21:55.22"/><oftype><type id="3" label="SemIntType"/></oftype></node><oftype><type id="18" label="SemVoidType"/></oftype></node><node id="237" label="AstAssignStmt"><location begcolumn="9" begline="56" endcolumn="24" endline="56" loc="56.9:56.24"/><node id="235" label="AstArrExpr"><location begcolumn="9" begline="56" endcolumn="19" endline="56" loc="56.9:56.19"/><node id="233" label="AstCmpExpr" name=".date"><location begcolumn="9" begline="56" endcolumn="16" endline="56" loc="56.9:56.16"/><node id="232" label="AstNameExpr" name="now"><location begcolumn="9" begline="56" endcolumn="11" endline="56" loc="56.9:56.11"/><definedat id="286" location="65.3:65.15"/><oftype><type id="0" label="SemNameType" name="timestamp"/></oftype><lvalue/></node><oftype><type id="6" label="SemArrayType[256]"><type id="2" label="SemCharType"/></type></oftype><lvalue/></node><node id="234" label="AstAtomExpr" name="0"><location begcolumn="18" begline="56" endcolumn="18" endline="56" loc="56.18:56.18"/><oftype><type id="3" label="SemIntType"/></oftype></node><oftype><type id="2" label="SemCharType"/></oftype><lvalue/></node><node id="236" label="AstAtomExpr" name="'1'"><location begcolumn="21" begline="56" endcolumn="23" endline="56" loc="56.21:56.23"/><oftype><type id="2" label="SemCharType"/></oftype></node><oftype><type id="18" label="SemVoidType"/></oftype></node><node id="243" label="AstAssignStmt"><location begcolumn="9" begline="57" endcolumn="24" endline="57" loc="57.9:57.24"/><node id="241" label="AstArrExpr"><location begcolumn="9" begline="57" endcolumn="19" endline="57" loc="57.9:57.19"/><node id="239" label="AstCmpExpr" name=".date"><location begcolumn="9" begline="57" endcolumn="16" endline="57" loc="57.9:57.16"/><node id="238" label="AstNameExpr" name="now"><location begcolumn="9" begline="57" endcolumn="11" endline="57" loc="57.9:57.11"/><definedat id="286" location="65.3:65.15"/><oftype><type id="0" label="SemNameType" name="timestamp"/></oftype><lvalue/></node><oftype><type id="6" label="SemArrayType[256]"><type id="2" label="SemCharType"/></type></oftype><lvalue/></node><node id="240" label="AstAtomExpr" name="1"><location begcolumn="18" begline="57" endcolumn="18" endline="57" loc="57.18:57.18"/><oftype><type id="3" label="SemIntType"/></oftype></node><oftype><type id="2" label="SemCharType"/></oftype><lvalue/></node><node id="242" label="AstAtomExpr" name="'.'"><location begcolumn="21" begline="57" endcolumn="23" endline="57" loc="57.21:57.23"/><oftype><type id="2" label="SemCharType"/></oftype></node><oftype><type id="18" label="SemVoidType"/></oftype></node><node id="249" label="AstAssignStmt"><location begcolumn="9" begline="58" endcolumn="24" endline="58" loc="58.9:58.24"/><node id="247" label="AstArrExpr"><location begcolumn="9" begline="58" endcolumn="19" endline="58" loc="58.9:58.19"/><node id="245" label="AstCmpExpr" name=".date"><location begcolumn="9" begline="58" endcolumn="16" endline="58" loc="58.9:58.16"/><node id="244" label="AstNameExpr" name="now"><location begcolumn="9" begline="58" endcolumn="11" endline="58" loc="58.9:58.11"/><definedat id="286" location="65.3:65.15"/><oftype><type id="0" label="SemNameType" name="timestamp"/></oftype><lvalue/></node><oftype><type id="6" label="SemArrayType[256]"><type id="2" label="SemCharType"/></type></oftype><lvalue/></node><node id="246" label="AstAtomExpr" name="2"><location begcolumn="18" begline="58" endcolumn="18" endline="58" loc="58.18:58.18"/><oftype><type id="3" label="SemIntType"/></oftype></node><oftype><type id="2" label="SemCharType"/></oftype><lvalue/></node><node id="248" label="AstAtomExpr" name="'2'"><location begcolumn="21" begline="58" endcolumn="23" endline="58" loc="58.21:58.23"/><oftype><type id="2" label="SemCharType"/></oftype></node><oftype><type id="18" label="SemVoidType"/></oftype></node><node id="255" label="AstAssignStmt"><location begcolumn="9" begline="59" endcolumn="24" endline="59" loc="59.9:59.24"/><node id="253" label="AstArrExpr"><location begcolumn="9" begline="59" endcolumn="19" endline="59" loc="59.9:59.19"/><node id="251" label="AstCmpExpr" name=".date"><location begcolumn="9" begline="59" endcolumn="16" endline="59" loc="59.9:59.16"/><node id="250" label="AstNameExpr" name="now"><location begcolumn="9" begline="59" endcolumn="11" endline="59" loc="59.9:59.11"/><definedat id="286" location="65.3:65.15"/><oftype><type id="0" label="SemNameType" name="timestamp"/></oftype><lvalue/></node><oftype><type id="6" label="SemArrayType[256]"><type id="2" label="SemCharType"/></type></oftype><lvalue/></node><node id="252" label="AstAtomExpr" name="3"><location begcolumn="18" begline="59" endcolumn="18" endline="59" loc="59.18:59.18"/><oftype><type id="3" label="SemIntType"/></oftype></node><oftype><type id="2" label="SemCharType"/></oftype><lvalue/></node><node id="254" label="AstAtomExpr" name="'.'"><location begcolumn="21" begline="59" endcolumn="23" endline="59" loc="59.21:59.23"/><oftype><type id="2" label="SemCharType"/></oftype></node><oftype><type id="18" label="SemVoidType"/></oftype></node><node id="261" label="AstAssignStmt"><location begcolumn="9" begline="60" endcolumn="24" endline="60" loc="60.9:60.24"/><node id="259" label="AstArrExpr"><location begcolumn="9" begline="60" endcolumn="19" endline="60" loc="60.9:60.19"/><node id="257" label="AstCmpExpr" name=".date"><location begcolumn="9" begline="60" endcolumn="16" endline="60" loc="60.9:60.16"/><node id="256" label="AstNameExpr" name="now"><location begcolumn="9" begline="60" endcolumn="11" endline="60" loc="60.9:60.11"/><definedat id="286" location="65.3:65.15"/><oftype><type id="0" label="SemNameType" name="timestamp"/></oftype><lvalue/></node><oftype><type id="6" label="SemArrayType[256]"><type id="2" label="SemCharType"/></type></oftype><lvalue/></node><node id="258" label="AstAtomExpr" name="4"><location begcolumn="18" begline="60" endcolumn="18" endline="60" loc="60.18:60.18"/><oftype><type id="3" label="SemIntType"/></oftype></node><oftype><type id="2" label="SemCharType"/></oftype><lvalue/></node><node id="260" label="AstAtomExpr" name="'2'"><location begcolumn="21" begline="60" endcolumn="23" endline="60" loc="60.21:60.23"/><oftype><type id="2" label="SemCharType"/></oftype></node><oftype><type id="18" label="SemVoidType"/></oftype></node><node id="267" label="AstAssignStmt"><location begcolumn="9" begline="61" endcolumn="24" endline="61" loc="61.9:61.24"/><node id="265" label="AstArrExpr"><location begcolumn="9" begline="61" endcolumn="19" endline="61" loc="61.9:61.19"/><node id="263" label="AstCmpExpr" name=".date"><location begcolumn="9" begline="61" endcolumn="16" endline="61" loc="61.9:61.16"/><node id="262" label="AstNameExpr" name="now"><location begcolumn="9" begline="61" endcolumn="11" endline="61" loc="61.9:61.11"/><definedat id="286" location="65.3:65.15"/><oftype><type id="0" label="SemNameType" name="timestamp"/></oftype><lvalue/></node><oftype><type id="6" label="SemArrayType[256]"><type id="2" label="SemCharType"/></type></oftype><lvalue/></node><node id="264" label="AstAtomExpr" name="5"><location begcolumn="18" begline="61" endcolumn="18" endline="61" loc="61.18:61.18"/><oftype><type id="3" label="SemIntType"/></oftype></node><oftype><type id="2" label="SemCharType"/></oftype><lvalue/></node><node id="266" label="AstAtomExpr" name="'0'"><location begcolumn="21" begline="61" endcolumn="23" endline="61" loc="61.21:61.23"/><oftype><type id="2" label="SemCharType"/></oftype></node><oftype><type id="18" label="SemVoidType"/></oftype></node><node id="273" label="AstAssignStmt"><location begcolumn="9" begline="62" endcolumn="24" endline="62" loc="62.9:62.24"/><node id="271" label="AstArrExpr"><location begcolumn="9" begline="62" endcolumn="19" endline="62" loc="62.9:62.19"/><node id="269" label="AstCmpExpr" name=".date"><location begcolumn="9" begline="62" endcolumn="16" endline="62" loc="62.9:62.16"/><node id="268" label="AstNameExpr" name="now"><location begcolumn="9" begline="62" endcolumn="11" endline="62" loc="62.9:62.11"/><definedat id="286" location="65.3:65.15"/><oftype><type id="0" label="SemNameType" name="timestamp"/></oftype><lvalue/></node><oftype><type id="6" label="SemArrayType[256]"><type id="2" label="SemCharType"/></type></oftype><lvalue/></node><node id="270" label="AstAtomExpr" name="6"><location begcolumn="18" begline="62" endcolumn="18" endline="62" loc="62.18:62.18"/><oftype><type id="3" label="SemIntType"/></oftype></node><oftype><type id="2" label="SemCharType"/></oftype><lvalue/></node><node id="272" label="AstAtomExpr" name="'2'"><location begcolumn="21" begline="62" endcolumn="23" endline="62" loc="62.21:62.23"/><oftype><type id="2" label="SemCharType"/></oftype></node><oftype><type id="18" label="SemVoidType"/></oftype></node><node id="279" label="AstAssignStmt"><location begcolumn="9" begline="63" endcolumn="24" endline="63" loc="63.9:63.24"/><node id="277" label="AstArrExpr"><location begcolumn="9" begline="63" endcolumn="19" endline="63" loc="63.9:63.19"/><node id="275" label="AstCmpExpr" name=".date"><location begcolumn="9" begline="63" endcolumn="16" endline="63" loc="63.9:63.16"/><node id="274" label="AstNameExpr" name="now"><location begcolumn="9" begline="63" endcolumn="11" endline="63" loc="63.9:63.11"/><definedat id="286" location="65.3:65.15"/><oftype><type id="0" label="SemNameType" name="timestamp"/></oftype><lvalue/></node><oftype><type id="6" label="SemArrayType[256]"><type id="2" label="SemCharType"/></type></oftype><lvalue/></node><node id="276" label="AstAtomExpr" name="7"><location begcolumn="18" begline="63" endcolumn="18" endline="63" loc="63.18:63.18"/><oftype><type id="3" label="SemIntType"/></oftype></node><oftype><type id="2" label="SemCharType"/></oftype><lvalue/></node><node id="278" label="AstAtomExpr" name="'4'"><location begcolumn="21" begline="63" endcolumn="23" endline="63" loc="63.21:63.23"/><oftype><type id="2" label="SemCharType"/></oftype></node><oftype><type id="18" label="SemVoidType"/></oftype></node><node id="282" label="AstReturnStmt"><location begcolumn="9" begline="64" endcolumn="20" endline="64" loc="64.9:64.20"/><node id="281" label="AstPfxExpr" name="PTR"><location begcolumn="16" begline="64" endcolumn="19" endline="64" loc="64.16:64.19"/><node id="280" label="AstNameExpr" name="now"><location begcolumn="17" begline="64" endcolumn="19" endline="64" loc="64.17:64.19"/><definedat id="286" location="65.3:65.15"/><oftype><type id="0" label="SemNameType" name="timestamp"/></oftype><lvalue/></node><oftype><type id="41" label="SemPointerType"><type id="0" label="SemNameType" name="timestamp"/></type></oftype></node><oftype><type id="18" label="SemVoidType"/></oftype></node></node><oftype><type id="18" label="SemVoidType"/></oftype></node><node id="287" label="AstNodes&lt;AstDefn&gt;"><node id="286" label="AstVarDefn" name="now"><location begcolumn="3" begline="65" endcolumn="15" endline="65" loc="65.3:65.15"/><node id="285" label="AstNameType" name="timestamp"><location begcolumn="7" begline="65" endcolumn="15" endline="65" loc="65.7:65.15"/><definedat id="16" location="1.1:7.1"/><istype><type id="0" label="SemNameType" name="timestamp"/></istype></node><oftype><type id="0" label="SemNameType" name="timestamp"/></oftype></node></node><node id="189" label="AstPtrType"><location begcolumn="22" begline="47" endcolumn="31" endline="47" loc="47.22:47.31"/><node id="188" label="AstNameType" name="timestamp"><location begcolumn="23" begline="47" endcolumn="31" endline="47" loc="47.23:47.31"/><definedat id="16" location="1.1:7.1"/><istype><type id="0" label="SemNameType" name="timestamp"/></istype></node><istype><type id="39" label="SemPointerType"><type id="0" label="SemNameType" name="timestamp"/></type></istype></node><oftype><type id="39" label="SemPointerType"><type id="0" label="SemNameType" name="timestamp"/></type></oftype></node><node id="304" label="AstTypDefn" name="recur"><location begcolumn="1" begline="67" endcolumn="1" endline="76" loc="67.1:76.1"/><node id="303" label="AstUniType"><location begcolumn="7" begline="67" endcolumn="1" endline="76" loc="67.7:76.1"/><node id="302" label="AstNodes&lt;AstCmpDefn&gt;"><node id="296" label="AstCmpDefn" name="sive"><location begcolumn="9" begline="68" endcolumn="9" endline="72" loc="68.9:72.9"/><node id="295" label="AstUniType"><location begcolumn="14" begline="68" endcolumn="9" endline="72" loc="68.14:72.9"/><node id="294" label="AstNodes&lt;AstCmpDefn&gt;"><node id="293" label="AstCmpDefn" name="sive"><location begcolumn="17" begline="69" endcolumn="17" endline="71" loc="69.17:71.17"/><node id="292" label="AstUniType"><location begcolumn="22" begline="69" endcolumn="17" endline="71" loc="69.22:71.17"/><node id="291" label="AstNodes&lt;AstCmpDefn&gt;"><node id="290" label="AstCmpDefn" name="sive"><location begcolumn="25" begline="70" endcolumn="32" endline="70" loc="70.25:70.32"/><node id="289" label="AstAtomType" name="INT"><location begcolumn="30" begline="70" endcolumn="32" endline="70" loc="70.30:70.32"/><istype><type id="3" label="SemIntType"/></istype></node><oftype><type id="3" label="SemIntType"/></oftype></node></node><istype><type id="13" label="SemUnionType"><type id="3" label="SemIntType"/></type></istype></node><oftype><type id="12" label="SemUnionType"><type id="3" label="SemIntType"/></type></oftype></node></node><istype><type id="14" label="SemUnionType"><type id="13" label="SemUnionType"><type id="3" label="SemIntType"/></type></type></istype></node><oftype><type id="11" label="SemUnionType"><type id="10" label="SemUnionType"><type id="3" label="SemIntType"/></type></type></oftype></node><node id="301" label="AstCmpDefn" name="recur"><location begcolumn="10" begline="72" endcolumn="9" endline="75" loc="72.10:75.9"/><node id="300" label="AstUniType"><location begcolumn="15" begline="73" endcolumn="9" endline="75" loc="73.15:75.9"/><node id="299" label="AstNodes&lt;AstCmpDefn&gt;"><node id="298" label="AstCmpDefn" name="sive"><location begcolumn="17" begline="74" endcolumn="24" endline="74" loc="74.17:74.24"/><node id="297" label="AstAtomType" name="INT"><location begcolumn="22" begline="74" endcolumn="24" endline="74" loc="74.22:74.24"/><istype><type id="3" label="SemIntType"/></istype></node><oftype><type id="3" label="SemIntType"/></oftype></node></node><istype><type id="16" label="SemUnionType"><type id="3" label="SemIntType"/></type></istype></node><oftype><type id="15" label="SemUnionType"><type id="3" label="SemIntType"/></type></oftype></node></node><istype><type id="17" label="SemUnionType"><type id="14" label="SemUnionType"><type id="13" label="SemUnionType"><type id="3" label="SemIntType"/></type></type><type id="16" label="SemUnionType"><type id="3" label="SemIntType"/></type></type></istype></node><istype><type id="1" label="SemNameType" name="recur"><type id="17" label="SemUnionType"><type id="14" label="SemUnionType"><type id="13" label="SemUnionType"><type id="3" label="SemIntType"/></type></type><type id="16" label="SemUnionType"><type id="3" label="SemIntType"/></type></type></type></istype></node><node id="306" label="AstVarDefn" name="somevar"><location begcolumn="1" begline="77" endcolumn="13" endline="77" loc="77.1:77.13"/><node id="305" label="AstNameType" name="recur"><location begcolumn="9" begline="77" endcolumn="13" endline="77" loc="77.9:77.13"/><definedat id="304" location="67.1:76.1"/><istype><type id="1" label="SemNameType" name="recur"/></istype></node><oftype><type id="1" label="SemNameType" name="recur"/></oftype></node></node></seman>