<?xml version="1.0" encoding="UTF-8" standalone="no"?><?xml-stylesheet type="text/xsl" href="../lib/xsl/memory.xsl"?><memory><node id="9" label="AstNodes&lt;AstDefn&gt;"><node id="8" label="AstFunDefn" name="f"><location begcolumn="1" begline="1" endcolumn="1" endline="5" loc="1.1:5.1"/><node id="3" label="AstBlockStmt"><location begcolumn="11" begline="1" endcolumn="1" endline="3" loc="1.11:3.1"/><node id="4" label="AstNodes&lt;AstStmt&gt;"><node id="2" label="AstExprStmt"><location begcolumn="9" begline="2" endcolumn="12" endline="2" loc="2.9:2.12"/><node id="1" label="AstCallExpr" name="f"><location begcolumn="9" begline="2" endcolumn="11" endline="2" loc="2.9:2.11"/><definedat id="8" location="1.1:5.1"/><oftype><type id="0" label="SemIntType"/></oftype></node></node></node><oftype><type id="1" label="SemVoidType"/></oftype></node><node id="7" label="AstNodes&lt;AstDefn&gt;"><node id="6" label="AstVarDefn" name="a"><location begcolumn="9" begline="4" endcolumn="13" endline="4" loc="4.9:4.13"/><node id="5" label="AstAtomType" name="INT"><location begcolumn="11" begline="4" endcolumn="13" endline="4" loc="4.11:4.13"/><istype><type id="0" label="SemIntType"/></istype></node><oftype><type id="0" label="SemIntType"/></oftype><access depth="1" offset="-8" size="8"/></node></node><node id="0" label="AstAtomType" name="INT"><location begcolumn="5" begline="1" endcolumn="7" endline="1" loc="1.5:1.7"/><istype><type id="0" label="SemIntType"/></istype></node><oftype><type id="0" label="SemIntType"/></oftype><frame FP="T0" RV="T1" argssize="0" depth="0" label="_f" locssize="8" size="24"/></node></node></memory>