<?xml version="1.0" encoding="UTF-8" standalone="no"?><?xml-stylesheet type="text/xsl" href="../lib/xsl/imcgen.xsl"?><imcgen><node id="32" label="AstNodes&lt;AstDefn&gt;"><node id="1" label="AstVarDefn" name="a"><location begcolumn="1" begline="1" endcolumn="5" endline="1" loc="1.1:1.5"/><node id="0" label="AstAtomType" name="INT"><location begcolumn="3" begline="1" endcolumn="5" endline="1" loc="1.3:1.5"/><istype><type id="0" label="SemIntType"/></istype></node><oftype><type id="0" label="SemIntType"/></oftype><access label="_a" size="8"/></node><node id="31" label="AstFunDefn" name="f"><location begcolumn="1" begline="3" endcolumn="1" endline="8" loc="3.1:8.1"/><node id="29" label="AstBlockStmt"><location begcolumn="11" begline="3" endcolumn="1" endline="8" loc="3.11:8.1"/><node id="30" label="AstNodes&lt;AstStmt&gt;"><node id="7" label="AstAssignStmt"><location begcolumn="9" begline="4" endcolumn="19" endline="4" loc="4.9:4.19"/><node id="3" label="AstNameExpr" name="a"><location begcolumn="9" begline="4" endcolumn="9" endline="4" loc="4.9:4.9"/><definedat id="1" location="1.1:1.5"/><oftype><type id="0" label="SemIntType"/></oftype><lvalue/><imc instruction="MEM"><imc instruction="NAME(_a)"/></imc></node><node id="6" label="AstBinExpr" name="ADD"><location begcolumn="13" begline="4" endcolumn="18" endline="4" loc="4.13:4.18"/><node id="4" label="AstAtomExpr" name="12"><location begcolumn="13" begline="4" endcolumn="14" endline="4" loc="4.13:4.14"/><oftype><type id="0" label="SemIntType"/></oftype><imc instruction="CONST(12)"/></node><node id="5" label="AstNameExpr" name="a"><location begcolumn="18" begline="4" endcolumn="18" endline="4" loc="4.18:4.18"/><definedat id="1" location="1.1:1.5"/><oftype><type id="0" label="SemIntType"/></oftype><lvalue/><imc instruction="MEM"><imc instruction="NAME(_a)"/></imc></node><oftype><type id="0" label="SemIntType"/></oftype><imc instruction="BINOP(ADD)"><imc instruction="CONST(12)"/><imc instruction="MEM"><imc instruction="NAME(_a)"/></imc></imc></node><oftype><type id="1" label="SemVoidType"/></oftype><imc instruction="MOVE"><imc instruction="MEM"><imc instruction="NAME(_a)"/></imc><imc instruction="BINOP(ADD)"><imc instruction="CONST(12)"/><imc instruction="MEM"><imc instruction="NAME(_a)"/></imc></imc></imc></node><node id="16" label="AstWhileStmt"><location begcolumn="9" begline="5" endcolumn="31" endline="5" loc="5.9:5.31"/><node id="10" label="AstBinExpr" name="LTH"><location begcolumn="15" begline="5" endcolumn="19" endline="5" loc="5.15:5.19"/><node id="8" label="AstNameExpr" name="a"><location begcolumn="15" begline="5" endcolumn="15" endline="5" loc="5.15:5.15"/><definedat id="1" location="1.1:1.5"/><oftype><type id="0" label="SemIntType"/></oftype><lvalue/><imc instruction="MEM"><imc instruction="NAME(_a)"/></imc></node><node id="9" label="AstAtomExpr" name="4"><location begcolumn="19" begline="5" endcolumn="19" endline="5" loc="5.19:5.19"/><oftype><type id="0" label="SemIntType"/></oftype><imc instruction="CONST(4)"/></node><oftype><type id="2" label="SemBoolType"/></oftype><imc instruction="BINOP(LTH)"><imc instruction="MEM"><imc instruction="NAME(_a)"/></imc><imc instruction="CONST(4)"/></imc></node><node id="15" label="AstAssignStmt"><location begcolumn="22" begline="5" endcolumn="31" endline="5" loc="5.22:5.31"/><node id="11" label="AstNameExpr" name="a"><location begcolumn="22" begline="5" endcolumn="22" endline="5" loc="5.22:5.22"/><definedat id="1" location="1.1:1.5"/><oftype><type id="0" label="SemIntType"/></oftype><lvalue/><imc instruction="MEM"><imc instruction="NAME(_a)"/></imc></node><node id="14" label="AstBinExpr" name="ADD"><location begcolumn="26" begline="5" endcolumn="30" endline="5" loc="5.26:5.30"/><node id="12" label="AstNameExpr" name="a"><location begcolumn="26" begline="5" endcolumn="26" endline="5" loc="5.26:5.26"/><definedat id="1" location="1.1:1.5"/><oftype><type id="0" label="SemIntType"/></oftype><lvalue/><imc instruction="MEM"><imc instruction="NAME(_a)"/></imc></node><node id="13" label="AstAtomExpr" name="1"><location begcolumn="30" begline="5" endcolumn="30" endline="5" loc="5.30:5.30"/><oftype><type id="0" label="SemIntType"/></oftype><imc instruction="CONST(1)"/></node><oftype><type id="0" label="SemIntType"/></oftype><imc instruction="BINOP(ADD)"><imc instruction="MEM"><imc instruction="NAME(_a)"/></imc><imc instruction="CONST(1)"/></imc></node><oftype><type id="1" label="SemVoidType"/></oftype><imc instruction="MOVE"><imc instruction="MEM"><imc instruction="NAME(_a)"/></imc><imc instruction="BINOP(ADD)"><imc instruction="MEM"><imc instruction="NAME(_a)"/></imc><imc instruction="CONST(1)"/></imc></imc></node><oftype><type id="1" label="SemVoidType"/></oftype><imc instruction="STMTS"><imc instruction="LABEL(L2)"/><imc instruction="CJUMP(L3,L4)"><imc instruction="BINOP(LTH)"><imc instruction="MEM"><imc instruction="NAME(_a)"/></imc><imc instruction="CONST(4)"/></imc></imc><imc instruction="LABEL(L3)"/><imc instruction="MOVE"><imc instruction="MEM"><imc instruction="NAME(_a)"/></imc><imc instruction="BINOP(ADD)"><imc instruction="MEM"><imc instruction="NAME(_a)"/></imc><imc instruction="CONST(1)"/></imc></imc><imc instruction="JUMP(L2)"/><imc instruction="LABEL(L4)"/></imc></node><node id="26" label="AstIfStmt"><location begcolumn="9" begline="6" endcolumn="40" endline="6" loc="6.9:6.40"/><node id="19" label="AstBinExpr" name="LTH"><location begcolumn="12" begline="6" endcolumn="16" endline="6" loc="6.12:6.16"/><node id="17" label="AstNameExpr" name="a"><location begcolumn="12" begline="6" endcolumn="12" endline="6" loc="6.12:6.12"/><definedat id="1" location="1.1:1.5"/><oftype><type id="0" label="SemIntType"/></oftype><lvalue/><imc instruction="MEM"><imc instruction="NAME(_a)"/></imc></node><node id="18" label="AstAtomExpr" name="4"><location begcolumn="16" begline="6" endcolumn="16" endline="6" loc="6.16:6.16"/><oftype><type id="0" label="SemIntType"/></oftype><imc instruction="CONST(4)"/></node><oftype><type id="2" label="SemBoolType"/></oftype><imc instruction="BINOP(LTH)"><imc instruction="MEM"><imc instruction="NAME(_a)"/></imc><imc instruction="CONST(4)"/></imc></node><node id="22" label="AstAssignStmt"><location begcolumn="23" begline="6" endcolumn="28" endline="6" loc="6.23:6.28"/><node id="20" label="AstNameExpr" name="a"><location begcolumn="23" begline="6" endcolumn="23" endline="6" loc="6.23:6.23"/><definedat id="1" location="1.1:1.5"/><oftype><type id="0" label="SemIntType"/></oftype><lvalue/><imc instruction="MEM"><imc instruction="NAME(_a)"/></imc></node><node id="21" label="AstAtomExpr" name="2"><location begcolumn="27" begline="6" endcolumn="27" endline="6" loc="6.27:6.27"/><oftype><type id="0" label="SemIntType"/></oftype><imc instruction="CONST(2)"/></node><oftype><type id="1" label="SemVoidType"/></oftype><imc instruction="MOVE"><imc instruction="MEM"><imc instruction="NAME(_a)"/></imc><imc instruction="CONST(2)"/></imc></node><node id="25" label="AstAssignStmt"><location begcolumn="35" begline="6" endcolumn="40" endline="6" loc="6.35:6.40"/><node id="23" label="AstNameExpr" name="a"><location begcolumn="35" begline="6" endcolumn="35" endline="6" loc="6.35:6.35"/><definedat id="1" location="1.1:1.5"/><oftype><type id="0" label="SemIntType"/></oftype><lvalue/><imc instruction="MEM"><imc instruction="NAME(_a)"/></imc></node><node id="24" label="AstAtomExpr" name="3"><location begcolumn="39" begline="6" endcolumn="39" endline="6" loc="6.39:6.39"/><oftype><type id="0" label="SemIntType"/></oftype><imc instruction="CONST(3)"/></node><oftype><type id="1" label="SemVoidType"/></oftype><imc instruction="MOVE"><imc instruction="MEM"><imc instruction="NAME(_a)"/></imc><imc instruction="CONST(3)"/></imc></node><oftype><type id="1" label="SemVoidType"/></oftype><imc instruction="STMTS"><imc instruction="CJUMP(L5,L6)"><imc instruction="BINOP(LTH)"><imc instruction="MEM"><imc instruction="NAME(_a)"/></imc><imc instruction="CONST(4)"/></imc></imc><imc instruction="LABEL(L5)"/><imc instruction="MOVE"><imc instruction="MEM"><imc instruction="NAME(_a)"/></imc><imc instruction="CONST(2)"/></imc><imc instruction="JUMP(L7)"/><imc instruction="MOVE"><imc instruction="MEM"><imc instruction="NAME(_a)"/></imc><imc instruction="CONST(3)"/></imc><imc instruction="LABEL(L7)"/></imc></node><node id="28" label="AstReturnStmt"><location begcolumn="9" begline="7" endcolumn="19" endline="7" loc="7.9:7.19"/><node id="27" label="AstAtomExpr" name="210"><location begcolumn="16" begline="7" endcolumn="18" endline="7" loc="7.16:7.18"/><oftype><type id="0" label="SemIntType"/></oftype><imc instruction="CONST(210)"/></node><oftype><type id="1" label="SemVoidType"/></oftype><imc instruction="STMTS"><imc instruction="MOVE"><imc instruction="TEMP(T1)"/><imc instruction="CONST(210)"/></imc><imc instruction="JUMP(L1)"/></imc></node></node><oftype><type id="1" label="SemVoidType"/></oftype></node><node id="2" label="AstAtomType" name="INT"><location begcolumn="5" begline="3" endcolumn="7" endline="3" loc="3.5:3.7"/><istype><type id="0" label="SemIntType"/></istype></node><oftype><type id="0" label="SemIntType"/></oftype><frame FP="T0" RV="T1" argssize="0" depth="0" label="_f" locssize="0" size="16"/><labels body="L0" epilogue="L1" prologue="_f"/></node></node></imcgen>