<?xml version="1.0" encoding="UTF-8" standalone="no"?><?xml-stylesheet type="text/xsl" href="../lib/xsl/memory.xsl"?><memory><node id="23" label="AstNodes&lt;AstDefn&gt;"><node id="1" label="AstVarDefn" name="a"><location begcolumn="1" begline="1" endcolumn="6" endline="1" loc="1.1:1.6"/><node id="0" label="AstAtomType" name="BOOL"><location begcolumn="3" begline="1" endcolumn="6" endline="1" loc="1.3:1.6"/><istype><type id="0" label="SemBoolType"/></istype></node><oftype><type id="0" label="SemBoolType"/></oftype><access label="_a" size="8"/></node><node id="3" label="AstVarDefn" name="b"><location begcolumn="1" begline="2" endcolumn="6" endline="2" loc="2.1:2.6"/><node id="2" label="AstAtomType" name="CHAR"><location begcolumn="3" begline="2" endcolumn="6" endline="2" loc="2.3:2.6"/><istype><type id="1" label="SemCharType"/></istype></node><oftype><type id="1" label="SemCharType"/></oftype><access label="_b" size="8"/></node><node id="5" label="AstVarDefn" name="c"><location begcolumn="1" begline="3" endcolumn="5" endline="3" loc="3.1:3.5"/><node id="4" label="AstAtomType" name="INT"><location begcolumn="3" begline="3" endcolumn="5" endline="3" loc="3.3:3.5"/><istype><type id="2" label="SemIntType"/></istype></node><oftype><type id="2" label="SemIntType"/></oftype><access label="_c" size="8"/></node><node id="22" label="AstFunDefn" name="fun"><location begcolumn="1" begline="5" endcolumn="1" endline="10" loc="5.1:10.1"/><node id="20" label="AstBlockStmt"><location begcolumn="14" begline="5" endcolumn="1" endline="10" loc="5.14:10.1"/><node id="21" label="AstNodes&lt;AstStmt&gt;"><node id="9" label="AstAssignStmt"><location begcolumn="9" begline="6" endcolumn="17" endline="6" loc="6.9:6.17"/><node id="7" label="AstNameExpr" name="a"><location begcolumn="9" begline="6" endcolumn="9" endline="6" loc="6.9:6.9"/><definedat id="1" location="1.1:1.6"/><oftype><type id="0" label="SemBoolType"/></oftype><lvalue/></node><node id="8" label="AstAtomExpr" name="true"><location begcolumn="13" begline="6" endcolumn="16" endline="6" loc="6.13:6.16"/><oftype><type id="0" label="SemBoolType"/></oftype></node><oftype><type id="3" label="SemVoidType"/></oftype></node><node id="12" label="AstAssignStmt"><location begcolumn="9" begline="7" endcolumn="18" endline="7" loc="7.9:7.18"/><node id="10" label="AstNameExpr" name="a"><location begcolumn="9" begline="7" endcolumn="9" endline="7" loc="7.9:7.9"/><definedat id="1" location="1.1:1.6"/><oftype><type id="0" label="SemBoolType"/></oftype><lvalue/></node><node id="11" label="AstAtomExpr" name="false"><location begcolumn="13" begline="7" endcolumn="17" endline="7" loc="7.13:7.17"/><oftype><type id="0" label="SemBoolType"/></oftype></node><oftype><type id="3" label="SemVoidType"/></oftype></node><node id="15" label="AstAssignStmt"><location begcolumn="9" begline="8" endcolumn="16" endline="8" loc="8.9:8.16"/><node id="13" label="AstNameExpr" name="b"><location begcolumn="9" begline="8" endcolumn="9" endline="8" loc="8.9:8.9"/><definedat id="3" location="2.1:2.6"/><oftype><type id="1" label="SemCharType"/></oftype><lvalue/></node><node id="14" label="AstAtomExpr" name="'a'"><location begcolumn="13" begline="8" endcolumn="15" endline="8" loc="8.13:8.15"/><oftype><type id="1" label="SemCharType"/></oftype></node><oftype><type id="3" label="SemVoidType"/></oftype></node><node id="19" label="AstAssignStmt"><location begcolumn="9" begline="9" endcolumn="17" endline="9" loc="9.9:9.17"/><node id="16" label="AstNameExpr" name="c"><location begcolumn="9" begline="9" endcolumn="9" endline="9" loc="9.9:9.9"/><definedat id="5" location="3.1:3.5"/><oftype><type id="2" label="SemIntType"/></oftype><lvalue/></node><node id="18" label="AstPfxExpr" name="ADD"><location begcolumn="13" begline="9" endcolumn="16" endline="9" loc="9.13:9.16"/><node id="17" label="AstAtomExpr" name="312"><location begcolumn="14" begline="9" endcolumn="16" endline="9" loc="9.14:9.16"/><oftype><type id="2" label="SemIntType"/></oftype></node><oftype><type id="2" label="SemIntType"/></oftype></node><oftype><type id="3" label="SemVoidType"/></oftype></node></node><oftype><type id="3" label="SemVoidType"/></oftype></node><node id="6" label="AstAtomType" name="VOID"><location begcolumn="7" begline="5" endcolumn="10" endline="5" loc="5.7:5.10"/><istype><type id="3" label="SemVoidType"/></istype></node><oftype><type id="3" label="SemVoidType"/></oftype><frame FP="T0" RV="T1" argssize="0" depth="1" label="_fun" locssize="0" size="16"/></node></node></memory>