<?xml version="1.0" encoding="UTF-8" standalone="no"?><?xml-stylesheet type="text/xsl" href="../lib/xsl/memory.xsl"?><memory><node id="25" label="AstNodes&lt;AstDefn&gt;"><node id="24" label="AstFunDefn" name="f"><location begcolumn="1" begline="1" endcolumn="1" endline="10" loc="1.1:10.1"/><node id="14" label="AstBlockStmt"><location begcolumn="12" begline="1" endcolumn="1" endline="5" loc="1.12:5.1"/><node id="15" label="AstNodes&lt;AstStmt&gt;"><node id="5" label="AstAssignStmt"><location begcolumn="9" begline="2" endcolumn="18" endline="2" loc="2.9:2.18"/><node id="1" label="AstNameExpr" name="a"><location begcolumn="9" begline="2" endcolumn="9" endline="2" loc="2.9:2.9"/><definedat id="17" location="6.9:6.13"/><oftype><type id="1" label="SemIntType"/></oftype><lvalue/></node><node id="4" label="AstBinExpr" name="ADD"><location begcolumn="13" begline="2" endcolumn="17" endline="2" loc="2.13:2.17"/><node id="2" label="AstAtomExpr" name="2"><location begcolumn="13" begline="2" endcolumn="13" endline="2" loc="2.13:2.13"/><oftype><type id="1" label="SemIntType"/></oftype></node><node id="3" label="AstAtomExpr" name="3"><location begcolumn="17" begline="2" endcolumn="17" endline="2" loc="2.17:2.17"/><oftype><type id="1" label="SemIntType"/></oftype></node><oftype><type id="1" label="SemIntType"/></oftype></node><oftype><type id="0" label="SemVoidType"/></oftype></node><node id="9" label="AstAssignStmt"><location begcolumn="9" begline="3" endcolumn="16" endline="3" loc="3.9:3.16"/><node id="6" label="AstNameExpr" name="a"><location begcolumn="9" begline="3" endcolumn="9" endline="3" loc="3.9:3.9"/><definedat id="17" location="6.9:6.13"/><oftype><type id="1" label="SemIntType"/></oftype><lvalue/></node><node id="8" label="AstPfxExpr" name="SUB"><location begcolumn="13" begline="3" endcolumn="15" endline="3" loc="3.13:3.15"/><node id="7" label="AstAtomExpr" name="12"><location begcolumn="14" begline="3" endcolumn="15" endline="3" loc="3.14:3.15"/><oftype><type id="1" label="SemIntType"/></oftype></node><oftype><type id="1" label="SemIntType"/></oftype></node><oftype><type id="0" label="SemVoidType"/></oftype></node><node id="13" label="AstAssignStmt"><location begcolumn="9" begline="4" endcolumn="15" endline="4" loc="4.9:4.15"/><node id="10" label="AstNameExpr" name="g"><location begcolumn="9" begline="4" endcolumn="9" endline="4" loc="4.9:4.9"/><definedat id="22" location="8.9:8.14"/><oftype><type id="4" label="SemPointerType"><type id="1" label="SemIntType"/></type></oftype><lvalue/></node><node id="12" label="AstPfxExpr" name="PTR"><location begcolumn="13" begline="4" endcolumn="14" endline="4" loc="4.13:4.14"/><node id="11" label="AstNameExpr" name="a"><location begcolumn="14" begline="4" endcolumn="14" endline="4" loc="4.14:4.14"/><definedat id="17" location="6.9:6.13"/><oftype><type id="1" label="SemIntType"/></oftype><lvalue/></node><oftype><type id="5" label="SemPointerType"><type id="1" label="SemIntType"/></type></oftype></node><oftype><type id="0" label="SemVoidType"/></oftype></node></node><oftype><type id="0" label="SemVoidType"/></oftype></node><node id="23" label="AstNodes&lt;AstDefn&gt;"><node id="17" label="AstVarDefn" name="a"><location begcolumn="9" begline="6" endcolumn="13" endline="6" loc="6.9:6.13"/><node id="16" label="AstAtomType" name="INT"><location begcolumn="11" begline="6" endcolumn="13" endline="6" loc="6.11:6.13"/><istype><type id="1" label="SemIntType"/></istype></node><oftype><type id="1" label="SemIntType"/></oftype><access depth="1" offset="-8" size="8"/></node><node id="19" label="AstVarDefn" name="b"><location begcolumn="9" begline="7" endcolumn="14" endline="7" loc="7.9:7.14"/><node id="18" label="AstAtomType" name="BOOL"><location begcolumn="11" begline="7" endcolumn="14" endline="7" loc="7.11:7.14"/><istype><type id="2" label="SemBoolType"/></istype></node><oftype><type id="2" label="SemBoolType"/></oftype><access depth="1" offset="-16" size="8"/></node><node id="22" label="AstVarDefn" name="g"><location begcolumn="9" begline="8" endcolumn="14" endline="8" loc="8.9:8.14"/><node id="21" label="AstPtrType"><location begcolumn="11" begline="8" endcolumn="14" endline="8" loc="8.11:8.14"/><node id="20" label="AstAtomType" name="INT"><location begcolumn="12" begline="8" endcolumn="14" endline="8" loc="8.12:8.14"/><istype><type id="1" label="SemIntType"/></istype></node><istype><type id="4" label="SemPointerType"><type id="1" label="SemIntType"/></type></istype></node><oftype><type id="4" label="SemPointerType"><type id="1" label="SemIntType"/></type></oftype><access depth="1" offset="-24" size="8"/></node></node><node id="0" label="AstAtomType" name="VOID"><location begcolumn="5" begline="1" endcolumn="8" endline="1" loc="1.5:1.8"/><istype><type id="0" label="SemVoidType"/></istype></node><oftype><type id="0" label="SemVoidType"/></oftype><frame FP="T0" RV="T1" argssize="0" depth="0" label="_f" locssize="24" size="40"/></node></node></memory>