<?xml version="1.0" encoding="UTF-8" standalone="no"?><?xml-stylesheet type="text/xsl" href="../lib/xsl/lexan.xsl"?><lexan><token kind="IDENTIFIER" lexeme="f"><location begcolumn="1" begline="1" endcolumn="1" endline="1" loc="1.1:1.1"/></token><token kind="LBRACKET" lexeme="("><location begcolumn="2" begline="1" endcolumn="2" endline="1" loc="1.2:1.2"/></token><token kind="RBRACKET" lexeme=")"><location begcolumn="3" begline="1" endcolumn="3" endline="1" loc="1.3:1.3"/></token><token kind="COL" lexeme=":"><location begcolumn="4" begline="1" endcolumn="4" endline="1" loc="1.4:1.4"/></token><token kind="INT" lexeme="int"><location begcolumn="5" begline="1" endcolumn="7" endline="1" loc="1.5:1.7"/></token><token kind="ASSIGN" lexeme="="><location begcolumn="9" begline="1" endcolumn="9" endline="1" loc="1.9:1.9"/></token><token kind="LCURLY" lexeme="{"><location begcolumn="11" begline="1" endcolumn="11" endline="1" loc="1.11:1.11"/></token><token kind="IDENTIFIER" lexeme="f"><location begcolumn="9" begline="2" endcolumn="9" endline="2" loc="2.9:2.9"/></token><token kind="LBRACKET" lexeme="("><location begcolumn="10" begline="2" endcolumn="10" endline="2" loc="2.10:2.10"/></token><token kind="RBRACKET" lexeme=")"><location begcolumn="11" begline="2" endcolumn="11" endline="2" loc="2.11:2.11"/></token><token kind="SEMICOL" lexeme=";"><location begcolumn="12" begline="2" endcolumn="12" endline="2" loc="2.12:2.12"/></token><token kind="RCURLY" lexeme="}"><location begcolumn="1" begline="3" endcolumn="1" endline="3" loc="3.1:3.1"/></token><token kind="LCURLY" lexeme="{"><location begcolumn="2" begline="3" endcolumn="2" endline="3" loc="3.2:3.2"/></token><token kind="IDENTIFIER" lexeme="a"><location begcolumn="9" begline="4" endcolumn="9" endline="4" loc="4.9:4.9"/></token><token kind="COL" lexeme=":"><location begcolumn="10" begline="4" endcolumn="10" endline="4" loc="4.10:4.10"/></token><token kind="INT" lexeme="int"><location begcolumn="11" begline="4" endcolumn="13" endline="4" loc="4.11:4.13"/></token><token kind="RCURLY" lexeme="}"><location begcolumn="1" begline="5" endcolumn="1" endline="5" loc="5.1:5.1"/></token><token kind="EOF" lexeme=""/></lexan>