<?xml version="1.0" encoding="UTF-8" standalone="no"?><?xml-stylesheet type="text/xsl" href="../lib/xsl/abstr.xsl"?><abstr><node id="20" label="AstNodes&lt;AstDefn&gt;"><node id="2" label="AstTypDefn" name="integer1"><location begcolumn="1" begline="1" endcolumn="20" endline="1" loc="1.1:1.20"/><node id="1" label="AstPtrType"><location begcolumn="12" begline="1" endcolumn="20" endline="1" loc="1.12:1.20"/><node id="0" label="AstNameType" name="integer2"><location begcolumn="13" begline="1" endcolumn="20" endline="1" loc="1.13:1.20"/></node></node></node><node id="5" label="AstTypDefn" name="integer2"><location begcolumn="1" begline="2" endcolumn="20" endline="2" loc="2.1:2.20"/><node id="4" label="AstPtrType"><location begcolumn="12" begline="2" endcolumn="20" endline="2" loc="2.12:2.20"/><node id="3" label="AstNameType" name="integer1"><location begcolumn="13" begline="2" endcolumn="20" endline="2" loc="2.13:2.20"/></node></node></node><node id="19" label="AstFunDefn" name="func"><location begcolumn="1" begline="5" endcolumn="41" endline="15" loc="5.1:15.41"/><node id="10" label="AstNodes&lt;AstParDefn&gt;"><node id="8" label="AstValParDefn" name="b"><location begcolumn="12" begline="5" endcolumn="16" endline="5" loc="5.12:5.16"/><node id="7" label="AstAtomType" name="INT"><location begcolumn="14" begline="5" endcolumn="16" endline="5" loc="5.14:5.16"/></node></node><node id="9" label="AstValParDefn" name="a"><location begcolumn="6" begline="5" endcolumn="10" endline="5" loc="5.6:5.10"/><node id="6" label="AstAtomType" name="INT"><location begcolumn="8" begline="5" endcolumn="10" endline="5" loc="5.8:5.10"/></node></node></node><node id="14" label="AstBlockStmt"><location begcolumn="25" begline="5" endcolumn="6" endline="7" loc="5.25:7.6"/><node id="15" label="AstNodes&lt;AstStmt&gt;"><node id="13" label="AstReturnStmt"><location begcolumn="9" begline="6" endcolumn="17" endline="6" loc="6.9:6.17"/><node id="12" label="AstNameExpr" name="a"><location begcolumn="16" begline="6" endcolumn="16" endline="6" loc="6.16:6.16"/></node></node></node></node><node id="18" label="AstNodes&lt;AstDefn&gt;"><node id="17" label="AstVarDefn" name="a"><location begcolumn="49" begline="12" endcolumn="53" endline="12" loc="12.49:12.53"/><node id="16" label="AstAtomType" name="INT"><location begcolumn="51" begline="12" endcolumn="53" endline="12" loc="12.51:12.53"/></node></node></node><node id="11" label="AstAtomType" name="INT"><location begcolumn="19" begline="5" endcolumn="21" endline="5" loc="5.19:5.21"/></node></node></node></abstr>