<?xml version="1.0" encoding="UTF-8" standalone="no"?><?xml-stylesheet type="text/xsl" href="../lib/xsl/imclin.xsl"?><imclin><codechunk bodylabel="L2" epiloguelabel="L3" prologuelabel="_main"><frame FP="T4" RV="T5" argssize="0" depth="0" label="_main" locssize="0" size="16"/><stmt><imc instruction="LABEL(L2)"/></stmt><stmt><imc instruction="MOVE"><imc instruction="TEMP(T6)"/><imc instruction="TEMP(T4)"/></imc></stmt><stmt><imc instruction="MOVE"><imc instruction="TEMP(T7)"/><imc instruction="CALL(L0)"><imc instruction="TEMP(T6)"/></imc></imc></stmt><stmt><imc instruction="MOVE"><imc instruction="TEMP(T5)"/><imc instruction="TEMP(T7)"/></imc></stmt><stmt><imc instruction="JUMP(L3)"/></stmt><stmt><imc instruction="MOVE"><imc instruction="TEMP(T5)"/><imc instruction="CONST(0)"/></imc></stmt><stmt><imc instruction="JUMP(L3)"/></stmt></codechunk><codechunk bodylabel="L4" epiloguelabel="L5" prologuelabel="L0"><frame FP="T0" RV="T1" argssize="0" depth="1" label="L0" locssize="8" size="24"/><stmt><imc instruction="LABEL(L4)"/></stmt><stmt><imc instruction="MOVE"><imc instruction="TEMP(T8)"/><imc instruction="MEM"><imc instruction="TEMP(T0)"/></imc></imc></stmt><stmt><imc instruction="MOVE"><imc instruction="TEMP(T9)"/><imc instruction="CALL(L1)"><imc instruction="TEMP(T8)"/></imc></imc></stmt><stmt><imc instruction="MOVE"><imc instruction="TEMP(T1)"/><imc instruction="TEMP(T9)"/></imc></stmt><stmt><imc instruction="JUMP(L5)"/></stmt><stmt><imc instruction="MOVE"><imc instruction="TEMP(T1)"/><imc instruction="CONST(0)"/></imc></stmt><stmt><imc instruction="JUMP(L5)"/></stmt></codechunk><codechunk bodylabel="L6" epiloguelabel="L7" prologuelabel="L1"><frame FP="T2" RV="T3" argssize="0" depth="1" label="L1" locssize="0" size="16"/><stmt><imc instruction="LABEL(L6)"/></stmt><stmt><imc instruction="MOVE"><imc instruction="TEMP(T10)"/><imc instruction="CONST(2)"/></imc></stmt><stmt><imc instruction="MOVE"><imc instruction="TEMP(T3)"/><imc instruction="TEMP(T10)"/></imc></stmt><stmt><imc instruction="JUMP(L7)"/></stmt><stmt><imc instruction="MOVE"><imc instruction="TEMP(T3)"/><imc instruction="CONST(0)"/></imc></stmt><stmt><imc instruction="JUMP(L7)"/></stmt></codechunk></imclin>