<?xml version="1.0" encoding="UTF-8" standalone="no"?><?xml-stylesheet type="text/xsl" href="../lib/xsl/abstr.xsl"?><abstr><node id="19" label="AstNodes&lt;AstDefn&gt;"><node id="4" label="AstTypDefn" name="time"><location begcolumn="1" begline="1" endcolumn="14" endline="1" loc="1.1:1.14"/><node id="3" label="AstUniType"><location begcolumn="8" begline="1" endcolumn="14" endline="1" loc="1.8:1.14"/><node id="2" label="AstNodes&lt;AstCmpDefn&gt;"><node id="1" label="AstCmpDefn" name="b"><location begcolumn="9" begline="1" endcolumn="13" endline="1" loc="1.9:1.13"/><node id="0" label="AstAtomType" name="INT"><location begcolumn="11" begline="1" endcolumn="13" endline="1" loc="1.11:1.13"/></node></node></node></node></node><node id="9" label="AstVarDefn" name="a"><location begcolumn="1" begline="2" endcolumn="9" endline="2" loc="2.1:2.9"/><node id="8" label="AstStrType"><location begcolumn="3" begline="2" endcolumn="9" endline="2" loc="2.3:2.9"/><node id="7" label="AstNodes&lt;AstCmpDefn&gt;"><node id="6" label="AstCmpDefn" name="a"><location begcolumn="4" begline="2" endcolumn="8" endline="2" loc="2.4:2.8"/><node id="5" label="AstAtomType" name="INT"><location begcolumn="6" begline="2" endcolumn="8" endline="2" loc="2.6:2.8"/></node></node></node></node></node><node id="11" label="AstVarDefn" name="b"><location begcolumn="1" begline="3" endcolumn="7" endline="3" loc="3.1:3.7"/><node id="10" label="AstNameType" name="time"><location begcolumn="4" begline="3" endcolumn="7" endline="3" loc="3.4:3.7"/></node></node><node id="18" label="AstFunDefn" name="fun"><location begcolumn="1" begline="6" endcolumn="1" endline="8" loc="6.1:8.1"/><node id="16" label="AstBlockStmt"><location begcolumn="14" begline="6" endcolumn="1" endline="8" loc="6.14:8.1"/><node id="17" label="AstNodes&lt;AstStmt&gt;"><node id="15" label="AstReturnStmt"><location begcolumn="9" begline="7" endcolumn="19" endline="7" loc="7.9:7.19"/><node id="14" label="AstCmpExpr" name=".a"><location begcolumn="16" begline="7" endcolumn="18" endline="7" loc="7.16:7.18"/><node id="13" label="AstNameExpr" name="a"><location begcolumn="16" begline="7" endcolumn="16" endline="7" loc="7.16:7.16"/></node></node></node></node></node><node id="12" label="AstAtomType" name="VOID"><location begcolumn="7" begline="6" endcolumn="10" endline="6" loc="6.7:6.10"/></node></node></node></abstr>