<?xml version="1.0" encoding="UTF-8" standalone="no"?><?xml-stylesheet type="text/xsl" href="../lib/xsl/imclin.xsl"?><imclin><datachunk init="" label="_x" size="8"/><codechunk bodylabel="L4" epiloguelabel="L5" prologuelabel="_main"><frame FP="T8" RV="T9" argssize="16" depth="0" label="_main" locssize="8" size="40"/><stmt><imc instruction="LABEL(L4)"/></stmt><stmt><imc instruction="MOVE"><imc instruction="TEMP(T10)"/><imc instruction="TEMP(T8)"/></imc></stmt><stmt><imc instruction="MOVE"><imc instruction="TEMP(T11)"/><imc instruction="CONST(-8)"/></imc></stmt><stmt><imc instruction="MOVE"><imc instruction="TEMP(T12)"/><imc instruction="BINOP(ADD)"><imc instruction="TEMP(T10)"/><imc instruction="TEMP(T11)"/></imc></imc></stmt><stmt><imc instruction="MOVE"><imc instruction="TEMP(T13)"/><imc instruction="CONST(3)"/></imc></stmt><stmt><imc instruction="MOVE"><imc instruction="MEM"><imc instruction="TEMP(T12)"/></imc><imc instruction="TEMP(T13)"/></imc></stmt><stmt><imc instruction="MOVE"><imc instruction="TEMP(T14)"/><imc instruction="TEMP(T8)"/></imc></stmt><stmt><imc instruction="MOVE"><imc instruction="TEMP(T16)"/><imc instruction="TEMP(T8)"/></imc></stmt><stmt><imc instruction="MOVE"><imc instruction="TEMP(T17)"/><imc instruction="CONST(-8)"/></imc></stmt><stmt><imc instruction="MOVE"><imc instruction="TEMP(T15)"/><imc instruction="MEM"><imc instruction="BINOP(ADD)"><imc instruction="TEMP(T16)"/><imc instruction="TEMP(T17)"/></imc></imc></imc></stmt><stmt><imc instruction="MOVE"><imc instruction="TEMP(T18)"/><imc instruction="CALL(L2)"><imc instruction="TEMP(T14)"/><imc instruction="TEMP(T15)"/></imc></imc></stmt><stmt><imc instruction="MOVE"><imc instruction="TEMP(T9)"/><imc instruction="TEMP(T18)"/></imc></stmt><stmt><imc instruction="JUMP(L5)"/></stmt><stmt><imc instruction="MOVE"><imc instruction="TEMP(T9)"/><imc instruction="CONST(0)"/></imc></stmt><stmt><imc instruction="JUMP(L5)"/></stmt></codechunk><codechunk bodylabel="L6" epiloguelabel="L7" prologuelabel="L2"><frame FP="T4" RV="T5" argssize="16" depth="1" label="L2" locssize="0" size="32"/><stmt><imc instruction="LABEL(L6)"/></stmt><stmt><imc instruction="MOVE"><imc instruction="TEMP(T19)"/><imc instruction="TEMP(T4)"/></imc></stmt><stmt><imc instruction="MOVE"><imc instruction="TEMP(T21)"/><imc instruction="TEMP(T4)"/></imc></stmt><stmt><imc instruction="MOVE"><imc instruction="TEMP(T22)"/><imc instruction="CONST(8)"/></imc></stmt><stmt><imc instruction="MOVE"><imc instruction="TEMP(T20)"/><imc instruction="MEM"><imc instruction="BINOP(ADD)"><imc instruction="TEMP(T21)"/><imc instruction="TEMP(T22)"/></imc></imc></imc></stmt><stmt><imc instruction="MOVE"><imc instruction="TEMP(T23)"/><imc instruction="CALL(L0)"><imc instruction="TEMP(T19)"/><imc instruction="TEMP(T20)"/></imc></imc></stmt><stmt><imc instruction="MOVE"><imc instruction="TEMP(T24)"/><imc instruction="CONST(1)"/></imc></stmt><stmt><imc instruction="MOVE"><imc instruction="TEMP(T25)"/><imc instruction="BINOP(ADD)"><imc instruction="TEMP(T23)"/><imc instruction="TEMP(T24)"/></imc></imc></stmt><stmt><imc instruction="MOVE"><imc instruction="TEMP(T5)"/><imc instruction="TEMP(T25)"/></imc></stmt><stmt><imc instruction="JUMP(L7)"/></stmt><stmt><imc instruction="MOVE"><imc instruction="TEMP(T5)"/><imc instruction="CONST(0)"/></imc></stmt><stmt><imc instruction="JUMP(L7)"/></stmt></codechunk><codechunk bodylabel="L8" epiloguelabel="L9" prologuelabel="L0"><frame FP="T0" RV="T1" argssize="0" depth="2" label="L0" locssize="0" size="16"/><stmt><imc instruction="LABEL(L8)"/></stmt><stmt><imc instruction="MOVE"><imc instruction="TEMP(T26)"/><imc instruction="MEM"><imc instruction="TEMP(T0)"/></imc></imc></stmt><stmt><imc instruction="MOVE"><imc instruction="TEMP(T27)"/><imc instruction="CALL(L3)"><imc instruction="TEMP(T26)"/></imc></imc></stmt><stmt><imc instruction="MOVE"><imc instruction="TEMP(T28)"/><imc instruction="CONST(1)"/></imc></stmt><stmt><imc instruction="MOVE"><imc instruction="TEMP(T29)"/><imc instruction="BINOP(ADD)"><imc instruction="TEMP(T27)"/><imc instruction="TEMP(T28)"/></imc></imc></stmt><stmt><imc instruction="MOVE"><imc instruction="TEMP(T1)"/><imc instruction="TEMP(T29)"/></imc></stmt><stmt><imc instruction="JUMP(L9)"/></stmt><stmt><imc instruction="MOVE"><imc instruction="TEMP(T1)"/><imc instruction="CONST(0)"/></imc></stmt><stmt><imc instruction="JUMP(L9)"/></stmt></codechunk><codechunk bodylabel="L10" epiloguelabel="L11" prologuelabel="L1"><frame FP="T2" RV="T3" argssize="0" depth="2" label="L1" locssize="0" size="16"/><stmt><imc instruction="LABEL(L10)"/></stmt><stmt><imc instruction="MOVE"><imc instruction="TEMP(T30)"/><imc instruction="TEMP(T2)"/></imc></stmt><stmt><imc instruction="MOVE"><imc instruction="TEMP(T31)"/><imc instruction="CONST(8)"/></imc></stmt><stmt><imc instruction="MOVE"><imc instruction="TEMP(T32)"/><imc instruction="MEM"><imc instruction="BINOP(ADD)"><imc instruction="TEMP(T30)"/><imc instruction="TEMP(T31)"/></imc></imc></imc></stmt><stmt><imc instruction="MOVE"><imc instruction="TEMP(T33)"/><imc instruction="CONST(1)"/></imc></stmt><stmt><imc instruction="MOVE"><imc instruction="TEMP(T34)"/><imc instruction="BINOP(ADD)"><imc instruction="TEMP(T32)"/><imc instruction="TEMP(T33)"/></imc></imc></stmt><stmt><imc instruction="MOVE"><imc instruction="TEMP(T3)"/><imc instruction="TEMP(T34)"/></imc></stmt><stmt><imc instruction="JUMP(L11)"/></stmt><stmt><imc instruction="MOVE"><imc instruction="TEMP(T3)"/><imc instruction="CONST(0)"/></imc></stmt><stmt><imc instruction="JUMP(L11)"/></stmt></codechunk><codechunk bodylabel="L12" epiloguelabel="L13" prologuelabel="L3"><frame FP="T6" RV="T7" argssize="0" depth="1" label="L3" locssize="0" size="16"/><stmt><imc instruction="LABEL(L12)"/></stmt><stmt><imc instruction="MOVE"><imc instruction="TEMP(T35)"/><imc instruction="CONST(1)"/></imc></stmt><stmt><imc instruction="MOVE"><imc instruction="TEMP(T7)"/><imc instruction="TEMP(T35)"/></imc></stmt><stmt><imc instruction="JUMP(L13)"/></stmt><stmt><imc instruction="MOVE"><imc instruction="TEMP(T7)"/><imc instruction="CONST(0)"/></imc></stmt><stmt><imc instruction="JUMP(L13)"/></stmt></codechunk></imclin>