<?xml version="1.0" encoding="UTF-8" standalone="no"?><?xml-stylesheet type="text/xsl" href="../lib/xsl/synan.xsl"?><synan><node label="source"><node label="definitions"><node label="variable_definition"><token kind="IDENTIFIER" lexeme="a"><location begcolumn="1" begline="1" endcolumn="1" endline="1" loc="1.1:1.1"/></token><token kind="COL" lexeme=":"><location begcolumn="2" begline="1" endcolumn="2" endline="1" loc="1.2:1.2"/></token><node label="type"><token kind="BOOL" lexeme="bool"><location begcolumn="3" begline="1" endcolumn="6" endline="1" loc="1.3:1.6"/></token></node></node><node label="variable_definition"><token kind="IDENTIFIER" lexeme="b"><location begcolumn="1" begline="2" endcolumn="1" endline="2" loc="2.1:2.1"/></token><token kind="COL" lexeme=":"><location begcolumn="2" begline="2" endcolumn="2" endline="2" loc="2.2:2.2"/></token><node label="type"><token kind="CHAR" lexeme="char"><location begcolumn="3" begline="2" endcolumn="6" endline="2" loc="2.3:2.6"/></token></node></node><node label="variable_definition"><token kind="IDENTIFIER" lexeme="c"><location begcolumn="1" begline="3" endcolumn="1" endline="3" loc="3.1:3.1"/></token><token kind="COL" lexeme=":"><location begcolumn="2" begline="3" endcolumn="2" endline="3" loc="3.2:3.2"/></token><node label="type"><token kind="INT" lexeme="int"><location begcolumn="3" begline="3" endcolumn="5" endline="3" loc="3.3:3.5"/></token></node></node><node label="function_definition"><token kind="IDENTIFIER" lexeme="fun"><location begcolumn="1" begline="5" endcolumn="3" endline="5" loc="5.1:5.3"/></token><token kind="LBRACKET" lexeme="("><location begcolumn="4" begline="5" endcolumn="4" endline="5" loc="5.4:5.4"/></token><token kind="RBRACKET" lexeme=")"><location begcolumn="5" begline="5" endcolumn="5" endline="5" loc="5.5:5.5"/></token><token kind="COL" lexeme=":"><location begcolumn="6" begline="5" endcolumn="6" endline="5" loc="5.6:5.6"/></token><node label="type"><token kind="VOID" lexeme="void"><location begcolumn="7" begline="5" endcolumn="10" endline="5" loc="5.7:5.10"/></token></node><token kind="ASSIGN" lexeme="="><location begcolumn="12" begline="5" endcolumn="12" endline="5" loc="5.12:5.12"/></token><node label="statement"><token kind="LCURLY" lexeme="{"><location begcolumn="14" begline="5" endcolumn="14" endline="5" loc="5.14:5.14"/></token><node label="statement"><node label="expression"><token kind="IDENTIFIER" lexeme="a"><location begcolumn="9" begline="6" endcolumn="9" endline="6" loc="6.9:6.9"/></token></node><token kind="ASSIGN" lexeme="="><location begcolumn="11" begline="6" endcolumn="11" endline="6" loc="6.11:6.11"/></token><node label="expression"><token kind="TRUE" lexeme="true"><location begcolumn="13" begline="6" endcolumn="16" endline="6" loc="6.13:6.16"/></token></node><token kind="SEMICOL" lexeme=";"><location begcolumn="17" begline="6" endcolumn="17" endline="6" loc="6.17:6.17"/></token></node><node label="statement"><node label="expression"><token kind="IDENTIFIER" lexeme="a"><location begcolumn="9" begline="7" endcolumn="9" endline="7" loc="7.9:7.9"/></token></node><token kind="ASSIGN" lexeme="="><location begcolumn="11" begline="7" endcolumn="11" endline="7" loc="7.11:7.11"/></token><node label="expression"><token kind="FALSE" lexeme="false"><location begcolumn="13" begline="7" endcolumn="17" endline="7" loc="7.13:7.17"/></token></node><token kind="SEMICOL" lexeme=";"><location begcolumn="18" begline="7" endcolumn="18" endline="7" loc="7.18:7.18"/></token></node><node label="statement"><node label="expression"><token kind="IDENTIFIER" lexeme="b"><location begcolumn="9" begline="8" endcolumn="9" endline="8" loc="8.9:8.9"/></token></node><token kind="ASSIGN" lexeme="="><location begcolumn="11" begline="8" endcolumn="11" endline="8" loc="8.11:8.11"/></token><node label="expression"><token kind="CHAR_LIT" lexeme="'a'"><location begcolumn="13" begline="8" endcolumn="15" endline="8" loc="8.13:8.15"/></token></node><token kind="SEMICOL" lexeme=";"><location begcolumn="16" begline="8" endcolumn="16" endline="8" loc="8.16:8.16"/></token></node><node label="statement"><node label="expression"><token kind="IDENTIFIER" lexeme="c"><location begcolumn="9" begline="9" endcolumn="9" endline="9" loc="9.9:9.9"/></token></node><token kind="ASSIGN" lexeme="="><location begcolumn="11" begline="9" endcolumn="11" endline="9" loc="9.11:9.11"/></token><node label="expression"><token kind="PLUS" lexeme="+"><location begcolumn="13" begline="9" endcolumn="13" endline="9" loc="9.13:9.13"/></token><node label="expression"><token kind="INT_CONST" lexeme="312"><location begcolumn="14" begline="9" endcolumn="16" endline="9" loc="9.14:9.16"/></token></node></node><token kind="SEMICOL" lexeme=";"><location begcolumn="17" begline="9" endcolumn="17" endline="9" loc="9.17:9.17"/></token></node><token kind="RCURLY" lexeme="}"><location begcolumn="1" begline="10" endcolumn="1" endline="10" loc="10.1:10.1"/></token></node></node></node><token kind="EOF" lexeme=""/></node></synan>