<?xml version="1.0" encoding="UTF-8" standalone="no"?><?xml-stylesheet type="text/xsl" href="../lib/xsl/seman.xsl"?><seman><node id="9" label="AstNodes&lt;AstDefn&gt;"><node id="1" label="AstVarDefn" name="x"><location begcolumn="1" begline="1" endcolumn="5" endline="1" loc="1.1:1.5"/><node id="0" label="AstAtomType" name="INT"><location begcolumn="3" begline="1" endcolumn="5" endline="1" loc="1.3:1.5"/><istype><type id="0" label="SemIntType"/></istype></node><oftype><type id="0" label="SemIntType"/></oftype></node><node id="8" label="AstFunDefn" name="fun"><location begcolumn="1" begline="2" endcolumn="1" endline="4" loc="2.1:4.1"/><node id="6" label="AstBlockStmt"><location begcolumn="13" begline="2" endcolumn="1" endline="4" loc="2.13:4.1"/><node id="7" label="AstNodes&lt;AstStmt&gt;"><node id="5" label="AstAssignStmt"><location begcolumn="9" begline="3" endcolumn="14" endline="3" loc="3.9:3.14"/><node id="3" label="AstNameExpr" name="x"><location begcolumn="9" begline="3" endcolumn="9" endline="3" loc="3.9:3.9"/><definedat id="1" location="1.1:1.5"/><oftype><type id="0" label="SemIntType"/></oftype><lvalue/></node><node id="4" label="AstAtomExpr" name="2"><location begcolumn="13" begline="3" endcolumn="13" endline="3" loc="3.13:3.13"/><oftype><type id="0" label="SemIntType"/></oftype></node><oftype><type id="1" label="SemVoidType"/></oftype></node></node><oftype><type id="1" label="SemVoidType"/></oftype></node><node id="2" label="AstAtomType" name="INT"><location begcolumn="7" begline="2" endcolumn="9" endline="2" loc="2.7:2.9"/><istype><type id="0" label="SemIntType"/></istype></node><oftype><type id="0" label="SemIntType"/></oftype></node></node></seman>