<?xml version="1.0" encoding="UTF-8" standalone="no"?><?xml-stylesheet type="text/xsl" href="../lib/xsl/synan.xsl"?><synan><node label="source"><node label="definitions"><node label="variable_definition"><token kind="IDENTIFIER" lexeme="x"><location begcolumn="1" begline="1" endcolumn="1" endline="1" loc="1.1:1.1"/></token><token kind="COL" lexeme=":"><location begcolumn="2" begline="1" endcolumn="2" endline="1" loc="1.2:1.2"/></token><node label="type"><token kind="INT" lexeme="int"><location begcolumn="3" begline="1" endcolumn="5" endline="1" loc="1.3:1.5"/></token></node></node><node label="function_definition"><token kind="IDENTIFIER" lexeme="main"><location begcolumn="1" begline="3" endcolumn="4" endline="3" loc="3.1:3.4"/></token><token kind="LBRACKET" lexeme="("><location begcolumn="5" begline="3" endcolumn="5" endline="3" loc="3.5:3.5"/></token><token kind="RBRACKET" lexeme=")"><location begcolumn="6" begline="3" endcolumn="6" endline="3" loc="3.6:3.6"/></token><token kind="COL" lexeme=":"><location begcolumn="7" begline="3" endcolumn="7" endline="3" loc="3.7:3.7"/></token><node label="type"><token kind="INT" lexeme="int"><location begcolumn="8" begline="3" endcolumn="10" endline="3" loc="3.8:3.10"/></token></node><token kind="ASSIGN" lexeme="="><location begcolumn="12" begline="3" endcolumn="12" endline="3" loc="3.12:3.12"/></token><node label="statement"><token kind="LCURLY" lexeme="{"><location begcolumn="14" begline="3" endcolumn="14" endline="3" loc="3.14:3.14"/></token><node label="statement"><node label="expression"><token kind="IDENTIFIER" lexeme="a"><location begcolumn="9" begline="4" endcolumn="9" endline="4" loc="4.9:4.9"/></token></node><token kind="ASSIGN" lexeme="="><location begcolumn="11" begline="4" endcolumn="11" endline="4" loc="4.11:4.11"/></token><node label="expression"><token kind="INT_CONST" lexeme="3"><location begcolumn="13" begline="4" endcolumn="13" endline="4" loc="4.13:4.13"/></token></node><token kind="SEMICOL" lexeme=";"><location begcolumn="14" begline="4" endcolumn="14" endline="4" loc="4.14:4.14"/></token></node><node label="statement"><token kind="RETURN" lexeme="return"><location begcolumn="9" begline="5" endcolumn="14" endline="5" loc="5.9:5.14"/></token><node label="expression"><token kind="IDENTIFIER" lexeme="f1"><location begcolumn="16" begline="5" endcolumn="17" endline="5" loc="5.16:5.17"/></token><token kind="LBRACKET" lexeme="("><location begcolumn="18" begline="5" endcolumn="18" endline="5" loc="5.18:5.18"/></token><node label="fnc_call_expr"><node label="expression"><token kind="IDENTIFIER" lexeme="a"><location begcolumn="19" begline="5" endcolumn="19" endline="5" loc="5.19:5.19"/></token></node></node><token kind="RBRACKET" lexeme=")"><location begcolumn="20" begline="5" endcolumn="20" endline="5" loc="5.20:5.20"/></token></node><token kind="SEMICOL" lexeme=";"><location begcolumn="21" begline="5" endcolumn="21" endline="5" loc="5.21:5.21"/></token></node><token kind="RCURLY" lexeme="}"><location begcolumn="1" begline="6" endcolumn="1" endline="6" loc="6.1:6.1"/></token></node><token kind="LCURLY" lexeme="{"><location begcolumn="2" begline="6" endcolumn="2" endline="6" loc="6.2:6.2"/></token><node label="definitions"><node label="variable_definition"><token kind="IDENTIFIER" lexeme="a"><location begcolumn="9" begline="7" endcolumn="9" endline="7" loc="7.9:7.9"/></token><token kind="COL" lexeme=":"><location begcolumn="10" begline="7" endcolumn="10" endline="7" loc="7.10:7.10"/></token><node label="type"><token kind="INT" lexeme="int"><location begcolumn="11" begline="7" endcolumn="13" endline="7" loc="7.11:7.13"/></token></node></node><node label="function_definition"><token kind="IDENTIFIER" lexeme="f1"><location begcolumn="9" begline="9" endcolumn="10" endline="9" loc="9.9:9.10"/></token><token kind="LBRACKET" lexeme="("><location begcolumn="11" begline="9" endcolumn="11" endline="9" loc="9.11:9.11"/></token><node label="parameters"><node label="tick"/><token kind="IDENTIFIER" lexeme="a"><location begcolumn="12" begline="9" endcolumn="12" endline="9" loc="9.12:9.12"/></token><token kind="COL" lexeme=":"><location begcolumn="13" begline="9" endcolumn="13" endline="9" loc="9.13:9.13"/></token><node label="type"><token kind="INT" lexeme="int"><location begcolumn="14" begline="9" endcolumn="16" endline="9" loc="9.14:9.16"/></token></node></node><token kind="RBRACKET" lexeme=")"><location begcolumn="17" begline="9" endcolumn="17" endline="9" loc="9.17:9.17"/></token><token kind="COL" lexeme=":"><location begcolumn="18" begline="9" endcolumn="18" endline="9" loc="9.18:9.18"/></token><node label="type"><token kind="INT" lexeme="int"><location begcolumn="19" begline="9" endcolumn="21" endline="9" loc="9.19:9.21"/></token></node><token kind="ASSIGN" lexeme="="><location begcolumn="23" begline="9" endcolumn="23" endline="9" loc="9.23:9.23"/></token><node label="statement"><token kind="LCURLY" lexeme="{"><location begcolumn="25" begline="9" endcolumn="25" endline="9" loc="9.25:9.25"/></token><node label="statement"><token kind="RETURN" lexeme="return"><location begcolumn="17" begline="10" endcolumn="22" endline="10" loc="10.17:10.22"/></token><node label="expression"><node label="expression"><token kind="IDENTIFIER" lexeme="f2"><location begcolumn="24" begline="10" endcolumn="25" endline="10" loc="10.24:10.25"/></token><token kind="LBRACKET" lexeme="("><location begcolumn="26" begline="10" endcolumn="26" endline="10" loc="10.26:10.26"/></token><node label="fnc_call_expr"><node label="expression"><token kind="IDENTIFIER" lexeme="a"><location begcolumn="27" begline="10" endcolumn="27" endline="10" loc="10.27:10.27"/></token></node></node><token kind="RBRACKET" lexeme=")"><location begcolumn="28" begline="10" endcolumn="28" endline="10" loc="10.28:10.28"/></token></node><token kind="PLUS" lexeme="+"><location begcolumn="30" begline="10" endcolumn="30" endline="10" loc="10.30:10.30"/></token><node label="expression"><token kind="INT_CONST" lexeme="1"><location begcolumn="32" begline="10" endcolumn="32" endline="10" loc="10.32:10.32"/></token></node></node><token kind="SEMICOL" lexeme=";"><location begcolumn="33" begline="10" endcolumn="33" endline="10" loc="10.33:10.33"/></token></node><token kind="RCURLY" lexeme="}"><location begcolumn="9" begline="11" endcolumn="9" endline="11" loc="11.9:11.9"/></token></node><token kind="LCURLY" lexeme="{"><location begcolumn="10" begline="11" endcolumn="10" endline="11" loc="11.10:11.10"/></token><node label="definitions"><node label="function_definition"><token kind="IDENTIFIER" lexeme="f2"><location begcolumn="17" begline="12" endcolumn="18" endline="12" loc="12.17:12.18"/></token><token kind="LBRACKET" lexeme="("><location begcolumn="19" begline="12" endcolumn="19" endline="12" loc="12.19:12.19"/></token><node label="parameters"><node label="tick"/><token kind="IDENTIFIER" lexeme="b"><location begcolumn="20" begline="12" endcolumn="20" endline="12" loc="12.20:12.20"/></token><token kind="COL" lexeme=":"><location begcolumn="21" begline="12" endcolumn="21" endline="12" loc="12.21:12.21"/></token><node label="type"><token kind="INT" lexeme="int"><location begcolumn="22" begline="12" endcolumn="24" endline="12" loc="12.22:12.24"/></token></node></node><token kind="RBRACKET" lexeme=")"><location begcolumn="25" begline="12" endcolumn="25" endline="12" loc="12.25:12.25"/></token><token kind="COL" lexeme=":"><location begcolumn="26" begline="12" endcolumn="26" endline="12" loc="12.26:12.26"/></token><node label="type"><token kind="INT" lexeme="int"><location begcolumn="27" begline="12" endcolumn="29" endline="12" loc="12.27:12.29"/></token></node><token kind="ASSIGN" lexeme="="><location begcolumn="31" begline="12" endcolumn="31" endline="12" loc="12.31:12.31"/></token><node label="statement"><token kind="RETURN" lexeme="return"><location begcolumn="33" begline="12" endcolumn="38" endline="12" loc="12.33:12.38"/></token><node label="expression"><node label="expression"><token kind="IDENTIFIER" lexeme="f4"><location begcolumn="40" begline="12" endcolumn="41" endline="12" loc="12.40:12.41"/></token><token kind="LBRACKET" lexeme="("><location begcolumn="42" begline="12" endcolumn="42" endline="12" loc="12.42:12.42"/></token><token kind="RBRACKET" lexeme=")"><location begcolumn="43" begline="12" endcolumn="43" endline="12" loc="12.43:12.43"/></token></node><token kind="PLUS" lexeme="+"><location begcolumn="45" begline="12" endcolumn="45" endline="12" loc="12.45:12.45"/></token><node label="expression"><token kind="INT_CONST" lexeme="1"><location begcolumn="47" begline="12" endcolumn="47" endline="12" loc="12.47:12.47"/></token></node></node><token kind="SEMICOL" lexeme=";"><location begcolumn="48" begline="12" endcolumn="48" endline="12" loc="12.48:12.48"/></token></node></node><node label="function_definition"><token kind="IDENTIFIER" lexeme="f3"><location begcolumn="17" begline="13" endcolumn="18" endline="13" loc="13.17:13.18"/></token><token kind="LBRACKET" lexeme="("><location begcolumn="19" begline="13" endcolumn="19" endline="13" loc="13.19:13.19"/></token><node label="parameters"><node label="tick"/><token kind="IDENTIFIER" lexeme="b"><location begcolumn="20" begline="13" endcolumn="20" endline="13" loc="13.20:13.20"/></token><token kind="COL" lexeme=":"><location begcolumn="21" begline="13" endcolumn="21" endline="13" loc="13.21:13.21"/></token><node label="type"><token kind="INT" lexeme="int"><location begcolumn="22" begline="13" endcolumn="24" endline="13" loc="13.22:13.24"/></token></node></node><token kind="RBRACKET" lexeme=")"><location begcolumn="25" begline="13" endcolumn="25" endline="13" loc="13.25:13.25"/></token><token kind="COL" lexeme=":"><location begcolumn="26" begline="13" endcolumn="26" endline="13" loc="13.26:13.26"/></token><node label="type"><token kind="INT" lexeme="int"><location begcolumn="27" begline="13" endcolumn="29" endline="13" loc="13.27:13.29"/></token></node><token kind="ASSIGN" lexeme="="><location begcolumn="31" begline="13" endcolumn="31" endline="13" loc="13.31:13.31"/></token><node label="statement"><token kind="RETURN" lexeme="return"><location begcolumn="33" begline="13" endcolumn="38" endline="13" loc="13.33:13.38"/></token><node label="expression"><node label="expression"><token kind="IDENTIFIER" lexeme="b"><location begcolumn="40" begline="13" endcolumn="40" endline="13" loc="13.40:13.40"/></token></node><token kind="PLUS" lexeme="+"><location begcolumn="42" begline="13" endcolumn="42" endline="13" loc="13.42:13.42"/></token><node label="expression"><token kind="INT_CONST" lexeme="1"><location begcolumn="44" begline="13" endcolumn="44" endline="13" loc="13.44:13.44"/></token></node></node><token kind="SEMICOL" lexeme=";"><location begcolumn="45" begline="13" endcolumn="45" endline="13" loc="13.45:13.45"/></token></node></node></node><token kind="RCURLY" lexeme="}"><location begcolumn="9" begline="14" endcolumn="9" endline="14" loc="14.9:14.9"/></token></node><node label="function_definition"><token kind="IDENTIFIER" lexeme="f4"><location begcolumn="9" begline="16" endcolumn="10" endline="16" loc="16.9:16.10"/></token><token kind="LBRACKET" lexeme="("><location begcolumn="11" begline="16" endcolumn="11" endline="16" loc="16.11:16.11"/></token><token kind="RBRACKET" lexeme=")"><location begcolumn="12" begline="16" endcolumn="12" endline="16" loc="16.12:16.12"/></token><token kind="COL" lexeme=":"><location begcolumn="13" begline="16" endcolumn="13" endline="16" loc="16.13:16.13"/></token><node label="type"><token kind="INT" lexeme="int"><location begcolumn="14" begline="16" endcolumn="16" endline="16" loc="16.14:16.16"/></token></node><token kind="ASSIGN" lexeme="="><location begcolumn="18" begline="16" endcolumn="18" endline="16" loc="16.18:16.18"/></token><node label="statement"><token kind="RETURN" lexeme="return"><location begcolumn="20" begline="16" endcolumn="25" endline="16" loc="16.20:16.25"/></token><node label="expression"><token kind="INT_CONST" lexeme="1"><location begcolumn="27" begline="16" endcolumn="27" endline="16" loc="16.27:16.27"/></token></node><token kind="SEMICOL" lexeme=";"><location begcolumn="28" begline="16" endcolumn="28" endline="16" loc="16.28:16.28"/></token></node></node></node><token kind="RCURLY" lexeme="}"><location begcolumn="1" begline="17" endcolumn="1" endline="17" loc="17.1:17.1"/></token></node></node><token kind="EOF" lexeme=""/></node></synan>