<?xml version="1.0" encoding="UTF-8" standalone="no"?><?xml-stylesheet type="text/xsl" href="../lib/xsl/imcgen.xsl"?><imcgen><node id="10" label="AstNodes&lt;AstDefn&gt;"><node id="9" label="AstFunDefn" name="main"><location begcolumn="1" begline="1" endcolumn="1" endline="3" loc="1.1:3.1"/><node id="2" label="AstNodes&lt;AstParDefn&gt;"><node id="1" label="AstValParDefn" name="i"><location begcolumn="6" begline="1" endcolumn="10" endline="1" loc="1.6:1.10"/><node id="0" label="AstAtomType" name="INT"><location begcolumn="8" begline="1" endcolumn="10" endline="1" loc="1.8:1.10"/><istype><type id="0" label="SemIntType"/></istype></node><oftype><type id="0" label="SemIntType"/></oftype><access depth="1" offset="8" size="8"/></node></node><node id="7" label="AstBlockStmt"><location begcolumn="20" begline="1" endcolumn="1" endline="3" loc="1.20:3.1"/><node id="8" label="AstNodes&lt;AstStmt&gt;"><node id="6" label="AstAssignStmt"><location begcolumn="9" begline="2" endcolumn="14" endline="2" loc="2.9:2.14"/><node id="4" label="AstNameExpr" name="i"><location begcolumn="9" begline="2" endcolumn="9" endline="2" loc="2.9:2.9"/><definedat id="1" location="1.6:1.10"/><oftype><type id="0" label="SemIntType"/></oftype><lvalue/><imc instruction="MEM"><imc instruction="BINOP(ADD)"><imc instruction="TEMP(T0)"/><imc instruction="CONST(8)"/></imc></imc></node><node id="5" label="AstAtomExpr" name="2"><location begcolumn="13" begline="2" endcolumn="13" endline="2" loc="2.13:2.13"/><oftype><type id="0" label="SemIntType"/></oftype><imc instruction="CONST(2)"/></node><oftype><type id="1" label="SemVoidType"/></oftype><imc instruction="MOVE"><imc instruction="MEM"><imc instruction="BINOP(ADD)"><imc instruction="TEMP(T0)"/><imc instruction="CONST(8)"/></imc></imc><imc instruction="CONST(2)"/></imc></node></node><oftype><type id="1" label="SemVoidType"/></oftype><imc instruction="STMTS"><imc instruction="MOVE"><imc instruction="MEM"><imc instruction="BINOP(ADD)"><imc instruction="TEMP(T0)"/><imc instruction="CONST(8)"/></imc></imc><imc instruction="CONST(2)"/></imc></imc></node><node id="3" label="AstAtomType" name="INT"><location begcolumn="14" begline="1" endcolumn="16" endline="1" loc="1.14:1.16"/><istype><type id="0" label="SemIntType"/></istype></node><oftype><type id="0" label="SemIntType"/></oftype><frame FP="T0" RV="T1" argssize="0" depth="0" label="_main" locssize="0" size="16"/><labels body="L0" epilogue="L1" prologue="_main"/></node></node></imcgen>