<?xml version="1.0" encoding="UTF-8" standalone="no"?><?xml-stylesheet type="text/xsl" href="../lib/xsl/lexan.xsl"?><lexan><token kind="IDENTIFIER" lexeme="integer1"><location begcolumn="1" begline="1" endcolumn="8" endline="1" loc="1.1:1.8"/></token><token kind="ASSIGN" lexeme="="><location begcolumn="10" begline="1" endcolumn="10" endline="1" loc="1.10:1.10"/></token><token kind="POWER" lexeme="^"><location begcolumn="12" begline="1" endcolumn="12" endline="1" loc="1.12:1.12"/></token><token kind="IDENTIFIER" lexeme="integer2"><location begcolumn="13" begline="1" endcolumn="20" endline="1" loc="1.13:1.20"/></token><token kind="IDENTIFIER" lexeme="integer2"><location begcolumn="1" begline="2" endcolumn="8" endline="2" loc="2.1:2.8"/></token><token kind="ASSIGN" lexeme="="><location begcolumn="10" begline="2" endcolumn="10" endline="2" loc="2.10:2.10"/></token><token kind="POWER" lexeme="^"><location begcolumn="12" begline="2" endcolumn="12" endline="2" loc="2.12:2.12"/></token><token kind="IDENTIFIER" lexeme="integer1"><location begcolumn="13" begline="2" endcolumn="20" endline="2" loc="2.13:2.20"/></token><token kind="IDENTIFIER" lexeme="func"><location begcolumn="1" begline="5" endcolumn="4" endline="5" loc="5.1:5.4"/></token><token kind="LBRACKET" lexeme="("><location begcolumn="5" begline="5" endcolumn="5" endline="5" loc="5.5:5.5"/></token><token kind="IDENTIFIER" lexeme="a"><location begcolumn="6" begline="5" endcolumn="6" endline="5" loc="5.6:5.6"/></token><token kind="COL" lexeme=":"><location begcolumn="7" begline="5" endcolumn="7" endline="5" loc="5.7:5.7"/></token><token kind="INT" lexeme="int"><location begcolumn="8" begline="5" endcolumn="10" endline="5" loc="5.8:5.10"/></token><token kind="COMMA" lexeme=","><location begcolumn="11" begline="5" endcolumn="11" endline="5" loc="5.11:5.11"/></token><token kind="IDENTIFIER" lexeme="b"><location begcolumn="12" begline="5" endcolumn="12" endline="5" loc="5.12:5.12"/></token><token kind="COL" lexeme=":"><location begcolumn="13" begline="5" endcolumn="13" endline="5" loc="5.13:5.13"/></token><token kind="INT" lexeme="int"><location begcolumn="14" begline="5" endcolumn="16" endline="5" loc="5.14:5.16"/></token><token kind="RBRACKET" lexeme=")"><location begcolumn="17" begline="5" endcolumn="17" endline="5" loc="5.17:5.17"/></token><token kind="COL" lexeme=":"><location begcolumn="18" begline="5" endcolumn="18" endline="5" loc="5.18:5.18"/></token><token kind="INT" lexeme="int"><location begcolumn="19" begline="5" endcolumn="21" endline="5" loc="5.19:5.21"/></token><token kind="ASSIGN" lexeme="="><location begcolumn="23" begline="5" endcolumn="23" endline="5" loc="5.23:5.23"/></token><token kind="LCURLY" lexeme="{"><location begcolumn="25" begline="5" endcolumn="25" endline="5" loc="5.25:5.25"/></token><token kind="RETURN" lexeme="return"><location begcolumn="9" begline="6" endcolumn="14" endline="6" loc="6.9:6.14"/></token><token kind="IDENTIFIER" lexeme="a"><location begcolumn="16" begline="6" endcolumn="16" endline="6" loc="6.16:6.16"/></token><token kind="SEMICOL" lexeme=";"><location begcolumn="17" begline="6" endcolumn="17" endline="6" loc="6.17:6.17"/></token><token kind="RCURLY" lexeme="}"><location begcolumn="6" begline="7" endcolumn="6" endline="7" loc="7.6:7.6"/></token><token kind="LCURLY" lexeme="{"><location begcolumn="6" begline="8" endcolumn="6" endline="8" loc="8.6:8.6"/></token><token kind="IDENTIFIER" lexeme="a"><location begcolumn="49" begline="12" endcolumn="49" endline="12" loc="12.49:12.49"/></token><token kind="COL" lexeme=":"><location begcolumn="50" begline="12" endcolumn="50" endline="12" loc="12.50:12.50"/></token><token kind="INT" lexeme="int"><location begcolumn="51" begline="12" endcolumn="53" endline="12" loc="12.51:12.53"/></token><token kind="RCURLY" lexeme="}"><location begcolumn="41" begline="15" endcolumn="41" endline="15" loc="15.41:15.41"/></token><token kind="EOF" lexeme=""/></lexan>