<?xml version="1.0" encoding="UTF-8" standalone="no"?><?xml-stylesheet type="text/xsl" href="../lib/xsl/synan.xsl"?><synan><node label="source"><node label="definitions"><node label="function_definition"><token kind="IDENTIFIER" lexeme="main"><location begcolumn="1" begline="1" endcolumn="4" endline="1" loc="1.1:1.4"/></token><token kind="LBRACKET" lexeme="("><location begcolumn="5" begline="1" endcolumn="5" endline="1" loc="1.5:1.5"/></token><node label="parameters"><node label="tick"/><token kind="IDENTIFIER" lexeme="i"><location begcolumn="6" begline="1" endcolumn="6" endline="1" loc="1.6:1.6"/></token><token kind="COL" lexeme=":"><location begcolumn="7" begline="1" endcolumn="7" endline="1" loc="1.7:1.7"/></token><node label="type"><token kind="INT" lexeme="int"><location begcolumn="8" begline="1" endcolumn="10" endline="1" loc="1.8:1.10"/></token></node></node><token kind="RBRACKET" lexeme=")"><location begcolumn="11" begline="1" endcolumn="11" endline="1" loc="1.11:1.11"/></token><token kind="COL" lexeme=":"><location begcolumn="13" begline="1" endcolumn="13" endline="1" loc="1.13:1.13"/></token><node label="type"><token kind="INT" lexeme="int"><location begcolumn="14" begline="1" endcolumn="16" endline="1" loc="1.14:1.16"/></token></node><token kind="ASSIGN" lexeme="="><location begcolumn="18" begline="1" endcolumn="18" endline="1" loc="1.18:1.18"/></token><node label="statement"><token kind="IF" lexeme="if"><location begcolumn="20" begline="1" endcolumn="21" endline="1" loc="1.20:1.21"/></token><node label="expression"><token kind="LBRACKET" lexeme="("><location begcolumn="22" begline="1" endcolumn="22" endline="1" loc="1.22:1.22"/></token><node label="expression"><node label="expression"><token kind="IDENTIFIER" lexeme="i"><location begcolumn="23" begline="1" endcolumn="23" endline="1" loc="1.23:1.23"/></token></node><token kind="EQUAL" lexeme="=="><location begcolumn="25" begline="1" endcolumn="26" endline="1" loc="1.25:1.26"/></token><node label="expression"><token kind="INT_CONST" lexeme="1"><location begcolumn="28" begline="1" endcolumn="28" endline="1" loc="1.28:1.28"/></token></node></node><token kind="RBRACKET" lexeme=")"><location begcolumn="29" begline="1" endcolumn="29" endline="1" loc="1.29:1.29"/></token></node><token kind="THEN" lexeme="then"><location begcolumn="31" begline="1" endcolumn="34" endline="1" loc="1.31:1.34"/></token><node label="statement"><token kind="RETURN" lexeme="return"><location begcolumn="36" begline="1" endcolumn="41" endline="1" loc="1.36:1.41"/></token><node label="expression"><token kind="INT_CONST" lexeme="2"><location begcolumn="43" begline="1" endcolumn="43" endline="1" loc="1.43:1.43"/></token></node><token kind="SEMICOL" lexeme=";"><location begcolumn="44" begline="1" endcolumn="44" endline="1" loc="1.44:1.44"/></token></node><token kind="ELSE" lexeme="else"><location begcolumn="46" begline="1" endcolumn="49" endline="1" loc="1.46:1.49"/></token><node label="statement"><token kind="RETURN" lexeme="return"><location begcolumn="51" begline="1" endcolumn="56" endline="1" loc="1.51:1.56"/></token><node label="expression"><token kind="INT_CONST" lexeme="3"><location begcolumn="58" begline="1" endcolumn="58" endline="1" loc="1.58:1.58"/></token></node><token kind="SEMICOL" lexeme=";"><location begcolumn="59" begline="1" endcolumn="59" endline="1" loc="1.59:1.59"/></token></node></node></node></node><token kind="EOF" lexeme=""/></node></synan>